nroThreads, iteracion, tiempoParal, tiempoSecu
1, 1, 2086, 1827
1, 2, 1954, 1825
1, 3, 1970, 1826
1, 4, 1951, 1826
1, 5, 1946, 1826
1, 6, 1945, 1837
1, 7, 1944, 1830
1, 8, 1941, 1831
1, 9, 1945, 1832
1, 10, 1939, 1832
1, 11, 1942, 1832
1, 12, 1946, 1831
1, 13, 1946, 1830
1, 14, 1945, 1825
1, 15, 1950, 1825
1, 16, 1952, 1810
1, 17, 1880, 1783
1, 18, 1890, 1778
1, 19, 1891, 1779
1, 20, 1888, 1777
1, 21, 1889, 1782
1, 22, 1884, 1784
1, 23, 1887, 1784
1, 24, 1886, 1783
1, 25, 1885, 1783
1, 26, 1886, 1782
1, 27, 1882, 1780
1, 28, 1886, 1780
1, 29, 1889, 1778
1, 30, 1881, 1780
1, 31, 1895, 1778
1, 32, 1923, 1779
1, 33, 1929, 1780
1, 34, 1892, 1784
1, 35, 1885, 1782
1, 36, 1884, 1783
1, 37, 1885, 1785
1, 38, 1885, 1784
1, 39, 1884, 1784
1, 40, 1884, 1779
1, 41, 1895, 1779
1, 42, 1881, 1778
1, 43, 1888, 1779
1, 44, 1890, 1779
1, 45, 1890, 1779
1, 46, 1888, 1779
1, 47, 1886, 1782
1, 48, 1885, 1784
1, 49, 1884, 1784
1, 50, 1890, 1784
2, 1, 1979, 1784
2, 2, 1973, 1819
2, 3, 1973, 1778
2, 4, 1939, 1779
2, 5, 1954, 1779
2, 6, 1920, 1778
2, 7, 2007, 1781
2, 8, 1968, 1779
2, 9, 2010, 1778
2, 10, 2015, 1779
2, 11, 2011, 1778
2, 12, 2013, 1778
2, 13, 1966, 1821
2, 14, 1968, 1821
2, 15, 1969, 1783
2, 16, 1968, 1822
2, 17, 1967, 1818
2, 18, 1959, 1820
2, 19, 1963, 1821
2, 20, 1968, 1821
2, 21, 1924, 1779
2, 22, 1932, 1779
2, 23, 1927, 1779
2, 24, 1926, 1778
2, 25, 2006, 1779
2, 26, 1990, 1778
2, 27, 2011, 1780
2, 28, 2009, 1779
2, 29, 2017, 1780
2, 30, 1994, 1793
2, 31, 1962, 1819
2, 32, 1978, 1822
2, 33, 1965, 1818
2, 34, 1966, 1820
2, 35, 1963, 1820
2, 36, 1973, 1819
2, 37, 1970, 1821
2, 38, 1974, 1821
2, 39, 1965, 1779
2, 40, 2013, 1778
2, 41, 1899, 1780
2, 42, 1972, 1779
2, 43, 1968, 1779
2, 44, 1974, 1779
2, 45, 2023, 1778
2, 46, 2017, 1778
2, 47, 2009, 1778
2, 48, 2008, 1780
2, 49, 1964, 1783
2, 50, 1970, 1824
4, 1, 1987, 1825
4, 2, 1967, 1824
4, 3, 1964, 1821
4, 4, 1960, 1823
4, 5, 1946, 1821
4, 6, 1964, 1824
4, 7, 1929, 1809
4, 8, 1980, 1779
4, 9, 1888, 1780
4, 10, 1950, 1780
4, 11, 1940, 1778
4, 12, 1991, 1779
4, 13, 1978, 1777
4, 14, 2009, 1778
4, 15, 2008, 1778
4, 16, 2011, 1778
4, 17, 1971, 1821
4, 18, 1965, 1823
4, 19, 1965, 1822
4, 20, 1863, 1825
4, 21, 1921, 1825
4, 22, 1923, 1822
4, 23, 1915, 1826
4, 24, 1886, 1781
4, 25, 1877, 1780
4, 26, 1895, 1781
4, 27, 1948, 1780
4, 28, 1870, 1783
4, 29, 1960, 1782
4, 30, 1929, 1781
4, 31, 1998, 1782
4, 32, 1866, 1825
4, 33, 1871, 1818
4, 34, 1932, 1823
4, 35, 1927, 1820
4, 36, 1921, 1825
4, 37, 1862, 1822
4, 38, 1866, 1781
4, 39, 1998, 1782
4, 40, 1839, 1782
4, 41, 1844, 1783
4, 42, 1867, 1780
4, 43, 1984, 1781
4, 44, 1995, 1781
4, 45, 1902, 1782
4, 46, 1860, 1822
4, 47, 1869, 1820
4, 48, 1865, 1820
4, 49, 1868, 1819
4, 50, 1867, 1819
8, 1, 2086, 1820
8, 2, 1902, 1811
8, 3, 1818, 1781
8, 4, 1783, 1781
8, 5, 1934, 1784
8, 6, 2082, 1827
8, 7, 1960, 1830
8, 8, 1819, 1827
8, 9, 1941, 1829
8, 10, 1887, 1828
8, 11, 1930, 1831
8, 12, 2078, 1841
8, 13, 1993, 1831
8, 14, 2023, 1835
8, 15, 1929, 1833
8, 16, 1876, 1836
8, 17, 1991, 1834
8, 18, 2029, 1838
8, 19, 1977, 1833
8, 20, 1943, 1831
8, 21, 1881, 1829
8, 22, 1776, 1831
8, 23, 1782, 1830
8, 24, 1944, 1827
8, 25, 1933, 1829
8, 26, 1815, 1828
8, 27, 1967, 1828
8, 28, 1868, 1831
8, 29, 2048, 1836
8, 30, 1842, 1833
8, 31, 1939, 1836
8, 32, 1871, 1833
8, 33, 1961, 1835
8, 34, 2058, 1834
8, 35, 1916, 1835
8, 36, 1870, 1829
8, 37, 1831, 1827
8, 38, 1779, 1828
8, 39, 1939, 1827
8, 40, 1893, 1827
8, 41, 1899, 1827
8, 42, 1884, 1828
8, 43, 1993, 1828
8, 44, 1870, 1832
8, 45, 1976, 1835
8, 46, 1895, 1834
8, 47, 1912, 1837
8, 48, 1888, 1833
8, 49, 1890, 1833
8, 50, 2087, 1836
16, 1, 2023, 1833
16, 2, 1848, 1832
16, 3, 1791, 1829
16, 4, 1722, 1827
16, 5, 1781, 1828
16, 6, 1824, 1829
16, 7, 1771, 1825
16, 8, 1795, 1835
16, 9, 1956, 1842
16, 10, 1879, 1833
16, 11, 1880, 1838
16, 12, 1955, 1831
16, 13, 1957, 1834
16, 14, 2043, 1835
16, 15, 1876, 1836
16, 16, 1849, 1827
16, 17, 1802, 1829
16, 18, 1718, 1829
16, 19, 1737, 1829
16, 20, 1727, 1828
16, 21, 1734, 1840
16, 22, 1751, 1835
16, 23, 1815, 1834
16, 24, 1840, 1842
16, 25, 1813, 1833
16, 26, 1963, 1838
16, 27, 1817, 1828
16, 28, 1843, 1829
16, 29, 1741, 1828
16, 30, 1766, 1827
16, 31, 1785, 1829
16, 32, 1813, 1828
16, 33, 1855, 1838
16, 34, 1846, 1833
16, 35, 2052, 1841
16, 36, 1817, 1833
16, 37, 1795, 1837
16, 38, 1928, 1843
16, 39, 1881, 1835
16, 40, 1815, 1829
16, 41, 1804, 1830
16, 42, 1733, 1829
16, 43, 1814, 1828
16, 44, 1784, 1828
16, 45, 1847, 1828
16, 46, 1782, 1837
16, 47, 1843, 1832
16, 48, 1948, 1835
16, 49, 1909, 1834
16, 50, 1878, 1833
32, 1, 1834, 1836
32, 2, 13111, 1986
32, 3, 1970, 1985
32, 4, 2021, 1984
32, 5, 1908, 1985
32, 6, 1892, 1986
32, 7, 1908, 1985
32, 8, 1988, 1987
32, 9, 1924, 1984
32, 10, 1968, 1987
32, 11, 1881, 1985
32, 12, 2004, 1985
32, 13, 1978, 1985
32, 14, 1918, 1986
32, 15, 1893, 1984
32, 16, 1867, 1985
32, 17, 1881, 1984
32, 18, 1909, 1985
32, 19, 1947, 1985
32, 20, 1929, 1986
32, 21, 1875, 1995
32, 22, 1971, 1992
32, 23, 11096, 1986
32, 24, 2111, 1985
32, 25, 5861, 1987
32, 26, 1945, 2047
32, 27, 2093, 2171
32, 28, 2043, 2171
32, 29, 2202, 2172
32, 30, 2115, 2402
32, 31, 2394, 2425
32, 32, 10611, 2399
32, 33, 6943, 2427
32, 34, 2613, 2681
32, 35, 2659, 2679
32, 36, 7028, 2677
32, 37, 9307, 2673
32, 38, 2706, 2679
32, 39, 2717, 2676
32, 40, 6619, 2678
32, 41, 2703, 3028
32, 42, 2993, 3021
32, 43, 3058, 3124
32, 44, 3378, 3934
32, 45, 4080, 4095
32, 46, 4224, 4095
32, 47, 4164, 4103
32, 48, 7701, 4099
32, 49, 4051, 4110
32, 50, 4106, 4098
64, 1, 4839, 4101
64, 2, 6869, 4104
64, 3, 10162, 4107
64, 4, 4618, 4139
64, 5, 4987, 4096
64, 6, 4456, 4098
64, 7, 5025, 4097
64, 8, 4971, 4099
64, 9, 4572, 4095
64, 10, 4838, 4144
64, 11, 4404, 4118
64, 12, 10418, 4143
64, 13, 4420, 4098
64, 14, 4349, 4098
64, 15, 4381, 4099
64, 16, 14370, 4121
64, 17, 11846, 4098
64, 18, 4586, 4099
64, 19, 5019, 4116
64, 20, 4800, 4122
64, 21, 9036, 4120
64, 22, 4981, 4125
64, 23, 4954, 4108
64, 24, 4511, 4113
64, 25, 4687, 4147
64, 26, 9321, 4107
64, 27, 4419, 4139
64, 28, 4535, 4095
64, 29, 6478, 4099
64, 30, 4563, 4099
64, 31, 7697, 4164
64, 32, 4365, 4092
64, 33, 4520, 4098
64, 34, 4480, 4093
64, 35, 8628, 4099
64, 36, 4553, 4101
64, 37, 5294, 4112
64, 38, 4918, 4091
64, 39, 4404, 4095
64, 40, 4504, 4097
64, 41, 5068, 4140
64, 42, 4427, 4093
64, 43, 12606, 4098
64, 44, 4646, 4123
64, 45, 4858, 4104
64, 46, 7298, 4134
64, 47, 15839, 4102
64, 48, 4484, 4137
64, 49, 4853, 4096
64, 50, 4686, 3306
