nroThreads, iteracion, tiempoParal, tiempoSecu
1, 1, 302737, 298369
1, 2, 301933, 298243
1, 3, 302155, 298126
1, 4, 302087, 298531
1, 5, 302016, 298753
1, 6, 302420, 298446
1, 7, 302162, 298479
1, 8, 302428, 298304
1, 9, 302452, 298538
1, 10, 301997, 298078
1, 11, 302376, 298405
1, 12, 302020, 298176
1, 13, 302090, 298053
1, 14, 301997, 298351
1, 15, 302034, 298146
1, 16, 302320, 298964
1, 17, 301987, 298587
1, 18, 302186, 298205
1, 19, 302437, 298343
1, 20, 302044, 298056
1, 21, 302558, 298330
1, 22, 301946, 298280
1, 23, 302213, 298292
1, 24, 302115, 298641
1, 25, 302038, 298446
1, 26, 302288, 298356
1, 27, 301818, 298233
1, 28, 302050, 300343
1, 29, 302090, 298454
1, 30, 302104, 298261
1, 31, 302450, 298501
1, 32, 302224, 298581
1, 33, 302256, 298113
1, 34, 302695, 298930
1, 35, 301978, 298020
1, 36, 302198, 298440
1, 37, 304579, 298412
1, 38, 302211, 298351
1, 39, 302191, 298509
1, 40, 302329, 298343
1, 41, 302383, 298467
1, 42, 301993, 298575
1, 43, 302282, 298070
1, 44, 302172, 298366
1, 45, 302084, 298281
1, 46, 302168, 298333
1, 47, 301930, 298301
1, 48, 302423, 298110
1, 49, 302153, 298571
1, 50, 302315, 298228
2, 1, 302188, 298390
2, 2, 302075, 298397
2, 3, 302148, 298106
2, 4, 301193, 298348
2, 5, 301805, 298134
2, 6, 301850, 298452
2, 7, 302115, 298747
2, 8, 301923, 298428
2, 9, 302174, 298277
2, 10, 301438, 298013
2, 11, 301613, 298339
2, 12, 301441, 298233
2, 13, 301737, 298024
2, 14, 302165, 298260
2, 15, 301348, 298285
2, 16, 301657, 298359
2, 17, 301517, 298322
2, 18, 302289, 298082
2, 19, 301897, 298306
2, 20, 301719, 298064
2, 21, 302414, 298301
2, 22, 301769, 298289
2, 23, 301657, 298320
2, 24, 301996, 298868
2, 25, 301978, 298120
2, 26, 302450, 298281
2, 27, 301578, 298536
2, 28, 301804, 298288
2, 29, 301043, 298384
2, 30, 301322, 298076
2, 31, 301487, 298300
2, 32, 301186, 298566
2, 33, 301520, 298115
2, 34, 301582, 298369
2, 35, 301405, 298262
2, 36, 301509, 298307
2, 37, 301324, 298358
2, 38, 301604, 298201
2, 39, 301943, 298477
2, 40, 301504, 298007
2, 41, 302113, 298450
2, 42, 302182, 298455
2, 43, 302120, 298095
2, 44, 302093, 298331
2, 45, 301140, 298156
2, 46, 301308, 299581
2, 47, 303191, 298550
2, 48, 302185, 298224
2, 49, 301562, 298530
2, 50, 301136, 298072
4, 1, 300640, 298340
4, 2, 300000, 298757
4, 3, 300346, 297855
4, 4, 301098, 298275
4, 5, 300493, 299799
4, 6, 300119, 298426
4, 7, 300782, 298298
4, 8, 301146, 298259
4, 9, 301029, 298624
4, 10, 300851, 298022
4, 11, 301105, 298388
4, 12, 300722, 298292
4, 13, 300884, 298299
4, 14, 300656, 298298
4, 15, 300944, 298078
4, 16, 301213, 298938
4, 17, 300976, 298589
4, 18, 301880, 298365
4, 19, 300965, 298527
4, 20, 300524, 298051
4, 21, 300648, 298564
4, 22, 301119, 298427
4, 23, 301538, 298176
4, 24, 300965, 298838
4, 25, 300878, 298446
4, 26, 300944, 298429
4, 27, 300174, 298267
4, 28, 300328, 298226
4, 29, 300495, 298535
4, 30, 300785, 297986
4, 31, 301347, 298342
4, 32, 300443, 298349
4, 33, 300874, 298209
4, 34, 301813, 298971
4, 35, 299457, 297995
4, 36, 299629, 298329
4, 37, 300726, 298722
4, 38, 300991, 298292
4, 39, 299522, 298565
4, 40, 299876, 298058
4, 41, 300288, 298229
4, 42, 300946, 298529
4, 43, 301027, 298230
4, 44, 301061, 298567
4, 45, 301185, 298520
4, 46, 301303, 298490
4, 47, 300633, 298194
4, 48, 300810, 298028
4, 49, 300556, 298569
4, 50, 301002, 298220
8, 1, 300471, 298455
8, 2, 298835, 298242
8, 3, 298875, 298101
8, 4, 299422, 298232
8, 5, 299140, 298186
8, 6, 299454, 298431
8, 7, 298883, 298407
8, 8, 299546, 298014
8, 9, 298721, 298410
8, 10, 298466, 298061
8, 11, 300835, 298297
8, 12, 299140, 298159
8, 13, 299208, 298138
8, 14, 299734, 298443
8, 15, 302675, 301955
8, 16, 300540, 298730
8, 17, 298674, 298391
8, 18, 299223, 298244
8, 19, 299349, 298553
8, 20, 299615, 298057
8, 21, 298837, 298393
8, 22, 299712, 298286
8, 23, 299874, 298486
8, 24, 299469, 298819
8, 25, 299645, 298136
8, 26, 300061, 298705
8, 27, 297974, 298419
8, 28, 297980, 298076
8, 29, 298908, 298222
8, 30, 298888, 298142
8, 31, 299727, 298385
8, 32, 299151, 298208
8, 33, 299703, 298150
8, 34, 298765, 298603
8, 35, 299101, 298259
8, 36, 300970, 298423
8, 37, 300002, 298236
8, 38, 300169, 297899
8, 39, 299760, 298150
8, 40, 300126, 298112
8, 41, 299978, 298547
8, 42, 299450, 298604
8, 43, 299939, 298393
8, 44, 298313, 298290
8, 45, 298763, 298126
8, 46, 299645, 298366
8, 47, 299679, 298185
8, 48, 299876, 298175
8, 49, 299912, 298571
8, 50, 300171, 298123
16, 1, 297572, 298370
16, 2, 297049, 298110
16, 3, 297447, 298280
16, 4, 297567, 298402
16, 5, 297361, 298378
16, 6, 296488, 298349
16, 7, 296406, 298168
16, 8, 296382, 298263
16, 9, 297659, 298351
16, 10, 297703, 298374
16, 11, 297396, 298379
16, 12, 297796, 298303
16, 13, 297745, 298220
16, 14, 296503, 298384
16, 15, 296648, 298059
16, 16, 298301, 299340
16, 17, 297613, 298402
16, 18, 297454, 298638
16, 19, 297403, 298651
16, 20, 297404, 297985
16, 21, 296482, 298317
16, 22, 298066, 298188
16, 23, 298228, 298411
16, 24, 296984, 298528
16, 25, 296919, 298094
16, 26, 297432, 298251
16, 27, 296982, 298168
16, 28, 296751, 298295
16, 29, 297217, 298193
16, 30, 296784, 298216
16, 31, 296136, 298560
16, 32, 296663, 298308
16, 33, 296786, 298899
16, 34, 295908, 298903
16, 35, 297312, 298114
16, 36, 297589, 298390
16, 37, 297641, 298122
16, 38, 297938, 298444
16, 39, 297063, 298491
16, 40, 297325, 297904
16, 41, 298150, 298289
16, 42, 297214, 298213
16, 43, 296024, 298426
16, 44, 297072, 298277
16, 45, 297776, 298190
16, 46, 297031, 298358
16, 47, 297167, 298088
16, 48, 297377, 298416
16, 49, 296419, 298160
16, 50, 296585, 298373
32, 1, 295546, 298582
32, 2, 295375, 298069
32, 3, 294975, 298434
32, 4, 293808, 298105
32, 5, 293381, 298402
32, 6, 293662, 298305
32, 7, 293784, 298146
32, 8, 294216, 298737
32, 9, 293879, 301394
32, 10, 293830, 298326
32, 11, 293741, 298052
32, 12, 293419, 298367
32, 13, 298144, 298293
32, 14, 294739, 297942
32, 15, 294669, 298195
32, 16, 294537, 298504
32, 17, 294564, 298141
32, 18, 292911, 298483
32, 19, 296327, 298055
32, 20, 295579, 298297
32, 21, 293897, 298387
32, 22, 295153, 298211
32, 23, 293537, 298353
32, 24, 294035, 298160
32, 25, 293964, 298618
32, 26, 293721, 298180
32, 27, 295937, 298298
32, 28, 293997, 298465
32, 29, 294556, 298294
32, 30, 294530, 298311
32, 31, 294654, 298055
32, 32, 294675, 298247
32, 33, 293542, 298493
32, 34, 293832, 298044
32, 35, 294196, 298457
32, 36, 293590, 298361
32, 37, 292963, 298378
32, 38, 291965, 298287
32, 39, 292793, 298080
32, 40, 294020, 298156
32, 41, 294369, 298307
32, 42, 293964, 298644
32, 43, 293546, 298733
32, 44, 296346, 298156
32, 45, 293354, 298312
32, 46, 293748, 298330
32, 47, 295660, 298429
32, 48, 294917, 298230
32, 49, 295693, 298120
32, 50, 293197, 299559
64, 1, 289639, 298163
64, 2, 288184, 298360
64, 3, 287682, 298057
64, 4, 288252, 298364
64, 5, 287961, 298862
64, 6, 289503, 298057
64, 7, 290357, 298422
64, 8, 287749, 302448
64, 9, 287345, 298539
64, 10, 288109, 298545
64, 11, 288624, 298331
64, 12, 286932, 298611
64, 13, 290276, 298301
64, 14, 289974, 298385
64, 15, 290876, 298129
64, 16, 288921, 298009
64, 17, 288079, 298324
64, 18, 290967, 298152
64, 19, 290007, 298496
64, 20, 290564, 298581
64, 21, 286256, 298317
64, 22, 287880, 298367
64, 23, 287889, 298251
64, 24, 286874, 298522
64, 25, 289641, 298012
64, 26, 287417, 298492
64, 27, 288152, 298588
64, 28, 288739, 298341
64, 29, 287143, 298321
64, 30, 288155, 298105
64, 31, 289467, 298535
64, 32, 287627, 298301
64, 33, 286827, 298344
64, 34, 288869, 298398
64, 35, 290891, 298123
64, 36, 290691, 298932
64, 37, 290912, 298316
64, 38, 287217, 298683
64, 39, 288073, 298599
64, 40, 287762, 298283
64, 41, 288874, 298340
64, 42, 289075, 298044
64, 43, 290736, 298434
64, 44, 288581, 298549
64, 45, 289019, 298177
64, 46, 285270, 298480
64, 47, 285412, 298075
64, 48, 288362, 298441
64, 49, 287235, 297901
64, 50, 287123, 298243
128, 1, 278722, 298375
128, 2, 278455, 298171
128, 3, 279110, 298619
128, 4, 277638, 298400
128, 5, 278251, 298358
128, 6, 277598, 298111
128, 7, 278043, 298234
128, 8, 278627, 301579
128, 9, 278716, 298077
128, 10, 278226, 298606
128, 11, 278902, 298299
128, 12, 280906, 298247
128, 13, 276015, 298441
128, 14, 276396, 298238
128, 15, 276674, 298424
128, 16, 278543, 298415
128, 17, 277567, 298370
128, 18, 282203, 298862
128, 19, 281436, 298553
128, 20, 277424, 298725
128, 21, 278771, 298355
128, 22, 278932, 298407
128, 23, 278708, 298018
128, 24, 276678, 298352
128, 25, 274191, 298430
128, 26, 277228, 298318
128, 27, 280281, 298566
128, 28, 280051, 298117
128, 29, 278450, 298547
128, 30, 280691, 298087
128, 31, 277206, 298304
128, 32, 277336, 298519
128, 33, 276868, 298119
128, 34, 275464, 298386
128, 35, 275517, 298068
128, 36, 277584, 298694
128, 37, 277148, 298084
128, 38, 277960, 298447
128, 39, 279967, 298544
128, 40, 279271, 298182
128, 41, 276137, 298356
128, 42, 279665, 298150
128, 43, 280383, 298475
128, 44, 277453, 298054
128, 45, 277116, 298453
128, 46, 275538, 298787
128, 47, 276402, 298275
128, 48, 276752, 298491
128, 49, 277787, 298118
128, 50, 280402, 298402
256, 1, 255718, 298242
256, 2, 260247, 298416
256, 3, 261524, 298506
256, 4, 263527, 298195
256, 5, 258339, 298407
256, 6, 262720, 298107
256, 7, 257009, 298324
256, 8, 257482, 297841
256, 9, 259275, 298135
256, 10, 257015, 298491
256, 11, 259666, 298643
256, 12, 260461, 298313
256, 13, 259728, 298194
256, 14, 259419, 298482
256, 15, 262429, 298164
256, 16, 263460, 298498
256, 17, 266849, 298172
256, 18, 264119, 298312
256, 19, 261522, 298090
256, 20, 254710, 298349
256, 21, 262100, 298321
256, 22, 260641, 298541
256, 23, 261169, 298574
256, 24, 260520, 298109
256, 25, 259890, 298353
256, 26, 262772, 298597
256, 27, 261085, 298298
256, 28, 256351, 298251
256, 29, 260256, 298336
256, 30, 262069, 298579
256, 31, 262242, 298158
256, 32, 258418, 298384
256, 33, 256273, 298075
256, 34, 258749, 298365
256, 35, 254608, 298202
256, 36, 259315, 298425
256, 37, 259130, 305199
256, 38, 256229, 298482
256, 39, 256889, 298723
256, 40, 264047, 298122
256, 41, 258755, 298859
256, 42, 260784, 298012
256, 43, 260259, 298299
256, 44, 255138, 298235
256, 45, 262727, 298490
256, 46, 261470, 298703
256, 47, 265077, 298141
256, 48, 261638, 298585
256, 49, 266982, 298091
256, 50, 262543, 298427
512, 1, 233980, 298045
512, 2, 234810, 298358
512, 3, 221631, 298197
512, 4, 230061, 298331
512, 5, 236286, 298073
512, 6, 235405, 298296
512, 7, 228468, 298483
512, 8, 230728, 298589
512, 9, 233147, 298439
512, 10, 232276, 298051
512, 11, 236349, 298509
512, 12, 235055, 298172
512, 13, 225395, 298422
512, 14, 233391, 298115
512, 15, 231021, 298396
512, 16, 234272, 298060
512, 17, 227672, 298502
512, 18, 235386, 298166
512, 19, 229142, 298339
512, 20, 226779, 298206
512, 21, 236616, 298464
512, 22, 235366, 298111
512, 23, 233594, 298391
512, 24, 231984, 298429
512, 25, 226279, 298448
512, 26, 234205, 298709
512, 27, 229468, 298289
512, 28, 228883, 298511
512, 29, 232158, 298370
512, 30, 228685, 298335
512, 31, 234625, 297991
512, 32, 234426, 298705
512, 33, 236295, 298102
512, 34, 236708, 298432
512, 35, 236774, 298137
512, 36, 236426, 298694
512, 37, 228067, 298174
512, 38, 235846, 298404
512, 39, 227185, 298378
512, 40, 232682, 298486
512, 41, 221710, 298526
512, 42, 232934, 305476
512, 43, 228804, 298330
512, 44, 235168, 298202
512, 45, 233262, 298627
512, 46, 224395, 298178
512, 47, 226660, 298541
512, 48, 233216, 298071
512, 49, 228858, 298460
512, 50, 235082, 298168
