nroThreads, iteracion, tiempoParal, tiempoSecu
1, 1, 2865, 1783
1, 2, 6957, 2672
1, 3, 2463, 2695
1, 4, 2854, 2686
1, 5, 2876, 2670
1, 6, 2942, 2717
1, 7, 2978, 2669
1, 8, 2885, 2700
1, 9, 2948, 2724
1, 10, 2868, 2669
1, 11, 2854, 3689
1, 12, 3386, 2696
1, 13, 3106, 2684
1, 14, 2974, 2686
1, 15, 2855, 2722
1, 16, 2912, 2669
1, 17, 2882, 2706
1, 18, 2855, 2681
1, 19, 2884, 2695
1, 20, 2852, 2701
1, 21, 2976, 2668
1, 22, 2865, 2713
1, 23, 3026, 2669
1, 24, 2884, 2689
1, 25, 2855, 2725
1, 26, 2912, 2669
1, 27, 2867, 2716
1, 28, 2938, 2668
1, 29, 2933, 2702
1, 30, 2944, 2723
1, 31, 2920, 2668
1, 32, 2871, 2689
1, 33, 2871, 2669
1, 34, 2955, 2691
1, 35, 2853, 2727
1, 36, 2923, 2685
1, 37, 2925, 2714
1, 38, 2864, 2669
1, 39, 2973, 2710
1, 40, 2854, 2727
1, 41, 2913, 2694
1, 42, 2855, 2681
1, 43, 2876, 2669
1, 44, 2950, 2703
1, 45, 2853, 2682
1, 46, 3002, 2706
1, 47, 2856, 2690
1, 48, 2918, 2680
1, 49, 2869, 2760
1, 50, 2442, 2697
1, 51, 2632, 2745
1, 52, 2876, 2711
1, 53, 2891, 2671
1, 54, 2879, 2691
1, 55, 2823, 2288
1, 56, 2835, 2244
1, 57, 2873, 2684
1, 58, 2904, 2726
1, 59, 2880, 2899
1, 60, 2863, 2757
1, 61, 2909, 2881
1, 62, 2896, 2733
1, 63, 2833, 2364
1, 64, 2908, 2246
1, 65, 2919, 2766
1, 66, 2965, 2681
1, 67, 2630, 2705
1, 68, 2853, 2739
1, 69, 3115, 2682
1, 70, 2457, 2724
1, 71, 2929, 2728
1, 72, 2886, 2710
1, 73, 4137, 3097
1, 74, 2816, 1940
1, 75, 2399, 1777
1, 76, 2588, 3258
1, 77, 2564, 2677
1, 78, 2484, 2876
1, 79, 2519, 3085
1, 80, 2774, 2824
1, 81, 2860, 2725
1, 82, 3278, 2703
1, 83, 2818, 2261
1, 84, 3836, 2710
1, 85, 2798, 2833
1, 86, 3026, 2245
1, 87, 2434, 2867
1, 88, 2135, 2281
1, 89, 1945, 2331
1, 90, 3073, 2249
1, 91, 2948, 2752
1, 92, 3092, 2712
1, 93, 2938, 2250
1, 94, 4017, 2907
1, 95, 2888, 2681
1, 96, 2889, 2727
1, 97, 2558, 2803
1, 98, 2704, 2245
1, 99, 2837, 2565
1, 100, 2904, 2809
1, 101, 2887, 2756
1, 102, 2447, 2734
1, 103, 2600, 2674
1, 104, 2957, 2703
1, 105, 3060, 2295
1, 106, 2934, 2256
1, 107, 2660, 2695
1, 108, 2957, 2702
1, 109, 3068, 2653
1, 110, 2411, 2267
1, 111, 2597, 2265
1, 112, 2867, 2680
1, 113, 3124, 2724
1, 114, 2923, 2680
1, 115, 2525, 2696
1, 116, 2849, 2925
1, 117, 2952, 2245
1, 118, 2433, 2274
1, 119, 2788, 2704
1, 120, 2870, 2670
1, 121, 2948, 2695
1, 122, 2863, 2302
1, 123, 2819, 2245
1, 124, 2897, 2687
1, 125, 2853, 2686
1, 126, 2881, 2670
1, 127, 2865, 2712
1, 128, 2956, 2671
1, 129, 2916, 2703
1, 130, 2954, 2687
1, 131, 2930, 2693
1, 132, 2856, 2732
1, 133, 2882, 2670
1, 134, 2878, 2694
1, 135, 2922, 2732
1, 136, 2936, 2693
1, 137, 2924, 2257
1, 138, 2829, 2244
1, 139, 2956, 2691
1, 140, 2855, 2720
1, 141, 2879, 2670
1, 142, 2864, 2715
1, 143, 2873, 2903
1, 144, 2944, 2686
1, 145, 2854, 2728
1, 146, 2953, 2671
1, 147, 2876, 2714
1, 148, 2964, 2672
1, 149, 2462, 2697
1, 150, 2452, 2684
2, 1, 2844, 2671
2, 2, 2905, 2687
2, 3, 2779, 2259
2, 4, 2810, 2245
2, 5, 2831, 2688
2, 6, 2800, 2728
2, 7, 2957, 2671
2, 8, 2876, 2714
2, 9, 2932, 2671
2, 10, 2832, 4997
2, 11, 2910, 2679
2, 12, 2856, 2273
2, 13, 2799, 2733
2, 14, 2523, 2687
2, 15, 2385, 2261
2, 16, 2992, 2245
2, 17, 2899, 2671
2, 18, 2853, 2718
2, 19, 2815, 2670
2, 20, 2821, 2684
2, 21, 2815, 2900
2, 22, 2836, 2671
2, 23, 2933, 2691
2, 24, 2813, 2671
2, 25, 2927, 2686
2, 26, 2875, 2728
2, 27, 2874, 2672
2, 28, 2829, 2287
2, 29, 9068, 2260
2, 30, 2401, 2490
2, 31, 5249, 3194
2, 32, 2019, 1935
2, 33, 2501, 1761
2, 34, 2400, 2256
2, 35, 2538, 2262
2, 36, 2794, 2688
2, 37, 2945, 2668
2, 38, 2902, 2689
2, 39, 2804, 2293
2, 40, 2779, 2245
2, 41, 2829, 2683
2, 42, 2901, 2731
2, 43, 2858, 2903
2, 44, 10864, 1771
2, 45, 8384, 1785
2, 46, 5340, 1770
2, 47, 3061, 1775
2, 48, 3080, 3996
2, 49, 2035, 4247
2, 50, 3637, 3442
2, 51, 2434, 2712
2, 52, 2434, 2736
2, 53, 3124, 2621
2, 54, 3047, 2248
2, 55, 2389, 2398
2, 56, 2794, 2697
2, 57, 2844, 2692
2, 58, 2851, 2672
2, 59, 4391, 2678
2, 60, 2906, 2760
2, 61, 2794, 2267
2, 62, 2886, 2507
2, 63, 2440, 3042
2, 64, 2944, 2776
2, 65, 3109, 2666
2, 66, 8116, 2256
2, 67, 5533, 2414
2, 68, 2448, 2788
2, 69, 2555, 2861
2, 70, 2997, 2909
2, 71, 2841, 2620
2, 72, 2842, 2262
2, 73, 2747, 2670
2, 74, 2736, 2704
2, 75, 2690, 2259
2, 76, 2703, 2244
2, 77, 2766, 2750
2, 78, 2714, 2730
2, 79, 2771, 2762
2, 80, 2727, 2613
2, 81, 2829, 2323
2, 82, 2761, 2670
2, 83, 2735, 2762
2, 84, 4133, 2316
2, 85, 2936, 2283
2, 86, 2301, 2263
2, 87, 2298, 2263
2, 88, 2744, 2728
2, 89, 2423, 2274
2, 90, 2667, 2511
2, 91, 2796, 2671
2, 92, 2374, 2670
2, 93, 6522, 2684
2, 94, 3173, 2670
2, 95, 2384, 2686
2, 96, 2718, 2724
2, 97, 2727, 2671
2, 98, 2793, 2255
2, 99, 2660, 2261
2, 100, 2711, 2688
2, 101, 2794, 2696
2, 102, 2714, 2688
2, 103, 2780, 2670
2, 104, 2727, 2687
2, 105, 2765, 2275
2, 106, 2756, 2244
2, 107, 2832, 2683
2, 108, 2716, 2723
2, 109, 2843, 2671
2, 110, 2739, 2259
2, 111, 2711, 2261
2, 112, 2708, 2684
2, 113, 2737, 2692
2, 114, 2715, 2682
2, 115, 5381, 2280
2, 116, 2369, 2297
2, 117, 2332, 2245
2, 118, 2778, 2732
2, 119, 3780, 2702
2, 120, 2675, 1757
2, 121, 2324, 1756
2, 122, 2441, 2698
2, 123, 2822, 2738
2, 124, 2847, 2671
2, 125, 2752, 2255
2, 126, 2727, 2262
2, 127, 2723, 2669
2, 128, 2780, 2953
2, 129, 3243, 2679
2, 130, 2720, 2244
2, 131, 2719, 2257
2, 132, 2746, 2689
2, 133, 2798, 2670
2, 134, 4012, 2688
2, 135, 2755, 2244
2, 136, 2676, 2322
2, 137, 3275, 2686
2, 138, 2628, 2754
2, 139, 2308, 2267
2, 140, 2302, 2295
2, 141, 2711, 2681
2, 142, 2774, 2693
2, 143, 2718, 2688
2, 144, 2732, 2670
2, 145, 2775, 2688
2, 146, 2788, 2262
2, 147, 2685, 2244
2, 148, 2822, 2690
2, 149, 2715, 2720
2, 150, 2810, 2670
4, 1, 2476, 2244
4, 2, 2779, 2258
4, 3, 2851, 2684
4, 4, 2955, 2690
4, 5, 2843, 2704
4, 6, 2471, 2668
4, 7, 2770, 2686
4, 8, 2785, 2263
4, 9, 2938, 2306
4, 10, 3854, 2729
4, 11, 2487, 3087
4, 12, 4553, 1797
4, 13, 2328, 1810
4, 14, 2127, 1772
4, 15, 2169, 1766
4, 16, 3705, 3007
4, 17, 2677, 2502
4, 18, 2563, 2528
4, 19, 3701, 2300
4, 20, 2403, 2884
4, 21, 2529, 2709
4, 22, 2830, 2605
4, 23, 2038, 2693
4, 24, 2578, 2851
4, 25, 2394, 2695
4, 26, 3625, 2286
4, 27, 2565, 2236
4, 28, 2450, 2927
4, 29, 2594, 2517
4, 30, 3059, 2683
4, 31, 2861, 2263
4, 32, 3063, 2268
4, 33, 2857, 2669
4, 34, 2746, 2718
4, 35, 2746, 2763
4, 36, 3096, 2693
4, 37, 3028, 2769
4, 38, 2584, 2272
4, 39, 2872, 2261
4, 40, 3015, 2279
4, 41, 2843, 2669
4, 42, 2964, 2698
4, 43, 2617, 2290
4, 44, 2844, 2243
4, 45, 2840, 2903
4, 46, 3092, 2321
4, 47, 2623, 2812
4, 48, 2811, 2567
4, 49, 7144, 2261
4, 50, 2467, 2253
4, 51, 2764, 2332
4, 52, 2611, 2715
4, 53, 3039, 2620
4, 54, 4866, 2349
4, 55, 2703, 2248
4, 56, 3254, 2862
4, 57, 1969, 2685
4, 58, 2172, 2762
4, 59, 2641, 2360
4, 60, 2685, 2783
4, 61, 2720, 2677
4, 62, 2587, 2531
4, 63, 2862, 2695
4, 64, 3331, 2713
4, 65, 2606, 2269
4, 66, 3070, 2676
4, 67, 2862, 2694
4, 68, 2962, 2694
4, 69, 2867, 2669
4, 70, 3094, 2687
4, 71, 2618, 2301
4, 72, 2825, 2246
4, 73, 2856, 2752
4, 74, 2843, 2674
4, 75, 5103, 2680
4, 76, 2877, 2709
4, 77, 3093, 2689
4, 78, 2881, 2684
4, 79, 3104, 2696
4, 80, 2841, 2264
4, 81, 3043, 2294
4, 82, 3298, 2811
4, 83, 2908, 2682
4, 84, 2934, 2350
4, 85, 2534, 2255
4, 86, 2961, 2792
4, 87, 2881, 2719
4, 88, 9237, 1776
4, 89, 7594, 1863
4, 90, 7265, 2352
4, 91, 2169, 1768
4, 92, 2481, 2696
4, 93, 2603, 2262
4, 94, 2780, 2740
4, 95, 2726, 2737
4, 96, 3004, 2685
4, 97, 5750, 2254
4, 98, 2726, 2255
4, 99, 2957, 2329
4, 100, 4183, 2873
4, 101, 2891, 2279
4, 102, 2276, 2331
4, 103, 2572, 2318
4, 104, 2558, 2243
4, 105, 4520, 2242
4, 106, 2307, 2243
4, 107, 2468, 2279
4, 108, 4453, 2246
4, 109, 6533, 3690
4, 110, 2476, 2312
4, 111, 2255, 2307
4, 112, 2821, 2244
4, 113, 2579, 2701
4, 114, 2412, 2702
4, 115, 2630, 2253
4, 116, 2822, 2252
4, 117, 2614, 2301
4, 118, 3450, 2681
4, 119, 2638, 2784
4, 120, 2656, 2714
4, 121, 2632, 2781
4, 122, 2509, 2271
4, 123, 2525, 2700
4, 124, 2637, 2245
4, 125, 2604, 2738
4, 126, 2671, 2694
4, 127, 2661, 2684
4, 128, 2624, 2668
4, 129, 2734, 2733
4, 130, 2749, 2676
4, 131, 2675, 2715
4, 132, 2603, 2277
4, 133, 3226, 2671
4, 134, 2812, 3140
4, 135, 2720, 2833
4, 136, 2564, 2246
4, 137, 2604, 7268
4, 138, 2630, 2773
4, 139, 5289, 2899
4, 140, 2638, 2760
4, 141, 3559, 1757
4, 142, 2742, 2358
4, 143, 5941, 2671
4, 144, 2734, 2307
4, 145, 2479, 2392
4, 146, 2617, 4465
4, 147, 3650, 2300
4, 148, 2598, 1757
4, 149, 2511, 1755
4, 150, 4648, 2683
8, 1, 5339, 2737
8, 2, 2824, 1774
8, 3, 2389, 2703
8, 4, 2617, 2732
8, 5, 5029, 2736
8, 6, 3034, 2682
8, 7, 2646, 2295
8, 8, 2487, 2283
8, 9, 2653, 2292
8, 10, 3010, 2243
8, 11, 2728, 2484
8, 12, 2935, 2245
8, 13, 3909, 2298
8, 14, 5555, 1790
8, 15, 5276, 2246
8, 16, 2846, 2274
8, 17, 2881, 2384
8, 18, 2516, 2676
8, 19, 2612, 2701
8, 20, 2788, 2269
8, 21, 2642, 2296
8, 22, 2524, 2683
8, 23, 2756, 3114
8, 24, 2858, 2675
8, 25, 5006, 2728
8, 26, 3342, 6403
8, 27, 5966, 2512
8, 28, 3222, 2308
8, 29, 5272, 2679
8, 30, 3233, 2403
8, 31, 2712, 2283
8, 32, 2439, 2775
8, 33, 2458, 2248
8, 34, 2796, 2685
8, 35, 3068, 2777
8, 36, 2847, 2738
8, 37, 2506, 1842
8, 38, 3651, 2247
8, 39, 4442, 2284
8, 40, 12532, 2242
8, 41, 2894, 9955
8, 42, 7145, 1789
8, 43, 10136, 1762
8, 44, 4658, 2310
8, 45, 4241, 2415
8, 46, 2850, 2334
8, 47, 2693, 2382
8, 48, 4073, 2461
8, 49, 3216, 2293
8, 50, 2640, 2873
8, 51, 4702, 2249
8, 52, 2489, 1973
8, 53, 7850, 2640
8, 54, 2855, 2394
8, 55, 8795, 2839
8, 56, 3100, 2281
8, 57, 7099, 2304
8, 58, 2928, 2432
8, 59, 2130, 2243
8, 60, 3474, 3105
8, 61, 3667, 2717
8, 62, 2365, 2408
8, 63, 5886, 2571
8, 64, 8717, 2347
8, 65, 3110, 2247
8, 66, 2980, 2741
8, 67, 2513, 2452
8, 68, 5801, 2707
8, 69, 2977, 2755
8, 70, 5922, 2281
8, 71, 2906, 2708
8, 72, 2625, 2647
8, 73, 3785, 2386
8, 74, 2981, 2261
8, 75, 2065, 2888
8, 76, 3307, 2551
8, 77, 2803, 2284
8, 78, 4850, 2839
8, 79, 3297, 2246
8, 80, 2776, 2312
8, 81, 2730, 2291
8, 82, 2717, 2245
8, 83, 2718, 2694
8, 84, 2745, 2636
8, 85, 2456, 2681
8, 86, 2768, 2757
8, 87, 2521, 2746
8, 88, 2992, 7269
8, 89, 5569, 6581
8, 90, 3694, 1786
8, 91, 2187, 1786
8, 92, 2173, 1790
8, 93, 2334, 1781
8, 94, 2835, 4668
8, 95, 2714, 2676
8, 96, 2899, 2626
8, 97, 2760, 2266
8, 98, 2587, 2675
8, 99, 2688, 2258
8, 100, 2809, 2736
8, 101, 2831, 2741
8, 102, 2824, 2689
8, 103, 2788, 2907
8, 104, 2674, 2248
8, 105, 2620, 2689
8, 106, 3429, 2278
8, 107, 3221, 6731
8, 108, 2642, 1800
8, 109, 2655, 1805
8, 110, 2529, 2741
8, 111, 2578, 2330
8, 112, 2624, 2412
8, 113, 7299, 2702
8, 114, 2815, 2690
8, 115, 2471, 2287
8, 116, 3021, 2731
8, 117, 2927, 2695
8, 118, 3547, 1788
8, 119, 2647, 2263
8, 120, 2685, 2760
8, 121, 2929, 3223
8, 122, 2994, 2767
8, 123, 2769, 2428
8, 124, 6612, 2681
8, 125, 2801, 2332
8, 126, 6230, 2753
8, 127, 2516, 2289
8, 128, 10256, 2671
8, 129, 4468, 2711
8, 130, 2995, 2750
8, 131, 2948, 2729
8, 132, 6533, 2671
8, 133, 2618, 2767
8, 134, 3870, 2719
8, 135, 3421, 7114
8, 136, 3728, 7009
8, 137, 3297, 7351
8, 138, 2821, 1765
8, 139, 4525, 2741
8, 140, 2819, 2704
8, 141, 2392, 2807
8, 142, 3798, 2246
8, 143, 4118, 2710
8, 144, 2848, 2818
8, 145, 8162, 7213
8, 146, 3240, 1775
8, 147, 2825, 1774
8, 148, 8293, 2700
8, 149, 2808, 2274
8, 150, 3112, 2257
16, 1, 5147, 2247
16, 2, 3420, 2754
16, 3, 3174, 2331
16, 4, 2986, 2246
16, 5, 2940, 2261
16, 6, 2782, 2694
16, 7, 2998, 2695
16, 8, 4277, 2672
16, 9, 4501, 2341
16, 10, 2882, 2244
16, 11, 2994, 2703
16, 12, 3475, 2713
16, 13, 3807, 6025
16, 14, 3814, 7033
16, 15, 4403, 2282
16, 16, 3061, 1753
16, 17, 3994, 2704
16, 18, 3438, 2714
16, 19, 2725, 2713
16, 20, 2827, 2712
16, 21, 4421, 1786
16, 22, 2364, 2675
16, 23, 5606, 2672
16, 24, 2779, 1757
16, 25, 2616, 1774
16, 26, 4305, 2550
16, 27, 2641, 2248
16, 28, 2949, 2319
16, 29, 3167, 2692
16, 30, 5330, 2901
16, 31, 2988, 1828
16, 32, 4167, 2679
16, 33, 2674, 2655
16, 34, 3453, 2268
16, 35, 6356, 2657
16, 36, 5123, 2718
16, 37, 3072, 2617
16, 38, 2960, 2309
16, 39, 2986, 2246
16, 40, 2781, 2958
16, 41, 2678, 2332
16, 42, 2968, 2246
16, 43, 2908, 2266
16, 44, 2851, 2319
16, 45, 2973, 2246
16, 46, 2778, 2979
16, 47, 7400, 2728
16, 48, 5228, 2686
16, 49, 2939, 2397
16, 50, 6430, 2768
16, 51, 2656, 2672
16, 52, 5250, 1757
16, 53, 2397, 2676
16, 54, 4429, 2257
16, 55, 4655, 2450
16, 56, 2823, 2304
16, 57, 6067, 2248
16, 58, 5747, 2758
16, 59, 3782, 4324
16, 60, 3011, 2702
16, 61, 2848, 2258
16, 62, 6245, 2673
16, 63, 2801, 2694
16, 64, 2433, 2720
16, 65, 6464, 2277
16, 66, 5689, 2291
16, 67, 9595, 1784
16, 68, 2387, 2677
16, 69, 2686, 2692
16, 70, 7828, 2672
16, 71, 2977, 2351
16, 72, 7543, 2640
16, 73, 5619, 2714
16, 74, 3834, 6001
16, 75, 5698, 2011
16, 76, 3628, 2708
16, 77, 2827, 1757
16, 78, 2804, 1771
16, 79, 2793, 2724
16, 80, 5331, 2299
16, 81, 2964, 2247
16, 82, 2787, 2692
16, 83, 2709, 2542
16, 84, 6606, 2287
16, 85, 2802, 2673
16, 86, 4273, 2672
16, 87, 5358, 1834
16, 88, 5936, 1757
16, 89, 6495, 2672
16, 90, 5132, 2322
16, 91, 8822, 2694
16, 92, 2779, 2673
16, 93, 2480, 1756
16, 94, 2440, 2705
16, 95, 3078, 2246
16, 96, 9206, 2695
16, 97, 4865, 2825
16, 98, 6148, 2288
16, 99, 2532, 2695
16, 100, 2260, 2271
16, 101, 5894, 2411
16, 102, 2613, 2826
16, 103, 6098, 2673
16, 104, 3061, 2715
16, 105, 2765, 1780
16, 106, 2542, 2754
16, 107, 2958, 2704
16, 108, 2937, 2278
16, 109, 2887, 2246
16, 110, 3474, 2289
16, 111, 2743, 2710
16, 112, 6098, 2674
16, 113, 2876, 2310
16, 114, 4235, 2493
16, 115, 2994, 2286
16, 116, 4056, 2990
16, 117, 3126, 2702
16, 118, 3136, 2281
16, 119, 5532, 1910
16, 120, 2446, 2674
16, 121, 12940, 3119
16, 122, 3501, 5720
16, 123, 2971, 1763
16, 124, 2513, 2748
16, 125, 3387, 2688
16, 126, 2754, 2271
16, 127, 2847, 2274
16, 128, 2771, 2691
16, 129, 3657, 2820
16, 130, 9110, 2307
16, 131, 6100, 7078
16, 132, 3901, 7247
16, 133, 4019, 5793
16, 134, 5861, 2135
16, 135, 3020, 2249
16, 136, 2860, 2672
16, 137, 5101, 2244
16, 138, 5043, 2671
16, 139, 3577, 2698
16, 140, 6944, 2247
16, 141, 2712, 2261
16, 142, 4704, 2717
16, 143, 3970, 5533
16, 144, 3524, 7053
16, 145, 2655, 2696
16, 146, 3521, 2670
16, 147, 3142, 2291
16, 148, 4047, 2330
16, 149, 5502, 2278
16, 150, 2555, 2687
32, 1, 4559, 2672
32, 2, 3457, 2729
32, 3, 3504, 2248
32, 4, 5264, 2713
32, 5, 3179, 2698
32, 6, 3365, 2676
32, 7, 3869, 2753
32, 8, 3445, 2737
32, 9, 3114, 2588
32, 10, 3958, 2675
32, 11, 3360, 2721
32, 12, 3746, 2781
32, 13, 3491, 2686
32, 14, 5032, 2713
32, 15, 3123, 2758
32, 16, 3030, 2672
32, 17, 3576, 2760
32, 18, 6653, 2706
32, 19, 3541, 2413
32, 20, 4326, 2673
32, 21, 3186, 2719
32, 22, 2943, 2680
32, 23, 3058, 2779
32, 24, 2818, 2262
32, 25, 3207, 2698
32, 26, 3294, 2433
32, 27, 3086, 2248
32, 28, 3306, 2310
32, 29, 7419, 2306
32, 30, 3278, 2739
32, 31, 3759, 2687
32, 32, 2962, 1761
32, 33, 3193, 2718
32, 34, 6356, 2672
32, 35, 9308, 2595
32, 36, 2816, 2776
32, 37, 3588, 2676
32, 38, 3702, 2276
32, 39, 3170, 2250
32, 40, 6116, 2670
32, 41, 5338, 2776
32, 42, 8990, 1786
32, 43, 2769, 2574
32, 44, 8929, 2674
32, 45, 3622, 2688
32, 46, 2982, 1757
32, 47, 2978, 2676
32, 48, 4053, 2999
32, 49, 3108, 2723
32, 50, 3160, 1760
32, 51, 6505, 2817
32, 52, 2961, 2707
32, 53, 3224, 1760
32, 54, 3402, 2714
32, 55, 3303, 1765
32, 56, 3110, 2683
32, 57, 3265, 2789
32, 58, 3560, 2686
32, 59, 3190, 1786
32, 60, 3557, 2248
32, 61, 3296, 2716
32, 62, 3193, 2323
32, 63, 3242, 2248
32, 64, 3143, 2328
32, 65, 9795, 2253
32, 66, 3269, 1759
32, 67, 3492, 2842
32, 68, 3871, 2336
32, 69, 3282, 2748
32, 70, 2882, 2696
32, 71, 3266, 2699
32, 72, 4039, 2672
32, 73, 3500, 2772
32, 74, 3137, 2248
32, 75, 3463, 2465
32, 76, 3612, 2248
32, 77, 9630, 2738
32, 78, 3275, 2295
32, 79, 3322, 2754
32, 80, 3390, 2729
32, 81, 2850, 2731
32, 82, 3164, 1759
32, 83, 3651, 2265
32, 84, 3771, 2546
32, 85, 8349, 2644
32, 86, 3489, 2463
32, 87, 3508, 2252
32, 88, 3592, 2284
32, 89, 3315, 2221
32, 90, 9274, 1952
32, 91, 4619, 3884
32, 92, 5454, 2713
32, 93, 7168, 2713
32, 94, 3277, 2691
32, 95, 3293, 2696
32, 96, 3195, 1808
32, 97, 3176, 1759
32, 98, 5292, 2704
32, 99, 3716, 2690
32, 100, 3474, 2676
32, 101, 5479, 1796
32, 102, 3053, 2704
32, 103, 3368, 2711
32, 104, 3590, 2796
32, 105, 7822, 2275
32, 106, 8995, 2299
32, 107, 3317, 2714
32, 108, 3656, 2702
32, 109, 5830, 2246
32, 110, 3523, 2709
32, 111, 3774, 2722
32, 112, 3749, 2770
32, 113, 3826, 2747
32, 114, 3482, 2246
32, 115, 3384, 2696
32, 116, 3216, 2318
32, 117, 3149, 2253
32, 118, 3558, 2294
32, 119, 3732, 2678
32, 120, 3756, 2758
32, 121, 3414, 2760
32, 122, 3559, 2678
32, 123, 3902, 2529
32, 124, 3458, 2686
32, 125, 24688, 1819
32, 126, 4021, 10140
32, 127, 6277, 1840
32, 128, 12856, 2406
32, 129, 9280, 1908
32, 130, 10441, 1767
32, 131, 9899, 1903
32, 132, 6788, 1958
32, 133, 7095, 1912
32, 134, 8140, 2683
32, 135, 3623, 2829
32, 136, 10524, 3482
32, 137, 4774, 2503
32, 138, 9390, 1760
32, 139, 5588, 2548
32, 140, 3279, 2481
32, 141, 3367, 2275
32, 142, 3368, 2543
32, 143, 3667, 2787
32, 144, 3604, 2782
32, 145, 3318, 2699
32, 146, 35346, 5676
32, 147, 4245, 7082
32, 148, 3548, 2760
32, 149, 6778, 2727
32, 150, 7954, 2550
64, 1, 6821, 2326
64, 2, 4600, 2304
64, 3, 4307, 2571
64, 4, 4243, 2691
64, 5, 4256, 2699
64, 6, 4663, 2315
64, 7, 4041, 2332
64, 8, 4394, 2258
64, 9, 4558, 3046
64, 10, 4882, 2313
64, 11, 6895, 2262
64, 12, 6720, 2263
64, 13, 8777, 2685
64, 14, 5152, 2356
64, 15, 6434, 1771
64, 16, 4251, 2337
64, 17, 5046, 2817
64, 18, 4955, 2711
64, 19, 3797, 1768
64, 20, 4385, 1792
64, 21, 5975, 2541
64, 22, 4239, 2745
64, 23, 13655, 7347
64, 24, 10517, 2485
64, 25, 5535, 2296
64, 26, 11452, 2311
64, 27, 8967, 2461
64, 28, 5248, 3580
64, 29, 10210, 2417
64, 30, 3889, 1993
64, 31, 4999, 2361
64, 32, 4486, 2331
64, 33, 4774, 2162
64, 34, 4510, 2713
64, 35, 5658, 1892
64, 36, 4046, 2225
64, 37, 3937, 1900
64, 38, 4941, 2253
64, 39, 4690, 2323
64, 40, 5038, 2269
64, 41, 4318, 2273
64, 42, 4126, 1763
64, 43, 4729, 2143
64, 44, 4605, 2394
64, 45, 5149, 1947
64, 46, 4271, 2302
64, 47, 4772, 2799
64, 48, 6931, 1762
64, 49, 4409, 2283
64, 50, 5104, 2276
64, 51, 4561, 2750
64, 52, 5299, 2252
64, 53, 4152, 2797
64, 54, 6052, 2680
64, 55, 3865, 2863
64, 56, 4631, 2701
64, 57, 3954, 1787
64, 58, 3997, 1883
64, 59, 4987, 2399
64, 60, 4529, 2794
64, 61, 8356, 1761
64, 62, 4526, 2513
64, 63, 5083, 2750
64, 64, 10717, 2786
64, 65, 4161, 1779
64, 66, 4938, 2708
64, 67, 4139, 2252
64, 68, 5781, 2675
64, 69, 4917, 1761
64, 70, 4281, 2567
64, 71, 5293, 2861
64, 72, 7341, 2248
64, 73, 4807, 2673
64, 74, 4556, 3030
64, 75, 4818, 2818
64, 76, 4163, 2701
64, 77, 4308, 2300
64, 78, 4222, 2762
64, 79, 4498, 2371
64, 80, 4176, 3065
64, 81, 8152, 1996
64, 82, 6294, 4264
64, 83, 7500, 2753
64, 84, 5059, 1787
64, 85, 4525, 2703
64, 86, 4858, 2070
64, 87, 3970, 2252
64, 88, 5241, 2222
64, 89, 6281, 2250
64, 90, 5590, 1790
64, 91, 4414, 2707
64, 92, 6970, 1761
64, 93, 4466, 2809
64, 94, 4499, 1834
64, 95, 4197, 2674
64, 96, 5984, 2260
64, 97, 4361, 2285
64, 98, 4320, 1759
64, 99, 4459, 2405
64, 100, 4798, 2843
64, 101, 4574, 2419
64, 102, 4132, 2846
64, 103, 4760, 2680
64, 104, 4098, 2678
64, 105, 3967, 2223
64, 106, 4579, 2717
64, 107, 12207, 2748
64, 108, 3892, 2697
64, 109, 5248, 1814
64, 110, 4259, 2693
64, 111, 7373, 2834
64, 112, 8169, 2002
64, 113, 4407, 2253
64, 114, 4706, 2677
64, 115, 3925, 1835
64, 116, 4110, 2085
64, 117, 5648, 2678
64, 118, 4417, 2846
64, 119, 4630, 2173
64, 120, 7241, 2284
64, 121, 4711, 2940
64, 122, 6038, 2246
64, 123, 4213, 3153
64, 124, 6240, 1833
64, 125, 4464, 1791
64, 126, 11926, 2354
64, 127, 5594, 2252
64, 128, 4494, 2760
64, 129, 3884, 2091
64, 130, 4471, 2679
64, 131, 4629, 2249
64, 132, 6212, 1758
64, 133, 4272, 2887
64, 134, 5269, 2695
64, 135, 6947, 1759
64, 136, 5876, 2678
64, 137, 4406, 2703
64, 138, 4098, 1851
64, 139, 4158, 2673
64, 140, 4308, 2757
64, 141, 4619, 1937
64, 142, 7793, 1847
64, 143, 5423, 2385
64, 144, 4542, 2746
64, 145, 10957, 1786
64, 146, 5935, 4834
64, 147, 4039, 2679
64, 148, 4392, 2679
64, 149, 4432, 1792
64, 150, 3972, 2249
