nroThreads, iteracion, tiempoParal, tiempoSecu
1, 1, 16360, 19747
1, 2, 16221, 22399
1, 3, 16205, 20331
1, 4, 16384, 26221
1, 5, 17353, 14942
1, 6, 15915, 15131
1, 7, 28916, 16255
1, 8, 16049, 20803
1, 9, 15578, 14827
1, 10, 15635, 15262
1, 11, 19994, 19073
1, 12, 16321, 20742
1, 13, 25972, 21002
1, 14, 16438, 23649
1, 15, 24547, 14756
1, 16, 21969, 17976
1, 17, 25603, 20304
1, 18, 16199, 19735
1, 19, 16228, 21618
1, 20, 25804, 20028
1, 21, 16268, 21009
1, 22, 16223, 21563
1, 23, 16530, 20039
1, 24, 22894, 14544
1, 25, 16188, 21124
1, 26, 25805, 21802
1, 27, 16290, 24141
1, 28, 16338, 20687
1, 29, 16419, 25868
1, 30, 16345, 21193
1, 31, 16151, 25919
1, 32, 24003, 22593
1, 33, 16198, 21534
1, 34, 16534, 23826
1, 35, 16258, 20624
1, 36, 21311, 21380
1, 37, 16419, 20429
1, 38, 16040, 22611
1, 39, 25846, 19463
1, 40, 16425, 26197
1, 41, 25386, 21534
1, 42, 16097, 21968
1, 43, 22455, 15166
1, 44, 26829, 23471
1, 45, 21249, 14995
1, 46, 16665, 21885
1, 47, 22829, 21707
1, 48, 15607, 14924
1, 49, 16867, 24825
1, 50, 16854, 23543
1, 51, 25074, 20553
1, 52, 16214, 22186
1, 53, 27700, 23565
1, 54, 24914, 20053
1, 55, 16974, 20359
1, 56, 26814, 22509
1, 57, 16512, 23779
1, 58, 25562, 15016
1, 59, 16222, 14559
1, 60, 16829, 20721
1, 61, 16138, 21073
1, 62, 21765, 20920
1, 63, 16337, 19714
1, 64, 16288, 21724
1, 65, 23696, 21574
1, 66, 16214, 22663
1, 67, 16222, 20715
1, 68, 21516, 18839
1, 69, 24008, 20099
1, 70, 16204, 21054
1, 71, 16172, 21169
1, 72, 23240, 23493
1, 73, 16391, 21080
1, 74, 24152, 21525
1, 75, 22372, 20191
1, 76, 24024, 14947
1, 77, 22147, 19015
1, 78, 17293, 20915
1, 79, 16441, 24919
1, 80, 24725, 23121
1, 81, 17466, 14664
1, 82, 15794, 22705
1, 83, 26220, 23315
1, 84, 15820, 15027
1, 85, 15515, 25581
1, 86, 24206, 15289
1, 87, 23395, 18535
1, 88, 16342, 20571
1, 89, 25750, 19055
1, 90, 15927, 19542
1, 91, 18619, 22947
1, 92, 16371, 19617
1, 93, 15877, 20050
1, 94, 15687, 14765
1, 95, 22204, 18980
1, 96, 22655, 23887
1, 97, 16374, 19461
1, 98, 22553, 23695
1, 99, 23945, 15152
1, 100, 15895, 19133
1, 101, 24861, 21569
1, 102, 22925, 21487
1, 103, 16248, 22445
1, 104, 16226, 25385
1, 105, 15493, 14886
1, 106, 15499, 19242
1, 107, 24657, 19811
1, 108, 22570, 14948
1, 109, 15449, 14993
1, 110, 21080, 14978
1, 111, 19826, 22039
1, 112, 15776, 14764
1, 113, 17306, 21817
1, 114, 23452, 14768
1, 115, 15395, 14928
1, 116, 16378, 22562
1, 117, 16442, 20966
1, 118, 18746, 22519
1, 119, 24443, 22079
1, 120, 23110, 14927
1, 121, 18844, 22516
1, 122, 16860, 21938
1, 123, 16511, 19621
1, 124, 16161, 21498
1, 125, 26734, 21298
1, 126, 25131, 18395
1, 127, 17212, 17953
1, 128, 20703, 22188
1, 129, 16223, 23680
1, 130, 16554, 23539
1, 131, 20579, 15018
1, 132, 16613, 20912
1, 133, 16253, 21044
1, 134, 16074, 15078
1, 135, 16941, 18914
1, 136, 16045, 22165
1, 137, 25121, 23108
1, 138, 25003, 21253
1, 139, 16456, 22226
1, 140, 22399, 23657
1, 141, 21200, 18542
1, 142, 16343, 23174
1, 143, 23970, 22318
1, 144, 29216, 20127
1, 145, 16738, 20588
1, 146, 22007, 21570
1, 147, 23105, 15372
1, 148, 16222, 21748
1, 149, 25039, 19417
1, 150, 15979, 15403
2, 1, 24305, 27991
2, 2, 29415, 15647
2, 3, 20367, 14967
2, 4, 15294, 36202
2, 5, 18710, 14927
2, 6, 25382, 19259
2, 7, 15926, 22774
2, 8, 15766, 19481
2, 9, 15940, 18805
2, 10, 17035, 14940
2, 11, 21423, 20223
2, 12, 23478, 14874
2, 13, 21590, 15394
2, 14, 21398, 19934
2, 15, 19215, 18695
2, 16, 21143, 20219
2, 17, 19823, 22129
2, 18, 21038, 17233
2, 19, 22385, 18974
2, 20, 17688, 20512
2, 21, 21590, 23013
2, 22, 23174, 26379
2, 23, 22718, 20484
2, 24, 24531, 24382
2, 25, 24144, 15193
2, 26, 23604, 14748
2, 27, 26700, 23470
2, 28, 23066, 20350
2, 29, 20838, 21587
2, 30, 22759, 23478
2, 31, 20986, 15124
2, 32, 22468, 22094
2, 33, 20301, 20790
2, 34, 19725, 20576
2, 35, 20207, 19141
2, 36, 25576, 14841
2, 37, 22652, 20015
2, 38, 24626, 20493
2, 39, 25836, 22037
2, 40, 24603, 24942
2, 41, 23953, 20785
2, 42, 24412, 19952
2, 43, 22230, 24745
2, 44, 24199, 18335
2, 45, 22871, 14839
2, 46, 25350, 18861
2, 47, 20671, 14848
2, 48, 23880, 23505
2, 49, 25157, 14912
2, 50, 24489, 22815
2, 51, 23889, 21969
2, 52, 22989, 20896
2, 53, 21999, 22168
2, 54, 21005, 19887
2, 55, 26205, 18812
2, 56, 24874, 20736
2, 57, 21299, 14886
2, 58, 20393, 20943
2, 59, 23084, 18853
2, 60, 22184, 14680
2, 61, 23747, 19191
2, 62, 20272, 20825
2, 63, 16678, 14787
2, 64, 23057, 15100
2, 65, 21967, 19728
2, 66, 22535, 20258
2, 67, 22836, 19896
2, 68, 22348, 14761
2, 69, 21285, 18793
2, 70, 18026, 18631
2, 71, 24422, 16300
2, 72, 19994, 21804
2, 73, 30620, 15038
2, 74, 15954, 15212
2, 75, 15508, 20417
2, 76, 20935, 20201
2, 77, 20048, 19493
2, 78, 20688, 20129
2, 79, 24269, 21593
2, 80, 22965, 19879
2, 81, 22270, 21668
2, 82, 22976, 17968
2, 83, 24475, 20775
2, 84, 24799, 22124
2, 85, 22757, 21807
2, 86, 23520, 20482
2, 87, 22393, 22137
2, 88, 25589, 18482
2, 89, 21878, 20633
2, 90, 16664, 14986
2, 91, 30224, 18284
2, 92, 15857, 15903
2, 93, 16127, 19527
2, 94, 19995, 19159
2, 95, 16223, 17386
2, 96, 24857, 19412
2, 97, 21046, 17693
2, 98, 22187, 20500
2, 99, 24548, 22282
2, 100, 18084, 17670
2, 101, 20841, 23387
2, 102, 22664, 14745
2, 103, 23087, 24782
2, 104, 23562, 22785
2, 105, 23692, 25832
2, 106, 23214, 25199
2, 107, 24868, 14929
2, 108, 21998, 20964
2, 109, 22511, 20796
2, 110, 21853, 24339
2, 111, 23986, 20473
2, 112, 26708, 24344
2, 113, 23372, 22254
2, 114, 23502, 22542
2, 115, 22085, 16153
2, 116, 21881, 22559
2, 117, 23577, 23316
2, 118, 21080, 18496
2, 119, 24406, 24846
2, 120, 22857, 19641
2, 121, 16461, 20661
2, 122, 19189, 22977
2, 123, 24143, 21360
2, 124, 23815, 22294
2, 125, 24008, 20796
2, 126, 21669, 24644
2, 127, 23093, 21590
2, 128, 25207, 20093
2, 129, 23935, 14652
2, 130, 15723, 26289
2, 131, 15434, 20055
2, 132, 25636, 21156
2, 133, 23857, 20028
2, 134, 24227, 21769
2, 135, 23420, 25233
2, 136, 21928, 22971
2, 137, 20333, 23311
2, 138, 23306, 22552
2, 139, 22585, 19727
2, 140, 21104, 22406
2, 141, 22226, 20324
2, 142, 23588, 32278
2, 143, 24801, 20410
2, 144, 22135, 20490
2, 145, 22232, 19527
2, 146, 27473, 21933
2, 147, 24027, 21688
2, 148, 24861, 23472
2, 149, 24867, 19918
2, 150, 24968, 21215
4, 1, 25456, 22118
4, 2, 16492, 20971
4, 3, 21183, 20872
4, 4, 15551, 15366
4, 5, 20449, 21699
4, 6, 20991, 14905
4, 7, 16734, 15010
4, 8, 22743, 14847
4, 9, 21369, 20205
4, 10, 22978, 15045
4, 11, 20307, 15114
4, 12, 24385, 23219
4, 13, 23023, 20039
4, 14, 16218, 21028
4, 15, 24570, 23669
4, 16, 21921, 18413
4, 17, 16482, 15079
4, 18, 24837, 23360
4, 19, 21456, 21192
4, 20, 23260, 22382
4, 21, 23500, 21678
4, 22, 20622, 22593
4, 23, 24202, 20055
4, 24, 24299, 20896
4, 25, 25068, 20829
4, 26, 15588, 14877
4, 27, 22690, 20321
4, 28, 24031, 24527
4, 29, 23359, 19946
4, 30, 25438, 22031
4, 31, 23714, 22691
4, 32, 24214, 20169
4, 33, 23375, 14898
4, 34, 17723, 21791
4, 35, 16377, 17470
4, 36, 20442, 19892
4, 37, 16982, 22102
4, 38, 24154, 25452
4, 39, 23456, 21446
4, 40, 18222, 22944
4, 41, 23175, 24118
4, 42, 23438, 24475
4, 43, 16411, 21457
4, 44, 26247, 20727
4, 45, 20595, 21220
4, 46, 25785, 23054
4, 47, 16981, 19175
4, 48, 21426, 22843
4, 49, 22699, 18724
4, 50, 16933, 22319
4, 51, 19712, 20627
4, 52, 20266, 20990
4, 53, 16685, 20100
4, 54, 22125, 22877
4, 55, 24752, 21231
4, 56, 24701, 21576
4, 57, 23185, 22032
4, 58, 22569, 21405
4, 59, 16890, 19851
4, 60, 16417, 24143
4, 61, 16624, 22249
4, 62, 20138, 20177
4, 63, 23727, 22178
4, 64, 16579, 19839
4, 65, 24190, 21310
4, 66, 22432, 22734
4, 67, 21163, 21284
4, 68, 25079, 21411
4, 69, 24547, 21170
4, 70, 23765, 20500
4, 71, 16897, 23528
4, 72, 23551, 24131
4, 73, 21605, 19724
4, 74, 27186, 19084
4, 75, 18086, 24828
4, 76, 20887, 24734
4, 77, 16832, 21886
4, 78, 22894, 22029
4, 79, 16489, 25405
4, 80, 15866, 15016
4, 81, 18631, 18088
4, 82, 19850, 23094
4, 83, 24026, 22288
4, 84, 22258, 21258
4, 85, 23410, 22582
4, 86, 16805, 20029
4, 87, 23767, 21233
4, 88, 22775, 23426
4, 89, 16225, 20249
4, 90, 16563, 21790
4, 91, 16531, 22058
4, 92, 16692, 22773
4, 93, 16428, 23573
4, 94, 26050, 18788
4, 95, 24277, 16119
4, 96, 17145, 17583
4, 97, 15908, 17795
4, 98, 16120, 20974
4, 99, 24525, 22031
4, 100, 15996, 24754
4, 101, 16786, 21548
4, 102, 23777, 20264
4, 103, 16568, 21426
4, 104, 23846, 20541
4, 105, 25713, 21734
4, 106, 22562, 22707
4, 107, 19704, 20872
4, 108, 22461, 20340
4, 109, 21071, 21432
4, 110, 25743, 22474
4, 111, 24397, 23479
4, 112, 22953, 19671
4, 113, 22273, 20130
4, 114, 16506, 22623
4, 115, 23974, 21746
4, 116, 22332, 21254
4, 117, 23074, 22388
4, 118, 25036, 23427
4, 119, 22877, 24806
4, 120, 27795, 20763
4, 121, 24501, 20266
4, 122, 24828, 22922
4, 123, 23512, 23792
4, 124, 18342, 20674
4, 125, 16433, 21208
4, 126, 23774, 21213
4, 127, 22129, 23383
4, 128, 17466, 23429
4, 129, 23276, 21951
4, 130, 19511, 20859
4, 131, 22749, 21518
4, 132, 23418, 22220
4, 133, 23796, 21723
4, 134, 22882, 19930
4, 135, 24361, 22252
4, 136, 17318, 20339
4, 137, 16601, 21603
4, 138, 25021, 21618
4, 139, 16146, 19419
4, 140, 22308, 21645
4, 141, 23981, 21031
4, 142, 21372, 22125
4, 143, 26348, 23533
4, 144, 22039, 21303
4, 145, 23707, 19774
4, 146, 16842, 18198
4, 147, 22944, 21076
4, 148, 23447, 19377
4, 149, 16202, 20027
4, 150, 21368, 21680
8, 1, 23183, 23840
8, 2, 16366, 20818
8, 3, 23568, 19513
8, 4, 21701, 19619
8, 5, 17047, 21932
8, 6, 16903, 16731
8, 7, 22752, 19921
8, 8, 16695, 20199
8, 9, 22879, 19574
8, 10, 16939, 22763
8, 11, 16428, 21468
8, 12, 23016, 19540
8, 13, 27900, 15135
8, 14, 16653, 20167
8, 15, 16158, 21888
8, 16, 24904, 14841
8, 17, 16226, 21645
8, 18, 19804, 22072
8, 19, 16544, 24680
8, 20, 21637, 21845
8, 21, 24901, 23338
8, 22, 25133, 23003
8, 23, 16438, 20428
8, 24, 16450, 22921
8, 25, 16559, 20105
8, 26, 16419, 17164
8, 27, 16426, 24447
8, 28, 16592, 20814
8, 29, 20250, 21052
8, 30, 16909, 21255
8, 31, 23190, 22362
8, 32, 19942, 15553
8, 33, 16636, 21239
8, 34, 24492, 24219
8, 35, 16183, 21946
8, 36, 25506, 22214
8, 37, 16658, 20734
8, 38, 23155, 22004
8, 39, 19999, 23061
8, 40, 16931, 20053
8, 41, 15896, 19146
8, 42, 15737, 15041
8, 43, 22490, 19829
8, 44, 16161, 21256
8, 45, 16215, 21930
8, 46, 16289, 14987
8, 47, 19725, 21184
8, 48, 23635, 21263
8, 49, 23877, 23533
8, 50, 25350, 14644
8, 51, 16442, 21203
8, 52, 24748, 24076
8, 53, 23779, 21671
8, 54, 24233, 19346
8, 55, 23180, 23747
8, 56, 16200, 15182
8, 57, 24469, 21822
8, 58, 24936, 20694
8, 59, 24453, 24058
8, 60, 16288, 23588
8, 61, 16460, 21612
8, 62, 16347, 20252
8, 63, 22098, 23327
8, 64, 20179, 22904
8, 65, 21589, 21134
8, 66, 16394, 23259
8, 67, 16746, 21954
8, 68, 18658, 20749
8, 69, 16750, 22439
8, 70, 16910, 23400
8, 71, 24379, 23288
8, 72, 20143, 21987
8, 73, 20917, 19833
8, 74, 31100, 21506
8, 75, 16781, 14836
8, 76, 16278, 26331
8, 77, 16611, 22097
8, 78, 23253, 19120
8, 79, 21004, 18898
8, 80, 24765, 24107
8, 81, 22040, 23400
8, 82, 16606, 21195
8, 83, 24364, 23759
8, 84, 20316, 20712
8, 85, 22709, 22330
8, 86, 22006, 19051
8, 87, 16383, 21629
8, 88, 22494, 14651
8, 89, 16518, 21086
8, 90, 20272, 17595
8, 91, 23895, 20014
8, 92, 15944, 18539
8, 93, 19655, 23484
8, 94, 16730, 20933
8, 95, 16613, 20749
8, 96, 20749, 19784
8, 97, 16240, 21665
8, 98, 23622, 21168
8, 99, 23290, 23281
8, 100, 16644, 20149
8, 101, 15991, 23066
8, 102, 20304, 21846
8, 103, 15983, 15037
8, 104, 17057, 19885
8, 105, 16347, 19399
8, 106, 16842, 19606
8, 107, 16489, 21385
8, 108, 15923, 20097
8, 109, 23683, 21380
8, 110, 17043, 21142
8, 111, 24241, 20156
8, 112, 23653, 23524
8, 113, 24238, 23537
8, 114, 23829, 24363
8, 115, 21536, 14737
8, 116, 15953, 17150
8, 117, 26238, 22516
8, 118, 22074, 20491
8, 119, 17537, 14516
8, 120, 21785, 20696
8, 121, 16035, 21625
8, 122, 19845, 28734
8, 123, 16218, 22533
8, 124, 25876, 14997
8, 125, 15598, 20079
8, 126, 23394, 20387
8, 127, 16948, 22298
8, 128, 26584, 16781
8, 129, 23913, 24401
8, 130, 16646, 20019
8, 131, 16931, 18077
8, 132, 23165, 19878
8, 133, 21027, 14937
8, 134, 15625, 14849
8, 135, 22194, 23820
8, 136, 24207, 23903
8, 137, 22866, 22168
8, 138, 24086, 21185
8, 139, 21931, 21199
8, 140, 16123, 14958
8, 141, 15734, 19472
8, 142, 19506, 15951
8, 143, 15723, 15072
8, 144, 16017, 15155
8, 145, 17415, 20350
8, 146, 18029, 22907
8, 147, 16804, 14942
8, 148, 16103, 22788
8, 149, 15600, 14675
8, 150, 16047, 22989
16, 1, 23181, 21718
16, 2, 16218, 14876
16, 3, 23357, 21054
16, 4, 15594, 14750
16, 5, 19276, 24283
16, 6, 16481, 19362
16, 7, 17744, 23030
16, 8, 17182, 21097
16, 9, 15742, 22474
16, 10, 16389, 20258
16, 11, 17131, 19206
16, 12, 15471, 18806
16, 13, 17428, 22506
16, 14, 21394, 19545
16, 15, 16493, 19400
16, 16, 20119, 22520
16, 17, 24654, 21028
16, 18, 22737, 22059
16, 19, 18596, 23170
16, 20, 23051, 24423
16, 21, 21228, 22742
16, 22, 24365, 18747
16, 23, 16991, 24312
16, 24, 19813, 22084
16, 25, 17033, 23074
16, 26, 22960, 22704
16, 27, 16275, 19078
16, 28, 19904, 19380
16, 29, 16842, 19182
16, 30, 17740, 20466
16, 31, 23171, 23789
16, 32, 23700, 19357
16, 33, 16309, 21329
16, 34, 16311, 21921
16, 35, 23548, 20951
16, 36, 17580, 19483
16, 37, 17838, 21998
16, 38, 24764, 20924
16, 39, 17001, 23759
16, 40, 20960, 20955
16, 41, 15965, 14686
16, 42, 22814, 19797
16, 43, 15699, 20152
16, 44, 16599, 19709
16, 45, 25027, 23835
16, 46, 17279, 23177
16, 47, 16863, 22866
16, 48, 22584, 21524
16, 49, 17278, 22046
16, 50, 16393, 22201
16, 51, 20674, 24131
16, 52, 16330, 19365
16, 53, 16517, 21161
16, 54, 22374, 21256
16, 55, 23698, 24122
16, 56, 17276, 22741
16, 57, 18165, 21489
16, 58, 22491, 18568
16, 59, 21576, 20970
16, 60, 16282, 14877
16, 61, 15981, 18403
16, 62, 16647, 14860
16, 63, 17247, 19653
16, 64, 16464, 23042
16, 65, 21063, 20047
16, 66, 23624, 24947
16, 67, 23871, 17955
16, 68, 16607, 19224
16, 69, 17044, 23429
16, 70, 22687, 23908
16, 71, 17250, 20242
16, 72, 16405, 14777
16, 73, 17774, 21973
16, 74, 16784, 19805
16, 75, 16456, 19535
16, 76, 18450, 24161
16, 77, 19477, 22725
16, 78, 16019, 24058
16, 79, 22147, 24635
16, 80, 26602, 15104
16, 81, 16120, 15596
16, 82, 18681, 16265
16, 83, 20959, 21267
16, 84, 20700, 19832
16, 85, 16121, 15735
16, 86, 16969, 15855
16, 87, 17684, 19172
16, 88, 15657, 24868
16, 89, 17247, 20000
16, 90, 23433, 23770
16, 91, 16950, 20480
16, 92, 16479, 24255
16, 93, 16599, 19657
16, 94, 17896, 20993
16, 95, 22824, 20475
16, 96, 16839, 22346
16, 97, 23124, 19673
16, 98, 16876, 24084
16, 99, 21488, 21470
16, 100, 16777, 22164
16, 101, 17000, 24373
16, 102, 15942, 20986
16, 103, 17843, 22530
16, 104, 16813, 21276
16, 105, 19679, 24325
16, 106, 21948, 21820
16, 107, 16590, 21549
16, 108, 16170, 20144
16, 109, 16628, 24872
16, 110, 16839, 23504
16, 111, 21007, 23345
16, 112, 16802, 15093
16, 113, 20764, 19718
16, 114, 16806, 23314
16, 115, 16250, 20459
16, 116, 22725, 27349
16, 117, 17091, 29497
16, 118, 22584, 16837
16, 119, 16779, 20980
16, 120, 16577, 23985
16, 121, 16528, 20325
16, 122, 16010, 19983
16, 123, 16192, 20106
16, 124, 16784, 21008
16, 125, 17218, 21831
16, 126, 15624, 14955
16, 127, 23606, 23868
16, 128, 17393, 22921
16, 129, 22684, 20875
16, 130, 16930, 18619
16, 131, 17275, 20063
16, 132, 17203, 21634
16, 133, 16947, 19747
16, 134, 16397, 23625
16, 135, 23138, 21741
16, 136, 17382, 23539
16, 137, 20742, 24339
16, 138, 16216, 19065
16, 139, 17301, 20335
16, 140, 23536, 20331
16, 141, 19278, 23112
16, 142, 21480, 21647
16, 143, 16824, 21062
16, 144, 15829, 14727
16, 145, 16824, 20246
16, 146, 16103, 23179
16, 147, 16904, 23586
16, 148, 23252, 23069
16, 149, 17284, 20714
16, 150, 17039, 22725
32, 1, 20566, 21899
32, 2, 17099, 19003
32, 3, 15893, 21291
32, 4, 15854, 14732
32, 5, 16917, 23246
32, 6, 17104, 18787
32, 7, 16858, 24445
32, 8, 20795, 22824
32, 9, 19799, 23293
32, 10, 17103, 19183
32, 11, 22366, 22019
32, 12, 16783, 20563
32, 13, 16327, 18654
32, 14, 16485, 19969
32, 15, 16137, 19111
32, 16, 17580, 15701
32, 17, 16699, 19566
32, 18, 16077, 19258
32, 19, 17310, 20408
32, 20, 19090, 22292
32, 21, 17050, 18507
32, 22, 17388, 21247
32, 23, 16458, 19400
32, 24, 16234, 20220
32, 25, 16590, 20089
32, 26, 16666, 18714
32, 27, 16039, 24446
32, 28, 17517, 16350
32, 29, 17938, 20523
32, 30, 16568, 18742
32, 31, 16996, 20562
32, 32, 17650, 20834
32, 33, 17870, 20838
32, 34, 17639, 20603
32, 35, 19596, 21652
32, 36, 22313, 23310
32, 37, 19997, 23590
32, 38, 17292, 19667
32, 39, 16317, 18672
32, 40, 17853, 21117
32, 41, 19989, 21271
32, 42, 17350, 21107
32, 43, 17510, 20396
32, 44, 16204, 20127
32, 45, 19590, 18827
32, 46, 17360, 22130
32, 47, 16677, 20004
32, 48, 17167, 19985
32, 49, 16504, 18485
32, 50, 16785, 19555
32, 51, 17368, 19426
32, 52, 23428, 23202
32, 53, 16366, 17344
32, 54, 16588, 18389
32, 55, 16563, 22448
32, 56, 19818, 15268
32, 57, 18396, 16864
32, 58, 17226, 22578
32, 59, 16075, 15215
32, 60, 15932, 19899
32, 61, 16875, 19523
32, 62, 16852, 19152
32, 63, 17403, 19396
32, 64, 17023, 20414
32, 65, 16963, 21363
32, 66, 20719, 19717
32, 67, 17596, 14958
32, 68, 18248, 22557
32, 69, 23702, 24298
32, 70, 20693, 22786
32, 71, 22396, 20483
32, 72, 26753, 18286
32, 73, 18057, 19779
32, 74, 20588, 22571
32, 75, 20626, 22039
32, 76, 20565, 21310
32, 77, 20621, 22250
32, 78, 16063, 19776
32, 79, 16843, 19651
32, 80, 16895, 17121
32, 81, 16468, 19946
32, 82, 17347, 18741
32, 83, 22164, 19716
32, 84, 20148, 22326
32, 85, 15496, 14524
32, 86, 20795, 24039
32, 87, 16758, 14817
32, 88, 18660, 21009
32, 89, 16548, 18765
32, 90, 15883, 19642
32, 91, 22373, 22306
32, 92, 20579, 22071
32, 93, 15778, 19938
32, 94, 16881, 19656
32, 95, 16805, 20048
32, 96, 16080, 21047
32, 97, 16947, 20052
32, 98, 16743, 18752
32, 99, 21383, 22809
32, 100, 18908, 20681
32, 101, 17213, 19352
32, 102, 15959, 18968
32, 103, 16659, 14947
32, 104, 17292, 19081
32, 105, 21043, 19160
32, 106, 19002, 24382
32, 107, 17663, 22771
32, 108, 17789, 20239
32, 109, 20204, 21457
32, 110, 16946, 23246
32, 111, 18130, 22829
32, 112, 15838, 14811
32, 113, 19610, 21655
32, 114, 21677, 24280
32, 115, 17275, 22865
32, 116, 17179, 23941
32, 117, 15907, 23427
32, 118, 17989, 22545
32, 119, 16063, 19099
32, 120, 16928, 15268
32, 121, 16807, 19523
32, 122, 16277, 19381
32, 123, 17362, 20717
32, 124, 21009, 20622
32, 125, 16770, 24177
32, 126, 16798, 17487
32, 127, 17069, 20976
32, 128, 17286, 19940
32, 129, 21222, 22304
32, 130, 17778, 20774
32, 131, 17939, 20944
32, 132, 17411, 19345
32, 133, 21601, 22805
32, 134, 17303, 14804
32, 135, 18322, 15071
32, 136, 18416, 23113
32, 137, 22795, 21823
32, 138, 21384, 22262
32, 139, 16952, 20305
32, 140, 20413, 21693
32, 141, 18012, 22803
32, 142, 16787, 19761
32, 143, 16463, 24603
32, 144, 16443, 19774
32, 145, 16435, 19479
32, 146, 16928, 24228
32, 147, 20061, 21444
32, 148, 20944, 19697
32, 149, 16600, 18232
32, 150, 20494, 20200
64, 1, 18256, 19280
64, 2, 17831, 20250
64, 3, 16592, 19720
64, 4, 17358, 19040
64, 5, 16828, 24244
64, 6, 22273, 23002
64, 7, 18365, 19763
64, 8, 18952, 20632
64, 9, 20773, 21973
64, 10, 18526, 20929
64, 11, 19515, 19617
64, 12, 19509, 29618
64, 13, 20748, 19971
64, 14, 17580, 17846
64, 15, 17636, 18563
64, 16, 19543, 19424
64, 17, 20457, 19103
64, 18, 17131, 19970
64, 19, 18119, 24241
64, 20, 18636, 22399
64, 21, 20397, 23015
64, 22, 20213, 21643
64, 23, 19904, 22246
64, 24, 18710, 21867
64, 25, 19369, 19492
64, 26, 20546, 20028
64, 27, 17375, 18790
64, 28, 16301, 19680
64, 29, 21804, 19210
64, 30, 18163, 18782
64, 31, 17702, 17703
64, 32, 17815, 20527
64, 33, 23222, 18750
64, 34, 20579, 19560
64, 35, 19194, 19701
64, 36, 17296, 23849
64, 37, 18899, 18141
64, 38, 18123, 24377
64, 39, 18068, 19166
64, 40, 17716, 19372
64, 41, 19548, 14917
64, 42, 20936, 20165
64, 43, 17648, 14945
64, 44, 23358, 15797
64, 45, 25634, 22460
64, 46, 20328, 19278
64, 47, 16218, 14815
64, 48, 17141, 20019
64, 49, 16554, 19831
64, 50, 19155, 19916
64, 51, 17234, 17627
64, 52, 18465, 18359
64, 53, 18716, 20145
64, 54, 22387, 18682
64, 55, 18069, 21058
64, 56, 19826, 21697
64, 57, 19087, 21258
64, 58, 19154, 20194
64, 59, 18133, 24235
64, 60, 18237, 14786
64, 61, 17399, 20679
64, 62, 18934, 19393
64, 63, 18539, 19122
64, 64, 19636, 20091
64, 65, 17182, 19956
64, 66, 20265, 23900
64, 67, 18773, 22441
64, 68, 17012, 18825
64, 69, 20623, 22589
64, 70, 19493, 21596
64, 71, 17794, 20080
64, 72, 17613, 15066
64, 73, 18933, 21310
64, 74, 19887, 19624
64, 75, 18256, 17066
64, 76, 19094, 20032
64, 77, 20941, 22247
64, 78, 18319, 17809
64, 79, 16645, 19849
64, 80, 15204, 19466
64, 81, 17880, 22678
64, 82, 26397, 14646
64, 83, 17182, 20402
64, 84, 18239, 18137
64, 85, 20356, 27257
64, 86, 21984, 14641
64, 87, 32469, 16525
64, 88, 22300, 25978
64, 89, 18024, 21439
64, 90, 20814, 19891
64, 91, 18247, 26712
64, 92, 17600, 22276
64, 93, 22089, 19964
64, 94, 17887, 21159
64, 95, 19743, 18632
64, 96, 18875, 19512
64, 97, 16562, 19102
64, 98, 16820, 18284
64, 99, 18937, 23382
64, 100, 23604, 20254
64, 101, 17305, 19749
64, 102, 20015, 22541
64, 103, 18784, 19119
64, 104, 18237, 19742
64, 105, 16452, 19481
64, 106, 17907, 18511
64, 107, 22631, 24833
64, 108, 16512, 19656
64, 109, 18949, 19701
64, 110, 17830, 19094
64, 111, 20446, 20882
64, 112, 19811, 19864
64, 113, 18840, 21690
64, 114, 21355, 21481
64, 115, 17571, 19060
64, 116, 21908, 21235
64, 117, 20227, 21847
64, 118, 18237, 20896
64, 119, 20452, 23119
64, 120, 18239, 19814
64, 121, 18058, 19910
64, 122, 18856, 23012
64, 123, 17997, 24111
64, 124, 18995, 17711
64, 125, 17219, 23449
64, 126, 17395, 19410
64, 127, 20289, 20776
64, 128, 23179, 20071
64, 129, 17037, 24013
64, 130, 18389, 20129
64, 131, 21296, 21147
64, 132, 18983, 21121
64, 133, 21460, 21561
64, 134, 16505, 21167
64, 135, 19867, 14817
64, 136, 18431, 19455
64, 137, 19773, 19591
64, 138, 17641, 19157
64, 139, 17179, 18874
64, 140, 18783, 18335
64, 141, 19832, 23928
64, 142, 17371, 19032
64, 143, 19002, 24038
64, 144, 18830, 19716
64, 145, 20346, 19650
64, 146, 20514, 19582
64, 147, 18631, 18637
64, 148, 22059, 24067
64, 149, 20659, 24387
64, 150, 18378, 19636
128, 1, 19665, 18833
128, 2, 19910, 18960
128, 3, 19751, 18026
128, 4, 19704, 17710
128, 5, 20377, 18977
128, 6, 18187, 19148
128, 7, 19196, 18432
128, 8, 19231, 17367
128, 9, 20072, 17308
128, 10, 20142, 17914
128, 11, 18613, 19209
128, 12, 18778, 19217
128, 13, 19330, 19241
128, 14, 18438, 19149
128, 15, 20174, 19768
128, 16, 19316, 19215
128, 17, 19102, 19563
128, 18, 19422, 19601
128, 19, 18874, 19154
128, 20, 19333, 18337
128, 21, 19329, 19199
128, 22, 20375, 19145
128, 23, 19853, 19507
128, 24, 23624, 17220
128, 25, 20340, 19300
128, 26, 19148, 18986
128, 27, 19576, 19391
128, 28, 19568, 17663
128, 29, 22425, 21239
128, 30, 19224, 20318
128, 31, 19665, 17441
128, 32, 21126, 18988
128, 33, 18879, 22642
128, 34, 21259, 18826
128, 35, 22700, 19350
128, 36, 26040, 21419
128, 37, 20291, 22939
128, 38, 20221, 19025
128, 39, 23018, 18985
128, 40, 23276, 19923
128, 41, 19931, 18406
128, 42, 19463, 21010
128, 43, 20184, 18521
128, 44, 23296, 21412
128, 45, 19956, 19344
128, 46, 20438, 21252
128, 47, 19008, 19228
128, 48, 21222, 18807
128, 49, 22100, 19953
128, 50, 19894, 19775
128, 51, 20243, 17780
128, 52, 19983, 17577
128, 53, 20509, 18360
128, 54, 18311, 19174
128, 55, 19484, 14911
128, 56, 22435, 18853
128, 57, 20019, 19384
128, 58, 20541, 18050
128, 59, 20465, 18858
128, 60, 20634, 20003
128, 61, 20141, 22965
128, 62, 19062, 20284
128, 63, 20684, 19549
128, 64, 20324, 18157
128, 65, 19482, 18763
128, 66, 19668, 19343
128, 67, 19211, 19683
128, 68, 20951, 19168
128, 69, 20085, 19736
128, 70, 19601, 23766
128, 71, 20560, 19099
128, 72, 20624, 17872
128, 73, 19049, 19958
128, 74, 20956, 21269
128, 75, 22671, 18159
128, 76, 20569, 20202
128, 77, 20279, 19259
128, 78, 20151, 18009
128, 79, 21481, 17303
128, 80, 20489, 20154
128, 81, 18809, 18124
128, 82, 21037, 17228
128, 83, 20475, 20065
128, 84, 18890, 19158
128, 85, 19331, 18042
128, 86, 21632, 19885
128, 87, 19808, 19401
128, 88, 20462, 22357
128, 89, 20681, 29562
128, 90, 32165, 15833
128, 91, 28107, 15002
128, 92, 23392, 14993
128, 93, 18248, 14871
128, 94, 21589, 23113
128, 95, 22772, 20918
128, 96, 18861, 19948
128, 97, 19843, 19402
128, 98, 22478, 19619
128, 99, 20072, 18342
128, 100, 20184, 15476
128, 101, 18903, 19170
128, 102, 19864, 18026
128, 103, 19768, 19451
128, 104, 21896, 20367
128, 105, 19077, 22024
128, 106, 21233, 17307
128, 107, 20316, 18416
128, 108, 19011, 19166
128, 109, 19850, 19012
128, 110, 18940, 20303
128, 111, 19250, 20087
128, 112, 19360, 19585
128, 113, 19517, 19147
128, 114, 19464, 19050
128, 115, 19469, 20165
128, 116, 19692, 20241
128, 117, 19207, 19107
128, 118, 20798, 17205
128, 119, 19303, 18639
128, 120, 18901, 20171
128, 121, 20555, 20168
128, 122, 20269, 20145
128, 123, 20561, 18193
128, 124, 20965, 19442
128, 125, 18399, 19691
128, 126, 20023, 18591
128, 127, 17940, 19158
128, 128, 20449, 19598
128, 129, 22634, 20054
128, 130, 22479, 20447
128, 131, 21964, 15720
128, 132, 21352, 19320
128, 133, 18351, 18302
128, 134, 19310, 19664
128, 135, 20896, 24155
128, 136, 21247, 15264
128, 137, 20758, 18568
128, 138, 19930, 17731
128, 139, 21027, 18937
128, 140, 19134, 19861
128, 141, 19455, 18971
128, 142, 19203, 21100
128, 143, 18601, 18295
128, 144, 20699, 17971
128, 145, 19005, 24164
128, 146, 20325, 18496
128, 147, 19353, 19119
128, 148, 22159, 30286
128, 149, 21803, 19604
128, 150, 22555, 20468
