nroThreads, iteracion, tiempoParal, tiempoSecu
1, 1, 432776, 414055
1, 2, 437579, 416264
1, 3, 434828, 414319
1, 4, 437535, 418273
1, 5, 433507, 414427
1, 6, 442590, 423105
1, 7, 436255, 414456
1, 8, 429237, 412218
1, 9, 434989, 415304
1, 10, 431127, 410612
1, 11, 428077, 431530
1, 12, 442212, 414877
1, 13, 433458, 412291
1, 14, 430903, 436687
1, 15, 429274, 419186
1, 16, 432503, 414958
1, 17, 434881, 415945
1, 18, 448711, 418005
1, 19, 442598, 414262
1, 20, 439644, 429864
1, 21, 438538, 413359
1, 22, 436839, 415229
1, 23, 434765, 415549
1, 24, 434624, 414557
1, 25, 430143, 418747
1, 26, 432685, 418981
1, 27, 433275, 417788
1, 28, 434290, 415653
1, 29, 432889, 413600
1, 30, 451304, 415811
1, 31, 436011, 415486
1, 32, 437945, 414627
1, 33, 437224, 413525
1, 34, 432491, 414495
1, 35, 432325, 413909
1, 36, 440533, 417344
1, 37, 435918, 415396
1, 38, 426567, 422583
1, 39, 434008, 414296
1, 40, 433893, 412554
1, 41, 435130, 423747
1, 42, 429669, 415561
1, 43, 435021, 414120
1, 44, 437897, 414838
1, 45, 436905, 416359
1, 46, 427431, 412974
1, 47, 427517, 412423
1, 48, 449592, 434694
1, 49, 453176, 429420
1, 50, 442182, 415959
1, 51, 443972, 413776
1, 52, 428418, 414217
1, 53, 438559, 422499
1, 54, 442740, 428180
1, 55, 438442, 417957
1, 56, 424172, 414133
1, 57, 434398, 416021
1, 58, 430821, 432910
1, 59, 433642, 428686
1, 60, 452557, 438198
1, 61, 442359, 445090
1, 62, 439369, 416570
1, 63, 448118, 419939
1, 64, 444772, 414660
1, 65, 432341, 416085
1, 66, 443763, 415083
1, 67, 433034, 414908
1, 68, 438825, 415167
1, 69, 435933, 414724
1, 70, 435323, 415719
1, 71, 437981, 424975
1, 72, 442022, 417820
1, 73, 435177, 415651
1, 74, 442928, 429208
1, 75, 434200, 418481
1, 76, 439270, 415841
1, 77, 437133, 414560
1, 78, 440974, 416795
1, 79, 429856, 411898
1, 80, 444943, 422786
1, 81, 437121, 419088
1, 82, 444295, 416520
1, 83, 441698, 415491
1, 84, 438308, 414020
1, 85, 439075, 414157
1, 86, 434205, 413943
1, 87, 446085, 418048
1, 88, 435108, 420331
1, 89, 439079, 414629
1, 90, 433888, 415521
1, 91, 438777, 412912
1, 92, 435394, 412799
1, 93, 434558, 414119
1, 94, 433319, 418046
1, 95, 434850, 416786
1, 96, 434983, 414950
1, 97, 440384, 413453
1, 98, 438760, 413595
1, 99, 439237, 414152
1, 100, 438324, 412307
1, 101, 440611, 418974
1, 102, 450090, 418905
1, 103, 439045, 424442
1, 104, 443427, 413941
1, 105, 443562, 437591
1, 106, 445410, 423786
1, 107, 433017, 418508
1, 108, 437668, 422875
1, 109, 433332, 417567
1, 110, 438278, 417630
1, 111, 441573, 455375
1, 112, 440705, 426131
1, 113, 457168, 435361
1, 114, 435477, 431790
1, 115, 446606, 419086
1, 116, 444039, 419906
1, 117, 455237, 463060
1, 118, 438493, 429119
1, 119, 424145, 426554
1, 120, 428944, 433126
1, 121, 469519, 422784
1, 122, 427235, 412564
1, 123, 447596, 427969
1, 124, 444093, 412221
1, 125, 427671, 430099
1, 126, 430138, 411965
1, 127, 433001, 418232
1, 128, 429222, 414786
1, 129, 434336, 424104
1, 130, 429395, 422489
1, 131, 430311, 413644
1, 132, 437914, 416870
1, 133, 435449, 433786
1, 134, 428767, 420031
1, 135, 434834, 412762
1, 136, 441561, 412857
1, 137, 451143, 414212
1, 138, 437579, 415323
1, 139, 434641, 425476
1, 140, 437177, 430493
1, 141, 432566, 422522
1, 142, 437596, 430075
1, 143, 431623, 415401
1, 144, 464852, 440599
1, 145, 528573, 447420
1, 146, 443884, 418837
1, 147, 459149, 417216
1, 148, 437143, 418113
1, 149, 454363, 430883
1, 150, 462716, 438355
2, 1, 440709, 421647
2, 2, 442022, 419602
2, 3, 438149, 434547
2, 4, 434764, 422743
2, 5, 453398, 421645
2, 6, 434941, 416487
2, 7, 437921, 438635
2, 8, 422097, 431047
2, 9, 432660, 430719
2, 10, 436414, 426299
2, 11, 444213, 422621
2, 12, 438581, 424987
2, 13, 439279, 435765
2, 14, 429144, 417860
2, 15, 436629, 429727
2, 16, 459461, 412760
2, 17, 431226, 427306
2, 18, 437200, 444137
2, 19, 470093, 436264
2, 20, 428630, 423270
2, 21, 441764, 415322
2, 22, 470076, 432007
2, 23, 442299, 436482
2, 24, 455366, 428899
2, 25, 464666, 420336
2, 26, 477078, 421292
2, 27, 439430, 428738
2, 28, 462585, 433317
2, 29, 434980, 420472
2, 30, 434888, 414738
2, 31, 439067, 440907
2, 32, 458188, 420133
2, 33, 435024, 433097
2, 34, 449295, 449343
2, 35, 430211, 444538
2, 36, 467017, 427790
2, 37, 428162, 427015
2, 38, 435988, 421643
2, 39, 438563, 418272
2, 40, 466684, 423525
2, 41, 441654, 417325
2, 42, 428614, 498629
2, 43, 457219, 422611
2, 44, 432803, 421319
2, 45, 443330, 416827
2, 46, 457221, 435089
2, 47, 428105, 418188
2, 48, 455602, 418360
2, 49, 428917, 427729
2, 50, 456069, 420786
2, 51, 433547, 421714
2, 52, 438958, 421280
2, 53, 439097, 419135
2, 54, 428285, 418991
2, 55, 433900, 450218
2, 56, 441454, 410900
2, 57, 429220, 421352
2, 58, 430273, 421567
2, 59, 433903, 414379
2, 60, 435253, 420843
2, 61, 442186, 434978
2, 62, 482982, 436133
2, 63, 443799, 416522
2, 64, 437863, 428082
2, 65, 429895, 428079
2, 66, 432056, 413391
2, 67, 429670, 422983
2, 68, 443576, 417088
2, 69, 427392, 434856
2, 70, 450680, 414504
2, 71, 507862, 480271
2, 72, 527769, 445624
2, 73, 521193, 490201
2, 74, 473344, 481901
2, 75, 500567, 445865
2, 76, 468053, 445369
2, 77, 435656, 428811
2, 78, 459414, 453061
2, 79, 446588, 449326
2, 80, 486476, 429304
2, 81, 428173, 413672
2, 82, 478385, 440788
2, 83, 433985, 415736
2, 84, 449467, 414044
2, 85, 446955, 452292
2, 86, 453948, 445757
2, 87, 458226, 459374
2, 88, 434172, 436589
2, 89, 522564, 449713
2, 90, 440195, 428432
2, 91, 457553, 421337
2, 92, 426144, 418875
2, 93, 427457, 413950
2, 94, 467692, 414429
2, 95, 493981, 517518
2, 96, 427349, 413690
2, 97, 444551, 416488
2, 98, 446502, 424112
2, 99, 428980, 440816
2, 100, 427086, 447209
2, 101, 430825, 415470
2, 102, 427531, 424705
2, 103, 428365, 413948
2, 104, 511205, 449328
2, 105, 467427, 429023
2, 106, 467169, 445343
2, 107, 449109, 436600
2, 108, 467449, 449788
2, 109, 474749, 431240
2, 110, 468200, 416631
2, 111, 429336, 412017
2, 112, 424029, 451406
2, 113, 482362, 457817
2, 114, 445059, 420294
2, 115, 476753, 473081
2, 116, 436053, 413324
2, 117, 427604, 412604
2, 118, 427998, 416200
2, 119, 426228, 431470
2, 120, 442684, 417128
2, 121, 435948, 441235
2, 122, 444252, 432886
2, 123, 467161, 432724
2, 124, 468266, 431106
2, 125, 465972, 429250
2, 126, 430063, 414353
2, 127, 425728, 421478
2, 128, 448480, 460229
2, 129, 466028, 432780
2, 130, 458537, 438764
2, 131, 437279, 419953
2, 132, 432006, 432582
2, 133, 496625, 412675
2, 134, 433151, 412072
2, 135, 424148, 420412
2, 136, 440127, 414873
2, 137, 427606, 425060
2, 138, 432451, 420285
2, 139, 462964, 416508
2, 140, 437224, 415638
2, 141, 434391, 413931
2, 142, 434745, 410175
2, 143, 444175, 429236
2, 144, 438993, 452536
2, 145, 442150, 416433
2, 146, 427697, 420915
2, 147, 439671, 436804
2, 148, 433840, 418255
2, 149, 430293, 416278
2, 150, 426583, 412491
4, 1, 438889, 420451
4, 2, 423443, 428739
4, 3, 429276, 429930
4, 4, 428188, 412842
4, 5, 444369, 414065
4, 6, 426867, 415273
4, 7, 439994, 414541
4, 8, 485158, 414402
4, 9, 432975, 415128
4, 10, 438552, 421081
4, 11, 430306, 433656
4, 12, 425254, 412989
4, 13, 435357, 438199
4, 14, 439746, 421145
4, 15, 432367, 415979
4, 16, 430309, 433651
4, 17, 432444, 417097
4, 18, 433809, 459083
4, 19, 430062, 427298
4, 20, 427260, 426662
4, 21, 436855, 416230
4, 22, 436996, 412576
4, 23, 433502, 414449
4, 24, 439243, 416799
4, 25, 440789, 423979
4, 26, 431430, 420554
4, 27, 427272, 414219
4, 28, 438022, 415954
4, 29, 445227, 415570
4, 30, 427575, 415552
4, 31, 435615, 420248
4, 32, 429604, 414951
4, 33, 435948, 419769
4, 34, 431554, 415874
4, 35, 424543, 413235
4, 36, 432010, 413609
4, 37, 438066, 414733
4, 38, 425926, 420232
4, 39, 442625, 416937
4, 40, 425720, 418910
4, 41, 431888, 425294
4, 42, 434061, 420863
4, 43, 424259, 410692
4, 44, 430249, 413957
4, 45, 426917, 415086
4, 46, 426091, 419619
4, 47, 423872, 411125
4, 48, 422907, 410945
4, 49, 429948, 418810
4, 50, 428655, 415845
4, 51, 436596, 417414
4, 52, 431098, 416045
4, 53, 435820, 418443
4, 54, 428670, 414579
4, 55, 433454, 415222
4, 56, 436445, 415421
4, 57, 426691, 416323
4, 58, 430026, 418557
4, 59, 428120, 423397
4, 60, 433033, 422963
4, 61, 442185, 418325
4, 62, 429164, 414981
4, 63, 427353, 414286
4, 64, 427688, 414458
4, 65, 427113, 422676
4, 66, 441077, 416466
4, 67, 429702, 414557
4, 68, 426277, 420409
4, 69, 434427, 414598
4, 70, 436948, 416656
4, 71, 426896, 419793
4, 72, 428634, 417421
4, 73, 441810, 415111
4, 74, 430252, 416793
4, 75, 425553, 421237
4, 76, 428968, 416062
4, 77, 427867, 416724
4, 78, 433455, 420080
4, 79, 425632, 417989
4, 80, 427055, 414659
4, 81, 437509, 417322
4, 82, 428871, 417920
4, 83, 427576, 415659
4, 84, 431553, 415089
4, 85, 450095, 416904
4, 86, 430665, 422703
4, 87, 429040, 425569
4, 88, 426327, 417175
4, 89, 440553, 413727
4, 90, 421341, 420115
4, 91, 432374, 424655
4, 92, 430766, 414002
4, 93, 431039, 420065
4, 94, 441519, 412603
4, 95, 434574, 413348
4, 96, 437433, 414961
4, 97, 451808, 418866
4, 98, 431010, 419593
4, 99, 432231, 417992
4, 100, 430363, 416162
4, 101, 436418, 420049
4, 102, 438753, 421271
4, 103, 424945, 412413
4, 104, 426164, 415322
4, 105, 425870, 410316
4, 106, 431419, 420218
4, 107, 428586, 413517
4, 108, 427993, 416109
4, 109, 424619, 413041
4, 110, 427939, 418344
4, 111, 433102, 413535
4, 112, 427681, 414939
4, 113, 429503, 414342
4, 114, 425532, 417684
4, 115, 426359, 420865
4, 116, 438328, 417012
4, 117, 438063, 416152
4, 118, 432990, 417277
4, 119, 429005, 422931
4, 120, 431312, 417031
4, 121, 437815, 412266
4, 122, 424386, 412510
4, 123, 423211, 422848
4, 124, 443042, 415776
4, 125, 427864, 421396
4, 126, 428560, 417640
4, 127, 481480, 415810
4, 128, 431564, 413298
4, 129, 427284, 430885
4, 130, 438090, 420035
4, 131, 431792, 422431
4, 132, 424540, 419268
4, 133, 424805, 413872
4, 134, 442967, 415865
4, 135, 435446, 414972
4, 136, 435048, 416632
4, 137, 436634, 413412
4, 138, 442433, 416884
4, 139, 423736, 424040
4, 140, 452473, 417017
4, 141, 433599, 421656
4, 142, 440696, 422769
4, 143, 431887, 437595
4, 144, 447914, 429089
4, 145, 454877, 417559
4, 146, 439553, 442974
4, 147, 421969, 413276
4, 148, 436230, 416972
4, 149, 434079, 418490
4, 150, 459263, 412792
8, 1, 428064, 414502
8, 2, 439431, 412746
8, 3, 436150, 422098
8, 4, 425778, 426480
8, 5, 423202, 418316
8, 6, 421919, 417822
8, 7, 430969, 446425
8, 8, 427678, 424419
8, 9, 426613, 430848
8, 10, 425142, 411723
8, 11, 431195, 419404
8, 12, 440900, 421469
8, 13, 446591, 416249
8, 14, 422599, 411757
8, 15, 426402, 423676
8, 16, 426979, 442537
8, 17, 467499, 472033
8, 18, 443379, 413857
8, 19, 430306, 411436
8, 20, 420417, 432524
8, 21, 437658, 427154
8, 22, 422988, 414176
8, 23, 425264, 421727
8, 24, 438292, 414763
8, 25, 427067, 419739
8, 26, 427872, 425463
8, 27, 426595, 416464
8, 28, 428526, 417875
8, 29, 433183, 419205
8, 30, 429639, 418161
8, 31, 453432, 414659
8, 32, 426304, 417270
8, 33, 428057, 419363
8, 34, 428398, 419452
8, 35, 430254, 416796
8, 36, 431617, 419847
8, 37, 427117, 417467
8, 38, 427528, 432474
8, 39, 425823, 416857
8, 40, 427103, 419234
8, 41, 424394, 418851
8, 42, 424584, 419791
8, 43, 444942, 416339
8, 44, 424253, 424421
8, 45, 426539, 414789
8, 46, 427156, 415056
8, 47, 430208, 414425
8, 48, 428940, 426149
8, 49, 429541, 434808
8, 50, 433469, 423869
8, 51, 424949, 415751
8, 52, 437820, 426924
8, 53, 435473, 430792
8, 54, 431685, 419075
8, 55, 425175, 415521
8, 56, 428590, 417008
8, 57, 433613, 413589
8, 58, 430372, 414148
8, 59, 435728, 417079
8, 60, 425499, 414831
8, 61, 425058, 418737
8, 62, 433527, 415636
8, 63, 427487, 414898
8, 64, 434158, 414562
8, 65, 428880, 422890
8, 66, 432931, 432236
8, 67, 438411, 420025
8, 68, 433524, 418193
8, 69, 432102, 417526
8, 70, 425176, 414501
8, 71, 422425, 413487
8, 72, 432800, 413265
8, 73, 434289, 431023
8, 74, 436456, 438134
8, 75, 430661, 425310
8, 76, 422827, 425639
8, 77, 436975, 460328
8, 78, 431786, 419590
8, 79, 443257, 424828
8, 80, 427043, 417571
8, 81, 430947, 415508
8, 82, 427079, 423618
8, 83, 428428, 431315
8, 84, 439655, 422356
8, 85, 441703, 433461
8, 86, 440274, 420327
8, 87, 439452, 411523
8, 88, 426993, 416925
8, 89, 428808, 416230
8, 90, 434883, 416543
8, 91, 452588, 432338
8, 92, 452727, 434125
8, 93, 455338, 420560
8, 94, 429499, 419241
8, 95, 421008, 410874
8, 96, 424917, 432561
8, 97, 431849, 413918
8, 98, 434065, 412407
8, 99, 425005, 413203
8, 100, 432090, 421522
8, 101, 427993, 418682
8, 102, 436746, 417657
8, 103, 439054, 413281
8, 104, 435086, 416208
8, 105, 428076, 418200
8, 106, 425513, 415749
8, 107, 428343, 415512
8, 108, 426971, 416483
8, 109, 435710, 423809
8, 110, 423091, 425945
8, 111, 434642, 425236
8, 112, 513382, 484102
8, 113, 458142, 412753
8, 114, 440553, 417344
8, 115, 463206, 416862
8, 116, 466380, 416686
8, 117, 437219, 422494
8, 118, 434386, 425857
8, 119, 423494, 414754
8, 120, 426838, 432083
8, 121, 432725, 419673
8, 122, 429586, 416202
8, 123, 427101, 423033
8, 124, 434787, 415934
8, 125, 427664, 420664
8, 126, 435339, 433953
8, 127, 435572, 417573
8, 128, 443725, 420812
8, 129, 424110, 413338
8, 130, 431814, 421969
8, 131, 427073, 425225
8, 132, 428606, 429963
8, 133, 428584, 420705
8, 134, 426403, 432966
8, 135, 426008, 421616
8, 136, 424839, 415235
8, 137, 426220, 419953
8, 138, 427321, 418566
8, 139, 427991, 418105
8, 140, 426272, 417261
8, 141, 431571, 413282
8, 142, 434645, 423611
8, 143, 432680, 416259
8, 144, 427637, 421602
8, 145, 433147, 440914
8, 146, 430678, 472482
8, 147, 439202, 424391
8, 148, 422258, 418081
8, 149, 438742, 414212
8, 150, 421951, 415526
16, 1, 445341, 426018
16, 2, 444114, 413142
16, 3, 439442, 422933
16, 4, 442156, 438521
16, 5, 433025, 423047
16, 6, 482647, 479972
16, 7, 496873, 420091
16, 8, 432515, 417572
16, 9, 436658, 419836
16, 10, 420783, 418586
16, 11, 422680, 411931
16, 12, 424344, 419206
16, 13, 424412, 411150
16, 14, 431834, 412937
16, 15, 435142, 424086
16, 16, 434576, 429222
16, 17, 426883, 414993
16, 18, 441207, 428936
16, 19, 432841, 428229
16, 20, 442660, 428794
16, 21, 423986, 427111
16, 22, 425566, 422744
16, 23, 430720, 423005
16, 24, 428013, 454133
16, 25, 435288, 423389
16, 26, 452342, 415951
16, 27, 438424, 414645
16, 28, 424902, 423817
16, 29, 430351, 416747
16, 30, 432076, 416488
16, 31, 431518, 428191
16, 32, 426725, 417232
16, 33, 424077, 413752
16, 34, 439633, 416774
16, 35, 430552, 429544
16, 36, 432403, 451935
16, 37, 426822, 420330
16, 38, 429023, 416932
16, 39, 428897, 426241
16, 40, 426435, 413188
16, 41, 526521, 428147
16, 42, 438036, 419327
16, 43, 437102, 454217
16, 44, 421577, 412479
16, 45, 421711, 410735
16, 46, 424682, 419328
16, 47, 427534, 414524
16, 48, 430855, 425109
16, 49, 445611, 416936
16, 50, 454781, 468410
16, 51, 448297, 432481
16, 52, 426414, 422332
16, 53, 426233, 414781
16, 54, 429114, 422911
16, 55, 428355, 420175
16, 56, 422100, 439270
16, 57, 426307, 425709
16, 58, 435918, 423728
16, 59, 433544, 416566
16, 60, 434377, 413515
16, 61, 420848, 437399
16, 62, 434156, 414876
16, 63, 423294, 413768
16, 64, 432899, 434987
16, 65, 424780, 412068
16, 66, 426932, 412319
16, 67, 420942, 412623
16, 68, 458063, 413464
16, 69, 422684, 411526
16, 70, 433392, 411037
16, 71, 424019, 423041
16, 72, 439923, 431042
16, 73, 420776, 411771
16, 74, 435021, 416143
16, 75, 421611, 414925
16, 76, 434790, 431898
16, 77, 427825, 421400
16, 78, 427011, 411682
16, 79, 433069, 418599
16, 80, 431349, 417633
16, 81, 445031, 422137
16, 82, 422873, 423415
16, 83, 428588, 416717
16, 84, 433618, 415487
16, 85, 426934, 416385
16, 86, 430594, 411901
16, 87, 425539, 411794
16, 88, 422084, 415822
16, 89, 425488, 412307
16, 90, 427662, 420992
16, 91, 430818, 415604
16, 92, 429471, 420964
16, 93, 419073, 411725
16, 94, 422431, 417977
16, 95, 427985, 416657
16, 96, 435940, 424889
16, 97, 427662, 415366
16, 98, 423068, 413554
16, 99, 422095, 412738
16, 100, 425030, 411632
16, 101, 420216, 412677
16, 102, 427948, 410774
16, 103, 429158, 433804
16, 104, 429175, 418864
16, 105, 428962, 418201
16, 106, 424896, 422751
16, 107, 427581, 431830
16, 108, 430678, 427872
16, 109, 430089, 430347
16, 110, 434733, 428068
16, 111, 428331, 419140
16, 112, 422650, 412278
16, 113, 425069, 418498
16, 114, 424991, 418029
16, 115, 424159, 414282
16, 116, 429033, 416674
16, 117, 439679, 412748
16, 118, 422805, 419735
16, 119, 427595, 414772
16, 120, 429254, 416311
16, 121, 434648, 417125
16, 122, 427502, 417163
16, 123, 436662, 423558
16, 124, 431317, 430508
16, 125, 426778, 428281
16, 126, 423134, 414801
16, 127, 424629, 416765
16, 128, 433716, 416710
16, 129, 436595, 436639
16, 130, 422669, 415943
16, 131, 431432, 412074
16, 132, 424766, 418140
16, 133, 427405, 418876
16, 134, 425483, 417750
16, 135, 423063, 419201
16, 136, 426053, 417038
16, 137, 422965, 414335
16, 138, 418935, 413251
16, 139, 428643, 413602
16, 140, 428741, 415456
16, 141, 425351, 430068
16, 142, 426758, 427736
16, 143, 432298, 431736
16, 144, 423826, 411478
16, 145, 426963, 423130
16, 146, 425923, 412161
16, 147, 428408, 414847
16, 148, 424636, 433432
16, 149, 426295, 415380
16, 150, 433653, 417396
32, 1, 423770, 416752
32, 2, 421308, 417521
32, 3, 417087, 412347
32, 4, 429113, 419173
32, 5, 428866, 423582
32, 6, 431554, 423636
32, 7, 452919, 417558
32, 8, 442709, 422929
32, 9, 434570, 422945
32, 10, 424157, 419203
32, 11, 426320, 414684
32, 12, 424482, 421804
32, 13, 425645, 429727
32, 14, 431169, 428705
32, 15, 436077, 426736
32, 16, 423309, 419320
32, 17, 428021, 414560
32, 18, 421410, 411893
32, 19, 428736, 421233
32, 20, 424670, 421865
32, 21, 428224, 413537
32, 22, 422367, 424056
32, 23, 433143, 421874
32, 24, 432590, 419021
32, 25, 424405, 420024
32, 26, 436498, 416008
32, 27, 421759, 427623
32, 28, 438265, 422152
32, 29, 427988, 415365
32, 30, 422317, 416066
32, 31, 433621, 410483
32, 32, 427502, 418697
32, 33, 437889, 436565
32, 34, 429288, 416791
32, 35, 487572, 423771
32, 36, 426206, 429632
32, 37, 430239, 417502
32, 38, 439445, 413992
32, 39, 421668, 418251
32, 40, 426406, 420405
32, 41, 423458, 416630
32, 42, 422957, 419840
32, 43, 427193, 413308
32, 44, 430531, 419654
32, 45, 426947, 430894
32, 46, 422895, 427918
32, 47, 435198, 422407
32, 48, 424036, 413727
32, 49, 422176, 418791
32, 50, 419565, 428251
32, 51, 454874, 422731
32, 52, 471437, 417352
32, 53, 425216, 413170
32, 54, 426017, 411100
32, 55, 426242, 420453
32, 56, 439441, 411723
32, 57, 427600, 414592
32, 58, 425458, 413344
32, 59, 433555, 432948
32, 60, 427429, 423286
32, 61, 433443, 418078
32, 62, 421576, 426086
32, 63, 438834, 416939
32, 64, 423859, 425928
32, 65, 425113, 426479
32, 66, 431374, 423150
32, 67, 422025, 413212
32, 68, 422811, 410266
32, 69, 420270, 428127
32, 70, 428347, 423750
32, 71, 439499, 417561
32, 72, 432432, 423523
32, 73, 429635, 416917
32, 74, 427475, 426058
32, 75, 445287, 415527
32, 76, 424794, 423416
32, 77, 454767, 415675
32, 78, 441555, 417005
32, 79, 463215, 425304
32, 80, 439548, 423875
32, 81, 425571, 442662
32, 82, 452135, 430583
32, 83, 420313, 424890
32, 84, 422498, 420827
32, 85, 430955, 428495
32, 86, 422684, 417338
32, 87, 429606, 419712
32, 88, 422758, 417339
32, 89, 422072, 418942
32, 90, 443193, 427224
32, 91, 447373, 426054
32, 92, 440382, 422470
32, 93, 437831, 424852
32, 94, 422481, 424400
32, 95, 425128, 413894
32, 96, 421902, 428882
32, 97, 421056, 423230
32, 98, 421453, 413419
32, 99, 437312, 420538
32, 100, 425463, 429237
32, 101, 424642, 423551
32, 102, 438867, 422794
32, 103, 432851, 413356
32, 104, 428502, 426691
32, 105, 418659, 421874
32, 106, 429124, 419709
32, 107, 429212, 414684
32, 108, 427432, 421252
32, 109, 423992, 421956
32, 110, 434034, 413762
32, 111, 425911, 431114
32, 112, 419555, 410838
32, 113, 448316, 423558
32, 114, 430277, 428180
32, 115, 424265, 415815
32, 116, 426246, 415249
32, 117, 422145, 420828
32, 118, 422212, 419880
32, 119, 437992, 414860
32, 120, 428042, 415222
32, 121, 420025, 429583
32, 122, 421607, 415258
32, 123, 434246, 423419
32, 124, 425611, 424156
32, 125, 421159, 418135
32, 126, 429803, 423394
32, 127, 425790, 431199
32, 128, 427207, 420777
32, 129, 428253, 421457
32, 130, 435512, 414568
32, 131, 445230, 418011
32, 132, 446913, 440791
32, 133, 446232, 416539
32, 134, 425322, 416211
32, 135, 431885, 415744
32, 136, 419964, 422087
32, 137, 440343, 420844
32, 138, 427026, 429607
32, 139, 417598, 416144
32, 140, 423913, 429986
32, 141, 440059, 420886
32, 142, 424103, 444354
32, 143, 449673, 410914
32, 144, 418005, 422385
32, 145, 427470, 415618
32, 146, 421538, 426426
32, 147, 432816, 428191
32, 148, 424843, 421382
32, 149, 435114, 425829
32, 150, 425125, 417639
64, 1, 422779, 416196
64, 2, 437183, 436334
64, 3, 437351, 414907
64, 4, 421753, 421795
64, 5, 432356, 421318
64, 6, 435977, 440273
64, 7, 432238, 418447
64, 8, 447700, 423762
64, 9, 438354, 422998
64, 10, 462391, 416808
64, 11, 437637, 434084
64, 12, 420255, 486851
64, 13, 480569, 422497
64, 14, 438645, 428026
64, 15, 445644, 435097
64, 16, 424139, 412165
64, 17, 441178, 420665
64, 18, 421295, 419150
64, 19, 417410, 425270
64, 20, 418895, 418821
64, 21, 428292, 418040
64, 22, 421718, 428312
64, 23, 425078, 416119
64, 24, 419212, 419035
64, 25, 449758, 426291
64, 26, 424207, 427326
64, 27, 423848, 426694
64, 28, 433188, 423822
64, 29, 413137, 415518
64, 30, 429334, 423478
64, 31, 422100, 422144
64, 32, 421123, 414320
64, 33, 429318, 422603
64, 34, 428179, 421243
64, 35, 434297, 422429
64, 36, 430458, 423258
64, 37, 442313, 420482
64, 38, 438187, 424871
64, 39, 417943, 413669
64, 40, 420011, 419465
64, 41, 425894, 426637
64, 42, 428231, 411646
64, 43, 424590, 420388
64, 44, 421151, 423175
64, 45, 417036, 418528
64, 46, 424998, 423891
64, 47, 419913, 415255
64, 48, 420198, 419579
64, 49, 417437, 435154
64, 50, 420841, 422338
64, 51, 431666, 414347
64, 52, 432965, 424970
64, 53, 433823, 420339
64, 54, 438452, 417798
64, 55, 420567, 418538
64, 56, 422570, 414432
64, 57, 420407, 417723
64, 58, 421688, 418968
64, 59, 434715, 429034
64, 60, 434600, 437713
64, 61, 436029, 424463
64, 62, 416369, 412973
64, 63, 455213, 427994
64, 64, 427795, 413570
64, 65, 449415, 421310
64, 66, 415903, 417621
64, 67, 417109, 424363
64, 68, 425575, 431068
64, 69, 450205, 420621
64, 70, 428369, 414238
64, 71, 432465, 487576
64, 72, 445058, 449846
64, 73, 497597, 429554
64, 74, 428944, 415209
64, 75, 426335, 436089
64, 76, 428410, 430637
64, 77, 444731, 420025
64, 78, 437306, 420008
64, 79, 419873, 419131
64, 80, 427533, 435443
64, 81, 429057, 423129
64, 82, 427315, 424222
64, 83, 419190, 424636
64, 84, 420459, 428405
64, 85, 426317, 414903
64, 86, 423166, 414703
64, 87, 416382, 413315
64, 88, 419753, 413801
64, 89, 430444, 415564
64, 90, 423611, 411732
64, 91, 433702, 416486
64, 92, 435259, 416914
64, 93, 419371, 415447
64, 94, 432469, 430619
64, 95, 418429, 417294
64, 96, 434229, 447439
64, 97, 430080, 423353
64, 98, 417924, 423135
64, 99, 418700, 420539
64, 100, 431740, 413455
64, 101, 415357, 416919
64, 102, 417106, 419472
64, 103, 431032, 412880
64, 104, 418559, 421272
64, 105, 425241, 419685
64, 106, 425094, 420681
64, 107, 470986, 440113
64, 108, 455946, 446832
64, 109, 434782, 421126
64, 110, 448587, 452042
64, 111, 437905, 423450
64, 112, 434599, 431999
64, 113, 459114, 432460
64, 114, 428308, 422638
64, 115, 416978, 426504
64, 116, 448152, 425611
64, 117, 437246, 423317
64, 118, 437054, 420834
64, 119, 416910, 421171
64, 120, 428104, 412732
64, 121, 421199, 413327
64, 122, 415817, 412467
64, 123, 422927, 416088
64, 124, 426018, 417044
64, 125, 431284, 411334
64, 126, 414942, 418315
64, 127, 418567, 422303
64, 128, 419266, 425145
64, 129, 423046, 416549
64, 130, 415479, 420547
64, 131, 425699, 413295
64, 132, 420479, 413298
64, 133, 418199, 414610
64, 134, 423854, 415051
64, 135, 445275, 421076
64, 136, 423766, 423493
64, 137, 439599, 430542
64, 138, 455709, 419488
64, 139, 457505, 427166
64, 140, 422814, 425878
64, 141, 434415, 417021
64, 142, 423162, 415854
64, 143, 423988, 457671
64, 144, 454783, 423047
64, 145, 490785, 413007
64, 146, 421101, 430833
64, 147, 424477, 418892
64, 148, 424769, 413474
64, 149, 426228, 418569
64, 150, 428994, 429883
128, 1, 439757, 416885
128, 2, 445362, 417579
128, 3, 437399, 417482
128, 4, 411083, 418123
128, 5, 434840, 415462
128, 6, 417235, 416607
128, 7, 445416, 426180
128, 8, 411517, 419143
128, 9, 413415, 415679
128, 10, 417994, 409773
128, 11, 413410, 417992
128, 12, 416213, 414349
128, 13, 418374, 423074
128, 14, 413402, 416100
128, 15, 418595, 416047
128, 16, 420127, 430140
128, 17, 412125, 417914
128, 18, 413055, 418346
128, 19, 405202, 420510
128, 20, 406667, 411149
128, 21, 414737, 413326
128, 22, 413883, 418291
128, 23, 404817, 412657
128, 24, 413453, 413285
128, 25, 427012, 415503
128, 26, 438538, 418889
128, 27, 409997, 421035
128, 28, 432413, 422338
128, 29, 412598, 411946
128, 30, 411613, 417200
128, 31, 411566, 415970
128, 32, 421237, 418886
128, 33, 415344, 417775
128, 34, 413292, 430074
128, 35, 410755, 415973
128, 36, 426211, 413132
128, 37, 444443, 418179
128, 38, 407188, 428473
128, 39, 430647, 422834
128, 40, 433240, 450205
128, 41, 416028, 414891
128, 42, 422725, 420230
128, 43, 437604, 420070
128, 44, 424216, 429703
128, 45, 401624, 418548
128, 46, 412785, 423230
128, 47, 435530, 417205
128, 48, 412345, 416482
128, 49, 417870, 420812
128, 50, 435260, 414836
128, 51, 399070, 413134
128, 52, 410124, 422769
128, 53, 418256, 413922
128, 54, 422473, 413191
128, 55, 425524, 415232
128, 56, 419636, 411443
128, 57, 415673, 414435
128, 58, 414292, 414498
128, 59, 416016, 424787
128, 60, 436865, 415037
128, 61, 413225, 423807
128, 62, 418004, 424841
128, 63, 424697, 422780
128, 64, 423216, 428920
128, 65, 420358, 421882
128, 66, 417730, 436228
128, 67, 413426, 423562
128, 68, 420887, 424314
128, 69, 409000, 414643
128, 70, 417811, 414749
128, 71, 420925, 414684
128, 72, 409068, 417912
128, 73, 409013, 419708
128, 74, 415665, 415258
128, 75, 411784, 412967
128, 76, 417987, 426285
128, 77, 420034, 430281
128, 78, 422135, 424938
128, 79, 410324, 414405
128, 80, 422259, 434323
128, 81, 429729, 433734
128, 82, 431105, 422571
128, 83, 422253, 419930
128, 84, 427573, 414434
128, 85, 423497, 415247
128, 86, 420851, 428633
128, 87, 422877, 429893
128, 88, 414404, 424204
128, 89, 419793, 421961
128, 90, 440248, 422262
128, 91, 415313, 425905
128, 92, 425419, 435820
128, 93, 419695, 435879
128, 94, 415725, 424484
128, 95, 413942, 413049
128, 96, 408358, 412473
128, 97, 418955, 423878
128, 98, 432000, 433783
128, 99, 422060, 413786
128, 100, 411187, 432695
128, 101, 422177, 422246
128, 102, 431126, 418651
128, 103, 421213, 439987
128, 104, 430831, 415002
128, 105, 422013, 429972
128, 106, 414230, 416400
128, 107, 409307, 426091
128, 108, 423282, 440232
128, 109, 425483, 434430
128, 110, 413549, 426692
128, 111, 417721, 421447
128, 112, 417178, 411760
128, 113, 421259, 420404
128, 114, 403457, 423559
128, 115, 426441, 415911
128, 116, 417980, 423381
128, 117, 432522, 421163
128, 118, 419285, 412797
128, 119, 422097, 422423
128, 120, 417925, 430027
128, 121, 436174, 420037
128, 122, 419994, 425357
128, 123, 435638, 428450
128, 124, 399092, 419700
128, 125, 418681, 415163
128, 126, 420631, 424402
128, 127, 427234, 418808
128, 128, 404884, 427278
128, 129, 406993, 425329
128, 130, 419250, 436318
128, 131, 430833, 428631
128, 132, 410792, 452639
128, 133, 396233, 419697
128, 134, 411484, 411151
128, 135, 414160, 412855
128, 136, 412908, 414221
128, 137, 412537, 414880
128, 138, 415165, 417701
128, 139, 405887, 412113
128, 140, 411767, 414089
128, 141, 415309, 436531
128, 142, 409990, 415626
128, 143, 413083, 415874
128, 144, 407413, 422195
128, 145, 418153, 416056
128, 146, 412198, 423206
128, 147, 425276, 414958
128, 148, 416592, 417567
128, 149, 410037, 421886
128, 150, 415351, 416062
256, 1, 400822, 412341
256, 2, 404662, 412624
256, 3, 404398, 412665
256, 4, 398530, 413059
256, 5, 409424, 419512
256, 6, 398613, 411835
256, 7, 401804, 413638
256, 8, 397508, 416366
256, 9, 435964, 456740
256, 10, 413936, 433976
256, 11, 402933, 421379
256, 12, 398475, 436201
256, 13, 406810, 419902
256, 14, 403367, 415600
256, 15, 409632, 412533
256, 16, 405465, 431269
256, 17, 402531, 410720
256, 18, 396321, 413192
256, 19, 402537, 416038
256, 20, 404001, 418248
256, 21, 395762, 418897
256, 22, 431883, 417570
256, 23, 402748, 415993
256, 24, 419173, 422959
256, 25, 400313, 415064
256, 26, 393016, 412701
256, 27, 404029, 415904
256, 28, 410757, 424936
256, 29, 408434, 425598
256, 30, 395842, 413254
256, 31, 406972, 419860
256, 32, 399644, 415382
256, 33, 407240, 413195
256, 34, 398430, 423515
256, 35, 398071, 413479
256, 36, 400683, 411740
256, 37, 400501, 414340
256, 38, 392391, 421746
256, 39, 403830, 414561
256, 40, 402117, 413847
256, 41, 400210, 412463
256, 42, 410313, 415329
256, 43, 401320, 415563
256, 44, 399800, 412972
256, 45, 405284, 416235
256, 46, 406522, 423618
256, 47, 403928, 413367
256, 48, 433149, 417089
256, 49, 500298, 419497
256, 50, 405945, 429285
256, 51, 432501, 418116
256, 52, 404631, 415764
256, 53, 414508, 422188
256, 54, 409343, 417658
256, 55, 407064, 417172
256, 56, 422151, 416419
256, 57, 400326, 422400
256, 58, 401864, 422982
256, 59, 393819, 431203
256, 60, 404575, 434448
256, 61, 402544, 417591
256, 62, 405418, 416046
256, 63, 399109, 412430
256, 64, 394673, 416465
256, 65, 395853, 418982
256, 66, 403674, 417320
256, 67, 417422, 422233
256, 68, 401137, 417214
256, 69, 499663, 428413
256, 70, 427274, 442859
256, 71, 405333, 410821
256, 72, 402262, 414076
256, 73, 393261, 410821
256, 74, 397393, 415650
256, 75, 413826, 423541
256, 76, 406737, 417278
256, 77, 393876, 413336
256, 78, 410019, 418669
256, 79, 400128, 412455
256, 80, 410034, 424416
256, 81, 461861, 433530
256, 82, 404414, 418399
256, 83, 399244, 422777
256, 84, 404940, 430866
256, 85, 405069, 415861
256, 86, 401122, 415616
256, 87, 426677, 416136
256, 88, 403086, 414437
256, 89, 398927, 417230
256, 90, 391759, 424073
256, 91, 404632, 413640
256, 92, 400648, 414876
256, 93, 403005, 421648
256, 94, 440394, 422224
256, 95, 426573, 415491
256, 96, 412362, 414813
256, 97, 397944, 431545
256, 98, 531021, 430131
256, 99, 393093, 418326
256, 100, 407136, 425923
256, 101, 418657, 417569
256, 102, 436894, 416212
256, 103, 412886, 426867
256, 104, 391003, 425607
256, 105, 405629, 417978
256, 106, 398992, 421412
256, 107, 408238, 422593
256, 108, 399741, 412927
256, 109, 398372, 427290
256, 110, 396706, 418190
256, 111, 393192, 417789
256, 112, 408543, 422523
256, 113, 404952, 421872
256, 114, 399619, 429695
256, 115, 429406, 422328
256, 116, 422934, 426918
256, 117, 397160, 416596
256, 118, 398023, 422144
256, 119, 403616, 422172
256, 120, 406893, 423721
256, 121, 415596, 420569
256, 122, 409946, 417617
256, 123, 391687, 423441
256, 124, 424550, 422271
256, 125, 417248, 433100
256, 126, 419996, 430042
256, 127, 426841, 416419
256, 128, 427817, 418636
256, 129, 398800, 416235
256, 130, 403883, 426490
256, 131, 392870, 412683
256, 132, 410739, 423401
256, 133, 407792, 417292
256, 134, 408881, 427101
256, 135, 408659, 412197
256, 136, 415864, 424726
256, 137, 415319, 420274
256, 138, 408881, 422216
256, 139, 413601, 424452
256, 140, 413452, 416983
256, 141, 401493, 413263
256, 142, 407801, 418114
256, 143, 411576, 420863
256, 144, 412612, 423895
256, 145, 399274, 414195
256, 146, 400642, 412823
256, 147, 402562, 411536
256, 148, 394986, 414815
256, 149, 400154, 415753
256, 150, 414034, 412113
512, 1, 381535, 413278
512, 2, 379986, 415358
512, 3, 384815, 433006
512, 4, 404703, 420905
512, 5, 393989, 424069
512, 6, 394711, 414697
512, 7, 393478, 420487
512, 8, 394574, 422212
512, 9, 437640, 416018
512, 10, 413690, 412918
512, 11, 386999, 417615
512, 12, 400192, 417430
512, 13, 405450, 416888
512, 14, 407499, 438437
512, 15, 386463, 417559
512, 16, 400766, 409784
512, 17, 440060, 418477
512, 18, 386837, 415855
512, 19, 393817, 418290
512, 20, 406953, 417867
512, 21, 404396, 416408
512, 22, 394184, 417220
512, 23, 392522, 421511
512, 24, 390533, 423649
512, 25, 380055, 422603
512, 26, 375157, 424174
512, 27, 398842, 418967
512, 28, 402374, 422606
512, 29, 397559, 440801
512, 30, 386263, 418541
512, 31, 458300, 435203
512, 32, 404137, 431891
512, 33, 388633, 410867
512, 34, 386847, 416448
512, 35, 399553, 428386
512, 36, 407583, 414656
512, 37, 398002, 425448
512, 38, 382322, 423139
512, 39, 389555, 412371
512, 40, 379486, 409177
512, 41, 397102, 422999
512, 42, 405720, 431402
512, 43, 411667, 419367
512, 44, 417854, 421772
512, 45, 396119, 432870
512, 46, 398927, 429700
512, 47, 395584, 429090
512, 48, 390553, 415538
512, 49, 407007, 413990
512, 50, 390635, 418949
512, 51, 390638, 427072
512, 52, 383553, 421782
512, 53, 384634, 426723
512, 54, 387952, 417661
512, 55, 393997, 415545
512, 56, 392111, 422654
512, 57, 372735, 417717
512, 58, 381815, 421380
512, 59, 402677, 424296
512, 60, 396634, 413372
512, 61, 378209, 410441
512, 62, 389354, 411435
512, 63, 400164, 418673
512, 64, 422020, 426052
512, 65, 391299, 424753
512, 66, 389120, 419163
512, 67, 379956, 412859
512, 68, 396867, 417811
512, 69, 400318, 410862
512, 70, 437848, 424147
512, 71, 407566, 420194
512, 72, 401014, 420902
512, 73, 377861, 415342
512, 74, 399023, 419054
512, 75, 452892, 435570
512, 76, 375928, 415382
512, 77, 393035, 423135
512, 78, 415032, 414155
512, 79, 400663, 420491
512, 80, 427517, 419199
512, 81, 415320, 421214
512, 82, 379370, 419739
512, 83, 380741, 428069
512, 84, 375176, 413323
512, 85, 383235, 423118
512, 86, 388883, 425610
512, 87, 387383, 427947
512, 88, 399802, 417482
512, 89, 384993, 416756
512, 90, 380900, 421262
512, 91, 391958, 420824
512, 92, 414450, 416123
512, 93, 381915, 419087
512, 94, 383039, 420681
512, 95, 412563, 417295
512, 96, 377782, 422410
512, 97, 392878, 426694
512, 98, 398354, 419473
512, 99, 402315, 417697
512, 100, 393148, 416112
512, 101, 386800, 416163
512, 102, 379714, 416475
512, 103, 384153, 415333
512, 104, 380218, 410465
512, 105, 401832, 412282
512, 106, 381555, 417245
512, 107, 405825, 423912
512, 108, 376013, 413143
512, 109, 395079, 411091
512, 110, 364910, 417057
512, 111, 410113, 416945
512, 112, 388720, 413625
512, 113, 385844, 411961
512, 114, 390196, 412547
512, 115, 386811, 409966
512, 116, 393471, 412800
512, 117, 383195, 413455
512, 118, 407734, 415264
512, 119, 370082, 417641
512, 120, 374262, 414837
512, 121, 388805, 414566
512, 122, 383536, 416379
512, 123, 378283, 410872
512, 124, 386825, 416559
512, 125, 383764, 408836
512, 126, 384730, 411650
512, 127, 382385, 417416
512, 128, 415405, 415665
512, 129, 389052, 410672
512, 130, 378690, 412145
512, 131, 381894, 412291
512, 132, 399065, 417205
512, 133, 383531, 414575
512, 134, 385316, 412878
512, 135, 397837, 413739
512, 136, 383261, 416833
512, 137, 379285, 411554
512, 138, 377415, 412554
512, 139, 384610, 426737
512, 140, 386460, 417287
512, 141, 391840, 414082
512, 142, 388515, 413828
512, 143, 416953, 419178
512, 144, 391178, 412383
512, 145, 400227, 426151
512, 146, 405346, 414102
512, 147, 384019, 416083
512, 148, 394989, 422344
512, 149, 394526, 420447
512, 150, 383779, 433638
