nroThreads, iteracion, tiempoParal, tiempoSecu
1, 1, 150650, 145335
1, 2, 157907, 142804
1, 3, 159272, 143195
1, 4, 157188, 145637
1, 5, 157959, 144250
1, 6, 159135, 145837
1, 7, 159264, 146182
1, 8, 153164, 145748
1, 9, 158348, 143962
1, 10, 159047, 145074
1, 11, 160086, 145315
1, 12, 150082, 144978
1, 13, 160309, 146057
1, 14, 164568, 145733
1, 15, 159060, 145825
1, 16, 152146, 143407
1, 17, 149675, 146281
1, 18, 153702, 145999
1, 19, 161788, 146420
1, 20, 157345, 144572
1, 21, 161723, 144736
1, 22, 153097, 142810
1, 23, 160384, 143235
1, 24, 152801, 143164
1, 25, 156145, 145082
1, 26, 153750, 144182
1, 27, 160664, 143956
1, 28, 158584, 142864
1, 29, 158843, 144852
1, 30, 158455, 142017
1, 31, 162277, 145777
1, 32, 159733, 145929
1, 33, 157584, 145238
1, 34, 157737, 145581
1, 35, 159386, 146085
1, 36, 158208, 144423
1, 37, 159617, 146452
1, 38, 160122, 143129
1, 39, 152614, 143387
1, 40, 162514, 146843
1, 41, 161417, 145000
1, 42, 160404, 144943
1, 43, 161447, 144513
1, 44, 163699, 145530
1, 45, 160289, 145465
1, 46, 158446, 144359
1, 47, 161072, 144466
1, 48, 160974, 145165
1, 49, 159728, 145436
1, 50, 156107, 142849
1, 51, 147209, 141794
1, 52, 159188, 146152
1, 53, 152555, 142827
1, 54, 151300, 148592
1, 55, 158551, 145640
1, 56, 160339, 143321
1, 57, 158942, 142862
1, 58, 158382, 144642
1, 59, 152687, 142971
1, 60, 151108, 144570
1, 61, 153233, 142835
1, 62, 151392, 147839
1, 63, 150562, 145723
1, 64, 158885, 146976
1, 65, 151698, 146307
1, 66, 158243, 143066
1, 67, 150490, 145772
1, 68, 161250, 145346
1, 69, 160733, 146536
1, 70, 160871, 144493
1, 71, 163082, 144676
1, 72, 157862, 145042
1, 73, 162361, 143226
1, 74, 158140, 144235
1, 75, 157022, 145414
1, 76, 161044, 146963
1, 77, 158459, 145395
1, 78, 160323, 145084
1, 79, 163246, 145462
1, 80, 158366, 144065
1, 81, 162679, 145805
1, 82, 161144, 145029
1, 83, 154971, 146090
1, 84, 157853, 144570
1, 85, 160328, 145082
1, 86, 157055, 144998
1, 87, 155982, 142887
1, 88, 148623, 145225
1, 89, 160209, 144883
1, 90, 156675, 146172
1, 91, 153414, 145579
1, 92, 160981, 146527
1, 93, 159737, 147116
1, 94, 158543, 144312
1, 95, 162912, 146136
1, 96, 160184, 145568
1, 97, 156103, 146117
1, 98, 161765, 143485
1, 99, 158971, 145126
1, 100, 164158, 144235
1, 101, 153198, 142861
1, 102, 159443, 144481
1, 103, 160087, 143742
1, 104, 161383, 143414
1, 105, 160052, 144218
1, 106, 159977, 144857
1, 107, 157955, 142891
1, 108, 159629, 146882
1, 109, 160069, 145915
1, 110, 157650, 149943
1, 111, 163497, 147307
1, 112, 159317, 145536
1, 113, 161645, 145449
1, 114, 158870, 144506
1, 115, 161325, 145163
1, 116, 154588, 142370
1, 117, 151135, 144141
1, 118, 157019, 145573
1, 119, 158942, 146657
1, 120, 156615, 145613
1, 121, 160714, 145686
1, 122, 158190, 142328
1, 123, 158875, 146100
1, 124, 161263, 145387
1, 125, 158508, 144650
1, 126, 156346, 146004
1, 127, 167778, 142429
1, 128, 153239, 143461
1, 129, 158045, 144832
1, 130, 162574, 145717
1, 131, 161975, 144848
1, 132, 160419, 145831
1, 133, 161471, 145936
1, 134, 158371, 144652
1, 135, 160966, 144899
1, 136, 159747, 145139
1, 137, 152687, 147369
1, 138, 152976, 143601
1, 139, 158811, 145440
1, 140, 160770, 144708
1, 141, 152141, 142941
1, 142, 152861, 142738
1, 143, 158137, 144559
1, 144, 161386, 144891
1, 145, 160359, 145019
1, 146, 161422, 143344
1, 147, 160936, 144055
1, 148, 163399, 146118
1, 149, 161747, 144877
1, 150, 158305, 145785
2, 1, 155834, 144861
2, 2, 153339, 141751
2, 3, 157276, 143965
2, 4, 152531, 143827
2, 5, 157864, 145697
2, 6, 159160, 144638
2, 7, 160235, 145881
2, 8, 159423, 145198
2, 9, 157476, 143283
2, 10, 156217, 146382
2, 11, 159195, 144188
2, 12, 158377, 143751
2, 13, 154686, 148371
2, 14, 154338, 146540
2, 15, 154212, 147914
2, 16, 153621, 146759
2, 17, 156061, 145640
2, 18, 158685, 144317
2, 19, 159266, 144134
2, 20, 155942, 147480
2, 21, 154857, 144271
2, 22, 154850, 152017
2, 23, 158127, 144715
2, 24, 156702, 143566
2, 25, 158510, 141980
2, 26, 158206, 146393
2, 27, 153274, 144698
2, 28, 157023, 145096
2, 29, 150803, 144282
2, 30, 154811, 145237
2, 31, 155698, 145511
2, 32, 155934, 145904
2, 33, 158471, 147748
2, 34, 156945, 144489
2, 35, 156300, 150476
2, 36, 153280, 142367
2, 37, 162661, 146205
2, 38, 160816, 145884
2, 39, 154453, 144043
2, 40, 154593, 144058
2, 41, 159073, 142164
2, 42, 160743, 146142
2, 43, 154969, 145717
2, 44, 158063, 145189
2, 45, 165626, 145391
2, 46, 157645, 143631
2, 47, 152974, 143853
2, 48, 154708, 145621
2, 49, 160469, 144439
2, 50, 162364, 145756
2, 51, 159846, 144012
2, 52, 156529, 144636
2, 53, 155658, 146927
2, 54, 156676, 144786
2, 55, 152942, 142089
2, 56, 155733, 147140
2, 57, 156294, 147520
2, 58, 150850, 145280
2, 59, 155223, 145655
2, 60, 152878, 141844
2, 61, 157738, 144064
2, 62, 152433, 143650
2, 63, 151733, 146441
2, 64, 153181, 142482
2, 65, 151135, 143403
2, 66, 155417, 146280
2, 67, 153376, 146529
2, 68, 156726, 143799
2, 69, 155883, 147389
2, 70, 158011, 144048
2, 71, 158856, 145704
2, 72, 157527, 144711
2, 73, 152606, 146134
2, 74, 153755, 147851
2, 75, 153967, 147898
2, 76, 156795, 144467
2, 77, 152501, 142162
2, 78, 156261, 146050
2, 79, 171641, 144676
2, 80, 158387, 145412
2, 81, 160552, 145322
2, 82, 159158, 144660
2, 83, 153805, 145469
2, 84, 155255, 145142
2, 85, 156366, 145191
2, 86, 155745, 145846
2, 87, 153498, 145965
2, 88, 159627, 146273
2, 89, 161028, 146691
2, 90, 157860, 143021
2, 91, 159375, 146563
2, 92, 161860, 145964
2, 93, 157329, 144866
2, 94, 155424, 145408
2, 95, 159209, 146722
2, 96, 152648, 141983
2, 97, 151033, 145033
2, 98, 156912, 144498
2, 99, 155858, 146109
2, 100, 160671, 145042
2, 101, 152373, 141693
2, 102, 153550, 143088
2, 103, 155693, 144681
2, 104, 159546, 144226
2, 105, 157291, 145222
2, 106, 154391, 145154
2, 107, 152696, 143724
2, 108, 153633, 147073
2, 109, 153412, 142887
2, 110, 158176, 144812
2, 111, 158415, 145567
2, 112, 156698, 145542
2, 113, 166571, 145090
2, 114, 152659, 142688
2, 115, 160987, 145761
2, 116, 154266, 146999
2, 117, 158858, 144881
2, 118, 158698, 145361
2, 119, 159079, 144900
2, 120, 155699, 146287
2, 121, 158682, 145211
2, 122, 152955, 148453
2, 123, 157192, 144659
2, 124, 155447, 145203
2, 125, 154372, 146497
2, 126, 159365, 144533
2, 127, 163046, 145682
2, 128, 161832, 145335
2, 129, 158889, 144243
2, 130, 157333, 145812
2, 131, 156940, 144674
2, 132, 152484, 141593
2, 133, 154499, 146052
2, 134, 157753, 143754
2, 135, 151756, 151649
2, 136, 151230, 148229
2, 137, 154390, 150309
2, 138, 152340, 145242
2, 139, 156271, 148627
2, 140, 160100, 146688
2, 141, 157955, 144588
2, 142, 153024, 143839
2, 143, 161354, 144285
2, 144, 169113, 147533
2, 145, 153066, 142472
2, 146, 160922, 149109
2, 147, 152146, 146214
2, 148, 157066, 145590
2, 149, 161518, 146177
2, 150, 160019, 145456
4, 1, 149701, 149758
4, 2, 150417, 146214
4, 3, 151502, 147429
4, 4, 149188, 145276
4, 5, 156292, 145165
4, 6, 153095, 142920
4, 7, 153272, 143185
4, 8, 155679, 145217
4, 9, 156190, 144749
4, 10, 159890, 145633
4, 11, 156489, 146272
4, 12, 159253, 144899
4, 13, 153154, 147303
4, 14, 165598, 145302
4, 15, 153251, 147143
4, 16, 154847, 146709
4, 17, 156298, 146573
4, 18, 157910, 144111
4, 19, 156986, 145598
4, 20, 152549, 142537
4, 21, 150862, 148459
4, 22, 152984, 149588
4, 23, 152408, 144010
4, 24, 151836, 148840
4, 25, 153969, 146735
4, 26, 152379, 144962
4, 27, 150958, 147356
4, 28, 156795, 144262
4, 29, 151515, 142884
4, 30, 154507, 155820
4, 31, 147651, 145766
4, 32, 159383, 146019
4, 33, 147123, 143303
4, 34, 153974, 146025
4, 35, 154546, 146228
4, 36, 154658, 149094
4, 37, 149610, 146784
4, 38, 157064, 146217
4, 39, 159555, 145385
4, 40, 158515, 143143
4, 41, 154207, 144500
4, 42, 152089, 146508
4, 43, 155472, 145377
4, 44, 154838, 147992
4, 45, 155669, 147999
4, 46, 156674, 144405
4, 47, 156674, 145741
4, 48, 152685, 145132
4, 49, 155076, 147477
4, 50, 157853, 143730
4, 51, 156409, 146293
4, 52, 155013, 145754
4, 53, 152355, 146832
4, 54, 155315, 144503
4, 55, 158951, 145121
4, 56, 157030, 145460
4, 57, 159061, 147941
4, 58, 155586, 146119
4, 59, 156203, 144737
4, 60, 151872, 146957
4, 61, 152900, 143073
4, 62, 157841, 146384
4, 63, 155625, 146030
4, 64, 160657, 145309
4, 65, 145958, 142785
4, 66, 158256, 142525
4, 67, 157338, 142503
4, 68, 157522, 145244
4, 69, 150860, 145729
4, 70, 154871, 147721
4, 71, 156212, 144962
4, 72, 159382, 144041
4, 73, 155918, 147045
4, 74, 153812, 144572
4, 75, 157982, 144675
4, 76, 159649, 144165
4, 77, 156960, 145351
4, 78, 155242, 148791
4, 79, 156048, 148106
4, 80, 155507, 148351
4, 81, 149450, 143599
4, 82, 153522, 143234
4, 83, 153142, 142720
4, 84, 150187, 145037
4, 85, 149232, 146277
4, 86, 156499, 145046
4, 87, 155324, 146773
4, 88, 154027, 145624
4, 89, 151848, 147940
4, 90, 149377, 141816
4, 91, 149091, 145282
4, 92, 159644, 147274
4, 93, 160413, 143919
4, 94, 160308, 146252
4, 95, 154621, 147888
4, 96, 152679, 146176
4, 97, 151705, 145052
4, 98, 154236, 144938
4, 99, 152121, 146877
4, 100, 155680, 147891
4, 101, 152641, 143808
4, 102, 159696, 145408
4, 103, 154904, 145482
4, 104, 151076, 147089
4, 105, 155634, 147334
4, 106, 155286, 148871
4, 107, 158864, 143158
4, 108, 152487, 142909
4, 109, 151490, 147355
4, 110, 155767, 144784
4, 111, 155237, 146424
4, 112, 154379, 145555
4, 113, 151792, 146262
4, 114, 152818, 143021
4, 115, 156751, 144454
4, 116, 159074, 144205
4, 117, 159533, 145228
4, 118, 156075, 149125
4, 119, 152605, 143419
4, 120, 153494, 145503
4, 121, 155587, 146372
4, 122, 150411, 145501
4, 123, 150974, 148406
4, 124, 153809, 145150
4, 125, 149913, 145560
4, 126, 151537, 146315
4, 127, 151448, 145789
4, 128, 151553, 146929
4, 129, 153920, 146229
4, 130, 155062, 148655
4, 131, 155855, 147791
4, 132, 152554, 147465
4, 133, 153112, 146985
4, 134, 151552, 144783
4, 135, 146610, 150955
4, 136, 150438, 144939
4, 137, 151531, 147238
4, 138, 153586, 146338
4, 139, 153323, 142748
4, 140, 158368, 145748
4, 141, 152200, 147316
4, 142, 150484, 145410
4, 143, 158222, 145500
4, 144, 164018, 147980
4, 145, 157048, 145461
4, 146, 149127, 145182
4, 147, 153375, 141824
4, 148, 154041, 148926
4, 149, 151640, 148420
4, 150, 152129, 148184
8, 1, 152476, 147630
8, 2, 152973, 146911
8, 3, 154176, 149053
8, 4, 154799, 145688
8, 5, 151240, 145404
8, 6, 152206, 145845
8, 7, 152305, 148579
8, 8, 154784, 148906
8, 9, 153375, 147086
8, 10, 153834, 146337
8, 11, 152018, 145760
8, 12, 152231, 143764
8, 13, 156037, 146777
8, 14, 152113, 146884
8, 15, 153059, 145353
8, 16, 150019, 144908
8, 17, 165003, 145849
8, 18, 155757, 147550
8, 19, 154063, 146724
8, 20, 152085, 150925
8, 21, 153248, 146914
8, 22, 154352, 148921
8, 23, 150493, 146257
8, 24, 147978, 150563
8, 25, 149820, 144884
8, 26, 151901, 146619
8, 27, 152723, 147245
8, 28, 150155, 148961
8, 29, 156072, 148106
8, 30, 154212, 146350
8, 31, 150489, 145632
8, 32, 153967, 148966
8, 33, 153629, 146900
8, 34, 153341, 145259
8, 35, 155639, 146005
8, 36, 153212, 142206
8, 37, 152718, 141554
8, 38, 153089, 148286
8, 39, 153029, 147220
8, 40, 152892, 147250
8, 41, 151526, 150825
8, 42, 152337, 148544
8, 43, 153862, 146906
8, 44, 150322, 145499
8, 45, 155889, 144781
8, 46, 151073, 147643
8, 47, 152453, 146199
8, 48, 151922, 148865
8, 49, 152951, 147414
8, 50, 154122, 146525
8, 51, 153372, 145910
8, 52, 155378, 145302
8, 53, 151044, 145673
8, 54, 154582, 146177
8, 55, 152532, 145555
8, 56, 152415, 147665
8, 57, 150259, 146572
8, 58, 155488, 146933
8, 59, 147429, 150908
8, 60, 152576, 146309
8, 61, 152466, 141831
8, 62, 150709, 143558
8, 63, 155119, 144391
8, 64, 155448, 147025
8, 65, 149565, 145674
8, 66, 151951, 148224
8, 67, 154460, 149594
8, 68, 149031, 144561
8, 69, 149878, 148488
8, 70, 149443, 145183
8, 71, 161363, 143830
8, 72, 155516, 154032
8, 73, 158564, 144951
8, 74, 156160, 145559
8, 75, 148627, 150937
8, 76, 152745, 148280
8, 77, 153342, 147388
8, 78, 152532, 145395
8, 79, 153046, 144884
8, 80, 147984, 143443
8, 81, 160773, 146205
8, 82, 153501, 147429
8, 83, 153975, 146242
8, 84, 159473, 142267
8, 85, 152121, 156099
8, 86, 152207, 148984
8, 87, 154570, 148479
8, 88, 151568, 142631
8, 89, 151732, 147076
8, 90, 149628, 146192
8, 91, 149378, 145312
8, 92, 150379, 145833
8, 93, 149172, 145016
8, 94, 147305, 142624
8, 95, 154393, 145426
8, 96, 150909, 146308
8, 97, 149028, 145338
8, 98, 152866, 148174
8, 99, 152927, 145821
8, 100, 151479, 146140
8, 101, 155775, 147652
8, 102, 149567, 146186
8, 103, 157254, 146437
8, 104, 154928, 148943
8, 105, 155627, 148492
8, 106, 154260, 146394
8, 107, 152677, 147211
8, 108, 155277, 148081
8, 109, 155583, 148445
8, 110, 151028, 144723
8, 111, 154697, 143933
8, 112, 148501, 145974
8, 113, 150053, 144878
8, 114, 154459, 146864
8, 115, 150493, 148000
8, 116, 152584, 144607
8, 117, 151563, 147263
8, 118, 152693, 147252
8, 119, 152603, 146002
8, 120, 146521, 145354
8, 121, 153343, 141650
8, 122, 154297, 147830
8, 123, 152420, 147573
8, 124, 152406, 147587
8, 125, 149183, 145234
8, 126, 153522, 145227
8, 127, 154783, 144535
8, 128, 156781, 147194
8, 129, 149926, 148772
8, 130, 154298, 146332
8, 131, 153057, 142309
8, 132, 156019, 148134
8, 133, 155579, 148278
8, 134, 153857, 147024
8, 135, 150863, 148280
8, 136, 154193, 146215
8, 137, 156480, 147157
8, 138, 149317, 145370
8, 139, 158404, 144876
8, 140, 152035, 145863
8, 141, 146526, 141890
8, 142, 155395, 148984
8, 143, 149882, 145051
8, 144, 153118, 141640
8, 145, 153188, 147776
8, 146, 150302, 145998
8, 147, 156063, 144970
8, 148, 158791, 141908
8, 149, 151314, 145088
8, 150, 155323, 143375
16, 1, 152638, 146098
16, 2, 152443, 147287
16, 3, 155222, 145136
16, 4, 180288, 145639
16, 5, 152858, 142535
16, 6, 152878, 148658
16, 7, 153146, 145554
16, 8, 153642, 147809
16, 9, 151735, 148096
16, 10, 154041, 146473
16, 11, 153563, 146601
16, 12, 152021, 147375
16, 13, 157440, 145311
16, 14, 150777, 147205
16, 15, 147271, 151191
16, 16, 152853, 144916
16, 17, 151832, 146414
16, 18, 159795, 154897
16, 19, 152483, 150286
16, 20, 156460, 145116
16, 21, 156189, 148680
16, 22, 156735, 144609
16, 23, 154162, 146431
16, 24, 151881, 147545
16, 25, 154710, 151271
16, 26, 154199, 147846
16, 27, 155213, 148296
16, 28, 149034, 145096
16, 29, 162175, 150083
16, 30, 165925, 158269
16, 31, 160368, 271723
16, 32, 149910, 149848
16, 33, 155879, 146976
16, 34, 150413, 151486
16, 35, 151300, 147796
16, 36, 152975, 145316
16, 37, 149699, 144228
16, 38, 159338, 143012
16, 39, 151727, 166520
16, 40, 159249, 142449
16, 41, 152691, 144235
16, 42, 160229, 146877
16, 43, 152246, 145687
16, 44, 151548, 150504
16, 45, 160365, 144472
16, 46, 151583, 142114
16, 47, 148032, 143358
16, 48, 152516, 142616
16, 49, 152751, 146325
16, 50, 154666, 148505
16, 51, 153875, 146750
16, 52, 153994, 146072
16, 53, 154374, 148706
16, 54, 149634, 145789
16, 55, 152967, 144617
16, 56, 155240, 145400
16, 57, 155227, 146412
16, 58, 151925, 148499
16, 59, 151685, 150206
16, 60, 149819, 146060
16, 61, 151504, 145337
16, 62, 153590, 144663
16, 63, 151341, 142711
16, 64, 152297, 147594
16, 65, 149983, 144601
16, 66, 151951, 147312
16, 67, 148424, 142996
16, 68, 151484, 147989
16, 69, 148688, 145429
16, 70, 151535, 144067
16, 71, 151380, 145122
16, 72, 149690, 147891
16, 73, 149225, 147589
16, 74, 151790, 144905
16, 75, 152706, 143345
16, 76, 153454, 144117
16, 77, 150804, 146697
16, 78, 156517, 146816
16, 79, 154778, 144528
16, 80, 152832, 145087
16, 81, 151619, 145346
16, 82, 150770, 146765
16, 83, 154315, 146564
16, 84, 151844, 149136
16, 85, 154357, 147596
16, 86, 179532, 146263
16, 87, 148685, 148604
16, 88, 147769, 146519
16, 89, 156097, 145055
16, 90, 151696, 146803
16, 91, 152408, 143507
16, 92, 152332, 146148
16, 93, 154542, 148399
16, 94, 151130, 143826
16, 95, 151658, 145595
16, 96, 157722, 144885
16, 97, 154528, 143782
16, 98, 145665, 144049
16, 99, 152393, 143920
16, 100, 153327, 145374
16, 101, 151504, 145257
16, 102, 153049, 147166
16, 103, 149479, 144786
16, 104, 153287, 148604
16, 105, 157035, 155971
16, 106, 149562, 154061
16, 107, 147283, 148796
16, 108, 154564, 152923
16, 109, 159288, 152365
16, 110, 159124, 143891
16, 111, 153964, 145334
16, 112, 150222, 150539
16, 113, 152060, 159298
16, 114, 151154, 146254
16, 115, 177448, 146344
16, 116, 151185, 147807
16, 117, 153295, 146562
16, 118, 153508, 144080
16, 119, 154632, 147726
16, 120, 155324, 148371
16, 121, 154206, 148298
16, 122, 149465, 143792
16, 123, 152340, 148492
16, 124, 147407, 143541
16, 125, 153025, 143858
16, 126, 152737, 146381
16, 127, 151986, 142471
16, 128, 151566, 147630
16, 129, 154129, 148732
16, 130, 155835, 147219
16, 131, 150678, 163266
16, 132, 160461, 152991
16, 133, 147272, 145078
16, 134, 154354, 144665
16, 135, 156759, 144770
16, 136, 152914, 146194
16, 137, 152466, 143229
16, 138, 170445, 157138
16, 139, 156661, 147660
16, 140, 149689, 147628
16, 141, 154028, 147334
16, 142, 155965, 143413
16, 143, 149838, 153475
16, 144, 154828, 145480
16, 145, 154894, 150187
16, 146, 154402, 144585
16, 147, 154890, 148227
16, 148, 152865, 146541
16, 149, 151847, 145861
16, 150, 146742, 142122
32, 1, 149159, 145780
32, 2, 152863, 148395
32, 3, 151788, 148216
32, 4, 149771, 144505
32, 5, 151011, 145306
32, 6, 153823, 147549
32, 7, 152985, 147065
32, 8, 149781, 145651
32, 9, 152272, 147896
32, 10, 153379, 148245
32, 11, 152247, 146494
32, 12, 152484, 144312
32, 13, 155726, 147699
32, 14, 152198, 145445
32, 15, 153321, 145113
32, 16, 152212, 147718
32, 17, 152737, 146482
32, 18, 152481, 147355
32, 19, 151501, 148097
32, 20, 153040, 147194
32, 21, 152234, 144731
32, 22, 152249, 144441
32, 23, 155007, 148459
32, 24, 149078, 145969
32, 25, 150895, 148251
32, 26, 151889, 150242
32, 27, 163679, 152047
32, 28, 150047, 153512
32, 29, 156664, 144160
32, 30, 150942, 153526
32, 31, 150813, 144446
32, 32, 151725, 146306
32, 33, 150696, 148874
32, 34, 152053, 142684
32, 35, 150744, 147159
32, 36, 157656, 146325
32, 37, 156923, 144029
32, 38, 152521, 145868
32, 39, 152304, 147343
32, 40, 149151, 153831
32, 41, 155036, 146615
32, 42, 147118, 145732
32, 43, 152796, 142749
32, 44, 153589, 150203
32, 45, 151697, 146048
32, 46, 151869, 143263
32, 47, 148304, 150788
32, 48, 147770, 148840
32, 49, 153712, 145271
32, 50, 151180, 145349
32, 51, 150186, 147847
32, 52, 147379, 142701
32, 53, 147577, 146042
32, 54, 155467, 145936
32, 55, 151912, 145162
32, 56, 151268, 148893
32, 57, 154302, 147608
32, 58, 149222, 144264
32, 59, 154500, 149173
32, 60, 147928, 147047
32, 61, 153422, 147310
32, 62, 148803, 146279
32, 63, 151768, 147298
32, 64, 155293, 149276
32, 65, 154295, 147732
32, 66, 150729, 145956
32, 67, 151293, 148677
32, 68, 153348, 149516
32, 69, 156632, 149943
32, 70, 150414, 152308
32, 71, 153068, 144942
32, 72, 149207, 142681
32, 73, 152301, 147494
32, 74, 146546, 143483
32, 75, 152118, 145497
32, 76, 156892, 143177
32, 77, 155518, 145902
32, 78, 155135, 143679
32, 79, 146316, 141555
32, 80, 153338, 153508
32, 81, 154871, 149230
32, 82, 151409, 144211
32, 83, 154016, 144371
32, 84, 155108, 143598
32, 85, 146367, 142832
32, 86, 151339, 146047
32, 87, 153296, 151879
32, 88, 152377, 143643
32, 89, 153897, 145083
32, 90, 150371, 146142
32, 91, 151401, 144404
32, 92, 147874, 147866
32, 93, 153040, 148732
32, 94, 152104, 149860
32, 95, 154062, 146817
32, 96, 152217, 148081
32, 97, 148806, 147521
32, 98, 151061, 145726
32, 99, 150946, 146269
32, 100, 154239, 144894
32, 101, 149768, 145832
32, 102, 150309, 149074
32, 103, 150210, 145101
32, 104, 155030, 148065
32, 105, 170921, 142687
32, 106, 146630, 142150
32, 107, 150889, 147347
32, 108, 158692, 143019
32, 109, 153919, 146088
32, 110, 153980, 147531
32, 111, 152274, 147429
32, 112, 154308, 146518
32, 113, 151498, 149786
32, 114, 152839, 146505
32, 115, 153029, 149469
32, 116, 151743, 146070
32, 117, 154348, 146572
32, 118, 152609, 148299
32, 119, 151548, 145121
32, 120, 153092, 147292
32, 121, 153394, 149038
32, 122, 154368, 153029
32, 123, 152170, 147364
32, 124, 152059, 147129
32, 125, 154221, 147776
32, 126, 153783, 155063
32, 127, 150837, 145772
32, 128, 151972, 147658
32, 129, 153257, 146249
32, 130, 153840, 155701
32, 131, 150172, 145887
32, 132, 155025, 146462
32, 133, 151077, 146042
32, 134, 154026, 146855
32, 135, 152777, 147924
32, 136, 155399, 149956
32, 137, 151093, 147591
32, 138, 155702, 142553
32, 139, 148960, 145523
32, 140, 152387, 143308
32, 141, 155171, 146142
32, 142, 155438, 145437
32, 143, 154564, 145827
32, 144, 152257, 144843
32, 145, 151575, 146050
32, 146, 154643, 146629
32, 147, 160128, 142281
32, 148, 151350, 146169
32, 149, 152033, 145914
32, 150, 151933, 146030
64, 1, 152465, 147312
64, 2, 149278, 146757
64, 3, 151722, 145790
64, 4, 152312, 146558
64, 5, 154294, 153749
64, 6, 158065, 143597
64, 7, 154968, 145737
64, 8, 151013, 152914
64, 9, 153362, 145491
64, 10, 153421, 153427
64, 11, 151574, 145333
64, 12, 155378, 147088
64, 13, 154479, 148118
64, 14, 153951, 145460
64, 15, 153896, 147646
64, 16, 149616, 146913
64, 17, 152025, 147140
64, 18, 154786, 146103
64, 19, 151810, 147314
64, 20, 147778, 143678
64, 21, 147627, 144138
64, 22, 153966, 157289
64, 23, 152600, 148949
64, 24, 151551, 146018
64, 25, 153014, 149012
64, 26, 149553, 142147
64, 27, 151884, 155280
64, 28, 148351, 147027
64, 29, 152619, 144604
64, 30, 154177, 146609
64, 31, 149715, 145616
64, 32, 149472, 148018
64, 33, 152778, 142649
64, 34, 147348, 149480
64, 35, 157499, 148768
64, 36, 155507, 147886
64, 37, 158161, 145059
64, 38, 152476, 147755
64, 39, 147540, 148219
64, 40, 158145, 149820
64, 41, 154316, 146578
64, 42, 151697, 147229
64, 43, 151550, 146404
64, 44, 150496, 148434
64, 45, 155228, 148302
64, 46, 150814, 144493
64, 47, 154824, 144714
64, 48, 156204, 145983
64, 49, 153317, 145871
64, 50, 154904, 146885
64, 51, 151921, 149203
64, 52, 144768, 145274
64, 53, 151814, 150087
64, 54, 151501, 149936
64, 55, 150583, 145914
64, 56, 148126, 152333
64, 57, 153778, 147778
64, 58, 151263, 143624
64, 59, 152094, 147549
64, 60, 149768, 147319
64, 61, 153169, 150383
64, 62, 151158, 146249
64, 63, 152650, 145083
64, 64, 148794, 149700
64, 65, 154659, 147411
64, 66, 153215, 144847
64, 67, 146613, 143768
64, 68, 152436, 146127
64, 69, 154801, 145969
64, 70, 145456, 147608
64, 71, 153049, 145999
64, 72, 151871, 146023
64, 73, 150980, 147105
64, 74, 159547, 144758
64, 75, 152247, 145487
64, 76, 159999, 145886
64, 77, 173565, 157147
64, 78, 153104, 157712
64, 79, 152058, 145594
64, 80, 154414, 148166
64, 81, 154040, 146296
64, 82, 153125, 146666
64, 83, 150362, 145382
64, 84, 152542, 146664
64, 85, 149466, 143200
64, 86, 153580, 144344
64, 87, 152529, 142844
64, 88, 151034, 143937
64, 89, 154027, 146952
64, 90, 155388, 149606
64, 91, 151325, 147535
64, 92, 153264, 157003
64, 93, 176793, 144185
64, 94, 151533, 147035
64, 95, 153974, 146910
64, 96, 152590, 145535
64, 97, 152619, 143528
64, 98, 154969, 147221
64, 99, 152439, 148312
64, 100, 154788, 145737
64, 101, 152138, 147329
64, 102, 150069, 148063
64, 103, 150314, 147039
64, 104, 151459, 145862
64, 105, 155167, 146305
64, 106, 152565, 150366
64, 107, 153365, 145536
64, 108, 150008, 149408
64, 109, 149049, 168659
64, 110, 171904, 144547
64, 111, 151148, 151255
64, 112, 151998, 155123
64, 113, 152579, 149066
64, 114, 152696, 144029
64, 115, 151784, 147570
64, 116, 153161, 144572
64, 117, 153779, 148659
64, 118, 152608, 145397
64, 119, 152890, 148902
64, 120, 154277, 145403
64, 121, 151935, 147090
64, 122, 155606, 145794
64, 123, 164154, 150664
64, 124, 154579, 146095
64, 125, 150520, 146816
64, 126, 154776, 153567
64, 127, 160014, 144873
64, 128, 160730, 146940
64, 129, 154551, 145916
64, 130, 164354, 145272
64, 131, 147677, 142159
64, 132, 153595, 148951
64, 133, 152848, 153868
64, 134, 165558, 148923
64, 135, 152572, 142711
64, 136, 152394, 145932
64, 137, 147991, 146966
64, 138, 159721, 142878
64, 139, 149963, 155941
64, 140, 151560, 144163
64, 141, 147012, 143601
64, 142, 151745, 148382
64, 143, 154180, 143712
64, 144, 151120, 144828
64, 145, 154733, 148339
64, 146, 157027, 145634
64, 147, 153315, 149490
64, 148, 153295, 145719
64, 149, 154824, 146297
64, 150, 187488, 152518
128, 1, 149848, 149708
128, 2, 147656, 151039
128, 3, 152943, 148713
128, 4, 154523, 146533
128, 5, 152169, 147587
128, 6, 153696, 149867
128, 7, 153214, 152172
128, 8, 157011, 145410
128, 9, 149527, 145840
128, 10, 152991, 142355
128, 11, 148018, 145004
128, 12, 163666, 155211
128, 13, 155338, 146438
128, 14, 149637, 142920
128, 15, 152683, 146009
128, 16, 150924, 147259
128, 17, 150361, 148230
128, 18, 150522, 148350
128, 19, 150129, 147457
128, 20, 151323, 143608
128, 21, 160244, 142556
128, 22, 153780, 146568
128, 23, 160110, 146706
128, 24, 150388, 151525
128, 25, 152337, 146924
128, 26, 155400, 142561
128, 27, 151938, 146444
128, 28, 149428, 145810
128, 29, 154402, 145511
128, 30, 145980, 151567
128, 31, 159664, 146579
128, 32, 152570, 153575
128, 33, 154206, 145139
128, 34, 156483, 149515
128, 35, 149331, 147106
128, 36, 163011, 144457
128, 37, 158672, 147905
128, 38, 157858, 148457
128, 39, 149030, 148998
128, 40, 148195, 149026
128, 41, 160567, 147307
128, 42, 152259, 146091
128, 43, 156414, 147665
128, 44, 148004, 144377
128, 45, 148651, 148391
128, 46, 167145, 147902
128, 47, 150096, 147097
128, 48, 154569, 148224
128, 49, 151894, 153165
128, 50, 156210, 147788
128, 51, 157922, 148872
128, 52, 154075, 143776
128, 53, 151405, 144732
128, 54, 155679, 148034
128, 55, 145018, 148673
128, 56, 153562, 154534
128, 57, 156066, 144214
128, 58, 177576, 147075
128, 59, 158366, 144426
128, 60, 152869, 146917
128, 61, 150749, 146109
128, 62, 154312, 146319
128, 63, 153377, 146057
128, 64, 146473, 163670
128, 65, 150896, 144584
128, 66, 152652, 145797
128, 67, 157641, 150187
128, 68, 154558, 145225
128, 69, 147407, 149911
128, 70, 150870, 146274
128, 71, 164662, 144986
128, 72, 150565, 144665
128, 73, 148090, 150853
128, 74, 153148, 145578
128, 75, 151244, 151484
128, 76, 150336, 150470
128, 77, 163279, 153263
128, 78, 152135, 150651
128, 79, 164668, 150204
128, 80, 157796, 146557
128, 81, 150738, 146741
128, 82, 151468, 149143
128, 83, 156061, 150558
128, 84, 154344, 149228
128, 85, 153190, 146458
128, 86, 154551, 150008
128, 87, 155864, 145735
128, 88, 159191, 151279
128, 89, 151792, 148767
128, 90, 154148, 143373
128, 91, 148553, 152506
128, 92, 155498, 147660
128, 93, 160007, 141705
128, 94, 154573, 155576
128, 95, 152718, 149402
128, 96, 157393, 146866
128, 97, 152907, 148388
128, 98, 160059, 144511
128, 99, 153948, 149684
128, 100, 151200, 146692
128, 101, 165938, 148605
128, 102, 155987, 144687
128, 103, 157933, 148516
128, 104, 150738, 149989
128, 105, 152521, 151772
128, 106, 163101, 148451
128, 107, 159527, 148901
128, 108, 158712, 149207
128, 109, 148057, 146150
128, 110, 153985, 144925
128, 111, 153724, 147128
128, 112, 153468, 146609
128, 113, 149852, 144967
128, 114, 151093, 147939
128, 115, 156312, 147507
128, 116, 159463, 148932
128, 117, 148828, 148461
128, 118, 151891, 151302
128, 119, 158203, 145605
128, 120, 154467, 145600
128, 121, 148031, 146140
128, 122, 152890, 148878
128, 123, 158165, 146796
128, 124, 152493, 147406
128, 125, 149409, 143895
128, 126, 151941, 146252
128, 127, 152662, 143602
128, 128, 158214, 144620
128, 129, 157945, 150553
128, 130, 151360, 148186
128, 131, 154021, 146602
128, 132, 159743, 143659
128, 133, 155296, 142989
128, 134, 150693, 149294
128, 135, 152056, 147261
128, 136, 152456, 146165
128, 137, 161515, 146435
128, 138, 152702, 145020
128, 139, 152738, 145844
128, 140, 146268, 146268
128, 141, 153554, 145850
128, 142, 155991, 143356
128, 143, 149280, 147085
128, 144, 158082, 145960
128, 145, 149013, 145897
128, 146, 153706, 142637
128, 147, 154742, 147437
128, 148, 151829, 146832
128, 149, 159613, 143728
128, 150, 148687, 153311
256, 1, 153965, 145498
256, 2, 154947, 149435
256, 3, 158081, 144577
256, 4, 154088, 146934
256, 5, 149703, 145210
256, 6, 159163, 144730
256, 7, 156053, 146330
256, 8, 155993, 146671
256, 9, 151428, 143727
256, 10, 152670, 151296
256, 11, 155979, 141918
256, 12, 154404, 146011
256, 13, 149046, 143070
256, 14, 154228, 150061
256, 15, 153190, 148948
256, 16, 148587, 144876
256, 17, 153465, 148059
256, 18, 155062, 143399
256, 19, 157220, 144727
256, 20, 156210, 146270
256, 21, 148616, 148166
256, 22, 168267, 144980
256, 23, 163860, 145891
256, 24, 155527, 148403
256, 25, 172383, 143375
256, 26, 150842, 143693
256, 27, 150199, 144996
256, 28, 160022, 146913
256, 29, 152120, 148562
256, 30, 155806, 147173
256, 31, 160592, 146609
256, 32, 147395, 147225
256, 33, 152685, 144642
256, 34, 154949, 150852
256, 35, 162437, 150213
256, 36, 156898, 174626
256, 37, 176795, 149128
256, 38, 154943, 147975
256, 39, 151960, 158835
256, 40, 163299, 148223
256, 41, 160512, 146963
256, 42, 155287, 146634
256, 43, 150441, 163960
256, 44, 150959, 152377
256, 45, 159348, 151632
256, 46, 154744, 148172
256, 47, 155259, 146206
256, 48, 154840, 145713
256, 49, 153675, 146672
256, 50, 169780, 144848
256, 51, 163016, 148975
256, 52, 163234, 147691
256, 53, 151437, 142656
256, 54, 154569, 144360
256, 55, 155190, 143405
256, 56, 249212, 156401
256, 57, 163860, 148176
256, 58, 159960, 144832
256, 59, 152738, 142842
256, 60, 151272, 145967
256, 61, 156360, 144807
256, 62, 163510, 153206
256, 63, 157606, 148131
256, 64, 153826, 146380
256, 65, 172597, 146788
256, 66, 150477, 145618
256, 67, 172004, 142946
256, 68, 167734, 142925
256, 69, 170859, 148883
256, 70, 156606, 149881
256, 71, 158758, 152595
256, 72, 157137, 144876
256, 73, 167715, 146240
256, 74, 153453, 149360
256, 75, 162994, 149315
256, 76, 156329, 144783
256, 77, 170739, 147204
256, 78, 160269, 147105
256, 79, 163320, 147673
256, 80, 158233, 148774
256, 81, 167567, 149470
256, 82, 147983, 144119
256, 83, 176891, 148057
256, 84, 167337, 149986
256, 85, 156560, 150171
256, 86, 153958, 151103
256, 87, 156692, 144691
256, 88, 148065, 148124
256, 89, 170595, 146304
256, 90, 156927, 145732
256, 91, 174720, 146016
256, 92, 172407, 156933
256, 93, 163423, 146858
256, 94, 161269, 145722
256, 95, 166313, 147571
256, 96, 156727, 147889
256, 97, 168233, 148274
256, 98, 154305, 142638
256, 99, 178329, 142447
256, 100, 172112, 148961
256, 101, 150024, 147625
256, 102, 154260, 143835
256, 103, 160920, 146192
256, 104, 162741, 148968
256, 105, 159148, 149497
256, 106, 178513, 145524
256, 107, 177631, 153388
256, 108, 150664, 150387
256, 109, 166190, 144518
256, 110, 155629, 148456
256, 111, 165690, 146771
256, 112, 161208, 145868
256, 113, 153263, 156327
256, 114, 158787, 146153
256, 115, 178917, 149997
256, 116, 152888, 146484
256, 117, 167052, 146544
256, 118, 150285, 143117
256, 119, 160873, 145655
256, 120, 149340, 144522
256, 121, 163083, 146831
256, 122, 154981, 147950
256, 123, 163990, 147737
256, 124, 153030, 144084
256, 125, 158674, 145788
256, 126, 159996, 146137
256, 127, 153083, 148876
256, 128, 158021, 144909
256, 129, 159448, 147350
256, 130, 171679, 146740
256, 131, 164126, 147420
256, 132, 164976, 149122
256, 133, 157787, 146026
256, 134, 167908, 144912
256, 135, 156282, 149301
256, 136, 156005, 147247
256, 137, 197449, 150306
256, 138, 152414, 147644
256, 139, 157213, 146178
256, 140, 152031, 144018
256, 141, 150765, 142866
256, 142, 155635, 143784
256, 143, 154205, 153213
256, 144, 150508, 145309
256, 145, 153825, 145655
256, 146, 151002, 146147
256, 147, 163631, 145086
256, 148, 157208, 146003
256, 149, 159565, 144999
256, 150, 153992, 146870
512, 1, 157217, 146769
512, 2, 159964, 147348
512, 3, 183095, 144356
512, 4, 155330, 142368
512, 5, 156462, 145053
512, 6, 158667, 143772
512, 7, 156597, 142479
512, 8, 163193, 146129
512, 9, 159353, 146313
512, 10, 162456, 144829
512, 11, 162752, 141929
512, 12, 156925, 144657
512, 13, 172481, 142396
512, 14, 159070, 148461
512, 15, 159326, 142160
512, 16, 149910, 144605
512, 17, 156449, 146324
512, 18, 162806, 142172
512, 19, 154915, 145487
512, 20, 156181, 144614
512, 21, 157417, 145554
512, 22, 161566, 145923
512, 23, 158192, 144568
512, 24, 157382, 144333
512, 25, 160444, 145004
512, 26, 165947, 144995
512, 27, 152557, 145276
512, 28, 158709, 144988
512, 29, 163340, 143432
512, 30, 169958, 145760
512, 31, 159410, 144068
512, 32, 164589, 148254
512, 33, 190258, 151578
512, 34, 155027, 144405
512, 35, 155285, 144428
512, 36, 158391, 143914
512, 37, 160381, 155349
512, 38, 157033, 145592
512, 39, 160448, 145104
512, 40, 164855, 144705
512, 41, 162078, 141962
512, 42, 157031, 146275
512, 43, 161589, 144275
512, 44, 161495, 143966
512, 45, 166270, 155417
512, 46, 164155, 145298
512, 47, 155916, 146056
512, 48, 159792, 145772
512, 49, 158647, 146319
512, 50, 153992, 143007
512, 51, 158404, 141887
512, 52, 156422, 144716
512, 53, 156255, 142463
512, 54, 155882, 144725
512, 55, 155972, 146509
512, 56, 158646, 142977
512, 57, 163515, 145939
512, 58, 165812, 146390
512, 59, 164660, 143816
512, 60, 155255, 144773
512, 61, 153776, 146964
512, 62, 159441, 146202
512, 63, 154120, 142326
512, 64, 158507, 148275
512, 65, 157535, 143919
512, 66, 171989, 149351
512, 67, 165395, 146379
512, 68, 157720, 143459
512, 69, 155482, 147146
512, 70, 162353, 144474
512, 71, 168964, 144777
512, 72, 162513, 142620
512, 73, 155681, 149241
512, 74, 206754, 142859
512, 75, 164437, 149040
512, 76, 155519, 142861
512, 77, 163141, 142775
512, 78, 160684, 143813
512, 79, 162643, 145954
512, 80, 161244, 145460
512, 81, 201481, 148010
512, 82, 161315, 143460
512, 83, 159295, 145424
512, 84, 352484, 146444
512, 85, 157728, 146385
512, 86, 163830, 147563
512, 87, 157476, 142891
512, 88, 160962, 141864
512, 89, 159633, 142474
512, 90, 165079, 142734
512, 91, 159746, 141909
512, 92, 157869, 144953
512, 93, 155015, 144491
512, 94, 160677, 145221
512, 95, 157831, 142556
512, 96, 154569, 145010
512, 97, 155944, 146483
512, 98, 156351, 145871
512, 99, 162065, 143908
512, 100, 159012, 142760
512, 101, 156826, 145905
512, 102, 163486, 142418
512, 103, 159331, 142428
512, 104, 160672, 144794
512, 105, 160521, 142819
512, 106, 158726, 144718
512, 107, 156366, 145798
512, 108, 162766, 141833
512, 109, 164157, 145012
512, 110, 162211, 143300
512, 111, 159874, 141853
512, 112, 158490, 144106
512, 113, 172193, 143988
512, 114, 158798, 142876
512, 115, 157519, 143901
512, 116, 155039, 142805
512, 117, 162529, 142545
512, 118, 161265, 142802
512, 119, 158834, 144831
512, 120, 171249, 145497
512, 121, 157431, 144565
512, 122, 161785, 141885
512, 123, 163163, 143597
512, 124, 160737, 141847
512, 125, 157353, 142459
512, 126, 161122, 141889
512, 127, 161369, 141833
512, 128, 161712, 142479
512, 129, 162898, 144008
512, 130, 163448, 142489
512, 131, 161151, 141831
512, 132, 161833, 142655
512, 133, 154174, 141709
512, 134, 155125, 142753
512, 135, 164253, 143960
512, 136, 154891, 144400
512, 137, 158813, 144734
512, 138, 157101, 141825
512, 139, 162490, 144465
512, 140, 159780, 145702
512, 141, 155260, 142757
512, 142, 159379, 141924
512, 143, 156716, 145370
512, 144, 166929, 141832
512, 145, 149667, 142122
512, 146, 164690, 143792
512, 147, 155069, 142581
512, 148, 160683, 141852
512, 149, 154530, 142729
512, 150, 162239, 143398
