nroThreads, iteracion, tiempoParal, tiempoSecu
1, 1, 288520, 282781
1, 2, 298102, 270195
1, 3, 286927, 280453
1, 4, 281443, 270801
1, 5, 290326, 273887
1, 6, 282620, 265724
1, 7, 286562, 273599
1, 8, 292013, 267958
1, 9, 292795, 268579
1, 10, 285257, 270649
1, 11, 282267, 272644
1, 12, 291066, 299699
1, 13, 312015, 272750
1, 14, 285930, 267268
1, 15, 280149, 266042
1, 16, 288074, 266365
1, 17, 290548, 267627
1, 18, 285393, 264071
1, 19, 285499, 267965
1, 20, 276988, 272306
1, 21, 289263, 269620
1, 22, 284396, 270154
1, 23, 283326, 266368
1, 24, 285122, 274981
1, 25, 276626, 276614
1, 26, 276420, 267740
1, 27, 281769, 265707
1, 28, 288657, 270859
1, 29, 288211, 269324
1, 30, 281925, 266470
1, 31, 277200, 269147
1, 32, 287141, 266510
1, 33, 295089, 269587
1, 34, 281744, 266597
1, 35, 290779, 267355
1, 36, 284087, 265469
1, 37, 289043, 278633
1, 38, 288488, 272873
1, 39, 285272, 286341
1, 40, 278626, 266371
1, 41, 279972, 265086
1, 42, 290192, 264119
1, 43, 274801, 265595
1, 44, 290685, 265743
1, 45, 294591, 271594
1, 46, 287030, 270510
1, 47, 282030, 263742
1, 48, 286336, 261049
1, 49, 290335, 265658
1, 50, 286927, 262399
1, 51, 281932, 267360
1, 52, 277481, 265272
1, 53, 279134, 266721
1, 54, 281825, 270306
1, 55, 283059, 267749
1, 56, 284400, 267578
1, 57, 278936, 272847
1, 58, 321339, 270588
1, 59, 283697, 297495
1, 60, 278477, 268581
1, 61, 282494, 273792
1, 62, 283980, 266434
1, 63, 283702, 266240
1, 64, 281456, 265930
1, 65, 286232, 266441
1, 66, 279237, 290374
1, 67, 283628, 266814
1, 68, 281214, 265380
1, 69, 282702, 265560
1, 70, 281232, 270967
1, 71, 284412, 271325
1, 72, 285857, 270102
1, 73, 286274, 265763
1, 74, 289764, 266004
1, 75, 285505, 266627
1, 76, 286654, 280958
1, 77, 278998, 265638
1, 78, 284702, 267047
1, 79, 279660, 265390
1, 80, 282902, 265240
1, 81, 288246, 269671
1, 82, 278640, 261045
1, 83, 283046, 272236
1, 84, 284384, 273892
1, 85, 283131, 265870
1, 86, 285300, 266305
1, 87, 283283, 268389
1, 88, 283101, 266158
1, 89, 281806, 268836
1, 90, 280206, 267021
1, 91, 280859, 267778
1, 92, 282244, 265671
1, 93, 283809, 267477
1, 94, 278442, 265543
1, 95, 291239, 261740
1, 96, 277077, 266863
1, 97, 281873, 265907
1, 98, 281620, 266128
1, 99, 282378, 267962
1, 100, 283474, 266395
1, 101, 281991, 266170
1, 102, 282038, 269010
1, 103, 286871, 284762
1, 104, 284204, 267125
1, 105, 283071, 267036
1, 106, 279762, 266584
1, 107, 283310, 272664
1, 108, 286303, 269224
1, 109, 284862, 266580
1, 110, 289403, 266520
1, 111, 285002, 271396
1, 112, 284587, 270397
1, 113, 287906, 280684
1, 114, 279373, 267557
1, 115, 279279, 268544
1, 116, 281179, 265734
1, 117, 283970, 266871
1, 118, 284572, 265315
1, 119, 282911, 267494
1, 120, 284741, 267065
1, 121, 284237, 266877
1, 122, 279844, 269189
1, 123, 284352, 266297
1, 124, 286864, 272601
1, 125, 285316, 268776
1, 126, 287826, 269991
1, 127, 285662, 268833
1, 128, 285266, 268973
1, 129, 286403, 265842
1, 130, 287829, 264830
1, 131, 286357, 264033
1, 132, 280733, 266249
1, 133, 283792, 270660
1, 134, 285776, 268397
1, 135, 272590, 266149
1, 136, 281191, 266145
1, 137, 283605, 266350
1, 138, 284211, 269074
1, 139, 279895, 266070
1, 140, 284289, 265968
1, 141, 282654, 267018
1, 142, 284157, 267076
1, 143, 277853, 267331
1, 144, 283517, 268488
1, 145, 283750, 268222
1, 146, 277799, 271622
1, 147, 284565, 271224
1, 148, 286316, 273322
1, 149, 285874, 266982
1, 150, 284252, 270624
2, 1, 284882, 270400
2, 2, 280696, 265688
2, 3, 286519, 269155
2, 4, 285989, 272460
2, 5, 286991, 262989
2, 6, 286097, 267999
2, 7, 284436, 268962
2, 8, 283033, 270473
2, 9, 278927, 269398
2, 10, 282744, 269435
2, 11, 279347, 266742
2, 12, 281929, 269347
2, 13, 283824, 269932
2, 14, 284670, 270850
2, 15, 285432, 264003
2, 16, 281127, 268673
2, 17, 284606, 267249
2, 18, 286398, 268615
2, 19, 280998, 288209
2, 20, 281333, 268723
2, 21, 286234, 272725
2, 22, 286179, 271356
2, 23, 282514, 276556
2, 24, 282090, 266611
2, 25, 278401, 266003
2, 26, 278303, 267917
2, 27, 281479, 266537
2, 28, 282827, 268264
2, 29, 279816, 265554
2, 30, 283115, 267196
2, 31, 281628, 266261
2, 32, 283197, 270136
2, 33, 285507, 271495
2, 34, 283807, 272416
2, 35, 283755, 271697
2, 36, 285338, 270766
2, 37, 285848, 266933
2, 38, 304496, 265826
2, 39, 281669, 270783
2, 40, 283401, 267493
2, 41, 282581, 268512
2, 42, 279875, 265662
2, 43, 281406, 263503
2, 44, 282588, 272023
2, 45, 283613, 265830
2, 46, 284086, 270527
2, 47, 285814, 270256
2, 48, 281311, 266555
2, 49, 281478, 270043
2, 50, 277880, 268561
2, 51, 284591, 271999
2, 52, 282095, 266630
2, 53, 284218, 270617
2, 54, 283738, 272260
2, 55, 285503, 268507
2, 56, 285850, 287770
2, 57, 276280, 266623
2, 58, 281747, 265839
2, 59, 281049, 267680
2, 60, 279622, 266522
2, 61, 279311, 267349
2, 62, 281155, 266539
2, 63, 273424, 268235
2, 64, 283266, 269139
2, 65, 282259, 266362
2, 66, 285847, 266277
2, 67, 278671, 268766
2, 68, 286610, 265545
2, 69, 281735, 266196
2, 70, 280988, 266383
2, 71, 285581, 266239
2, 72, 282183, 266093
2, 73, 280434, 266099
2, 74, 284791, 266288
2, 75, 299268, 273279
2, 76, 285963, 269708
2, 77, 283864, 269922
2, 78, 284961, 271161
2, 79, 284160, 271505
2, 80, 283357, 268071
2, 81, 280940, 270890
2, 82, 285571, 266796
2, 83, 281674, 271180
2, 84, 280497, 269902
2, 85, 282205, 264127
2, 86, 284330, 270212
2, 87, 280041, 271137
2, 88, 280251, 270372
2, 89, 278886, 266186
2, 90, 276207, 266394
2, 91, 278244, 268639
2, 92, 279121, 268750
2, 93, 280443, 266619
2, 94, 275807, 265919
2, 95, 281139, 265290
2, 96, 282358, 267026
2, 97, 285317, 266324
2, 98, 283176, 266335
2, 99, 283803, 266209
2, 100, 281255, 271370
2, 101, 288934, 271716
2, 102, 284829, 270933
2, 103, 285911, 270191
2, 104, 280952, 267456
2, 105, 269521, 267278
2, 106, 286229, 266503
2, 107, 284760, 265938
2, 108, 283659, 267719
2, 109, 282102, 266495
2, 110, 285121, 266812
2, 111, 281837, 264396
2, 112, 286958, 260840
2, 113, 283898, 262572
2, 114, 283214, 265579
2, 115, 276229, 263970
2, 116, 278233, 266245
2, 117, 283136, 266532
2, 118, 284860, 267049
2, 119, 283953, 266940
2, 120, 282438, 266172
2, 121, 279929, 266004
2, 122, 286561, 265405
2, 123, 288676, 264626
2, 124, 281763, 267328
2, 125, 280967, 268251
2, 126, 281783, 266415
2, 127, 285761, 266745
2, 128, 280694, 265922
2, 129, 283731, 266050
2, 130, 282530, 266120
2, 131, 300615, 271683
2, 132, 283842, 275932
2, 133, 282251, 266609
2, 134, 281440, 270049
2, 135, 281995, 268221
2, 136, 279973, 266646
2, 137, 280269, 270499
2, 138, 282554, 266745
2, 139, 280983, 264203
2, 140, 283111, 276223
2, 141, 282432, 265790
2, 142, 278748, 265762
2, 143, 278446, 266776
2, 144, 279780, 266043
2, 145, 281403, 266095
2, 146, 281799, 268573
2, 147, 272410, 269673
2, 148, 286856, 266981
2, 149, 283581, 266317
2, 150, 279242, 264724
4, 1, 281895, 266102
4, 2, 282550, 265387
4, 3, 277990, 266375
4, 4, 280936, 268591
4, 5, 282201, 268260
4, 6, 279814, 268376
4, 7, 282301, 269751
4, 8, 276608, 262892
4, 9, 284160, 270840
4, 10, 277049, 264793
4, 11, 287963, 265502
4, 12, 281877, 266970
4, 13, 276329, 266110
4, 14, 277896, 270934
4, 15, 280580, 270992
4, 16, 271196, 265502
4, 17, 280769, 265834
4, 18, 292950, 267435
4, 19, 272876, 266991
4, 20, 282244, 266089
4, 21, 280849, 270680
4, 22, 282277, 270040
4, 23, 279678, 267825
4, 24, 278217, 263423
4, 25, 275947, 265704
4, 26, 277327, 271092
4, 27, 281969, 269975
4, 28, 272842, 265632
4, 29, 283452, 267095
4, 30, 276792, 267655
4, 31, 280252, 269784
4, 32, 280310, 271056
4, 33, 274290, 265583
4, 34, 282144, 266966
4, 35, 284144, 266765
4, 36, 281115, 267891
4, 37, 282081, 271285
4, 38, 278976, 264044
4, 39, 283684, 268539
4, 40, 279344, 268134
4, 41, 283870, 265856
4, 42, 277845, 265860
4, 43, 283616, 266553
4, 44, 276261, 268237
4, 45, 283202, 270084
4, 46, 285676, 266460
4, 47, 284180, 271415
4, 48, 280980, 267815
4, 49, 280016, 269725
4, 50, 276143, 266932
4, 51, 276185, 268311
4, 52, 281822, 263900
4, 53, 283051, 266106
4, 54, 279910, 266738
4, 55, 279389, 279701
4, 56, 278985, 267236
4, 57, 282080, 268970
4, 58, 275611, 265858
4, 59, 281931, 267880
4, 60, 275894, 270989
4, 61, 273993, 266511
4, 62, 281168, 265698
4, 63, 277388, 265831
4, 64, 279041, 269442
4, 65, 282738, 269805
4, 66, 281037, 270270
4, 67, 282901, 269892
4, 68, 282673, 271424
4, 69, 281752, 267997
4, 70, 282927, 265169
4, 71, 275797, 266096
4, 72, 278959, 269759
4, 73, 283211, 268441
4, 74, 280383, 267496
4, 75, 281201, 267267
4, 76, 282793, 271279
4, 77, 278493, 268271
4, 78, 283056, 266828
4, 79, 281888, 268576
4, 80, 282312, 266163
4, 81, 276178, 266906
4, 82, 275756, 267473
4, 83, 280949, 269291
4, 84, 279514, 270870
4, 85, 271855, 267580
4, 86, 280911, 267731
4, 87, 278785, 270024
4, 88, 282274, 269707
4, 89, 271110, 263853
4, 90, 286349, 267624
4, 91, 278033, 272001
4, 92, 278359, 265515
4, 93, 279893, 267936
4, 94, 276113, 265874
4, 95, 283344, 266537
4, 96, 280549, 265565
4, 97, 283783, 266011
4, 98, 278757, 266574
4, 99, 277522, 270112
4, 100, 280187, 266936
4, 101, 282651, 272121
4, 102, 279945, 268942
4, 103, 283384, 267593
4, 104, 273082, 268847
4, 105, 278881, 270724
4, 106, 283215, 266422
4, 107, 275501, 264363
4, 108, 271309, 267315
4, 109, 281130, 266636
4, 110, 284323, 265214
4, 111, 282532, 283437
4, 112, 285556, 266897
4, 113, 279066, 264494
4, 114, 284017, 271301
4, 115, 272400, 266823
4, 116, 277590, 267522
4, 117, 282003, 268291
4, 118, 280607, 269560
4, 119, 283055, 267661
4, 120, 275966, 267360
4, 121, 284368, 267187
4, 122, 279796, 267645
4, 123, 283826, 269390
4, 124, 279340, 268580
4, 125, 274861, 266824
4, 126, 277119, 268291
4, 127, 284232, 267831
4, 128, 284212, 266991
4, 129, 282238, 267279
4, 130, 274889, 263011
4, 131, 285958, 266355
4, 132, 280220, 271458
4, 133, 281065, 271030
4, 134, 275043, 264985
4, 135, 277334, 265636
4, 136, 277340, 266620
4, 137, 277869, 267381
4, 138, 275838, 266180
4, 139, 277282, 263303
4, 140, 275508, 266000
4, 141, 276367, 268486
4, 142, 283574, 263841
4, 143, 282838, 268258
4, 144, 280992, 266996
4, 145, 281331, 268430
4, 146, 275398, 267243
4, 147, 281506, 265471
4, 148, 282469, 265451
4, 149, 294486, 269978
4, 150, 285150, 266166
8, 1, 270113, 269868
8, 2, 276892, 269177
8, 3, 278969, 269838
8, 4, 280748, 268236
8, 5, 283008, 262796
8, 6, 273311, 265382
8, 7, 279466, 269138
8, 8, 281055, 268459
8, 9, 271845, 263961
8, 10, 275810, 266797
8, 11, 278401, 270329
8, 12, 280397, 270694
8, 13, 269610, 267399
8, 14, 280176, 270879
8, 15, 276120, 264360
8, 16, 279312, 264184
8, 17, 276673, 276191
8, 18, 275076, 267590
8, 19, 282220, 265679
8, 20, 283142, 264073
8, 21, 270836, 265083
8, 22, 276091, 266444
8, 23, 280010, 266763
8, 24, 278643, 268464
8, 25, 281440, 266547
8, 26, 275859, 265653
8, 27, 279876, 266303
8, 28, 273713, 266796
8, 29, 282742, 266791
8, 30, 278956, 266447
8, 31, 271614, 264189
8, 32, 279065, 265063
8, 33, 278990, 272053
8, 34, 278671, 267970
8, 35, 287276, 269435
8, 36, 281582, 282022
8, 37, 274510, 266009
8, 38, 281341, 271021
8, 39, 278682, 269596
8, 40, 279796, 267721
8, 41, 275926, 265757
8, 42, 277673, 272161
8, 43, 278248, 266904
8, 44, 276232, 265844
8, 45, 279454, 262522
8, 46, 275372, 266347
8, 47, 278533, 270124
8, 48, 281576, 267797
8, 49, 276724, 266904
8, 50, 279241, 267678
8, 51, 275413, 275426
8, 52, 277273, 266045
8, 53, 273548, 264489
8, 54, 280052, 266497
8, 55, 281368, 270408
8, 56, 272558, 266120
8, 57, 282321, 266510
8, 58, 279761, 269513
8, 59, 279661, 270454
8, 60, 276174, 266758
8, 61, 282146, 265712
8, 62, 278211, 271028
8, 63, 277684, 266249
8, 64, 277592, 268293
8, 65, 277722, 264668
8, 66, 279144, 265556
8, 67, 280774, 268492
8, 68, 276217, 265991
8, 69, 284870, 268913
8, 70, 279226, 269632
8, 71, 276587, 266312
8, 72, 277081, 269660
8, 73, 273038, 265826
8, 74, 292031, 269020
8, 75, 282198, 267339
8, 76, 274304, 267076
8, 77, 282874, 265883
8, 78, 279070, 263151
8, 79, 283889, 267914
8, 80, 275735, 266538
8, 81, 279031, 270026
8, 82, 283645, 267770
8, 83, 275975, 267268
8, 84, 274886, 267640
8, 85, 275933, 267160
8, 86, 277941, 272168
8, 87, 278048, 270615
8, 88, 273301, 266134
8, 89, 280005, 264156
8, 90, 276933, 269329
8, 91, 280007, 269305
8, 92, 280439, 283099
8, 93, 272804, 265312
8, 94, 275946, 268301
8, 95, 280158, 266620
8, 96, 278241, 269956
8, 97, 280278, 268632
8, 98, 274550, 265822
8, 99, 279685, 266839
8, 100, 275671, 262782
8, 101, 275180, 267527
8, 102, 280094, 271801
8, 103, 278574, 267192
8, 104, 283768, 260481
8, 105, 275707, 265892
8, 106, 277348, 266342
8, 107, 278332, 267479
8, 108, 284255, 267909
8, 109, 276082, 265240
8, 110, 277180, 268390
8, 111, 281524, 275366
8, 112, 279351, 267190
8, 113, 280136, 269419
8, 114, 279174, 268702
8, 115, 280007, 266104
8, 116, 280166, 268702
8, 117, 276983, 264291
8, 118, 280973, 267023
8, 119, 278904, 268419
8, 120, 275236, 272677
8, 121, 274483, 266168
8, 122, 283876, 271146
8, 123, 280318, 269341
8, 124, 273275, 269496
8, 125, 278422, 267208
8, 126, 279331, 266306
8, 127, 280389, 272392
8, 128, 278430, 265979
8, 129, 276329, 267056
8, 130, 283566, 264585
8, 131, 272890, 266744
8, 132, 280281, 265927
8, 133, 282981, 266204
8, 134, 277606, 267334
8, 135, 280232, 264934
8, 136, 284900, 265455
8, 137, 283310, 267284
8, 138, 279174, 269745
8, 139, 278158, 264912
8, 140, 280500, 267607
8, 141, 279687, 268272
8, 142, 281862, 270430
8, 143, 276958, 266562
8, 144, 283478, 268719
8, 145, 277977, 265945
8, 146, 282021, 267966
8, 147, 279671, 269472
8, 148, 273872, 267243
8, 149, 277012, 268073
8, 150, 272795, 267321
16, 1, 276182, 266584
16, 2, 278227, 271773
16, 3, 277195, 266780
16, 4, 277749, 266085
16, 5, 281045, 268458
16, 6, 277650, 268517
16, 7, 279593, 264807
16, 8, 276339, 266102
16, 9, 278406, 267238
16, 10, 278951, 267543
16, 11, 276554, 267566
16, 12, 277166, 269145
16, 13, 278865, 266354
16, 14, 279066, 266984
16, 15, 278763, 270965
16, 16, 277236, 267575
16, 17, 277274, 278796
16, 18, 278844, 271769
16, 19, 271598, 267716
16, 20, 278867, 268220
16, 21, 279987, 267846
16, 22, 272491, 263988
16, 23, 277323, 266682
16, 24, 278389, 268826
16, 25, 280408, 265473
16, 26, 279509, 269450
16, 27, 277341, 268953
16, 28, 277044, 266327
16, 29, 278281, 266739
16, 30, 275348, 266620
16, 31, 279426, 266156
16, 32, 275737, 271019
16, 33, 278731, 269256
16, 34, 277010, 266625
16, 35, 278318, 264096
16, 36, 275003, 267529
16, 37, 278073, 267208
16, 38, 278691, 266281
16, 39, 280295, 267849
16, 40, 274041, 266822
16, 41, 276363, 266103
16, 42, 273699, 266817
16, 43, 276916, 266434
16, 44, 283812, 268327
16, 45, 275679, 266801
16, 46, 280382, 269033
16, 47, 274202, 265851
16, 48, 275919, 266119
16, 49, 281220, 263744
16, 50, 287378, 265554
16, 51, 279442, 271492
16, 52, 278368, 268727
16, 53, 273120, 266412
16, 54, 276361, 266139
16, 55, 277614, 264157
16, 56, 275203, 267098
16, 57, 277527, 265874
16, 58, 274916, 267293
16, 59, 281259, 271017
16, 60, 274868, 267575
16, 61, 279838, 267220
16, 62, 278236, 265382
16, 63, 275118, 265414
16, 64, 279997, 269789
16, 65, 280993, 270667
16, 66, 275461, 265838
16, 67, 277658, 268534
16, 68, 278279, 267304
16, 69, 278409, 265108
16, 70, 276915, 267241
16, 71, 278809, 271334
16, 72, 282092, 267473
16, 73, 279694, 262655
16, 74, 278564, 267972
16, 75, 280475, 272583
16, 76, 279226, 268592
16, 77, 279584, 266392
16, 78, 280390, 269711
16, 79, 278201, 267056
16, 80, 274995, 266383
16, 81, 277405, 265977
16, 82, 275039, 266729
16, 83, 273064, 269324
16, 84, 277629, 270495
16, 85, 277586, 265120
16, 86, 276215, 266391
16, 87, 279703, 266700
16, 88, 278895, 268347
16, 89, 282325, 270696
16, 90, 274644, 265609
16, 91, 280669, 266662
16, 92, 275554, 266876
16, 93, 278768, 265947
16, 94, 277644, 266909
16, 95, 273976, 266901
16, 96, 279475, 269416
16, 97, 282315, 268283
16, 98, 278159, 272245
16, 99, 277437, 267664
16, 100, 281755, 279033
16, 101, 275621, 266534
16, 102, 277088, 267848
16, 103, 266899, 264348
16, 104, 278215, 268763
16, 105, 276600, 266827
16, 106, 278839, 270204
16, 107, 273325, 265592
16, 108, 277301, 270477
16, 109, 276770, 267179
16, 110, 277569, 270732
16, 111, 276659, 266809
16, 112, 278398, 266764
16, 113, 277696, 269548
16, 114, 274775, 266275
16, 115, 281555, 267604
16, 116, 275461, 264001
16, 117, 274680, 266498
16, 118, 276111, 266303
16, 119, 279301, 267311
16, 120, 275184, 267777
16, 121, 275246, 268976
16, 122, 279373, 271853
16, 123, 273294, 266561
16, 124, 281205, 266547
16, 125, 274956, 266520
16, 126, 275710, 265801
16, 127, 278009, 263002
16, 128, 278235, 266545
16, 129, 279903, 270700
16, 130, 283121, 265560
16, 131, 278762, 267326
16, 132, 278522, 268584
16, 133, 272498, 266292
16, 134, 279643, 268099
16, 135, 280332, 266390
16, 136, 278283, 265727
16, 137, 274341, 265279
16, 138, 276253, 268024
16, 139, 277659, 264117
16, 140, 275253, 265626
16, 141, 274709, 266675
16, 142, 279793, 270352
16, 143, 278305, 270724
16, 144, 275867, 267011
16, 145, 279386, 266341
16, 146, 279796, 266241
16, 147, 277153, 270771
16, 148, 278630, 269231
16, 149, 277112, 268954
16, 150, 279417, 267441
32, 1, 275911, 268726
32, 2, 272011, 265723
32, 3, 274737, 269932
32, 4, 269680, 268431
32, 5, 275643, 269609
32, 6, 274597, 266893
32, 7, 273096, 265175
32, 8, 275859, 267995
32, 9, 277659, 265183
32, 10, 273911, 265921
32, 11, 273772, 265690
32, 12, 275606, 265781
32, 13, 276854, 266121
32, 14, 274984, 266256
32, 15, 276735, 266734
32, 16, 273818, 269433
32, 17, 277241, 264103
32, 18, 286873, 263885
32, 19, 278649, 265043
32, 20, 278173, 265678
32, 21, 274022, 269486
32, 22, 276052, 268828
32, 23, 273410, 267143
32, 24, 277565, 264880
32, 25, 272501, 267452
32, 26, 278657, 269602
32, 27, 273506, 266409
32, 28, 280698, 265966
32, 29, 281867, 270424
32, 30, 275365, 265885
32, 31, 273485, 265869
32, 32, 277956, 269400
32, 33, 277491, 267337
32, 34, 276349, 262569
32, 35, 279775, 267996
32, 36, 275849, 268823
32, 37, 275415, 269221
32, 38, 272896, 268318
32, 39, 272399, 266677
32, 40, 275798, 266423
32, 41, 277269, 264077
32, 42, 278190, 270707
32, 43, 274049, 264887
32, 44, 273656, 265405
32, 45, 280490, 268249
32, 46, 276682, 268590
32, 47, 277860, 266632
32, 48, 275055, 266763
32, 49, 274094, 266350
32, 50, 274689, 264324
32, 51, 273777, 267293
32, 52, 274448, 266541
32, 53, 277086, 264142
32, 54, 276258, 264576
32, 55, 278598, 276597
32, 56, 274872, 264459
32, 57, 275484, 265887
32, 58, 276793, 271399
32, 59, 275877, 267141
32, 60, 272285, 266153
32, 61, 273794, 266440
32, 62, 277452, 267453
32, 63, 277872, 267145
32, 64, 266246, 266933
32, 65, 278574, 266750
32, 66, 275775, 266323
32, 67, 275328, 266099
32, 68, 273834, 266449
32, 69, 278533, 265329
32, 70, 271819, 266117
32, 71, 276326, 264281
32, 72, 279043, 265874
32, 73, 274850, 266855
32, 74, 278044, 277820
32, 75, 272323, 267167
32, 76, 277472, 268701
32, 77, 273288, 266079
32, 78, 270600, 265522
32, 79, 277177, 266796
32, 80, 274550, 265208
32, 81, 271307, 268137
32, 82, 274303, 266150
32, 83, 277176, 266814
32, 84, 275558, 268562
32, 85, 277252, 262212
32, 86, 273076, 263539
32, 87, 277268, 265756
32, 88, 276916, 267517
32, 89, 273614, 265713
32, 90, 274924, 266261
32, 91, 280312, 266139
32, 92, 278220, 267754
32, 93, 276044, 266901
32, 94, 273929, 267263
32, 95, 276140, 268918
32, 96, 273941, 270720
32, 97, 276269, 271465
32, 98, 277478, 262810
32, 99, 273126, 267635
32, 100, 274651, 266918
32, 101, 273913, 265426
32, 102, 278338, 271022
32, 103, 276306, 271329
32, 104, 274642, 268643
32, 105, 280846, 266477
32, 106, 270824, 266564
32, 107, 281278, 265519
32, 108, 277140, 271390
32, 109, 276953, 268642
32, 110, 271648, 266849
32, 111, 274516, 267210
32, 112, 279926, 261038
32, 113, 278399, 262719
32, 114, 272991, 265674
32, 115, 281435, 266473
32, 116, 273661, 266071
32, 117, 273482, 266194
32, 118, 278119, 264904
32, 119, 274181, 266416
32, 120, 277243, 271472
32, 121, 273952, 267033
32, 122, 274701, 266047
32, 123, 278248, 271636
32, 124, 277824, 267838
32, 125, 277438, 266155
32, 126, 273842, 265286
32, 127, 274896, 271848
32, 128, 273948, 265884
32, 129, 278471, 269709
32, 130, 273218, 265682
32, 131, 276745, 267216
32, 132, 273833, 267854
32, 133, 273237, 266330
32, 134, 274400, 267116
32, 135, 278355, 263329
32, 136, 278352, 266279
32, 137, 271757, 264197
32, 138, 268186, 263785
32, 139, 276868, 268150
32, 140, 277003, 263148
32, 141, 272662, 264804
32, 142, 277479, 265611
32, 143, 277658, 265757
32, 144, 278568, 266139
32, 145, 275434, 267625
32, 146, 278375, 264026
32, 147, 272037, 266081
32, 148, 275596, 266417
32, 149, 279003, 263435
32, 150, 286409, 264332
64, 1, 262388, 268203
64, 2, 275514, 267276
64, 3, 274653, 268634
64, 4, 274608, 267331
64, 5, 274478, 266099
64, 6, 273023, 266756
64, 7, 276194, 266488
64, 8, 274164, 265273
64, 9, 273228, 264668
64, 10, 274007, 269671
64, 11, 276696, 265148
64, 12, 274175, 271980
64, 13, 276590, 265685
64, 14, 275360, 265083
64, 15, 273151, 271172
64, 16, 273734, 266606
64, 17, 272081, 265232
64, 18, 274993, 266533
64, 19, 277043, 266896
64, 20, 270379, 264977
64, 21, 279694, 269750
64, 22, 275687, 270977
64, 23, 276547, 267409
64, 24, 272154, 264270
64, 25, 272002, 265616
64, 26, 272967, 266766
64, 27, 266014, 261032
64, 28, 268916, 264812
64, 29, 275295, 266749
64, 30, 273587, 269721
64, 31, 276895, 266021
64, 32, 269172, 267374
64, 33, 277734, 265555
64, 34, 278601, 265340
64, 35, 274084, 265154
64, 36, 273480, 266573
64, 37, 270628, 266542
64, 38, 289117, 266620
64, 39, 269937, 266938
64, 40, 275011, 267520
64, 41, 274807, 266587
64, 42, 268418, 267021
64, 43, 272771, 266343
64, 44, 271297, 263837
64, 45, 269744, 266913
64, 46, 273126, 265413
64, 47, 273024, 263713
64, 48, 273639, 265424
64, 49, 270035, 267762
64, 50, 271586, 264661
64, 51, 275924, 268419
64, 52, 269753, 266297
64, 53, 275093, 267126
64, 54, 276736, 267285
64, 55, 280512, 265616
64, 56, 268513, 266404
64, 57, 283125, 265644
64, 58, 271569, 264674
64, 59, 270855, 260270
64, 60, 273708, 265116
64, 61, 272225, 264885
64, 62, 274460, 266390
64, 63, 277247, 265408
64, 64, 271062, 265719
64, 65, 276891, 265984
64, 66, 276032, 268138
64, 67, 272961, 267051
64, 68, 277029, 264846
64, 69, 273397, 264805
64, 70, 270267, 266574
64, 71, 276138, 266000
64, 72, 269729, 264388
64, 73, 274466, 265769
64, 74, 274034, 264154
64, 75, 271335, 275082
64, 76, 276350, 264342
64, 77, 271874, 265836
64, 78, 272555, 265960
64, 79, 277287, 266518
64, 80, 271480, 264433
64, 81, 278250, 268746
64, 82, 273611, 270479
64, 83, 269936, 266020
64, 84, 274745, 267093
64, 85, 270937, 265525
64, 86, 279502, 265361
64, 87, 278129, 267192
64, 88, 276049, 267311
64, 89, 273790, 266752
64, 90, 278645, 271728
64, 91, 271816, 265515
64, 92, 273680, 264895
64, 93, 268585, 266595
64, 94, 274052, 262888
64, 95, 271055, 266639
64, 96, 273251, 264331
64, 97, 275665, 264563
64, 98, 274267, 266336
64, 99, 276640, 274467
64, 100, 271212, 266826
64, 101, 267160, 267657
64, 102, 269073, 266548
64, 103, 275413, 264911
64, 104, 275663, 265575
64, 105, 276914, 267657
64, 106, 274111, 265694
64, 107, 272202, 266354
64, 108, 275514, 265284
64, 109, 278508, 262644
64, 110, 275274, 266335
64, 111, 278479, 262715
64, 112, 270332, 267102
64, 113, 276462, 267147
64, 114, 276166, 267079
64, 115, 271890, 265871
64, 116, 276207, 265359
64, 117, 276996, 266003
64, 118, 269202, 266651
64, 119, 276373, 266898
64, 120, 266970, 265958
64, 121, 273033, 265953
64, 122, 275323, 266090
64, 123, 275117, 265896
64, 124, 276209, 264044
64, 125, 275307, 266183
64, 126, 271812, 267063
64, 127, 271494, 265726
64, 128, 270011, 265891
64, 129, 276160, 266582
64, 130, 269773, 265220
64, 131, 273609, 265700
64, 132, 275463, 266604
64, 133, 276041, 266571
64, 134, 274610, 265721
64, 135, 271817, 265973
64, 136, 272714, 263935
64, 137, 275703, 267184
64, 138, 271427, 266311
64, 139, 270959, 265563
64, 140, 273944, 270111
64, 141, 270444, 266322
64, 142, 278131, 268412
64, 143, 270082, 266922
64, 144, 277052, 265490
64, 145, 279388, 264636
64, 146, 273155, 268243
64, 147, 273226, 266278
64, 148, 280199, 267033
64, 149, 275112, 264403
64, 150, 268169, 263812
128, 1, 269160, 282426
128, 2, 266400, 266549
128, 3, 273690, 266230
128, 4, 272147, 266020
128, 5, 264657, 263760
128, 6, 270869, 266791
128, 7, 272902, 265020
128, 8, 265045, 266009
128, 9, 273645, 266310
128, 10, 272870, 268757
128, 11, 265577, 268203
128, 12, 270257, 270591
128, 13, 269875, 265698
128, 14, 274568, 265318
128, 15, 268845, 264554
128, 16, 267676, 263737
128, 17, 271881, 268036
128, 18, 270937, 274985
128, 19, 272399, 264301
128, 20, 270354, 267442
128, 21, 267647, 266391
128, 22, 275057, 264504
128, 23, 271972, 263895
128, 24, 271833, 264564
128, 25, 270675, 264559
128, 26, 269694, 262843
128, 27, 275538, 264009
128, 28, 275875, 265740
128, 29, 272217, 266113
128, 30, 267748, 263516
128, 31, 269323, 264437
128, 32, 269245, 265876
128, 33, 271352, 265209
128, 34, 267052, 265524
128, 35, 272431, 261853
128, 36, 271090, 265009
128, 37, 267103, 265120
128, 38, 272180, 267365
128, 39, 273509, 277705
128, 40, 262998, 264243
128, 41, 273004, 263105
128, 42, 269114, 265200
128, 43, 270657, 265915
128, 44, 270464, 266863
128, 45, 272862, 264442
128, 46, 271459, 267885
128, 47, 269033, 266188
128, 48, 272979, 266017
128, 49, 268850, 266342
128, 50, 274968, 268961
128, 51, 271131, 264616
128, 52, 271181, 267316
128, 53, 268161, 267810
128, 54, 274883, 270145
128, 55, 271055, 264878
128, 56, 268443, 265382
128, 57, 274700, 265788
128, 58, 269329, 279109
128, 59, 269284, 265857
128, 60, 268623, 266784
128, 61, 271358, 266078
128, 62, 269756, 265107
128, 63, 270656, 270551
128, 64, 272758, 263278
128, 65, 271114, 264255
128, 66, 271186, 264739
128, 67, 269900, 262770
128, 68, 267364, 264014
128, 69, 271527, 264108
128, 70, 270027, 267547
128, 71, 269003, 267823
128, 72, 270714, 267810
128, 73, 270074, 264294
128, 74, 272369, 266138
128, 75, 272335, 266841
128, 76, 270501, 265036
128, 77, 274669, 263767
128, 78, 279770, 264038
128, 79, 274179, 263544
128, 80, 269199, 265558
128, 81, 269879, 266874
128, 82, 269659, 263847
128, 83, 269762, 265337
128, 84, 267164, 267223
128, 85, 269867, 267317
128, 86, 270108, 267298
128, 87, 268569, 263298
128, 88, 269177, 265769
128, 89, 271442, 264830
128, 90, 271114, 264648
128, 91, 269911, 265988
128, 92, 266584, 267013
128, 93, 269401, 267412
128, 94, 272828, 264299
128, 95, 272565, 267974
128, 96, 270902, 264206
128, 97, 263689, 260082
128, 98, 270902, 263853
128, 99, 274810, 267419
128, 100, 270728, 267859
128, 101, 271155, 265497
128, 102, 272649, 266309
128, 103, 274792, 267685
128, 104, 275261, 269515
128, 105, 275895, 264671
128, 106, 265180, 264748
128, 107, 272125, 265077
128, 108, 268049, 265134
128, 109, 268756, 266069
128, 110, 269382, 261886
128, 111, 268281, 265773
128, 112, 268778, 263300
128, 113, 268077, 273742
128, 114, 273070, 264457
128, 115, 268167, 267321
128, 116, 281784, 266489
128, 117, 267376, 266366
128, 118, 272666, 264080
128, 119, 272795, 263321
128, 120, 272896, 267325
128, 121, 270694, 264374
128, 122, 274915, 264671
128, 123, 271166, 262003
128, 124, 269715, 266863
128, 125, 275035, 265265
128, 126, 268390, 265495
128, 127, 269946, 265832
128, 128, 274389, 267343
128, 129, 271615, 266053
128, 130, 270563, 263731
128, 131, 266627, 263373
128, 132, 281622, 265722
128, 133, 271092, 265595
128, 134, 274181, 266219
128, 135, 284378, 265525
128, 136, 274199, 265571
128, 137, 270982, 269676
128, 138, 270198, 267278
128, 139, 275621, 265428
128, 140, 271501, 269635
128, 141, 272607, 269390
128, 142, 269534, 267139
128, 143, 275092, 266152
128, 144, 272172, 265970
128, 145, 273503, 263516
128, 146, 274559, 264971
128, 147, 266086, 266561
128, 148, 270554, 264690
128, 149, 270372, 266813
128, 150, 270903, 264158
256, 1, 267449, 263400
256, 2, 269640, 266214
256, 3, 269552, 265084
256, 4, 267941, 276337
256, 5, 256208, 261752
256, 6, 264384, 265009
256, 7, 267159, 264631
256, 8, 261087, 266742
256, 9, 268150, 264951
256, 10, 259807, 266851
256, 11, 267315, 266370
256, 12, 265320, 260242
256, 13, 263639, 267083
256, 14, 263662, 263292
256, 15, 265254, 263757
256, 16, 268954, 266728
256, 17, 269460, 264488
256, 18, 265843, 263126
256, 19, 266151, 268313
256, 20, 265832, 265161
256, 21, 266303, 268038
256, 22, 263912, 263144
256, 23, 272782, 265036
256, 24, 267465, 263179
256, 25, 264898, 264729
256, 26, 276397, 261762
256, 27, 262705, 267480
256, 28, 267952, 266319
256, 29, 264256, 266322
256, 30, 266467, 265816
256, 31, 265034, 265499
256, 32, 264709, 262794
256, 33, 267555, 265697
256, 34, 272538, 263129
256, 35, 272976, 266264
256, 36, 264835, 265434
256, 37, 261763, 266661
256, 38, 267259, 266870
256, 39, 269330, 263594
256, 40, 265940, 264078
256, 41, 266132, 264990
256, 42, 270160, 262821
256, 43, 269082, 266206
256, 44, 262643, 266682
256, 45, 270436, 265934
256, 46, 267862, 268642
256, 47, 259342, 263586
256, 48, 267179, 265254
256, 49, 264912, 266736
256, 50, 271040, 266240
256, 51, 274757, 262864
256, 52, 268681, 266941
256, 53, 264125, 263970
256, 54, 267540, 266175
256, 55, 266049, 265784
256, 56, 266457, 264025
256, 57, 264873, 263606
256, 58, 273552, 263743
256, 59, 266862, 264514
256, 60, 270168, 262787
256, 61, 267182, 263803
256, 62, 267469, 264217
256, 63, 271071, 265408
256, 64, 265895, 265143
256, 65, 270458, 262428
256, 66, 265278, 265958
256, 67, 266356, 265927
256, 68, 261674, 265656
256, 69, 266022, 263892
256, 70, 268164, 264124
256, 71, 269524, 264590
256, 72, 261476, 265526
256, 73, 268896, 263325
256, 74, 262265, 265472
256, 75, 269761, 262912
256, 76, 267591, 267557
256, 77, 265102, 263560
256, 78, 260829, 265739
256, 79, 269305, 264177
256, 80, 261058, 265757
256, 81, 279526, 265219
256, 82, 263915, 262972
256, 83, 262936, 265151
256, 84, 265431, 265997
256, 85, 273529, 267507
256, 86, 266795, 267402
256, 87, 268156, 263947
256, 88, 267870, 268715
256, 89, 268901, 262697
256, 90, 259179, 266011
256, 91, 276613, 262378
256, 92, 268604, 263538
256, 93, 262919, 265269
256, 94, 264470, 265980
256, 95, 268935, 263005
256, 96, 261269, 263919
256, 97, 261049, 265218
256, 98, 265731, 263225
256, 99, 270664, 263843
256, 100, 264744, 264582
256, 101, 271127, 265380
256, 102, 271543, 266908
256, 103, 260374, 265877
256, 104, 266835, 266095
256, 105, 268648, 263883
256, 106, 265380, 262004
256, 107, 263142, 268255
256, 108, 259529, 263484
256, 109, 270212, 263126
256, 110, 261955, 267152
256, 111, 264274, 265917
256, 112, 274268, 266460
256, 113, 268526, 262473
256, 114, 264654, 263648
256, 115, 268632, 263071
256, 116, 254777, 266765
256, 117, 266659, 260233
256, 118, 265694, 265494
256, 119, 265597, 277580
256, 120, 263022, 266969
256, 121, 263522, 265480
256, 122, 262252, 263741
256, 123, 268242, 262661
256, 124, 266091, 264505
256, 125, 264191, 264134
256, 126, 261408, 264507
256, 127, 264223, 266115
256, 128, 267004, 265842
256, 129, 268885, 266789
256, 130, 268177, 264210
256, 131, 267707, 265686
256, 132, 266007, 264366
256, 133, 261512, 267155
256, 134, 267325, 262667
256, 135, 258425, 265596
256, 136, 261477, 267016
256, 137, 264820, 263712
256, 138, 268270, 263455
256, 139, 282131, 265633
256, 140, 269942, 263832
256, 141, 267052, 265345
256, 142, 262104, 266202
256, 143, 268821, 262625
256, 144, 270324, 264673
256, 145, 266386, 266536
256, 146, 258329, 265915
256, 147, 262073, 266183
256, 148, 265124, 266973
256, 149, 267764, 267808
256, 150, 270808, 263509
512, 1, 268652, 263731
512, 2, 257511, 267449
512, 3, 262393, 263154
512, 4, 255979, 265945
512, 5, 261422, 265435
512, 6, 263087, 265814
512, 7, 257925, 265587
512, 8, 269177, 265246
512, 9, 263421, 262362
512, 10, 252967, 264961
512, 11, 256844, 266150
512, 12, 261965, 260309
512, 13, 255359, 265833
512, 14, 262013, 260215
512, 15, 264079, 265035
512, 16, 253295, 266839
512, 17, 258528, 260201
512, 18, 261690, 265565
512, 19, 267287, 261944
512, 20, 266850, 260294
512, 21, 265858, 261295
512, 22, 265975, 266669
512, 23, 252344, 264534
512, 24, 262535, 260265
512, 25, 262853, 262610
512, 26, 264350, 260924
512, 27, 261134, 267072
512, 28, 263534, 260234
512, 29, 258710, 265808
512, 30, 264848, 263630
512, 31, 258844, 267232
512, 32, 261752, 263993
512, 33, 270426, 260520
512, 34, 258218, 265780
512, 35, 262234, 263301
512, 36, 269521, 260402
512, 37, 262126, 261303
512, 38, 260861, 260391
512, 39, 263924, 260438
512, 40, 260650, 262776
512, 41, 262672, 260328
512, 42, 260622, 261066
512, 43, 255517, 267649
512, 44, 262882, 260460
512, 45, 253288, 266648
512, 46, 266727, 264421
512, 47, 279275, 264744
512, 48, 260592, 265673
512, 49, 257222, 266172
512, 50, 262430, 263619
512, 51, 259796, 265876
512, 52, 264899, 267271
512, 53, 264770, 260278
512, 54, 257391, 266100
512, 55, 255335, 264991
512, 56, 263293, 264185
512, 57, 256399, 264931
512, 58, 264548, 271993
512, 59, 261939, 262726
512, 60, 264040, 263638
512, 61, 258812, 265666
512, 62, 258446, 266822
512, 63, 268083, 263690
512, 64, 259314, 262776
512, 65, 256593, 269140
512, 66, 267810, 276148
512, 67, 265226, 261546
512, 68, 259734, 266261
512, 69, 265683, 263151
512, 70, 259563, 266017
512, 71, 259999, 260703
512, 72, 252304, 266081
512, 73, 252673, 265144
512, 74, 257566, 265395
512, 75, 259410, 264184
512, 76, 259517, 260433
512, 77, 261394, 262505
512, 78, 264889, 265150
512, 79, 257599, 260249
512, 80, 250599, 262889
512, 81, 260170, 265128
512, 82, 265808, 266582
512, 83, 261274, 265759
512, 84, 262909, 264759
512, 85, 260589, 262876
512, 86, 273644, 264808
512, 87, 253328, 265722
512, 88, 248826, 265566
512, 89, 260466, 263706
512, 90, 260186, 265599
512, 91, 257128, 265261
512, 92, 263389, 260350
512, 93, 259380, 265831
512, 94, 264045, 266356
512, 95, 265552, 261292
512, 96, 258224, 260967
512, 97, 256509, 263165
512, 98, 258766, 265263
512, 99, 261844, 260393
512, 100, 254394, 266642
512, 101, 255615, 265211
512, 102, 252127, 260420
512, 103, 271945, 260511
512, 104, 256400, 263460
512, 105, 258235, 263268
512, 106, 265296, 260292
512, 107, 259965, 265121
512, 108, 259454, 263935
512, 109, 266752, 260256
512, 110, 267030, 260457
512, 111, 256870, 262116
512, 112, 260279, 265104
512, 113, 263526, 263946
512, 114, 255141, 266208
512, 115, 262290, 260427
512, 116, 263142, 264538
512, 117, 263164, 264351
512, 118, 262989, 260653
512, 119, 256721, 265406
512, 120, 261115, 263881
512, 121, 263040, 267983
512, 122, 254531, 262276
512, 123, 260639, 263228
512, 124, 264211, 260295
512, 125, 261466, 266036
512, 126, 258152, 265641
512, 127, 259480, 267661
512, 128, 255863, 262681
512, 129, 259452, 263619
512, 130, 271765, 260356
512, 131, 254115, 262921
512, 132, 258226, 260298
512, 133, 254323, 265911
512, 134, 267382, 265149
512, 135, 262736, 265096
512, 136, 258432, 263436
512, 137, 267022, 260284
512, 138, 263386, 264317
512, 139, 256817, 264236
512, 140, 263806, 265288
512, 141, 257842, 266137
512, 142, 259311, 265152
512, 143, 267238, 261205
512, 144, 262503, 281203
512, 145, 268725, 261421
512, 146, 261588, 260373
512, 147, 260071, 265680
512, 148, 260931, 264959
512, 149, 263730, 264844
512, 150, 267662, 264067
