nroThreads, iteracion, tiempoParal, tiempoSecu
1, 1, 436672, 423135
1, 2, 443533, 414325
1, 3, 436126, 412207
1, 4, 433307, 413815
1, 5, 437414, 413248
1, 6, 435346, 412292
1, 7, 430287, 411479
1, 8, 439026, 418458
1, 9, 428937, 414588
1, 10, 446122, 426646
1, 11, 432116, 410104
1, 12, 435997, 406786
1, 13, 423308, 413981
1, 14, 431500, 410400
1, 15, 434550, 448962
1, 16, 432864, 411038
1, 17, 441727, 448814
1, 18, 474727, 469758
1, 19, 427339, 424694
1, 20, 437143, 444780
1, 21, 468748, 418461
1, 22, 454805, 429066
1, 23, 477601, 430607
1, 24, 438058, 414986
1, 25, 437517, 493602
1, 26, 508537, 432240
1, 27, 478399, 446736
1, 28, 504538, 431007
1, 29, 483032, 488591
1, 30, 448462, 455031
1, 31, 479225, 448355
1, 32, 507338, 453367
1, 33, 501083, 474146
1, 34, 438145, 427806
1, 35, 437079, 421284
1, 36, 504226, 484703
1, 37, 527205, 447987
1, 38, 464220, 493784
1, 39, 434309, 505227
1, 40, 492090, 468863
1, 41, 437198, 411670
1, 42, 429774, 470988
1, 43, 480186, 458734
1, 44, 431194, 441045
1, 45, 434287, 404929
1, 46, 452696, 410929
1, 47, 428920, 413703
1, 48, 434876, 413411
1, 49, 434899, 409846
1, 50, 441451, 410990
1, 51, 430917, 423115
1, 52, 424649, 410978
1, 53, 435813, 412812
1, 54, 436691, 420162
1, 55, 427408, 412466
1, 56, 432149, 421178
1, 57, 430165, 416501
1, 58, 430083, 415559
1, 59, 440731, 417016
1, 60, 430470, 413614
1, 61, 428953, 420876
1, 62, 429761, 416144
1, 63, 426577, 410660
1, 64, 440289, 413109
1, 65, 432913, 417676
1, 66, 436544, 417767
1, 67, 430937, 441079
1, 68, 425268, 423140
1, 69, 432437, 410796
1, 70, 430457, 416040
1, 71, 430681, 416547
1, 72, 427530, 414137
1, 73, 430443, 422108
1, 74, 437222, 417946
1, 75, 425058, 412840
1, 76, 441765, 411932
1, 77, 442538, 409641
1, 78, 438533, 408875
1, 79, 445510, 417889
1, 80, 423662, 413021
1, 81, 441874, 417497
1, 82, 438667, 408282
1, 83, 431773, 408587
1, 84, 434974, 409339
1, 85, 434677, 407354
1, 86, 431030, 421127
1, 87, 427535, 408947
1, 88, 434874, 411028
1, 89, 434594, 413580
1, 90, 438345, 410835
1, 91, 434937, 407668
1, 92, 435383, 422207
1, 93, 431241, 412076
1, 94, 435044, 414751
1, 95, 429804, 416082
1, 96, 432065, 405139
1, 97, 429744, 409164
1, 98, 430825, 412449
1, 99, 435623, 409358
1, 100, 430761, 411052
1, 101, 432570, 413409
1, 102, 434326, 412464
1, 103, 438439, 427655
1, 104, 426231, 412511
1, 105, 439274, 416021
1, 106, 435856, 420252
1, 107, 438637, 425377
1, 108, 439018, 412222
1, 109, 441092, 427959
1, 110, 438769, 418413
1, 111, 432839, 407481
1, 112, 431064, 411436
1, 113, 431321, 413702
1, 114, 427931, 416599
1, 115, 428004, 411736
1, 116, 432871, 420123
1, 117, 426879, 411132
1, 118, 452437, 409471
1, 119, 431466, 417895
1, 120, 432573, 414481
1, 121, 434390, 411080
1, 122, 423643, 407011
1, 123, 438056, 413046
1, 124, 426101, 417677
1, 125, 438028, 413486
1, 126, 427669, 413968
1, 127, 433598, 418094
1, 128, 427912, 429694
1, 129, 434035, 421016
1, 130, 435469, 416899
1, 131, 448545, 416088
1, 132, 441646, 423471
1, 133, 434526, 414062
1, 134, 425989, 411995
1, 135, 427285, 416646
1, 136, 433816, 417703
1, 137, 424618, 410916
1, 138, 430111, 409399
1, 139, 428074, 413629
1, 140, 429396, 410521
1, 141, 434681, 420729
1, 142, 426558, 416631
1, 143, 427723, 414870
1, 144, 430464, 410328
1, 145, 434188, 417046
1, 146, 446712, 422995
1, 147, 432945, 419282
1, 148, 424747, 419265
1, 149, 446186, 417797
1, 150, 428983, 427762
2, 1, 423558, 408091
2, 2, 445243, 419166
2, 3, 445165, 421438
2, 4, 437647, 441861
2, 5, 440906, 422139
2, 6, 447221, 422673
2, 7, 443783, 413487
2, 8, 454370, 422625
2, 9, 426171, 411571
2, 10, 432510, 420407
2, 11, 444189, 415814
2, 12, 451083, 422266
2, 13, 437474, 409628
2, 14, 427472, 434560
2, 15, 444506, 419990
2, 16, 446547, 416721
2, 17, 445762, 410167
2, 18, 427698, 416917
2, 19, 432676, 418439
2, 20, 436995, 418871
2, 21, 435095, 418133
2, 22, 449108, 413344
2, 23, 425920, 417427
2, 24, 432802, 418109
2, 25, 432334, 418040
2, 26, 431894, 423902
2, 27, 424358, 412220
2, 28, 443671, 428771
2, 29, 430664, 418828
2, 30, 427458, 421435
2, 31, 433516, 416843
2, 32, 432698, 418533
2, 33, 442886, 415475
2, 34, 436142, 418213
2, 35, 430276, 417741
2, 36, 429579, 422765
2, 37, 433796, 421051
2, 38, 434211, 436309
2, 39, 426875, 414128
2, 40, 435345, 422855
2, 41, 435802, 424055
2, 42, 436090, 420510
2, 43, 434683, 416955
2, 44, 436381, 417827
2, 45, 452461, 436412
2, 46, 437590, 419723
2, 47, 434261, 416389
2, 48, 443373, 412542
2, 49, 439212, 411575
2, 50, 433043, 418802
2, 51, 426885, 410173
2, 52, 430586, 418105
2, 53, 440874, 412812
2, 54, 425093, 411295
2, 55, 428092, 416888
2, 56, 433135, 409609
2, 57, 432512, 412748
2, 58, 435292, 435294
2, 59, 436622, 416764
2, 60, 443452, 422197
2, 61, 438168, 411504
2, 62, 437284, 411242
2, 63, 435931, 440842
2, 64, 438424, 429849
2, 65, 432734, 424635
2, 66, 431187, 414362
2, 67, 431479, 409637
2, 68, 435682, 414012
2, 69, 433468, 411165
2, 70, 429950, 425897
2, 71, 430776, 409161
2, 72, 434394, 422952
2, 73, 432331, 413170
2, 74, 435335, 422003
2, 75, 424210, 417850
2, 76, 432953, 418422
2, 77, 431680, 410706
2, 78, 433442, 410944
2, 79, 433414, 415698
2, 80, 424966, 416313
2, 81, 432740, 413995
2, 82, 435213, 409621
2, 83, 434416, 409429
2, 84, 432058, 415089
2, 85, 431479, 414282
2, 86, 430279, 410931
2, 87, 441261, 411546
2, 88, 433358, 410736
2, 89, 432220, 410972
2, 90, 431412, 410694
2, 91, 433095, 408461
2, 92, 427778, 410746
2, 93, 429373, 410307
2, 94, 431198, 411489
2, 95, 434856, 412267
2, 96, 431389, 409945
2, 97, 434723, 414032
2, 98, 434003, 411250
2, 99, 434992, 408480
2, 100, 432169, 422614
2, 101, 434036, 413708
2, 102, 434613, 412680
2, 103, 435280, 409882
2, 104, 428219, 412513
2, 105, 435510, 408107
2, 106, 435051, 411028
2, 107, 433128, 411323
2, 108, 435696, 412051
2, 109, 426808, 407505
2, 110, 429025, 410403
2, 111, 431307, 415112
2, 112, 430395, 414669
2, 113, 430169, 409937
2, 114, 428345, 412436
2, 115, 431819, 410733
2, 116, 436464, 416888
2, 117, 430817, 412682
2, 118, 429828, 413638
2, 119, 432261, 409417
2, 120, 434026, 410380
2, 121, 434132, 407720
2, 122, 432809, 409670
2, 123, 428639, 411476
2, 124, 431379, 411228
2, 125, 431581, 409015
2, 126, 429937, 409870
2, 127, 440271, 410508
2, 128, 430128, 409944
2, 129, 428580, 413694
2, 130, 428301, 413919
2, 131, 431288, 411726
2, 132, 432254, 409949
2, 133, 427995, 411332
2, 134, 432320, 409841
2, 135, 427878, 411287
2, 136, 422867, 411293
2, 137, 431940, 416432
2, 138, 436170, 412364
2, 139, 433585, 407088
2, 140, 437278, 409880
2, 141, 431191, 409663
2, 142, 429554, 414996
2, 143, 429179, 411358
2, 144, 430756, 413216
2, 145, 433424, 409817
2, 146, 434236, 413510
2, 147, 429126, 421751
2, 148, 429224, 409450
2, 149, 435938, 414958
2, 150, 430411, 411578
4, 1, 434356, 412202
4, 2, 433479, 410546
4, 3, 426908, 411828
4, 4, 433263, 411894
4, 5, 422308, 410545
4, 6, 425364, 410480
4, 7, 424972, 410056
4, 8, 422911, 411906
4, 9, 428354, 410117
4, 10, 421864, 410584
4, 11, 424190, 410702
4, 12, 428369, 416970
4, 13, 422269, 409945
4, 14, 431683, 411536
4, 15, 430385, 410611
4, 16, 432366, 408303
4, 17, 431066, 405189
4, 18, 421816, 409993
4, 19, 423674, 408815
4, 20, 430729, 409412
4, 21, 424964, 409450
4, 22, 430568, 405394
4, 23, 429746, 413504
4, 24, 428377, 413550
4, 25, 424968, 420381
4, 26, 424005, 409391
4, 27, 427935, 410482
4, 28, 434985, 415110
4, 29, 427167, 409930
4, 30, 430084, 413187
4, 31, 429563, 408539
4, 32, 430993, 413668
4, 33, 426139, 409484
4, 34, 447954, 408550
4, 35, 424576, 410201
4, 36, 431510, 414089
4, 37, 423004, 412336
4, 38, 429014, 406031
4, 39, 429849, 411548
4, 40, 432016, 412942
4, 41, 424652, 409299
4, 42, 431584, 415062
4, 43, 431450, 412746
4, 44, 431631, 410550
4, 45, 422354, 409550
4, 46, 424476, 408049
4, 47, 425338, 409967
4, 48, 422995, 411401
4, 49, 435291, 406780
4, 50, 428544, 410213
4, 51, 421595, 408682
4, 52, 431109, 410431
4, 53, 427636, 411365
4, 54, 429058, 409093
4, 55, 433845, 411210
4, 56, 420006, 412188
4, 57, 426200, 409759
4, 58, 429478, 422993
4, 59, 427848, 410160
4, 60, 424596, 410803
4, 61, 430346, 412807
4, 62, 428603, 411000
4, 63, 428738, 410477
4, 64, 427043, 412341
4, 65, 428452, 409632
4, 66, 430158, 411739
4, 67, 433325, 413831
4, 68, 427875, 414399
4, 69, 422758, 410538
4, 70, 429617, 410539
4, 71, 427735, 409266
4, 72, 424952, 402983
4, 73, 429897, 412181
4, 74, 423070, 415785
4, 75, 428256, 411216
4, 76, 427970, 406498
4, 77, 433451, 409143
4, 78, 428208, 409582
4, 79, 424747, 410007
4, 80, 429493, 410713
4, 81, 423381, 412339
4, 82, 428620, 409573
4, 83, 434266, 410490
4, 84, 421717, 410605
4, 85, 425468, 409177
4, 86, 433114, 409463
4, 87, 431200, 411687
4, 88, 431558, 410974
4, 89, 421972, 410161
4, 90, 426855, 408630
4, 91, 433547, 411300
4, 92, 427553, 410875
4, 93, 430108, 411059
4, 94, 424588, 411088
4, 95, 432141, 410784
4, 96, 431481, 409342
4, 97, 426373, 409574
4, 98, 425032, 413917
4, 99, 426102, 411493
4, 100, 434491, 415126
4, 101, 435681, 409612
4, 102, 431264, 413352
4, 103, 423942, 411376
4, 104, 428952, 408565
4, 105, 426840, 414923
4, 106, 427777, 410647
4, 107, 426126, 414349
4, 108, 443415, 408993
4, 109, 423575, 413062
4, 110, 428628, 410602
4, 111, 426556, 411568
4, 112, 436779, 413471
4, 113, 430591, 408914
4, 114, 433226, 410569
4, 115, 430042, 408674
4, 116, 424309, 409572
4, 117, 428749, 411080
4, 118, 429694, 410985
4, 119, 429721, 424936
4, 120, 429305, 409574
4, 121, 427490, 408630
4, 122, 426068, 409667
4, 123, 421337, 415606
4, 124, 431314, 408953
4, 125, 431051, 409218
4, 126, 430642, 410525
4, 127, 433570, 411449
4, 128, 431860, 407198
4, 129, 423343, 410488
4, 130, 424588, 412499
4, 131, 422619, 423287
4, 132, 434133, 409776
4, 133, 438414, 410594
4, 134, 426384, 408979
4, 135, 425788, 411208
4, 136, 432569, 414759
4, 137, 426626, 409300
4, 138, 427474, 413993
4, 139, 429896, 414777
4, 140, 429376, 408338
4, 141, 426556, 412234
4, 142, 425299, 414472
4, 143, 422524, 411299
4, 144, 427632, 419321
4, 145, 425630, 415755
4, 146, 432327, 409388
4, 147, 424702, 413286
4, 148, 427463, 413477
4, 149, 432060, 411779
4, 150, 431199, 419735
8, 1, 426796, 413083
8, 2, 428178, 410102
8, 3, 431431, 407990
8, 4, 424083, 410255
8, 5, 427335, 414320
8, 6, 425773, 410398
8, 7, 427100, 411622
8, 8, 423561, 405942
8, 9, 422900, 410208
8, 10, 428532, 412488
8, 11, 427334, 412031
8, 12, 426521, 418250
8, 13, 426698, 412922
8, 14, 425218, 413404
8, 15, 427781, 409784
8, 16, 422319, 411370
8, 17, 427460, 411263
8, 18, 431542, 405222
8, 19, 422776, 411480
8, 20, 430533, 405913
8, 21, 424771, 410496
8, 22, 428580, 415697
8, 23, 429931, 412618
8, 24, 423544, 416465
8, 25, 425086, 411573
8, 26, 420935, 411310
8, 27, 426822, 408677
8, 28, 428463, 412860
8, 29, 428843, 411421
8, 30, 433047, 413987
8, 31, 426257, 413282
8, 32, 427163, 411152
8, 33, 429499, 411020
8, 34, 427591, 412125
8, 35, 422654, 412617
8, 36, 423501, 407875
8, 37, 426521, 411703
8, 38, 425282, 410548
8, 39, 425143, 412137
8, 40, 424532, 410135
8, 41, 427841, 413670
8, 42, 426462, 421908
8, 43, 422355, 411097
8, 44, 426784, 410183
8, 45, 429807, 410349
8, 46, 423095, 411077
8, 47, 426594, 408599
8, 48, 431614, 413849
8, 49, 420753, 411422
8, 50, 429978, 412323
8, 51, 437417, 408779
8, 52, 426650, 410409
8, 53, 428961, 410913
8, 54, 427660, 419200
8, 55, 432708, 410705
8, 56, 421362, 411815
8, 57, 425155, 406415
8, 58, 428678, 411590
8, 59, 428983, 410886
8, 60, 423265, 417618
8, 61, 427101, 412393
8, 62, 427789, 411878
8, 63, 423529, 412253
8, 64, 434262, 414928
8, 65, 423453, 410813
8, 66, 424391, 410344
8, 67, 426143, 408780
8, 68, 422385, 412408
8, 69, 425156, 411353
8, 70, 427540, 409272
8, 71, 424413, 412712
8, 72, 431836, 410286
8, 73, 428837, 413873
8, 74, 425975, 410800
8, 75, 422254, 413281
8, 76, 427790, 412377
8, 77, 426463, 412282
8, 78, 422604, 410119
8, 79, 422880, 409719
8, 80, 428209, 412473
8, 81, 427839, 412155
8, 82, 436569, 406011
8, 83, 432277, 409917
8, 84, 426096, 411860
8, 85, 426107, 418767
8, 86, 427796, 413929
8, 87, 421676, 411408
8, 88, 425304, 408987
8, 89, 426574, 409181
8, 90, 422909, 411939
8, 91, 425063, 425243
8, 92, 424712, 413268
8, 93, 428878, 412289
8, 94, 422681, 412241
8, 95, 429651, 410264
8, 96, 423079, 407848
8, 97, 427703, 416418
8, 98, 427098, 414384
8, 99, 425267, 420291
8, 100, 420373, 411074
8, 101, 434141, 413206
8, 102, 431325, 409827
8, 103, 427259, 415858
8, 104, 426387, 415267
8, 105, 427934, 413014
8, 106, 424594, 411909
8, 107, 425571, 408644
8, 108, 425365, 409291
8, 109, 421684, 408622
8, 110, 424383, 414163
8, 111, 419017, 412238
8, 112, 425969, 412402
8, 113, 423741, 411613
8, 114, 427982, 410264
8, 115, 428596, 410386
8, 116, 427316, 408387
8, 117, 421083, 411630
8, 118, 429921, 409633
8, 119, 429883, 409042
8, 120, 425745, 412909
8, 121, 426816, 412042
8, 122, 425536, 413979
8, 123, 431513, 411880
8, 124, 428023, 414492
8, 125, 421986, 412044
8, 126, 435474, 411346
8, 127, 427998, 418548
8, 128, 435817, 405889
8, 129, 428686, 415129
8, 130, 426590, 408669
8, 131, 422056, 414566
8, 132, 431979, 413000
8, 133, 424036, 410428
8, 134, 426297, 412765
8, 135, 422237, 413019
8, 136, 437770, 411164
8, 137, 424774, 411076
8, 138, 421398, 410007
8, 139, 431417, 411646
8, 140, 424482, 411619
8, 141, 422977, 413669
8, 142, 425625, 410516
8, 143, 421925, 409792
8, 144, 421718, 409792
8, 145, 427748, 405895
8, 146, 424610, 411273
8, 147, 427578, 413234
8, 148, 421847, 411320
8, 149, 425846, 410618
8, 150, 428729, 412181
16, 1, 422667, 406469
16, 2, 426184, 421632
16, 3, 424133, 414518
16, 4, 425807, 414008
16, 5, 422939, 411493
16, 6, 422964, 411270
16, 7, 426537, 408428
16, 8, 426013, 412102
16, 9, 424102, 412244
16, 10, 424043, 412621
16, 11, 425196, 412097
16, 12, 428389, 417256
16, 13, 424940, 416136
16, 14, 421890, 411634
16, 15, 429140, 415994
16, 16, 432669, 414389
16, 17, 424913, 413787
16, 18, 420504, 411538
16, 19, 425269, 409868
16, 20, 424753, 408229
16, 21, 426934, 415299
16, 22, 420715, 415717
16, 23, 423593, 413116
16, 24, 424341, 411450
16, 25, 429990, 408947
16, 26, 427701, 414613
16, 27, 423619, 410851
16, 28, 424601, 412724
16, 29, 426269, 414148
16, 30, 422189, 411988
16, 31, 424109, 413878
16, 32, 425924, 410744
16, 33, 422001, 412299
16, 34, 423088, 411461
16, 35, 429468, 411233
16, 36, 427012, 410664
16, 37, 421415, 411102
16, 38, 422648, 411191
16, 39, 432978, 412870
16, 40, 421079, 414352
16, 41, 418007, 411576
16, 42, 421950, 413053
16, 43, 425372, 409263
16, 44, 429320, 410297
16, 45, 421512, 410001
16, 46, 422356, 408764
16, 47, 424999, 411451
16, 48, 424456, 411578
16, 49, 423186, 409054
16, 50, 423980, 413480
16, 51, 426890, 413564
16, 52, 427297, 408698
16, 53, 425654, 412481
16, 54, 422321, 415488
16, 55, 421148, 410675
16, 56, 430884, 413065
16, 57, 423283, 409643
16, 58, 425208, 416690
16, 59, 420898, 413939
16, 60, 425248, 409248
16, 61, 425569, 410073
16, 62, 426517, 410135
16, 63, 424531, 424653
16, 64, 426812, 407087
16, 65, 420454, 413303
16, 66, 420205, 413719
16, 67, 421574, 411321
16, 68, 425082, 408629
16, 69, 425905, 411661
16, 70, 417956, 410296
16, 71, 424550, 411520
16, 72, 421146, 418968
16, 73, 420466, 408737
16, 74, 429359, 413352
16, 75, 424231, 409295
16, 76, 437798, 412714
16, 77, 424148, 414984
16, 78, 426663, 414035
16, 79, 421952, 412071
16, 80, 422463, 412486
16, 81, 420837, 410910
16, 82, 423054, 411168
16, 83, 422307, 415170
16, 84, 424567, 413457
16, 85, 420348, 409805
16, 86, 424091, 410294
16, 87, 430086, 411049
16, 88, 420300, 414884
16, 89, 429022, 413606
16, 90, 422586, 415286
16, 91, 423972, 413185
16, 92, 419950, 412515
16, 93, 430998, 409468
16, 94, 427051, 408607
16, 95, 420458, 415094
16, 96, 428519, 409720
16, 97, 421217, 415007
16, 98, 423872, 411524
16, 99, 425761, 407607
16, 100, 424401, 418243
16, 101, 420926, 409885
16, 102, 420686, 412729
16, 103, 422044, 412176
16, 104, 424633, 410793
16, 105, 425164, 410735
16, 106, 422706, 410230
16, 107, 425565, 409190
16, 108, 422691, 412532
16, 109, 421323, 410362
16, 110, 421696, 414856
16, 111, 423006, 412920
16, 112, 424490, 411189
16, 113, 423067, 409414
16, 114, 420946, 411464
16, 115, 424498, 409967
16, 116, 420963, 411131
16, 117, 428193, 411959
16, 118, 421243, 412820
16, 119, 419603, 411632
16, 120, 426690, 415849
16, 121, 420598, 409537
16, 122, 423905, 409254
16, 123, 427342, 411784
16, 124, 427476, 409353
16, 125, 437720, 408340
16, 126, 421735, 417282
16, 127, 422639, 412537
16, 128, 427380, 414036
16, 129, 423081, 409796
16, 130, 425506, 410959
16, 131, 422433, 410855
16, 132, 419123, 415689
16, 133, 422908, 413189
16, 134, 425703, 409722
16, 135, 424725, 408263
16, 136, 427511, 409435
16, 137, 435548, 413770
16, 138, 428219, 410938
16, 139, 422209, 414198
16, 140, 424965, 410931
16, 141, 426859, 413096
16, 142, 419512, 412352
16, 143, 424259, 413053
16, 144, 420701, 413058
16, 145, 419030, 412776
16, 146, 425910, 410178
16, 147, 423047, 411364
16, 148, 424125, 408279
16, 149, 422151, 423743
16, 150, 424736, 409526
32, 1, 428536, 415261
32, 2, 421181, 411682
32, 3, 417155, 411573
32, 4, 423307, 411828
32, 5, 419729, 411098
32, 6, 419109, 410942
32, 7, 423249, 413902
32, 8, 424253, 413989
32, 9, 418420, 412469
32, 10, 420742, 412513
32, 11, 428786, 408314
32, 12, 422008, 407004
32, 13, 422466, 411247
32, 14, 418143, 409955
32, 15, 422931, 412771
32, 16, 419278, 410522
32, 17, 424874, 410868
32, 18, 419699, 409598
32, 19, 424144, 412124
32, 20, 417548, 412681
32, 21, 420151, 415456
32, 22, 421246, 410968
32, 23, 421357, 407655
32, 24, 423307, 408158
32, 25, 419691, 414034
32, 26, 418859, 411468
32, 27, 419426, 410356
32, 28, 421015, 410139
32, 29, 420228, 412424
32, 30, 422377, 408433
32, 31, 424974, 412136
32, 32, 425568, 411983
32, 33, 422282, 412083
32, 34, 424512, 411655
32, 35, 424761, 410067
32, 36, 437523, 411884
32, 37, 423634, 414981
32, 38, 418010, 411042
32, 39, 423938, 413544
32, 40, 422727, 408665
32, 41, 419381, 411610
32, 42, 422859, 409684
32, 43, 418935, 412529
32, 44, 424355, 408841
32, 45, 419965, 411846
32, 46, 423401, 409631
32, 47, 425269, 409510
32, 48, 420848, 410369
32, 49, 417449, 412928
32, 50, 418917, 411409
32, 51, 418512, 411909
32, 52, 425857, 409480
32, 53, 420438, 416164
32, 54, 419540, 411701
32, 55, 418270, 413125
32, 56, 418898, 411863
32, 57, 423859, 414145
32, 58, 420198, 406532
32, 59, 427760, 410533
32, 60, 419293, 411398
32, 61, 420032, 415572
32, 62, 419449, 412219
32, 63, 423430, 409401
32, 64, 421909, 411493
32, 65, 424044, 409731
32, 66, 422919, 417601
32, 67, 431124, 418164
32, 68, 417936, 412388
32, 69, 418891, 410161
32, 70, 425062, 409479
32, 71, 423236, 408734
32, 72, 418785, 411795
32, 73, 435379, 412940
32, 74, 417135, 411032
32, 75, 419029, 411161
32, 76, 424184, 409501
32, 77, 421347, 414090
32, 78, 423680, 409541
32, 79, 422938, 419012
32, 80, 418737, 412818
32, 81, 423556, 410040
32, 82, 421035, 414155
32, 83, 429015, 410827
32, 84, 418201, 412508
32, 85, 423158, 412150
32, 86, 423400, 410334
32, 87, 420443, 411472
32, 88, 421858, 412290
32, 89, 422259, 410520
32, 90, 422852, 408682
32, 91, 420925, 412521
32, 92, 422308, 412791
32, 93, 421015, 422070
32, 94, 417679, 408475
32, 95, 420758, 413614
32, 96, 424642, 411998
32, 97, 424290, 424004
32, 98, 420591, 411617
32, 99, 428904, 410121
32, 100, 423935, 409025
32, 101, 423762, 408921
32, 102, 426668, 411107
32, 103, 422661, 411513
32, 104, 419902, 413745
32, 105, 420819, 409692
32, 106, 424489, 413632
32, 107, 422727, 411532
32, 108, 419220, 408186
32, 109, 417373, 411623
32, 110, 433510, 412798
32, 111, 422986, 408374
32, 112, 423982, 410670
32, 113, 418664, 409848
32, 114, 420708, 412502
32, 115, 420687, 414910
32, 116, 423487, 413263
32, 117, 420599, 410330
32, 118, 423077, 410071
32, 119, 423364, 409835
32, 120, 423921, 411082
32, 121, 425131, 412596
32, 122, 419739, 410434
32, 123, 421006, 411185
32, 124, 426044, 413939
32, 125, 423804, 410649
32, 126, 420375, 409108
32, 127, 422682, 414643
32, 128, 419701, 413024
32, 129, 418797, 409141
32, 130, 424752, 409919
32, 131, 423604, 410218
32, 132, 423066, 410501
32, 133, 417427, 413774
32, 134, 419217, 421258
32, 135, 418875, 409591
32, 136, 421122, 417833
32, 137, 422575, 407856
32, 138, 419076, 407862
32, 139, 418536, 414838
32, 140, 424487, 409980
32, 141, 416347, 410664
32, 142, 422619, 412433
32, 143, 423042, 408499
32, 144, 422600, 408877
32, 145, 418827, 412686
32, 146, 422157, 424570
32, 147, 414259, 407309
32, 148, 423049, 410173
32, 149, 425673, 410740
32, 150, 418722, 411352
64, 1, 417129, 410804
64, 2, 420200, 408212
64, 3, 419000, 412717
64, 4, 417939, 411717
64, 5, 418976, 412505
64, 6, 416164, 411664
64, 7, 415737, 413328
64, 8, 415827, 412250
64, 9, 431820, 414555
64, 10, 423921, 407905
64, 11, 421132, 409781
64, 12, 420754, 411202
64, 13, 421760, 410888
64, 14, 419171, 411831
64, 15, 417904, 410590
64, 16, 418354, 412758
64, 17, 421586, 411857
64, 18, 421015, 419267
64, 19, 421353, 413379
64, 20, 413931, 411227
64, 21, 419521, 424695
64, 22, 419110, 409719
64, 23, 420183, 412789
64, 24, 421308, 420365
64, 25, 419801, 414591
64, 26, 420300, 411526
64, 27, 416288, 409318
64, 28, 422100, 413368
64, 29, 415370, 409151
64, 30, 415018, 409502
64, 31, 416047, 412460
64, 32, 419485, 415589
64, 33, 413540, 411151
64, 34, 422287, 409685
64, 35, 417629, 405915
64, 36, 420912, 409482
64, 37, 417224, 406459
64, 38, 417465, 411095
64, 39, 420562, 412100
64, 40, 418242, 412405
64, 41, 420861, 408676
64, 42, 414434, 411602
64, 43, 417922, 411733
64, 44, 417295, 408946
64, 45, 413811, 412499
64, 46, 420997, 411040
64, 47, 415671, 409193
64, 48, 422846, 413741
64, 49, 414784, 412388
64, 50, 415149, 409498
64, 51, 422534, 412053
64, 52, 417541, 408981
64, 53, 421839, 408965
64, 54, 415231, 414027
64, 55, 416759, 411691
64, 56, 419258, 409089
64, 57, 413589, 412368
64, 58, 419632, 410951
64, 59, 421211, 409889
64, 60, 417859, 413907
64, 61, 415550, 410859
64, 62, 419304, 410075
64, 63, 414492, 412033
64, 64, 420835, 408806
64, 65, 415616, 410625
64, 66, 421771, 414855
64, 67, 415399, 411967
64, 68, 420240, 413572
64, 69, 417417, 409088
64, 70, 420999, 420804
64, 71, 412317, 410418
64, 72, 420307, 424488
64, 73, 420371, 412351
64, 74, 417815, 416125
64, 75, 419515, 408440
64, 76, 420331, 407176
64, 77, 421610, 410152
64, 78, 412202, 410975
64, 79, 420108, 411823
64, 80, 419801, 408273
64, 81, 420657, 410177
64, 82, 423247, 412045
64, 83, 419249, 415318
64, 84, 418108, 413400
64, 85, 414904, 411233
64, 86, 414144, 411205
64, 87, 425419, 409588
64, 88, 415725, 409408
64, 89, 418684, 414210
64, 90, 423016, 414290
64, 91, 416555, 410736
64, 92, 415296, 411254
64, 93, 422032, 407549
64, 94, 421712, 415420
64, 95, 424554, 417646
64, 96, 418476, 411842
64, 97, 418061, 410972
64, 98, 416445, 410769
64, 99, 421722, 408916
64, 100, 416547, 409868
64, 101, 420463, 414566
64, 102, 421666, 410537
64, 103, 417040, 408444
64, 104, 417255, 412586
64, 105, 417026, 410698
64, 106, 419807, 407208
64, 107, 415103, 415637
64, 108, 417504, 412644
64, 109, 415874, 409594
64, 110, 422772, 409983
64, 111, 418577, 412330
64, 112, 415781, 411998
64, 113, 418927, 411662
64, 114, 419285, 412324
64, 115, 414049, 410064
64, 116, 423864, 410852
64, 117, 420575, 411691
64, 118, 416489, 409238
64, 119, 415828, 414448
64, 120, 424247, 411119
64, 121, 415974, 411365
64, 122, 422042, 409573
64, 123, 419716, 413697
64, 124, 413563, 409198
64, 125, 414549, 411703
64, 126, 415019, 412594
64, 127, 413879, 413399
64, 128, 417966, 411267
64, 129, 417123, 412020
64, 130, 423682, 412224
64, 131, 418077, 413458
64, 132, 415920, 410112
64, 133, 420646, 409945
64, 134, 420056, 411384
64, 135, 419614, 412561
64, 136, 417834, 412391
64, 137, 419570, 408556
64, 138, 413934, 412881
64, 139, 417593, 408860
64, 140, 415033, 411219
64, 141, 417207, 410987
64, 142, 419931, 408772
64, 143, 413861, 413242
64, 144, 423695, 420524
64, 145, 411798, 412527
64, 146, 418341, 408310
64, 147, 418778, 413399
64, 148, 417340, 414180
64, 149, 418926, 420307
64, 150, 419493, 414702
128, 1, 414848, 409425
128, 2, 410412, 410515
128, 3, 407658, 411154
128, 4, 412116, 413782
128, 5, 408016, 413489
128, 6, 414290, 409240
128, 7, 412538, 406761
128, 8, 412260, 409000
128, 9, 412230, 408930
128, 10, 411776, 412504
128, 11, 410361, 405910
128, 12, 410073, 415009
128, 13, 413813, 409189
128, 14, 413995, 405430
128, 15, 410051, 414511
128, 16, 411635, 416200
128, 17, 416385, 408532
128, 18, 411013, 407376
128, 19, 407007, 417244
128, 20, 410074, 409744
128, 21, 408735, 409784
128, 22, 416506, 414206
128, 23, 405209, 410595
128, 24, 409013, 409398
128, 25, 416148, 408951
128, 26, 410000, 409851
128, 27, 413079, 412234
128, 28, 412409, 410993
128, 29, 408674, 411418
128, 30, 418465, 411262
128, 31, 408351, 407863
128, 32, 427478, 411138
128, 33, 410185, 411464
128, 34, 409038, 411452
128, 35, 416667, 408126
128, 36, 409660, 406532
128, 37, 408498, 411215
128, 38, 409487, 409623
128, 39, 415294, 411883
128, 40, 411493, 410317
128, 41, 410350, 409691
128, 42, 411886, 408483
128, 43, 406630, 411634
128, 44, 414272, 407335
128, 45, 408739, 412338
128, 46, 416804, 410739
128, 47, 414331, 407900
128, 48, 412025, 405596
128, 49, 409990, 412367
128, 50, 410374, 409467
128, 51, 410056, 410470
128, 52, 416432, 406968
128, 53, 413515, 409348
128, 54, 410547, 409732
128, 55, 413806, 410615
128, 56, 416179, 411582
128, 57, 414315, 411151
128, 58, 411064, 411752
128, 59, 408580, 412729
128, 60, 407535, 414158
128, 61, 413808, 411846
128, 62, 412604, 409127
128, 63, 409965, 413500
128, 64, 411097, 416385
128, 65, 404476, 411491
128, 66, 413907, 415254
128, 67, 411941, 414160
128, 68, 406558, 410867
128, 69, 412930, 409822
128, 70, 417464, 415453
128, 71, 405557, 422017
128, 72, 402908, 412156
128, 73, 430583, 424241
128, 74, 476232, 416784
128, 75, 445838, 411823
128, 76, 412532, 419100
128, 77, 401343, 411681
128, 78, 414303, 411105
128, 79, 424980, 407736
128, 80, 421540, 410388
128, 81, 412882, 408950
128, 82, 408332, 411669
128, 83, 412659, 418975
128, 84, 425355, 429640
128, 85, 435654, 417770
128, 86, 451656, 413673
128, 87, 431409, 415727
128, 88, 419154, 416082
128, 89, 430522, 428869
128, 90, 413640, 414794
128, 91, 421805, 431451
128, 92, 424731, 421492
128, 93, 410230, 448571
128, 94, 420368, 423741
128, 95, 418251, 425823
128, 96, 411175, 416462
128, 97, 417851, 416568
128, 98, 406116, 424538
128, 99, 416043, 411827
128, 100, 415127, 416773
128, 101, 412033, 419419
128, 102, 416701, 412882
128, 103, 400875, 415595
128, 104, 413588, 415112
128, 105, 409199, 414454
128, 106, 412168, 418448
128, 107, 417385, 417131
128, 108, 439769, 432633
128, 109, 415660, 415824
128, 110, 406512, 410807
128, 111, 408047, 416084
128, 112, 412426, 406159
128, 113, 416450, 404934
128, 114, 420419, 414566
128, 115, 408162, 412200
128, 116, 413143, 410144
128, 117, 417647, 409880
128, 118, 410282, 426765
128, 119, 409581, 407216
128, 120, 409146, 409507
128, 121, 409355, 413993
128, 122, 410936, 410510
128, 123, 422907, 410848
128, 124, 416973, 410785
128, 125, 402150, 407008
128, 126, 408143, 411267
128, 127, 412142, 410128
128, 128, 410704, 410958
128, 129, 407260, 412347
128, 130, 416394, 423217
128, 131, 415702, 409911
128, 132, 415165, 412793
128, 133, 410586, 411508
128, 134, 414534, 414127
128, 135, 415164, 407527
128, 136, 410868, 409308
128, 137, 416689, 411552
128, 138, 438529, 415794
128, 139, 410808, 408887
128, 140, 407450, 413023
128, 141, 410913, 411542
128, 142, 411337, 409548
128, 143, 420698, 411349
128, 144, 413047, 419760
128, 145, 413555, 415115
128, 146, 408098, 413809
128, 147, 412185, 412153
128, 148, 418085, 410374
128, 149, 408162, 412877
128, 150, 411766, 410580
256, 1, 401725, 405850
256, 2, 401853, 406102
256, 3, 397508, 410365
256, 4, 399383, 409300
256, 5, 401929, 410183
256, 6, 393609, 411294
256, 7, 398133, 408978
256, 8, 401557, 409852
256, 9, 399244, 411240
256, 10, 393748, 422028
256, 11, 395632, 410929
256, 12, 408445, 412891
256, 13, 403621, 408001
256, 14, 399845, 409272
256, 15, 400431, 406520
256, 16, 397180, 408111
256, 17, 397308, 408698
256, 18, 396730, 410008
256, 19, 399244, 408070
256, 20, 404892, 421214
256, 21, 395311, 410512
256, 22, 405684, 408896
256, 23, 402594, 406572
256, 24, 392269, 410853
256, 25, 400321, 407341
256, 26, 400646, 411634
256, 27, 399745, 408027
256, 28, 401073, 407892
256, 29, 396957, 410080
256, 30, 397571, 410132
256, 31, 409313, 413571
256, 32, 395828, 407503
256, 33, 399546, 406690
256, 34, 404415, 403473
256, 35, 399340, 409530
256, 36, 394607, 409601
256, 37, 393041, 410586
256, 38, 401880, 410050
256, 39, 398970, 410240
256, 40, 392971, 410867
256, 41, 402995, 408015
256, 42, 388952, 405839
256, 43, 396554, 420178
256, 44, 397135, 407842
256, 45, 400144, 407101
256, 46, 394961, 408700
256, 47, 399369, 411111
256, 48, 398888, 409627
256, 49, 403644, 407932
256, 50, 397887, 410215
256, 51, 398030, 410977
256, 52, 401886, 416120
256, 53, 397639, 410701
256, 54, 392677, 410573
256, 55, 404208, 408603
256, 56, 392579, 406758
256, 57, 392664, 412383
256, 58, 398816, 413557
256, 59, 400045, 411216
256, 60, 400720, 409347
256, 61, 401474, 405905
256, 62, 398475, 409630
256, 63, 400359, 409383
256, 64, 401943, 407473
256, 65, 395558, 410777
256, 66, 403596, 406831
256, 67, 398279, 410883
256, 68, 398858, 412987
256, 69, 399220, 406770
256, 70, 405541, 406824
256, 71, 399524, 406891
256, 72, 397573, 404533
256, 73, 398596, 412211
256, 74, 397417, 407892
256, 75, 400758, 408316
256, 76, 398586, 407872
256, 77, 400489, 406923
256, 78, 400647, 410646
256, 79, 395944, 411450
256, 80, 398362, 408478
256, 81, 395382, 411919
256, 82, 390001, 405661
256, 83, 398445, 409517
256, 84, 402015, 412250
256, 85, 402581, 409388
256, 86, 401569, 410000
256, 87, 397221, 409845
256, 88, 412232, 413079
256, 89, 395672, 412967
256, 90, 398151, 409408
256, 91, 400593, 409072
256, 92, 400900, 406994
256, 93, 394832, 411015
256, 94, 401797, 410613
256, 95, 396658, 410780
256, 96, 399138, 409886
256, 97, 410588, 410034
256, 98, 400838, 410594
256, 99, 396958, 407389
256, 100, 398442, 412420
256, 101, 396677, 407111
256, 102, 400571, 411161
256, 103, 406126, 407308
256, 104, 399597, 409281
256, 105, 399780, 411050
256, 106, 398287, 407923
256, 107, 412880, 407178
256, 108, 398325, 411422
256, 109, 399822, 414057
256, 110, 394223, 409000
256, 111, 406539, 406272
256, 112, 398390, 409747
256, 113, 404647, 407010
256, 114, 393544, 409894
256, 115, 402582, 409936
256, 116, 398665, 414474
256, 117, 393560, 417189
256, 118, 403301, 411278
256, 119, 398523, 410068
256, 120, 399729, 411922
256, 121, 404994, 409528
256, 122, 397954, 410812
256, 123, 397854, 410858
256, 124, 393653, 410549
256, 125, 399749, 409757
256, 126, 403308, 411147
256, 127, 396954, 411108
256, 128, 397138, 407834
256, 129, 402871, 407574
256, 130, 401286, 410243
256, 131, 406379, 409615
256, 132, 406985, 411240
256, 133, 395381, 411478
256, 134, 402518, 413542
256, 135, 404536, 408901
256, 136, 396755, 410048
256, 137, 399797, 409310
256, 138, 396305, 411169
256, 139, 402262, 405957
256, 140, 397329, 409413
256, 141, 398841, 410756
256, 142, 393228, 411472
256, 143, 402983, 409659
256, 144, 400096, 410085
256, 145, 417630, 407612
256, 146, 398287, 408930
256, 147, 396390, 409018
256, 148, 394924, 411936
256, 149, 396749, 408848
256, 150, 394511, 410587
512, 1, 381058, 412410
512, 2, 383686, 409144
512, 3, 388489, 405984
512, 4, 390071, 403772
512, 5, 380223, 408627
512, 6, 382887, 407950
512, 7, 379519, 422578
512, 8, 380400, 408782
512, 9, 383058, 408542
512, 10, 383235, 405177
512, 11, 374108, 418990
512, 12, 385808, 405546
512, 13, 381228, 410260
512, 14, 376457, 409154
512, 15, 392882, 408203
512, 16, 383733, 413218
512, 17, 385106, 408816
512, 18, 384364, 410614
512, 19, 378733, 409058
512, 20, 381740, 408790
512, 21, 380521, 409138
512, 22, 382782, 408469
512, 23, 385608, 411825
512, 24, 379983, 411925
512, 25, 384612, 403682
512, 26, 388857, 410101
512, 27, 377788, 408821
512, 28, 382424, 405694
512, 29, 389760, 404687
512, 30, 375808, 410050
512, 31, 379504, 411459
512, 32, 384864, 406255
512, 33, 376031, 408668
512, 34, 374411, 410580
512, 35, 384919, 407400
512, 36, 381368, 404652
512, 37, 370538, 411345
512, 38, 385919, 405729
512, 39, 371955, 410037
512, 40, 395094, 411398
512, 41, 380545, 408927
512, 42, 392527, 405134
512, 43, 380368, 410052
512, 44, 385670, 404450
512, 45, 383177, 405059
512, 46, 378941, 407250
512, 47, 386225, 405660
512, 48, 376567, 407958
512, 49, 380969, 410737
512, 50, 391431, 407786
512, 51, 384161, 409744
512, 52, 378269, 409798
512, 53, 377751, 410008
512, 54, 373741, 412687
512, 55, 385974, 406994
512, 56, 377873, 403651
512, 57, 383618, 405951
512, 58, 375409, 409700
512, 59, 383973, 424108
512, 60, 372077, 411375
512, 61, 388564, 406813
512, 62, 368582, 408797
512, 63, 379739, 414518
512, 64, 376991, 413206
512, 65, 378760, 412147
512, 66, 383461, 407575
512, 67, 373936, 408602
512, 68, 383513, 411423
512, 69, 378212, 411032
512, 70, 387328, 409567
512, 71, 385367, 409506
512, 72, 378228, 406771
512, 73, 385437, 410223
512, 74, 379163, 408016
512, 75, 366577, 410081
512, 76, 375519, 410060
512, 77, 377642, 409960
512, 78, 399876, 408832
512, 79, 383205, 404165
512, 80, 377024, 411392
512, 81, 386947, 405985
512, 82, 385896, 407709
512, 83, 377184, 411720
512, 84, 374974, 410964
512, 85, 380183, 415772
512, 86, 381728, 414562
512, 87, 374764, 409807
512, 88, 386761, 408140
512, 89, 384240, 407677
512, 90, 381431, 407556
512, 91, 376166, 410510
512, 92, 384861, 408477
512, 93, 376418, 409588
512, 94, 376651, 410404
512, 95, 376186, 409653
512, 96, 375485, 409359
512, 97, 377865, 412849
512, 98, 383362, 409431
512, 99, 386224, 408577
512, 100, 381256, 407994
512, 101, 390571, 408613
512, 102, 390262, 412219
512, 103, 381272, 405192
512, 104, 381278, 405969
512, 105, 378064, 407929
512, 106, 386916, 404796
512, 107, 384562, 408308
512, 108, 384405, 409522
512, 109, 377222, 406553
512, 110, 385326, 411423
512, 111, 375974, 406043
512, 112, 368670, 411491
512, 113, 381543, 408655
512, 114, 383389, 404900
512, 115, 385278, 409650
512, 116, 376097, 409518
512, 117, 376602, 407019
512, 118, 382336, 405548
512, 119, 379333, 404279
512, 120, 389544, 405911
512, 121, 377232, 411365
512, 122, 375685, 409665
512, 123, 376499, 411217
512, 124, 383297, 406132
512, 125, 380228, 405087
512, 126, 378720, 407029
512, 127, 381062, 404295
512, 128, 375419, 403661
512, 129, 387408, 405201
512, 130, 385981, 412060
512, 131, 380452, 407605
512, 132, 387800, 405754
512, 133, 375262, 407152
512, 134, 384153, 409759
512, 135, 383241, 414018
512, 136, 376910, 405883
512, 137, 386423, 404483
512, 138, 372940, 409774
512, 139, 371917, 408568
512, 140, 389560, 409429
512, 141, 385593, 409655
512, 142, 386578, 410730
512, 143, 371570, 405942
512, 144, 381868, 408953
512, 145, 379387, 406103
512, 146, 384144, 403829
512, 147, 379844, 403925
512, 148, 380470, 406880
512, 149, 381365, 409825
512, 150, 384311, 405959
