nroThreads, iteracion, tiempoParal, tiempoSecu
1, 1, 152356, 156876
1, 2, 152704, 145952
1, 3, 154153, 143178
1, 4, 150163, 147128
1, 5, 153514, 144615
1, 6, 154220, 143364
1, 7, 151199, 146633
1, 8, 159606, 146092
1, 9, 159736, 144827
1, 10, 165755, 147426
1, 11, 156659, 148522
1, 12, 162409, 147782
1, 13, 157447, 144231
1, 14, 157221, 145256
1, 15, 152899, 151254
1, 16, 155003, 151766
1, 17, 160491, 147496
1, 18, 153073, 154887
1, 19, 165214, 154713
1, 20, 154125, 208625
1, 21, 172905, 147583
1, 22, 152875, 172832
1, 23, 160188, 144551
1, 24, 154893, 164415
1, 25, 185552, 172234
1, 26, 168966, 146573
1, 27, 164329, 168708
1, 28, 154045, 145258
1, 29, 162822, 158287
1, 30, 166434, 185529
1, 31, 164533, 181030
1, 32, 188060, 154732
1, 33, 175593, 145290
1, 34, 175075, 179941
1, 35, 177126, 158101
1, 36, 163290, 144380
1, 37, 158116, 146722
1, 38, 152998, 156515
1, 39, 166473, 149215
1, 40, 160324, 148184
1, 41, 159286, 146791
1, 42, 157994, 149134
1, 43, 159798, 147412
1, 44, 163027, 147431
1, 45, 155951, 146813
1, 46, 161467, 146649
1, 47, 158837, 146614
1, 48, 155962, 149198
1, 49, 159481, 147290
1, 50, 161813, 145801
1, 51, 153564, 151005
1, 52, 160567, 166941
1, 53, 161386, 147558
1, 54, 163275, 145959
1, 55, 183122, 147178
1, 56, 156362, 143016
1, 57, 159036, 151167
1, 58, 161943, 147126
1, 59, 165067, 151397
1, 60, 158479, 156087
1, 61, 180923, 173080
1, 62, 153078, 153910
1, 63, 157123, 144848
1, 64, 153158, 144226
1, 65, 161468, 145627
1, 66, 155294, 147487
1, 67, 167595, 161417
1, 68, 158714, 148459
1, 69, 149875, 151851
1, 70, 153113, 147210
1, 71, 165717, 150749
1, 72, 163250, 164681
1, 73, 179774, 146890
1, 74, 173336, 144653
1, 75, 160973, 158635
1, 76, 165163, 156575
1, 77, 198669, 164863
1, 78, 165466, 150769
1, 79, 151929, 145815
1, 80, 160782, 147805
1, 81, 178361, 149960
1, 82, 157979, 145683
1, 83, 154975, 147612
1, 84, 175580, 165263
1, 85, 148813, 144058
1, 86, 167134, 146538
1, 87, 157525, 143387
1, 88, 161280, 154041
1, 89, 154266, 150903
1, 90, 153016, 143668
1, 91, 166765, 161214
1, 92, 166523, 152248
1, 93, 156850, 153904
1, 94, 166244, 146838
1, 95, 162907, 150101
1, 96, 155668, 149619
1, 97, 160447, 147556
1, 98, 154796, 147364
1, 99, 165376, 156486
1, 100, 153108, 144727
1, 101, 155226, 150042
1, 102, 150434, 150691
1, 103, 154092, 147413
1, 104, 158711, 145356
1, 105, 157702, 146686
1, 106, 157784, 149911
1, 107, 163018, 156735
1, 108, 163454, 144226
1, 109, 161960, 144730
1, 110, 161398, 144322
1, 111, 156238, 154616
1, 112, 154036, 146214
1, 113, 155897, 150605
1, 114, 155880, 154514
1, 115, 155475, 153131
1, 116, 161374, 149025
1, 117, 161673, 149633
1, 118, 158275, 160508
1, 119, 152939, 147061
1, 120, 153733, 145144
1, 121, 155316, 143303
1, 122, 165512, 173597
1, 123, 156446, 146925
1, 124, 164153, 149028
1, 125, 164055, 149396
1, 126, 156636, 144846
1, 127, 166490, 154394
1, 128, 156594, 149120
1, 129, 161119, 146212
1, 130, 170774, 150533
1, 131, 156190, 149512
1, 132, 159674, 146848
1, 133, 159538, 152425
1, 134, 156140, 148906
1, 135, 164584, 148814
1, 136, 154601, 145375
1, 137, 158948, 145190
1, 138, 160960, 150427
1, 139, 175873, 156724
1, 140, 162507, 152745
1, 141, 166538, 160044
1, 142, 153423, 143109
1, 143, 157744, 148039
1, 144, 158122, 146869
1, 145, 175044, 145557
1, 146, 162523, 144846
1, 147, 152031, 147423
1, 148, 157206, 157734
1, 149, 158916, 149602
1, 150, 153443, 144548
2, 1, 157923, 145979
2, 2, 170169, 176208
2, 3, 155429, 147380
2, 4, 161226, 152202
2, 5, 157150, 144155
2, 6, 152572, 146940
2, 7, 158016, 145308
2, 8, 151745, 148989
2, 9, 158646, 152057
2, 10, 158842, 146347
2, 11, 158360, 147404
2, 12, 151439, 153423
2, 13, 168171, 144452
2, 14, 157630, 150400
2, 15, 160192, 151751
2, 16, 161669, 143695
2, 17, 156233, 144569
2, 18, 159414, 148604
2, 19, 159802, 154474
2, 20, 152785, 143937
2, 21, 156488, 148344
2, 22, 158337, 144387
2, 23, 165210, 143230
2, 24, 167875, 145981
2, 25, 156435, 145790
2, 26, 152811, 143855
2, 27, 153028, 143466
2, 28, 150293, 159806
2, 29, 157620, 146244
2, 30, 150844, 152450
2, 31, 160666, 146934
2, 32, 153557, 146797
2, 33, 153344, 143757
2, 34, 156583, 146224
2, 35, 159970, 146656
2, 36, 159487, 159744
2, 37, 150457, 145259
2, 38, 155628, 147889
2, 39, 160113, 155440
2, 40, 159612, 146469
2, 41, 153459, 148394
2, 42, 169878, 147366
2, 43, 152102, 152411
2, 44, 153830, 155508
2, 45, 158871, 145079
2, 46, 153195, 143004
2, 47, 154564, 147861
2, 48, 154319, 148729
2, 49, 153145, 150291
2, 50, 152525, 144406
2, 51, 161454, 147638
2, 52, 152914, 142997
2, 53, 152747, 143158
2, 54, 150662, 142922
2, 55, 160268, 147892
2, 56, 157132, 157279
2, 57, 153086, 157948
2, 58, 156175, 149846
2, 59, 154649, 154949
2, 60, 150525, 150364
2, 61, 156907, 146343
2, 62, 162896, 146119
2, 63, 156060, 146064
2, 64, 157433, 148223
2, 65, 156674, 146987
2, 66, 153501, 153676
2, 67, 158030, 149554
2, 68, 157033, 143937
2, 69, 158245, 144525
2, 70, 155771, 143783
2, 71, 154989, 149767
2, 72, 159729, 160973
2, 73, 155221, 152099
2, 74, 158593, 147868
2, 75, 157291, 148341
2, 76, 152949, 144474
2, 77, 158198, 146819
2, 78, 161459, 146417
2, 79, 153117, 145260
2, 80, 152136, 144088
2, 81, 161535, 147704
2, 82, 152950, 152482
2, 83, 154789, 146486
2, 84, 150816, 151246
2, 85, 157328, 148929
2, 86, 154945, 146767
2, 87, 149353, 144371
2, 88, 152058, 149707
2, 89, 173788, 144787
2, 90, 167671, 147011
2, 91, 152647, 148734
2, 92, 150468, 145735
2, 93, 160078, 157510
2, 94, 149064, 146916
2, 95, 153348, 149336
2, 96, 153189, 144177
2, 97, 159149, 156653
2, 98, 149268, 146268
2, 99, 149134, 143373
2, 100, 158016, 148746
2, 101, 157610, 146228
2, 102, 151486, 144126
2, 103, 147516, 143838
2, 104, 165994, 146027
2, 105, 165724, 159934
2, 106, 167549, 147158
2, 107, 159081, 151088
2, 108, 166030, 155147
2, 109, 165993, 154284
2, 110, 155605, 152154
2, 111, 159880, 156600
2, 112, 155950, 156947
2, 113, 164722, 148232
2, 114, 164920, 145992
2, 115, 152729, 149312
2, 116, 158921, 150533
2, 117, 156075, 145912
2, 118, 166121, 148453
2, 119, 156102, 145927
2, 120, 155475, 145644
2, 121, 152906, 153359
2, 122, 151930, 143165
2, 123, 155604, 148248
2, 124, 158703, 146148
2, 125, 160062, 144659
2, 126, 168954, 148575
2, 127, 156027, 146753
2, 128, 153536, 149263
2, 129, 151780, 145455
2, 130, 154921, 146846
2, 131, 158747, 147645
2, 132, 159032, 145766
2, 133, 163798, 153298
2, 134, 169920, 148510
2, 135, 170287, 143917
2, 136, 152918, 144297
2, 137, 158254, 147180
2, 138, 163404, 150523
2, 139, 164518, 150756
2, 140, 156726, 149512
2, 141, 151341, 153026
2, 142, 154969, 145894
2, 143, 159695, 147695
2, 144, 160382, 146020
2, 145, 166550, 156504
2, 146, 168365, 148644
2, 147, 154598, 147121
2, 148, 154824, 146732
2, 149, 163675, 152072
2, 150, 152477, 147360
4, 1, 152636, 145980
4, 2, 163389, 159803
4, 3, 148484, 144369
4, 4, 151081, 146702
4, 5, 152406, 152896
4, 6, 157898, 146085
4, 7, 150112, 143500
4, 8, 148269, 154808
4, 9, 150819, 143298
4, 10, 154293, 147472
4, 11, 152688, 150431
4, 12, 150194, 147123
4, 13, 154959, 156648
4, 14, 148985, 148673
4, 15, 156406, 150316
4, 16, 152502, 150925
4, 17, 150381, 154154
4, 18, 152039, 152416
4, 19, 156856, 146379
4, 20, 166340, 159009
4, 21, 162003, 146553
4, 22, 155506, 149984
4, 23, 153853, 152038
4, 24, 153201, 147421
4, 25, 154325, 149163
4, 26, 157265, 150713
4, 27, 161012, 146643
4, 28, 160156, 157457
4, 29, 158358, 143670
4, 30, 147392, 143495
4, 31, 152190, 151630
4, 32, 163330, 155017
4, 33, 150927, 153111
4, 34, 156539, 147881
4, 35, 150838, 155348
4, 36, 153787, 154995
4, 37, 155679, 158893
4, 38, 155643, 161092
4, 39, 148865, 151348
4, 40, 160137, 150048
4, 41, 156156, 153354
4, 42, 152952, 142920
4, 43, 157614, 156544
4, 44, 152991, 150087
4, 45, 151336, 152879
4, 46, 149832, 150544
4, 47, 186415, 149770
4, 48, 153016, 149842
4, 49, 154583, 158095
4, 50, 162135, 147636
4, 51, 159945, 163379
4, 52, 154019, 146076
4, 53, 157117, 146630
4, 54, 159959, 152111
4, 55, 157690, 146771
4, 56, 169937, 167021
4, 57, 151430, 150740
4, 58, 159215, 146786
4, 59, 151676, 144836
4, 60, 151686, 149851
4, 61, 156746, 149520
4, 62, 153070, 145637
4, 63, 152715, 144851
4, 64, 152869, 144390
4, 65, 152469, 149173
4, 66, 154095, 146101
4, 67, 147557, 142771
4, 68, 156457, 147412
4, 69, 154764, 148705
4, 70, 148271, 143835
4, 71, 153164, 146088
4, 72, 158522, 146131
4, 73, 152846, 142944
4, 74, 159254, 147112
4, 75, 150765, 142822
4, 76, 155257, 148436
4, 77, 152821, 143357
4, 78, 158182, 146535
4, 79, 148463, 143970
4, 80, 149328, 147086
4, 81, 156968, 147930
4, 82, 153973, 146751
4, 83, 153608, 146351
4, 84, 157642, 143128
4, 85, 154451, 147275
4, 86, 156356, 144885
4, 87, 153939, 162999
4, 88, 155428, 147239
4, 89, 151536, 149738
4, 90, 153620, 144303
4, 91, 155041, 147114
4, 92, 159461, 145705
4, 93, 152213, 148373
4, 94, 156388, 150670
4, 95, 155249, 147827
4, 96, 154808, 150165
4, 97, 150679, 149630
4, 98, 163325, 153399
4, 99, 151026, 144471
4, 100, 151101, 146542
4, 101, 154028, 146887
4, 102, 150231, 145658
4, 103, 151659, 147905
4, 104, 152804, 143453
4, 105, 152779, 143600
4, 106, 155704, 146577
4, 107, 162126, 153588
4, 108, 154231, 146836
4, 109, 150212, 156639
4, 110, 152613, 146066
4, 111, 152180, 150895
4, 112, 155138, 148523
4, 113, 152015, 147136
4, 114, 148533, 147191
4, 115, 160206, 147314
4, 116, 154799, 148158
4, 117, 164616, 151994
4, 118, 153849, 150442
4, 119, 152896, 149153
4, 120, 153966, 144098
4, 121, 149849, 150997
4, 122, 150818, 143904
4, 123, 155310, 144076
4, 124, 163797, 145970
4, 125, 152267, 146429
4, 126, 160261, 154846
4, 127, 152714, 149284
4, 128, 151045, 146875
4, 129, 159152, 147898
4, 130, 152252, 145988
4, 131, 159335, 148153
4, 132, 154878, 144267
4, 133, 159018, 145494
4, 134, 154425, 147132
4, 135, 155565, 158503
4, 136, 150281, 148443
4, 137, 152396, 151226
4, 138, 156962, 146593
4, 139, 157935, 149551
4, 140, 148642, 145273
4, 141, 156089, 163433
4, 142, 156486, 146290
4, 143, 152702, 144165
4, 144, 156414, 144256
4, 145, 158010, 146465
4, 146, 156522, 147278
4, 147, 154956, 145256
4, 148, 160705, 145435
4, 149, 154382, 148875
4, 150, 145691, 144267
8, 1, 152706, 152434
8, 2, 154667, 156798
8, 3, 149940, 154345
8, 4, 154516, 145755
8, 5, 171368, 167855
8, 6, 153858, 150211
8, 7, 149700, 153078
8, 8, 152442, 143295
8, 9, 158639, 146034
8, 10, 151915, 148475
8, 11, 163949, 148062
8, 12, 163260, 148613
8, 13, 149660, 148076
8, 14, 152831, 146810
8, 15, 149237, 148913
8, 16, 153465, 156892
8, 17, 154395, 148647
8, 18, 151071, 144808
8, 19, 150712, 144459
8, 20, 152355, 148852
8, 21, 159935, 146457
8, 22, 152259, 146387
8, 23, 158866, 153166
8, 24, 150837, 149438
8, 25, 155980, 147148
8, 26, 154879, 155453
8, 27, 154668, 147490
8, 28, 157846, 145148
8, 29, 154112, 150006
8, 30, 155867, 149556
8, 31, 153873, 145991
8, 32, 151277, 146945
8, 33, 181366, 147249
8, 34, 152177, 149326
8, 35, 160872, 146545
8, 36, 152345, 148714
8, 37, 151086, 145871
8, 38, 166090, 149275
8, 39, 158633, 147967
8, 40, 153094, 142542
8, 41, 154781, 149818
8, 42, 155056, 146016
8, 43, 151848, 151303
8, 44, 152576, 145094
8, 45, 152078, 147221
8, 46, 165917, 147540
8, 47, 152927, 153607
8, 48, 153933, 147058
8, 49, 153987, 147823
8, 50, 154522, 145522
8, 51, 158159, 147913
8, 52, 156592, 146179
8, 53, 154379, 147876
8, 54, 152000, 146806
8, 55, 156640, 146235
8, 56, 156997, 147980
8, 57, 153046, 146512
8, 58, 152794, 160326
8, 59, 176295, 145524
8, 60, 152296, 149915
8, 61, 154510, 145908
8, 62, 151492, 148636
8, 63, 151317, 144748
8, 64, 153224, 143786
8, 65, 153908, 151401
8, 66, 161740, 171892
8, 67, 153560, 150652
8, 68, 156949, 144513
8, 69, 156417, 149475
8, 70, 151444, 147542
8, 71, 153042, 150217
8, 72, 154116, 169054
8, 73, 159873, 145718
8, 74, 154894, 144069
8, 75, 146675, 143240
8, 76, 163141, 147524
8, 77, 153274, 146937
8, 78, 151977, 144747
8, 79, 154511, 146984
8, 80, 148873, 145338
8, 81, 152407, 152006
8, 82, 151121, 145953
8, 83, 151710, 147650
8, 84, 155098, 149373
8, 85, 150496, 143785
8, 86, 161587, 143707
8, 87, 152376, 145797
8, 88, 155828, 148276
8, 89, 153772, 146029
8, 90, 152359, 147636
8, 91, 147973, 143373
8, 92, 161466, 145183
8, 93, 152190, 153014
8, 94, 149369, 151126
8, 95, 154416, 145897
8, 96, 158680, 146004
8, 97, 152103, 145336
8, 98, 165303, 145923
8, 99, 155398, 147835
8, 100, 157399, 147318
8, 101, 151730, 145734
8, 102, 157751, 152649
8, 103, 152417, 155107
8, 104, 156243, 146485
8, 105, 150226, 151495
8, 106, 151670, 147731
8, 107, 152502, 148236
8, 108, 158336, 142363
8, 109, 150741, 148213
8, 110, 154351, 152110
8, 111, 163050, 162201
8, 112, 158260, 150155
8, 113, 150944, 148309
8, 114, 153203, 150901
8, 115, 152511, 148501
8, 116, 189643, 151880
8, 117, 153574, 149836
8, 118, 153820, 149728
8, 119, 147308, 147614
8, 120, 151132, 144718
8, 121, 153468, 148969
8, 122, 152553, 144201
8, 123, 156066, 145508
8, 124, 153402, 145397
8, 125, 146584, 143157
8, 126, 156651, 147792
8, 127, 153832, 150477
8, 128, 150972, 146064
8, 129, 155036, 148760
8, 130, 151071, 148364
8, 131, 157643, 144875
8, 132, 153654, 146100
8, 133, 158086, 147949
8, 134, 150694, 145313
8, 135, 155924, 147520
8, 136, 150363, 145384
8, 137, 152352, 147891
8, 138, 154947, 146880
8, 139, 152649, 145275
8, 140, 152126, 158571
8, 141, 145872, 144156
8, 142, 152036, 150198
8, 143, 151705, 144362
8, 144, 151923, 148789
8, 145, 150042, 143091
8, 146, 154135, 146549
8, 147, 154084, 144391
8, 148, 158833, 145057
8, 149, 154818, 148459
8, 150, 154210, 150367
16, 1, 154506, 148214
16, 2, 153739, 147550
16, 3, 153971, 149282
16, 4, 153082, 146867
16, 5, 156596, 146512
16, 6, 154162, 146235
16, 7, 153882, 145699
16, 8, 153498, 148351
16, 9, 153695, 149468
16, 10, 153856, 145222
16, 11, 154625, 149315
16, 12, 151775, 147400
16, 13, 153968, 147911
16, 14, 152816, 149160
16, 15, 151682, 148299
16, 16, 151350, 145397
16, 17, 150070, 145881
16, 18, 152147, 146300
16, 19, 151636, 146998
16, 20, 150310, 145123
16, 21, 152675, 149647
16, 22, 156015, 148537
16, 23, 151525, 145546
16, 24, 151223, 146140
16, 25, 152239, 149277
16, 26, 153693, 149332
16, 27, 151779, 146972
16, 28, 149279, 144217
16, 29, 158505, 146555
16, 30, 150708, 145811
16, 31, 150991, 145993
16, 32, 154709, 147783
16, 33, 153016, 146352
16, 34, 149828, 147693
16, 35, 149932, 147646
16, 36, 149084, 146845
16, 37, 153003, 146235
16, 38, 150562, 143528
16, 39, 150639, 147696
16, 40, 147366, 146622
16, 41, 152833, 149145
16, 42, 154911, 146031
16, 43, 149925, 146657
16, 44, 156250, 150357
16, 45, 155398, 147068
16, 46, 156148, 146972
16, 47, 150017, 146816
16, 48, 153373, 146071
16, 49, 148817, 143430
16, 50, 152993, 146715
16, 51, 153334, 146317
16, 52, 149499, 146580
16, 53, 149822, 146284
16, 54, 152877, 146118
16, 55, 154549, 147863
16, 56, 152630, 145753
16, 57, 148543, 146894
16, 58, 150127, 144917
16, 59, 153811, 146012
16, 60, 151041, 148412
16, 61, 152681, 146932
16, 62, 154766, 154085
16, 63, 151563, 146576
16, 64, 155161, 146560
16, 65, 153637, 148864
16, 66, 151351, 145655
16, 67, 151787, 148221
16, 68, 158351, 146539
16, 69, 154463, 148021
16, 70, 153155, 149892
16, 71, 152238, 147605
16, 72, 153852, 147330
16, 73, 150866, 144630
16, 74, 154510, 148770
16, 75, 154452, 146607
16, 76, 150227, 149359
16, 77, 151820, 148015
16, 78, 152443, 147201
16, 79, 151560, 146493
16, 80, 155347, 145763
16, 81, 155320, 148117
16, 82, 152094, 149510
16, 83, 150377, 145357
16, 84, 151289, 146280
16, 85, 149425, 145256
16, 86, 152869, 149939
16, 87, 153437, 150268
16, 88, 151464, 146254
16, 89, 156759, 145859
16, 90, 151486, 148618
16, 91, 154208, 144813
16, 92, 152527, 142423
16, 93, 156691, 145626
16, 94, 151287, 146639
16, 95, 154732, 152999
16, 96, 152243, 144439
16, 97, 152681, 147105
16, 98, 153871, 147467
16, 99, 152606, 145727
16, 100, 153229, 145542
16, 101, 152106, 146372
16, 102, 151216, 147310
16, 103, 150606, 147015
16, 104, 150373, 145307
16, 105, 145700, 150995
16, 106, 150719, 149242
16, 107, 150015, 146958
16, 108, 152974, 148623
16, 109, 154320, 143688
16, 110, 152205, 146064
16, 111, 153914, 148900
16, 112, 152830, 143923
16, 113, 153887, 149679
16, 114, 151349, 145441
16, 115, 153462, 146082
16, 116, 154572, 145832
16, 117, 152452, 150907
16, 118, 151069, 145339
16, 119, 152341, 146861
16, 120, 153301, 149759
16, 121, 152435, 148062
16, 122, 152022, 148095
16, 123, 151950, 146675
16, 124, 152732, 148889
16, 125, 151442, 145654
16, 126, 153586, 145308
16, 127, 168708, 148368
16, 128, 153585, 148910
16, 129, 150800, 145775
16, 130, 152288, 147602
16, 131, 152733, 145313
16, 132, 152505, 145857
16, 133, 152356, 144463
16, 134, 150570, 145596
16, 135, 153144, 145730
16, 136, 152972, 143117
16, 137, 152215, 143794
16, 138, 153486, 148682
16, 139, 153399, 149981
16, 140, 151504, 145618
16, 141, 152956, 150425
16, 142, 146516, 143161
16, 143, 151351, 143363
16, 144, 153084, 147533
16, 145, 153313, 151843
16, 146, 153002, 146492
16, 147, 147460, 150013
16, 148, 149069, 149307
16, 149, 153348, 145870
16, 150, 154325, 148555
32, 1, 151443, 145914
32, 2, 153459, 146376
32, 3, 149732, 145759
32, 4, 150043, 144193
32, 5, 155272, 145306
32, 6, 151507, 143296
32, 7, 151277, 146321
32, 8, 151426, 147440
32, 9, 156080, 145465
32, 10, 150155, 145350
32, 11, 159511, 146686
32, 12, 157437, 145008
32, 13, 152858, 146786
32, 14, 158933, 159981
32, 15, 150541, 148475
32, 16, 154833, 145827
32, 17, 154242, 146805
32, 18, 154723, 146638
32, 19, 152500, 145017
32, 20, 156699, 146400
32, 21, 152727, 144398
32, 22, 157526, 145712
32, 23, 149452, 149643
32, 24, 151683, 145609
32, 25, 154771, 149835
32, 26, 149316, 145422
32, 27, 153246, 145993
32, 28, 151195, 145526
32, 29, 153226, 148989
32, 30, 151605, 149297
32, 31, 151264, 146376
32, 32, 152314, 146548
32, 33, 152584, 144677
32, 34, 152739, 145876
32, 35, 153456, 145139
32, 36, 154256, 145400
32, 37, 153231, 144961
32, 38, 154466, 145597
32, 39, 155439, 149131
32, 40, 152295, 143140
32, 41, 153406, 149213
32, 42, 153115, 146988
32, 43, 151029, 144357
32, 44, 152453, 147262
32, 45, 152417, 159094
32, 46, 152212, 146382
32, 47, 150507, 146332
32, 48, 152966, 148277
32, 49, 151015, 145131
32, 50, 152118, 145249
32, 51, 150630, 146231
32, 52, 152893, 148727
32, 53, 154590, 148862
32, 54, 152781, 144859
32, 55, 150106, 146588
32, 56, 149966, 156515
32, 57, 154140, 145755
32, 58, 151275, 145771
32, 59, 162096, 155734
32, 60, 164428, 148220
32, 61, 158779, 146269
32, 62, 152824, 149024
32, 63, 152197, 147916
32, 64, 150586, 152255
32, 65, 152651, 145942
32, 66, 152183, 144341
32, 67, 152898, 148871
32, 68, 153767, 149929
32, 69, 151243, 145146
32, 70, 151945, 146856
32, 71, 148151, 149994
32, 72, 153739, 148901
32, 73, 151051, 146942
32, 74, 153536, 147439
32, 75, 148567, 145636
32, 76, 153601, 148508
32, 77, 153260, 147815
32, 78, 149216, 146231
32, 79, 152860, 144517
32, 80, 151585, 146551
32, 81, 152692, 150102
32, 82, 152400, 146985
32, 83, 149501, 146388
32, 84, 151890, 145498
32, 85, 152170, 148590
32, 86, 153994, 145610
32, 87, 153348, 143388
32, 88, 153031, 149361
32, 89, 150527, 146027
32, 90, 150780, 146146
32, 91, 149128, 145098
32, 92, 155211, 148909
32, 93, 152822, 145564
32, 94, 150141, 146418
32, 95, 152691, 148510
32, 96, 147572, 149181
32, 97, 153474, 148839
32, 98, 152660, 148230
32, 99, 152683, 145980
32, 100, 154812, 145428
32, 101, 153129, 144737
32, 102, 158834, 147333
32, 103, 152407, 146102
32, 104, 153286, 146726
32, 105, 155004, 145201
32, 106, 152176, 146372
32, 107, 153450, 148919
32, 108, 152076, 144951
32, 109, 154163, 145233
32, 110, 152278, 148145
32, 111, 150444, 145291
32, 112, 152558, 147446
32, 113, 150983, 146377
32, 114, 153352, 145262
32, 115, 155727, 147928
32, 116, 154193, 149153
32, 117, 152025, 146318
32, 118, 153198, 148867
32, 119, 153397, 149445
32, 120, 150678, 146012
32, 121, 153649, 150647
32, 122, 153714, 147271
32, 123, 150600, 147679
32, 124, 148470, 144809
32, 125, 154066, 146621
32, 126, 155018, 145630
32, 127, 153954, 145468
32, 128, 153909, 144269
32, 129, 149711, 146967
32, 130, 153180, 146128
32, 131, 151787, 147137
32, 132, 148570, 146938
32, 133, 155529, 150250
32, 134, 160232, 147826
32, 135, 148632, 146809
32, 136, 151185, 148462
32, 137, 160552, 144569
32, 138, 150861, 144914
32, 139, 148772, 144243
32, 140, 152358, 147850
32, 141, 148609, 145474
32, 142, 151268, 144725
32, 143, 153195, 145772
32, 144, 153678, 150656
32, 145, 153767, 145441
32, 146, 153182, 147312
32, 147, 151791, 165157
32, 148, 149200, 146676
32, 149, 155890, 147175
32, 150, 149925, 145030
64, 1, 156328, 143758
64, 2, 151524, 146641
64, 3, 149480, 145400
64, 4, 156978, 146332
64, 5, 155277, 147708
64, 6, 151090, 147357
64, 7, 152067, 145754
64, 8, 151184, 145602
64, 9, 153452, 143756
64, 10, 154372, 147756
64, 11, 152120, 148163
64, 12, 149590, 146085
64, 13, 152204, 146664
64, 14, 152394, 152724
64, 15, 154807, 145341
64, 16, 152962, 149587
64, 17, 152529, 145180
64, 18, 151464, 147294
64, 19, 150397, 146389
64, 20, 150557, 145623
64, 21, 147761, 147455
64, 22, 152862, 150976
64, 23, 150132, 147205
64, 24, 155375, 147873
64, 25, 150715, 145837
64, 26, 152671, 146139
64, 27, 151671, 145678
64, 28, 154702, 145151
64, 29, 155197, 147883
64, 30, 153124, 149437
64, 31, 150350, 150248
64, 32, 152835, 149499
64, 33, 147488, 147918
64, 34, 152651, 147293
64, 35, 152619, 146374
64, 36, 154518, 147415
64, 37, 149384, 148465
64, 38, 145204, 146462
64, 39, 154989, 147214
64, 40, 148291, 148872
64, 41, 154024, 144810
64, 42, 148640, 146266
64, 43, 153260, 143848
64, 44, 150629, 146823
64, 45, 158999, 145328
64, 46, 153993, 147451
64, 47, 152916, 165915
64, 48, 166108, 143759
64, 49, 146675, 166630
64, 50, 166341, 149689
64, 51, 150601, 147155
64, 52, 147174, 150021
64, 53, 151341, 161372
64, 54, 154369, 164551
64, 55, 148723, 154952
64, 56, 150828, 144967
64, 57, 155361, 147112
64, 58, 160104, 150352
64, 59, 151303, 151430
64, 60, 150668, 148668
64, 61, 155980, 147814
64, 62, 149172, 152549
64, 63, 182696, 180070
64, 64, 160107, 153908
64, 65, 148794, 144694
64, 66, 147770, 149339
64, 67, 154883, 154744
64, 68, 149028, 147729
64, 69, 171451, 145643
64, 70, 153229, 143326
64, 71, 154235, 144770
64, 72, 167227, 150384
64, 73, 158094, 144703
64, 74, 159732, 144371
64, 75, 154301, 143851
64, 76, 155743, 143377
64, 77, 152918, 146643
64, 78, 150993, 148053
64, 79, 153135, 157711
64, 80, 153351, 146403
64, 81, 152718, 145252
64, 82, 147452, 148271
64, 83, 152845, 148612
64, 84, 156069, 145729
64, 85, 154998, 146201
64, 86, 159145, 149685
64, 87, 150028, 149479
64, 88, 154333, 147469
64, 89, 151250, 148383
64, 90, 159284, 142382
64, 91, 156200, 145353
64, 92, 154503, 144807
64, 93, 153875, 146171
64, 94, 154673, 148537
64, 95, 154751, 145054
64, 96, 153693, 144734
64, 97, 151453, 147150
64, 98, 158411, 144640
64, 99, 156868, 142695
64, 100, 156469, 146495
64, 101, 158578, 143683
64, 102, 156520, 143751
64, 103, 155849, 146004
64, 104, 156909, 143566
64, 105, 157834, 145932
64, 106, 151930, 147249
64, 107, 151861, 144215
64, 108, 153052, 150428
64, 109, 152066, 143444
64, 110, 152336, 145901
64, 111, 151866, 149331
64, 112, 150303, 145604
64, 113, 152821, 147787
64, 114, 161289, 143817
64, 115, 164121, 147567
64, 116, 163791, 156318
64, 117, 160437, 160231
64, 118, 151755, 149393
64, 119, 156288, 144469
64, 120, 155528, 147510
64, 121, 148438, 143909
64, 122, 163685, 146301
64, 123, 156983, 148704
64, 124, 160982, 146929
64, 125, 163772, 155516
64, 126, 161671, 144386
64, 127, 167440, 154864
64, 128, 165008, 158037
64, 129, 159962, 143198
64, 130, 159808, 153963
64, 131, 153928, 144620
64, 132, 147919, 144676
64, 133, 160367, 148782
64, 134, 154473, 148941
64, 135, 147265, 163510
64, 136, 192282, 152386
64, 137, 182336, 151048
64, 138, 178708, 145810
64, 139, 196640, 154247
64, 140, 160859, 146698
64, 141, 147352, 143122
64, 142, 148772, 146660
64, 143, 160736, 146324
64, 144, 157442, 148909
64, 145, 154644, 147014
64, 146, 152668, 144747
64, 147, 154105, 144061
64, 148, 154238, 144100
64, 149, 173347, 147613
64, 150, 157315, 144431
128, 1, 147833, 143684
128, 2, 151528, 145626
128, 3, 154788, 147293
128, 4, 152718, 148463
128, 5, 154947, 146383
128, 6, 146736, 143112
128, 7, 152099, 146586
128, 8, 155220, 148049
128, 9, 172445, 152158
128, 10, 178861, 165430
128, 11, 176072, 152270
128, 12, 181790, 145750
128, 13, 158098, 144445
128, 14, 170431, 143624
128, 15, 169184, 146602
128, 16, 165204, 148839
128, 17, 165274, 145478
128, 18, 147747, 147313
128, 19, 162181, 144034
128, 20, 161451, 160423
128, 21, 181045, 156824
128, 22, 165562, 153478
128, 23, 159330, 146146
128, 24, 153019, 143118
128, 25, 156161, 145631
128, 26, 155758, 147137
128, 27, 155371, 145992
128, 28, 150349, 146839
128, 29, 152583, 146010
128, 30, 155751, 144252
128, 31, 152881, 154344
128, 32, 164354, 143826
128, 33, 166149, 150081
128, 34, 157601, 146980
128, 35, 162599, 174527
128, 36, 167409, 147767
128, 37, 163903, 150413
128, 38, 171578, 156069
128, 39, 157572, 143592
128, 40, 170470, 144939
128, 41, 147931, 143388
128, 42, 160410, 144373
128, 43, 159347, 145550
128, 44, 148270, 142683
128, 45, 165713, 146805
128, 46, 149553, 146674
128, 47, 152918, 148096
128, 48, 150632, 146362
128, 49, 158628, 146095
128, 50, 153941, 146664
128, 51, 150399, 144370
128, 52, 154854, 143745
128, 53, 155465, 144386
128, 54, 151302, 143535
128, 55, 151836, 143964
128, 56, 187867, 144003
128, 57, 163428, 148985
128, 58, 162196, 152395
128, 59, 154855, 147956
128, 60, 148894, 147645
128, 61, 150443, 161346
128, 62, 167549, 165760
128, 63, 166363, 150810
128, 64, 157392, 160158
128, 65, 170619, 145197
128, 66, 151753, 151173
128, 67, 152443, 147461
128, 68, 152581, 147821
128, 69, 151051, 147994
128, 70, 154178, 147464
128, 71, 156418, 145154
128, 72, 154946, 147192
128, 73, 160157, 143059
128, 74, 175169, 148151
128, 75, 161259, 146096
128, 76, 154940, 143980
128, 77, 157423, 143502
128, 78, 155855, 146908
128, 79, 156170, 143017
128, 80, 150714, 146923
128, 81, 156061, 145830
128, 82, 159022, 144519
128, 83, 165811, 144469
128, 84, 191972, 150533
128, 85, 150183, 145230
128, 86, 159064, 149855
128, 87, 185668, 164736
128, 88, 174771, 146500
128, 89, 179590, 144379
128, 90, 163541, 168651
128, 91, 193496, 144236
128, 92, 160547, 144408
128, 93, 184699, 157419
128, 94, 166986, 144628
128, 95, 153551, 160208
128, 96, 165827, 147734
128, 97, 167790, 145384
128, 98, 162308, 143804
128, 99, 161726, 147859
128, 100, 150836, 166673
128, 101, 150057, 167651
128, 102, 157898, 147596
128, 103, 155327, 144716
128, 104, 156182, 143434
128, 105, 165002, 148531
128, 106, 163574, 159985
128, 107, 146880, 159048
128, 108, 153739, 146920
128, 109, 155911, 147042
128, 110, 152256, 146454
128, 111, 155431, 173399
128, 112, 181993, 144938
128, 113, 165876, 147279
128, 114, 155654, 155481
128, 115, 186096, 148270
128, 116, 158307, 144206
128, 117, 147115, 146764
128, 118, 160693, 149737
128, 119, 148210, 149308
128, 120, 191268, 147392
128, 121, 147300, 143234
128, 122, 148456, 144111
128, 123, 150964, 147158
128, 124, 155313, 164962
128, 125, 156017, 146282
128, 126, 152311, 145996
128, 127, 150070, 146973
128, 128, 169573, 144199
128, 129, 173673, 153729
128, 130, 156351, 143814
128, 131, 153041, 152779
128, 132, 154692, 146726
128, 133, 150710, 144508
128, 134, 151347, 148252
128, 135, 153979, 148468
128, 136, 153741, 148127
128, 137, 153657, 147876
128, 138, 153546, 145032
128, 139, 152997, 144294
128, 140, 156564, 146075
128, 141, 153914, 149275
128, 142, 153367, 147692
128, 143, 150964, 146859
128, 144, 155392, 146329
128, 145, 151128, 147990
128, 146, 151048, 145296
128, 147, 151679, 144723
128, 148, 147982, 146935
128, 149, 146164, 143179
128, 150, 153474, 148609
256, 1, 155128, 146294
256, 2, 154158, 142734
256, 3, 157365, 142843
256, 4, 156350, 143617
256, 5, 154121, 142762
256, 6, 156076, 144161
256, 7, 153088, 145211
256, 8, 160961, 148190
256, 9, 155680, 144904
256, 10, 157573, 145281
256, 11, 151004, 145996
256, 12, 158891, 142729
256, 13, 153400, 142846
256, 14, 150113, 146042
256, 15, 149251, 146222
256, 16, 158150, 146241
256, 17, 154088, 146175
256, 18, 156516, 142443
256, 19, 148184, 145986
256, 20, 155642, 145439
256, 21, 154817, 144133
256, 22, 149864, 146287
256, 23, 154391, 145138
256, 24, 155611, 145751
256, 25, 151316, 146349
256, 26, 156640, 145299
256, 27, 152816, 143393
256, 28, 159268, 142625
256, 29, 149861, 145500
256, 30, 150525, 145925
256, 31, 152821, 145171
256, 32, 154578, 154664
256, 33, 158345, 147274
256, 34, 152282, 144992
256, 35, 149364, 151334
256, 36, 155189, 146405
256, 37, 149921, 145742
256, 38, 156679, 144248
256, 39, 158565, 143529
256, 40, 157487, 144805
256, 41, 154881, 146163
256, 42, 158455, 147960
256, 43, 154362, 145512
256, 44, 151874, 146058
256, 45, 158061, 143510
256, 46, 155552, 145438
256, 47, 154812, 144771
256, 48, 151149, 144659
256, 49, 157551, 145896
256, 50, 155718, 144190
256, 51, 154611, 145651
256, 52, 156547, 146792
256, 53, 155190, 144553
256, 54, 155389, 145411
256, 55, 155928, 143228
256, 56, 155336, 144824
256, 57, 156118, 144859
256, 58, 151350, 144809
256, 59, 153356, 146503
256, 60, 151773, 146038
256, 61, 154182, 145610
256, 62, 155637, 144846
256, 63, 154593, 146058
256, 64, 156120, 143276
256, 65, 154959, 143023
256, 66, 158986, 156379
256, 67, 152719, 144802
256, 68, 149737, 145412
256, 69, 155189, 146602
256, 70, 156450, 144396
256, 71, 150012, 145956
256, 72, 155055, 144113
256, 73, 158592, 145270
256, 74, 156279, 147143
256, 75, 150757, 151571
256, 76, 156332, 146187
256, 77, 154035, 144941
256, 78, 155863, 146036
256, 79, 155046, 146389
256, 80, 152716, 146070
256, 81, 152693, 142808
256, 82, 155794, 143345
256, 83, 151255, 146493
256, 84, 152254, 145730
256, 85, 155699, 145709
256, 86, 153366, 145337
256, 87, 155770, 146051
256, 88, 151712, 143187
256, 89, 157633, 145103
256, 90, 153619, 145089
256, 91, 153975, 143691
256, 92, 157850, 144831
256, 93, 157595, 143575
256, 94, 159898, 147693
256, 95, 151204, 145857
256, 96, 149967, 149722
256, 97, 158199, 147481
256, 98, 159116, 144652
256, 99, 155298, 146513
256, 100, 153720, 145376
256, 101, 153287, 144885
256, 102, 157866, 145905
256, 103, 152670, 145484
256, 104, 153782, 144782
256, 105, 160001, 145415
256, 106, 163098, 144843
256, 107, 153896, 145170
256, 108, 154508, 143073
256, 109, 158738, 142967
256, 110, 156641, 143227
256, 111, 158083, 145837
256, 112, 152853, 146392
256, 113, 154750, 143206
256, 114, 157563, 144669
256, 115, 155544, 143116
256, 116, 155528, 144844
256, 117, 155995, 145342
256, 118, 153249, 146762
256, 119, 154607, 144422
256, 120, 156012, 145334
256, 121, 156154, 147055
256, 122, 154933, 142189
256, 123, 156108, 143578
256, 124, 154549, 145735
256, 125, 154569, 144716
256, 126, 157631, 144995
256, 127, 154516, 142767
256, 128, 157818, 143001
256, 129, 155521, 146317
256, 130, 154816, 146023
256, 131, 153207, 145047
256, 132, 157855, 144860
256, 133, 161279, 143357
256, 134, 153581, 153658
256, 135, 152459, 143272
256, 136, 159340, 146731
256, 137, 153213, 145584
256, 138, 153710, 146124
256, 139, 156247, 146769
256, 140, 153757, 145451
256, 141, 155760, 146830
256, 142, 155990, 145309
256, 143, 150666, 145281
256, 144, 156707, 143627
256, 145, 150786, 146482
256, 146, 155780, 144512
256, 147, 160386, 145441
256, 148, 150030, 148240
256, 149, 153209, 155111
256, 150, 154195, 145244
512, 1, 163394, 142513
512, 2, 159237, 146838
512, 3, 164199, 143003
512, 4, 157581, 143395
512, 5, 154532, 143347
512, 6, 161154, 142748
512, 7, 155888, 146279
512, 8, 162433, 142973
512, 9, 160142, 144978
512, 10, 162691, 143058
512, 11, 158796, 145195
512, 12, 164665, 144425
512, 13, 155808, 145772
512, 14, 157194, 144855
512, 15, 161048, 143150
512, 16, 162813, 144679
512, 17, 152982, 143119
512, 18, 156625, 145914
512, 19, 162157, 143756
512, 20, 158892, 144781
512, 21, 161996, 142925
512, 22, 162542, 144238
512, 23, 155482, 145172
512, 24, 160851, 142955
512, 25, 162709, 144484
512, 26, 152858, 145927
512, 27, 163186, 142700
512, 28, 160928, 142415
512, 29, 154169, 142450
512, 30, 158942, 144570
512, 31, 157361, 143174
512, 32, 163622, 141989
512, 33, 158903, 143505
512, 34, 153782, 144672
512, 35, 159812, 145204
512, 36, 160649, 143569
512, 37, 153527, 152748
512, 38, 154935, 143084
512, 39, 157078, 144466
512, 40, 165048, 143350
512, 41, 156910, 145477
512, 42, 157260, 144742
512, 43, 164100, 143013
512, 44, 156699, 145974
512, 45, 162937, 143344
512, 46, 161198, 142733
512, 47, 161763, 143228
512, 48, 160363, 144643
512, 49, 156671, 144893
512, 50, 163907, 143589
512, 51, 162218, 142924
512, 52, 162602, 143876
512, 53, 158625, 145584
512, 54, 160936, 142759
512, 55, 164479, 142758
512, 56, 161735, 142219
512, 57, 163562, 144452
512, 58, 160962, 143217
512, 59, 156646, 145512
512, 60, 155549, 142742
512, 61, 155152, 142747
512, 62, 158934, 144292
512, 63, 157857, 145195
512, 64, 162328, 144923
512, 65, 163926, 144064
512, 66, 158020, 143457
512, 67, 160337, 144028
512, 68, 156028, 145674
512, 69, 155551, 142978
512, 70, 158791, 145451
512, 71, 158438, 152707
512, 72, 162120, 143652
512, 73, 161373, 143259
512, 74, 155110, 142570
512, 75, 162168, 143590
512, 76, 155325, 143039
512, 77, 154773, 143322
512, 78, 160425, 143302
512, 79, 163376, 144020
512, 80, 151749, 143246
512, 81, 169920, 145122
512, 82, 160223, 144872
512, 83, 164487, 142445
512, 84, 220228, 143051
512, 85, 155400, 145302
512, 86, 156675, 145100
512, 87, 155544, 147381
512, 88, 158438, 143098
512, 89, 158171, 144808
512, 90, 155982, 146008
512, 91, 153299, 145099
512, 92, 157281, 144886
512, 93, 156027, 145845
512, 94, 155067, 148419
512, 95, 153203, 145638
512, 96, 158713, 143052
512, 97, 155279, 143681
512, 98, 161954, 142660
512, 99, 158761, 144909
512, 100, 160675, 143377
512, 101, 160707, 142689
512, 102, 160380, 145960
512, 103, 157428, 145520
512, 104, 156297, 143016
512, 105, 163636, 143521
512, 106, 160966, 143156
512, 107, 160329, 146145
512, 108, 163985, 145175
512, 109, 156327, 143380
512, 110, 162029, 143491
512, 111, 156623, 143150
512, 112, 157577, 145000
512, 113, 157599, 144353
512, 114, 156556, 145106
512, 115, 161651, 143456
512, 116, 161804, 143826
512, 117, 161593, 145624
512, 118, 162323, 142575
512, 119, 160910, 143528
512, 120, 158982, 145056
512, 121, 155686, 142296
512, 122, 156706, 145836
512, 123, 161974, 143283
512, 124, 166625, 145490
512, 125, 156597, 147964
512, 126, 155592, 143366
512, 127, 157530, 145035
512, 128, 156563, 145935
512, 129, 158492, 143988
512, 130, 156464, 144646
512, 131, 163231, 142485
512, 132, 160353, 143426
512, 133, 156050, 143514
512, 134, 160500, 144454
512, 135, 160632, 142208
512, 136, 157773, 142239
512, 137, 164665, 143020
512, 138, 156838, 147706
512, 139, 156261, 147143
512, 140, 155153, 143171
512, 141, 158959, 145383
512, 142, 156500, 144640
512, 143, 164366, 143404
512, 144, 155203, 146005
512, 145, 163378, 142461
512, 146, 165157, 146773
512, 147, 156225, 143416
512, 148, 162508, 142311
512, 149, 159895, 142943
512, 150, 153910, 145856
