nroThreads, iteracion, tiempoParal, tiempoSecu
1, 1, 215, 37
1, 2, 98, 33
1, 3, 99, 32
1, 4, 87, 32
1, 5, 86, 31
1, 6, 90, 31
1, 7, 86, 31
1, 8, 87, 32
1, 9, 88, 32
1, 10, 86, 31
1, 11, 85, 31
1, 12, 85, 31
1, 13, 85, 43
1, 14, 89, 31
1, 15, 86, 31
1, 16, 86, 31
1, 17, 85, 31
1, 18, 86, 31
1, 19, 86, 31
1, 20, 93, 40
1, 21, 93, 40
1, 22, 93, 40
1, 23, 200, 40
1, 24, 92, 40
1, 25, 92, 41
1, 26, 92, 40
1, 27, 125, 42
1, 28, 92, 41
1, 29, 93, 40
1, 30, 90, 40
1, 31, 89, 40
1, 32, 91, 40
1, 33, 90, 40
1, 34, 91, 40
1, 35, 91, 40
1, 36, 92, 41
1, 37, 92, 40
1, 38, 91, 40
1, 39, 89, 40
1, 40, 90, 40
1, 41, 107, 40
1, 42, 93, 40
1, 43, 93, 40
1, 44, 91, 40
1, 45, 94, 40
1, 46, 90, 40
1, 47, 90, 40
1, 48, 122, 40
1, 49, 89, 40
1, 50, 91, 40
1, 51, 90, 40
1, 52, 93, 40
1, 53, 93, 40
1, 54, 90, 40
1, 55, 92, 40
1, 56, 90, 40
1, 57, 91, 40
1, 58, 91, 40
1, 59, 91, 40
1, 60, 91, 40
1, 61, 93, 40
1, 62, 90, 40
1, 63, 91, 40
1, 64, 91, 40
1, 65, 90, 40
1, 66, 91, 41
1, 67, 92, 40
1, 68, 91, 40
1, 69, 104, 40
1, 70, 92, 40
1, 71, 91, 40
1, 72, 91, 40
1, 73, 90, 40
1, 74, 91, 40
1, 75, 90, 40
1, 76, 94, 40
1, 77, 90, 40
1, 78, 95, 47
1, 79, 95, 48
1, 80, 97, 48
1, 81, 96, 48
1, 82, 96, 48
1, 83, 97, 48
1, 84, 100, 48
1, 85, 95, 47
1, 86, 95, 48
1, 87, 95, 48
1, 88, 97, 48
1, 89, 96, 48
1, 90, 97, 49
1, 91, 98, 49
1, 92, 98, 48
1, 93, 96, 48
1, 94, 96, 48
1, 95, 95, 114
1, 96, 101, 48
1, 97, 97, 48
1, 98, 96, 47
1, 99, 96, 49
1, 100, 96, 48
1, 101, 95, 47
1, 102, 96, 47
1, 103, 96, 48
1, 104, 97, 48
1, 105, 96, 48
1, 106, 97, 48
1, 107, 96, 48
1, 108, 96, 48
1, 109, 96, 48
1, 110, 97, 48
1, 111, 97, 48
1, 112, 96, 48
1, 113, 98, 48
1, 114, 136, 47
1, 115, 99, 49
1, 116, 95, 48
1, 117, 96, 48
1, 118, 95, 48
1, 119, 96, 48
1, 120, 109, 48
1, 121, 98, 48
1, 122, 95, 47
1, 123, 97, 48
1, 124, 97, 48
1, 125, 94, 49
1, 126, 95, 48
1, 127, 96, 48
1, 128, 97, 48
1, 129, 156, 52
1, 130, 104, 49
1, 131, 96, 49
1, 132, 90, 41
1, 133, 90, 41
1, 134, 90, 41
1, 135, 90, 41
1, 136, 91, 41
1, 137, 92, 41
1, 138, 94, 41
1, 139, 92, 41
1, 140, 91, 41
1, 141, 89, 41
1, 142, 90, 41
1, 143, 89, 41
1, 144, 91, 41
1, 145, 92, 41
1, 146, 92, 51
1, 147, 93, 41
1, 148, 90, 41
1, 149, 89, 41
1, 150, 91, 41
2, 1, 148, 43
2, 2, 106, 41
2, 3, 105, 41
2, 4, 102, 41
2, 5, 103, 41
2, 6, 101, 41
2, 7, 103, 41
2, 8, 101, 41
2, 9, 101, 41
2, 10, 101, 41
2, 11, 102, 41
2, 12, 100, 41
2, 13, 104, 41
2, 14, 101, 41
2, 15, 102, 41
2, 16, 101, 41
2, 17, 101, 41
2, 18, 102, 41
2, 19, 102, 41
2, 20, 100, 41
2, 21, 102, 41
2, 22, 102, 53
2, 23, 106, 41
2, 24, 101, 41
2, 25, 101, 41
2, 26, 101, 41
2, 27, 102, 41
2, 28, 102, 41
2, 29, 132, 41
2, 30, 102, 41
2, 31, 110, 41
2, 32, 100, 41
2, 33, 103, 41
2, 34, 100, 41
2, 35, 102, 41
2, 36, 99, 41
2, 37, 101, 41
2, 38, 102, 41
2, 39, 101, 41
2, 40, 98, 41
2, 41, 101, 41
2, 42, 100, 41
2, 43, 103, 41
2, 44, 100, 41
2, 45, 101, 41
2, 46, 100, 41
2, 47, 101, 41
2, 48, 205, 41
2, 49, 104, 41
2, 50, 100, 41
2, 51, 100, 41
2, 52, 100, 41
2, 53, 101, 41
2, 54, 99, 41
2, 55, 100, 41
2, 56, 100, 41
2, 57, 110, 41
2, 58, 135, 41
2, 59, 104, 41
2, 60, 101, 41
2, 61, 102, 41
2, 62, 100, 41
2, 63, 102, 41
2, 64, 100, 41
2, 65, 102, 41
2, 66, 101, 41
2, 67, 100, 41
2, 68, 101, 40
2, 69, 102, 41
2, 70, 101, 42
2, 71, 102, 41
2, 72, 100, 41
2, 73, 114, 41
2, 74, 102, 41
2, 75, 103, 41
2, 76, 99, 41
2, 77, 101, 41
2, 78, 100, 41
2, 79, 100, 41
2, 80, 101, 41
2, 81, 101, 41
2, 82, 101, 41
2, 83, 6606, 55
2, 84, 10097, 52
2, 85, 149, 50
2, 86, 119, 48
2, 87, 10691, 38
2, 88, 97, 33
2, 89, 80, 33
2, 90, 79, 32
2, 91, 77, 32
2, 92, 77, 32
2, 93, 77, 32
2, 94, 77, 32
2, 95, 77, 32
2, 96, 76, 32
2, 97, 76, 32
2, 98, 77, 32
2, 99, 77, 32
2, 100, 76, 32
2, 101, 77, 32
2, 102, 74, 32
2, 103, 78, 32
2, 104, 76, 32
2, 105, 77, 32
2, 106, 78, 32
2, 107, 78, 32
2, 108, 76, 32
2, 109, 94, 32
2, 110, 87, 32
2, 111, 88, 32
2, 112, 85, 32
2, 113, 87, 32
2, 114, 87, 32
2, 115, 88, 32
2, 116, 87, 32
2, 117, 87, 32
2, 118, 159, 32
2, 119, 88, 32
2, 120, 86, 31
2, 121, 86, 31
2, 122, 85, 32
2, 123, 86, 31
2, 124, 87, 31
2, 125, 87, 32
2, 126, 86, 32
2, 127, 87, 31
2, 128, 85, 31
2, 129, 86, 32
2, 130, 86, 31
2, 131, 87, 31
2, 132, 85, 32
2, 133, 86, 32
2, 134, 87, 32
2, 135, 88, 32
2, 136, 86, 31
2, 137, 87, 31
2, 138, 87, 31
2, 139, 87, 32
2, 140, 88, 32
2, 141, 86, 32
2, 142, 87, 31
2, 143, 87, 32
2, 144, 84, 31
2, 145, 86, 31
2, 146, 86, 31
2, 147, 88, 31
2, 148, 86, 31
2, 149, 86, 32
2, 150, 86, 32
4, 1, 5892, 53
4, 2, 226, 49
4, 3, 8421, 44
4, 4, 3995, 32
4, 5, 190, 33
4, 6, 175, 32
4, 7, 169, 32
4, 8, 154, 32
4, 9, 189, 31
4, 10, 6075, 45
4, 11, 4537, 50
4, 12, 5359, 52
4, 13, 235, 49
4, 14, 2337, 48
4, 15, 3921, 52
4, 16, 6437, 46
4, 17, 7442, 33
4, 18, 3880, 43
4, 19, 5932, 34
4, 20, 5713, 35
4, 21, 2166, 34
4, 22, 1511, 69
4, 23, 211, 33
4, 24, 2098, 33
4, 25, 4119, 137
4, 26, 1369, 137
4, 27, 11924, 38
4, 28, 407, 32
4, 29, 335, 32
4, 30, 347, 31
4, 31, 381, 32
4, 32, 370, 31
4, 33, 160, 32
4, 34, 3705, 35
4, 35, 3526, 34
4, 36, 4391, 51
4, 37, 217, 44
4, 38, 6683, 79
4, 39, 7213, 36
4, 40, 1858, 36
4, 41, 3554, 53
4, 42, 220, 51
4, 43, 3613, 52
4, 44, 1665, 51
4, 45, 3797, 37
4, 46, 641, 36
4, 47, 5843, 51
4, 48, 4435, 37
4, 49, 4929, 36
4, 50, 23528, 41
4, 51, 2352, 34
4, 52, 820, 35
4, 53, 3072, 53
4, 54, 5262, 50
4, 55, 2590, 52
4, 56, 9740, 45
4, 57, 1213, 36
4, 58, 2878, 35
4, 59, 558, 34
4, 60, 1482, 47
4, 61, 3625, 34
4, 62, 720, 32
4, 63, 2025, 36
4, 64, 467, 33
4, 65, 17516, 40
4, 66, 10394, 38
4, 67, 560, 35
4, 68, 194, 36
4, 69, 3479, 36
4, 70, 3849, 52
4, 71, 735, 36
4, 72, 936, 35
4, 73, 677, 83
4, 74, 1898, 36
4, 75, 7083, 53
4, 76, 4278, 35
4, 77, 3403, 46
4, 78, 4384, 44
4, 79, 4211, 34
4, 80, 992, 35
4, 81, 393, 34
4, 82, 609, 33
4, 83, 246, 33
4, 84, 1040, 36
4, 85, 4016, 35
4, 86, 6220, 36
4, 87, 183, 33
4, 88, 157, 32
4, 89, 159, 32
4, 90, 167, 32
4, 91, 152, 32
4, 92, 158, 32
4, 93, 152, 32
4, 94, 212, 48
4, 95, 185, 50
4, 96, 189, 49
4, 97, 183, 49
4, 98, 3127, 34
4, 99, 212, 32
4, 100, 4307, 55
4, 101, 3258, 41
4, 102, 245, 41
4, 103, 412, 45
4, 104, 3463, 53
4, 105, 381, 49
4, 106, 3143, 53
4, 107, 210, 49
4, 108, 7692, 54
4, 109, 1558, 36
4, 110, 912, 78
4, 111, 235, 50
4, 112, 7468, 139
4, 113, 6000, 140
4, 114, 442, 36
4, 115, 950, 33
4, 116, 1553, 34
4, 117, 231, 34
4, 118, 464, 50
4, 119, 8299, 78
4, 120, 516, 52
4, 121, 2059, 35
4, 122, 7833, 43
4, 123, 226, 42
4, 124, 203, 40
4, 125, 3484, 52
4, 126, 238, 49
4, 127, 5845, 75
4, 128, 272, 50
4, 129, 594, 53
4, 130, 230, 49
4, 131, 4252, 52
4, 132, 2334, 34
4, 133, 182, 33
4, 134, 163, 33
4, 135, 165, 32
4, 136, 157, 32
4, 137, 159, 32
4, 138, 156, 32
4, 139, 156, 40
4, 140, 158, 32
4, 141, 405, 134
4, 142, 429, 35
4, 143, 4283, 45
4, 144, 324, 41
4, 145, 2248, 46
4, 146, 251, 36
4, 147, 456, 34
4, 148, 204, 32
4, 149, 5660, 35
4, 150, 181, 44
8, 1, 433, 34
8, 2, 392, 35
8, 3, 445, 44
8, 4, 416, 43
8, 5, 4415, 46
8, 6, 6253, 44
8, 7, 423, 44
8, 8, 3451, 45
8, 9, 453, 34
8, 10, 352, 34
8, 11, 421, 35
8, 12, 430, 35
8, 13, 372, 35
8, 14, 464, 35
8, 15, 3842, 36
8, 16, 535, 35
8, 17, 465, 35
8, 18, 385, 43
8, 19, 586, 45
8, 20, 524, 79
8, 21, 574, 45
8, 22, 720, 43
8, 23, 4755, 45
8, 24, 2599, 55
8, 25, 477, 35
8, 26, 382, 35
8, 27, 1153, 37
8, 28, 536, 34
8, 29, 497, 35
8, 30, 656, 35
8, 31, 617, 35
8, 32, 418, 35
8, 33, 606, 44
8, 34, 7340, 45
8, 35, 444, 52
8, 36, 665, 52
8, 37, 471, 52
8, 38, 2090, 52
8, 39, 3915, 52
8, 40, 612, 35
8, 41, 611, 34
8, 42, 482, 35
8, 43, 619, 34
8, 44, 471, 33
8, 45, 611, 34
8, 46, 670, 34
8, 47, 3668, 35
8, 48, 3746, 52
8, 49, 3903, 52
8, 50, 4122, 44
8, 51, 3924, 44
8, 52, 7814, 139
8, 53, 886, 36
8, 54, 641, 136
8, 55, 1961, 52
8, 56, 419, 34
8, 57, 371, 35
8, 58, 405, 35
8, 59, 352, 34
8, 60, 412, 34
8, 61, 350, 34
8, 62, 344, 34
8, 63, 363, 35
8, 64, 381, 34
8, 65, 3976, 44
8, 66, 399, 44
8, 67, 418, 43
8, 68, 408, 44
8, 69, 445, 42
8, 70, 393, 44
8, 71, 444, 42
8, 72, 1030, 44
8, 73, 447, 34
8, 74, 3449, 35
8, 75, 406, 35
8, 76, 346, 35
8, 77, 396, 34
8, 78, 345, 34
8, 79, 392, 34
8, 80, 347, 34
8, 81, 5342, 54
8, 82, 3928, 52
8, 83, 427, 52
8, 84, 393, 52
8, 85, 407, 52
8, 86, 2508, 53
8, 87, 463, 52
8, 88, 515, 52
8, 89, 460, 53
8, 90, 434, 51
8, 91, 452, 52
8, 92, 436, 51
8, 93, 432, 51
8, 94, 4197, 45
8, 95, 397, 34
8, 96, 357, 35
8, 97, 369, 34
8, 98, 735, 33
8, 99, 360, 34
8, 100, 409, 35
8, 101, 363, 35
8, 102, 356, 45
8, 103, 372, 35
8, 104, 361, 35
8, 105, 362, 34
8, 106, 364, 34
8, 107, 359, 35
8, 108, 359, 35
8, 109, 363, 35
8, 110, 363, 35
8, 111, 365, 34
8, 112, 381, 35
8, 113, 362, 34
8, 114, 349, 34
8, 115, 334, 35
8, 116, 341, 34
8, 117, 330, 34
8, 118, 349, 34
8, 119, 346, 35
8, 120, 355, 34
8, 121, 353, 34
8, 122, 1337, 35
8, 123, 352, 35
8, 124, 346, 35
8, 125, 347, 34
8, 126, 333, 34
8, 127, 1326, 44
8, 128, 417, 44
8, 129, 439, 44
8, 130, 397, 43
8, 131, 396, 44
8, 132, 374, 44
8, 133, 385, 43
8, 134, 379, 43
8, 135, 392, 43
8, 136, 522, 45
8, 137, 383, 44
8, 138, 387, 44
8, 139, 405, 44
8, 140, 386, 45
8, 141, 379, 44
8, 142, 422, 43
8, 143, 407, 43
8, 144, 4335, 45
8, 145, 430, 43
8, 146, 387, 44
8, 147, 384, 44
8, 148, 394, 45
8, 149, 2076, 43
8, 150, 587, 43
