nroThreads, iteracion, tiempoParal, tiempoSecu
1, 1, 184209, 179127
1, 2, 188204, 178792
1, 3, 188590, 178800
1, 4, 184031, 181029
1, 5, 188623, 178935
1, 6, 184046, 178868
1, 7, 184418, 183106
1, 8, 187641, 179401
1, 9, 183971, 178778
1, 10, 185786, 178943
1, 11, 184288, 178838
1, 12, 183947, 180443
1, 13, 188630, 179446
1, 14, 184154, 178894
1, 15, 184248, 181210
1, 16, 183913, 179157
1, 17, 183973, 178719
1, 18, 184983, 180586
1, 19, 183961, 178927
1, 20, 183939, 178651
1, 21, 185934, 179146
1, 22, 184083, 178880
1, 23, 183873, 179165
1, 24, 186732, 179054
1, 25, 184105, 178783
1, 26, 183853, 182371
1, 27, 184574, 179000
1, 28, 184485, 178696
1, 29, 184304, 181466
1, 30, 183918, 178897
1, 31, 184046, 178710
1, 32, 186628, 178792
1, 33, 186154, 178740
1, 34, 184128, 178916
1, 35, 185389, 178841
1, 36, 183970, 178805
1, 37, 183725, 181452
1, 38, 184233, 179141
1, 39, 184002, 178742
1, 40, 184401, 180580
1, 41, 183834, 178999
1, 42, 183820, 178608
1, 43, 186130, 178867
1, 44, 184437, 179237
1, 45, 185835, 178950
1, 46, 185691, 178805
1, 47, 184004, 179269
1, 48, 183766, 180585
1, 49, 183838, 178982
1, 50, 183993, 178671
1, 51, 184387, 179503
1, 52, 184334, 178960
1, 53, 184000, 178664
1, 54, 186471, 178921
1, 55, 183981, 178810
1, 56, 183984, 178944
1, 57, 188388, 178730
1, 58, 183980, 178809
1, 59, 188283, 184546
1, 60, 188616, 179087
1, 61, 183867, 178796
1, 62, 184642, 179618
1, 63, 183955, 179020
1, 64, 183884, 178675
1, 65, 186384, 178893
1, 66, 184268, 178844
1, 67, 183954, 179337
1, 68, 188545, 178938
1, 69, 183907, 178828
1, 70, 183709, 181594
1, 71, 187080, 179205
1, 72, 184105, 178760
1, 73, 184854, 183263
1, 74, 184762, 178833
1, 75, 183846, 179663
1, 76, 187115, 180411
1, 77, 183996, 178819
1, 78, 183981, 179434
1, 79, 188470, 178831
1, 80, 184166, 178706
1, 81, 183730, 181868
1, 82, 184670, 179125
1, 83, 183889, 178690
1, 84, 184933, 183210
1, 85, 187532, 178838
1, 86, 183882, 178754
1, 87, 187346, 181285
1, 88, 184282, 178768
1, 89, 184055, 179763
1, 90, 188566, 183187
1, 91, 184027, 178670
1, 92, 183852, 182212
1, 93, 188523, 179831
1, 94, 183917, 178716
1, 95, 185433, 180364
1, 96, 183887, 178919
1, 97, 183916, 178818
1, 98, 187443, 178801
1, 99, 185055, 178788
1, 100, 184231, 180244
1, 101, 188527, 178795
1, 102, 183921, 178710
1, 103, 184029, 182392
1, 104, 184017, 179059
1, 105, 183879, 178721
1, 106, 185368, 179013
1, 107, 184059, 178779
1, 108, 184041, 178999
1, 109, 187093, 178867
1, 110, 184087, 178945
1, 111, 183863, 180282
1, 112, 185278, 178738
1, 113, 183946, 178696
1, 114, 184106, 182370
1, 115, 188161, 178937
1, 116, 183867, 179258
1, 117, 185716, 182981
1, 118, 183872, 178697
1, 119, 183812, 178834
1, 120, 185910, 178822
1, 121, 184408, 178713
1, 122, 183988, 180442
1, 123, 184667, 178854
1, 124, 183964, 178794
1, 125, 184051, 180795
1, 126, 183803, 179121
1, 127, 183988, 178762
1, 128, 185827, 183249
1, 129, 185863, 178809
1, 130, 183869, 179032
1, 131, 186925, 178762
1, 132, 184082, 178747
1, 133, 183938, 180498
1, 134, 187372, 178918
1, 135, 183922, 178675
1, 136, 184287, 182211
1, 137, 183799, 178940
1, 138, 183797, 178937
1, 139, 185911, 183239
1, 140, 186282, 178728
1, 141, 183865, 179017
1, 142, 187969, 178746
1, 143, 186312, 178773
1, 144, 183882, 181122
1, 145, 188688, 179068
1, 146, 184013, 178719
1, 147, 184097, 179301
1, 148, 184205, 179061
1, 149, 183841, 178816
1, 150, 185178, 178694
2, 1, 183555, 178753
2, 2, 183414, 178827
2, 3, 183617, 178845
2, 4, 183200, 178663
2, 5, 183159, 181096
2, 6, 183614, 179037
2, 7, 183931, 178760
2, 8, 183352, 180898
2, 9, 183590, 179301
2, 10, 183635, 178730
2, 11, 185663, 182156
2, 12, 183471, 179166
2, 13, 183270, 179018
2, 14, 185597, 178626
2, 15, 183053, 178909
2, 16, 182864, 180559
2, 17, 183825, 178818
2, 18, 183579, 178804
2, 19, 183772, 179653
2, 20, 183194, 178841
2, 21, 183163, 178840
2, 22, 185071, 183205
2, 23, 184222, 178784
2, 24, 183874, 178947
2, 25, 185430, 178810
2, 26, 183694, 178668
2, 27, 183300, 180491
2, 28, 188642, 183301
2, 29, 188578, 179486
2, 30, 184364, 182929
2, 31, 183931, 178824
2, 32, 183567, 178754
2, 33, 186642, 178862
2, 34, 183303, 178940
2, 35, 183030, 179953
2, 36, 185092, 179314
2, 37, 184071, 178883
2, 38, 184042, 180904
2, 39, 186160, 178916
2, 40, 182927, 178758
2, 41, 182951, 182949
2, 42, 183308, 178979
2, 43, 183220, 178739
2, 44, 185350, 180474
2, 45, 184144, 178797
2, 46, 183781, 179025
2, 47, 187310, 178810
2, 48, 184120, 180377
2, 49, 184148, 180918
2, 50, 183416, 179570
2, 51, 183356, 179005
2, 52, 183438, 182942
2, 53, 183163, 178882
2, 54, 182797, 178763
2, 55, 184812, 182479
2, 56, 184242, 178839
2, 57, 184000, 178956
2, 58, 185505, 179084
2, 59, 183977, 178741
2, 60, 183841, 180681
2, 61, 183028, 179103
2, 62, 183298, 178737
2, 63, 183339, 182860
2, 64, 183449, 178917
2, 65, 183397, 178728
2, 66, 185340, 178916
2, 67, 183471, 178799
2, 68, 183286, 178832
2, 69, 187752, 178750
2, 70, 184025, 178828
2, 71, 183875, 180605
2, 72, 188427, 183252
2, 73, 184022, 178787
2, 74, 184135, 182899
2, 75, 183097, 178753
2, 76, 183170, 178759
2, 77, 185160, 183281
2, 78, 183821, 178857
2, 79, 183585, 178871
2, 80, 187265, 179049
2, 81, 183283, 178683
2, 82, 183248, 180752
2, 83, 187321, 178913
2, 84, 183182, 178758
2, 85, 183472, 182955
2, 86, 183581, 178885
2, 87, 183351, 178658
2, 88, 185495, 182948
2, 89, 183995, 178882
2, 90, 183974, 179048
2, 91, 187895, 178763
2, 92, 183708, 178790
2, 93, 183512, 180843
2, 94, 188492, 179183
2, 95, 184041, 178657
2, 96, 184179, 179277
2, 97, 183761, 178845
2, 98, 183797, 178833
2, 99, 185949, 183219
2, 100, 183838, 178704
2, 101, 183704, 179008
2, 102, 185535, 178808
2, 103, 183368, 178683
2, 104, 183532, 180819
2, 105, 183522, 179516
2, 106, 183411, 181569
2, 107, 183844, 179391
2, 108, 183191, 178911
2, 109, 182810, 178712
2, 110, 184944, 183162
2, 111, 183828, 178708
2, 112, 183618, 178932
2, 113, 187349, 178894
2, 114, 184072, 178738
2, 115, 183406, 180838
2, 116, 188451, 179385
2, 117, 183987, 178877
2, 118, 184284, 179828
2, 119, 184078, 180251
2, 120, 188502, 182990
2, 121, 184375, 178948
2, 122, 183755, 178754
2, 123, 183578, 178900
2, 124, 187221, 179021
2, 125, 186904, 178677
2, 126, 182989, 181095
2, 127, 187463, 178901
2, 128, 183572, 178702
2, 129, 183941, 179443
2, 130, 183208, 178894
2, 131, 183161, 178904
2, 132, 186106, 179426
2, 133, 183936, 178737
2, 134, 184329, 178938
2, 135, 184984, 179007
2, 136, 183915, 178749
2, 137, 183915, 180956
2, 138, 187958, 178955
2, 139, 183789, 178687
2, 140, 183802, 182823
2, 141, 183203, 178857
2, 142, 182944, 178940
2, 143, 186163, 183245
2, 144, 184693, 178758
2, 145, 183732, 179132
2, 146, 188747, 178823
2, 147, 184087, 178681
2, 148, 184351, 181192
2, 149, 186019, 178894
2, 150, 183412, 178692
4, 1, 182960, 179338
4, 2, 185775, 178831
4, 3, 182328, 179067
4, 4, 184839, 178818
4, 5, 182887, 178732
4, 6, 182476, 179022
4, 7, 182772, 179048
4, 8, 182731, 178794
4, 9, 182852, 180878
4, 10, 182479, 178959
4, 11, 182540, 178721
4, 12, 182843, 182990
4, 13, 182931, 179009
4, 14, 182500, 179195
4, 15, 184446, 179395
4, 16, 182554, 178889
4, 17, 182116, 178991
4, 18, 184233, 179390
4, 19, 182134, 178684
4, 20, 182021, 180564
4, 21, 182218, 178950
4, 22, 181988, 178711
4, 23, 182217, 181191
4, 24, 182802, 179312
4, 25, 182614, 178635
4, 26, 184346, 182176
4, 27, 182831, 178886
4, 28, 182496, 179154
4, 29, 186665, 178761
4, 30, 187591, 178725
4, 31, 183237, 180284
4, 32, 182547, 179274
4, 33, 182651, 178845
4, 34, 182920, 182416
4, 35, 182802, 179070
4, 36, 182799, 178985
4, 37, 184549, 178705
4, 38, 182834, 178799
4, 39, 182455, 178996
4, 40, 183801, 179027
4, 41, 182169, 178946
4, 42, 183066, 179907
4, 43, 182802, 178905
4, 44, 182994, 179014
4, 45, 183136, 181925
4, 46, 182680, 178994
4, 47, 182380, 178775
4, 48, 185331, 183607
4, 49, 182699, 178906
4, 50, 182388, 179137
4, 51, 185596, 179223
4, 52, 182664, 178779
4, 53, 182424, 179629
4, 54, 183411, 178930
4, 55, 183229, 178689
4, 56, 183397, 181537
4, 57, 182472, 178907
4, 58, 182544, 178677
4, 59, 183440, 183252
4, 60, 181915, 178782
4, 61, 181820, 179567
4, 62, 185544, 183101
4, 63, 182885, 178748
4, 64, 182952, 179601
4, 65, 182963, 179086
4, 66, 182671, 178757
4, 67, 182887, 181396
4, 68, 182713, 179626
4, 69, 182700, 179045
4, 70, 183296, 179019
4, 71, 183315, 178821
4, 72, 182978, 179012
4, 73, 185091, 178921
4, 74, 182926, 178707
4, 75, 182717, 179032
4, 76, 182571, 178868
4, 77, 182181, 178667
4, 78, 182623, 180961
4, 79, 182419, 179002
4, 80, 182560, 178966
4, 81, 182853, 183006
4, 82, 182026, 179000
4, 83, 181819, 179009
4, 84, 184528, 179543
4, 85, 183104, 178651
4, 86, 182499, 179010
4, 87, 184456, 178789
4, 88, 182195, 179307
4, 89, 182840, 180616
4, 90, 181513, 179062
4, 91, 181910, 178790
4, 92, 182230, 182613
4, 93, 182621, 179066
4, 94, 182344, 178853
4, 95, 183934, 181575
4, 96, 184525, 178982
4, 97, 182410, 179001
4, 98, 185359, 181492
4, 99, 181820, 178764
4, 100, 181866, 180148
4, 101, 182976, 179218
4, 102, 182470, 178730
4, 103, 182895, 182241
4, 104, 183135, 179005
4, 105, 182785, 178826
4, 106, 183605, 183305
4, 107, 182574, 178750
4, 108, 182501, 179117
4, 109, 186430, 178945
4, 110, 183666, 178823
4, 111, 183102, 180006
4, 112, 182073, 179052
4, 113, 182088, 178725
4, 114, 182529, 182043
4, 115, 182037, 178911
4, 116, 181924, 178838
4, 117, 182749, 180304
4, 118, 182761, 178841
4, 119, 182478, 179112
4, 120, 185834, 178941
4, 121, 183024, 178761
4, 122, 182936, 179385
4, 123, 182430, 179117
4, 124, 182155, 178782
4, 125, 182682, 181377
4, 126, 182437, 178860
4, 127, 182184, 178696
4, 128, 182547, 183407
4, 129, 182996, 178847
4, 130, 182800, 179246
4, 131, 184704, 178776
4, 132, 182555, 178741
4, 133, 182224, 179216
4, 134, 183476, 179003
4, 135, 182764, 178770
4, 136, 183086, 181203
4, 137, 182073, 178891
4, 138, 181842, 178857
4, 139, 182208, 179418
4, 140, 182951, 178850
4, 141, 182719, 178954
4, 142, 183646, 178594
4, 143, 182207, 178645
4, 144, 182030, 178884
4, 145, 186692, 179042
4, 146, 182852, 178722
4, 147, 182832, 180623
4, 148, 182673, 178940
4, 149, 182517, 178734
4, 150, 182760, 182692
8, 1, 181519, 178890
8, 2, 181440, 179072
8, 3, 181612, 179354
8, 4, 180353, 179309
8, 5, 180029, 178965
8, 6, 184079, 179436
8, 7, 180296, 178708
8, 8, 180525, 179911
8, 9, 181234, 179075
8, 10, 181682, 178759
8, 11, 181707, 181722
8, 12, 181668, 178955
8, 13, 181806, 178788
8, 14, 182073, 178922
8, 15, 181512, 178793
8, 16, 181419, 179001
8, 17, 184518, 179051
8, 18, 183559, 179757
8, 19, 181773, 179417
8, 20, 181234, 179033
8, 21, 181573, 178741
8, 22, 181867, 181035
8, 23, 180338, 178984
8, 24, 180473, 178976
8, 25, 180796, 183124
8, 26, 180293, 178766
8, 27, 180043, 179040
8, 28, 183944, 179057
8, 29, 182025, 178775
8, 30, 181887, 179138
8, 31, 185103, 180156
8, 32, 181077, 178724
8, 33, 181297, 180434
8, 34, 180193, 179449
8, 35, 181121, 178790
8, 36, 180876, 182676
8, 37, 181441, 178832
8, 38, 180939, 179204
8, 39, 182905, 178986
8, 40, 182220, 178885
8, 41, 181603, 179233
8, 42, 185507, 182794
8, 43, 182587, 179330
8, 44, 182611, 179831
8, 45, 181005, 178937
8, 46, 183089, 178903
8, 47, 181322, 181475
8, 48, 180928, 178801
8, 49, 180667, 179010
8, 50, 181538, 179137
8, 51, 181437, 178802
8, 52, 181349, 180712
8, 53, 184044, 178951
8, 54, 181863, 178848
8, 55, 181850, 179225
8, 56, 180924, 179360
8, 57, 181262, 178797
8, 58, 181419, 181186
8, 59, 181570, 178923
8, 60, 181150, 178828
8, 61, 181639, 180168
8, 62, 181510, 179241
8, 63, 180912, 179746
8, 64, 182890, 179412
8, 65, 181259, 178837
8, 66, 181288, 179125
8, 67, 184324, 178908
8, 68, 182294, 178929
8, 69, 181955, 180339
8, 70, 182361, 178921
8, 71, 182242, 178830
8, 72, 182408, 182639
8, 73, 180937, 178715
8, 74, 180487, 178998
8, 75, 181901, 179918
8, 76, 180593, 178797
8, 77, 180555, 179299
8, 78, 183784, 182905
8, 79, 180476, 178899
8, 80, 180541, 181006
8, 81, 182075, 179188
8, 82, 181715, 178774
8, 83, 182282, 181751
8, 84, 181378, 178904
8, 85, 180273, 179056
8, 86, 181589, 183301
8, 87, 181380, 178879
8, 88, 181235, 179174
8, 89, 184386, 182062
8, 90, 181606, 178797
8, 91, 182152, 179077
8, 92, 181882, 178934
8, 93, 182046, 178769
8, 94, 182477, 181181
8, 95, 181441, 178990
8, 96, 180769, 178978
8, 97, 181326, 183206
8, 98, 181565, 178794
8, 99, 181467, 179118
8, 100, 183781, 183189
8, 101, 181693, 178805
8, 102, 182350, 178793
8, 103, 185352, 179142
8, 104, 181182, 178951
8, 105, 181404, 180627
8, 106, 181332, 178992
8, 107, 181240, 178971
8, 108, 181575, 182737
8, 109, 181770, 178934
8, 110, 181424, 179063
8, 111, 182180, 179156
8, 112, 180857, 178750
8, 113, 180719, 179106
8, 114, 184399, 178791
8, 115, 180904, 178637
8, 116, 181025, 179929
8, 117, 180427, 179060
8, 118, 180463, 179045
8, 119, 180749, 181733
8, 120, 180990, 179165
8, 121, 180999, 179301
8, 122, 181899, 178865
8, 123, 181091, 178877
8, 124, 181208, 179048
8, 125, 184033, 178898
8, 126, 181585, 178751
8, 127, 181699, 179046
8, 128, 181213, 179013
8, 129, 181248, 178815
8, 130, 181514, 181452
8, 131, 181185, 178998
8, 132, 180852, 179038
8, 133, 180602, 180927
8, 134, 180658, 178793
8, 135, 180625, 179286
8, 136, 182722, 179611
8, 137, 181258, 178879
8, 138, 180986, 179013
8, 139, 185591, 179604
8, 140, 181684, 178946
8, 141, 182050, 180231
8, 142, 181600, 178877
8, 143, 181242, 178744
8, 144, 181479, 182256
8, 145, 181883, 178838
8, 146, 180022, 179062
8, 147, 181947, 180095
8, 148, 181317, 178779
8, 149, 181433, 179164
8, 150, 183750, 178902
16, 1, 179354, 178797
16, 2, 179465, 179509
16, 3, 178613, 179145
16, 4, 179231, 178798
16, 5, 179270, 181021
16, 6, 179942, 179047
16, 7, 179320, 179018
16, 8, 179698, 182952
16, 9, 179920, 178770
16, 10, 179433, 179156
16, 11, 182048, 181944
16, 12, 180380, 178765
16, 13, 180096, 179112
16, 14, 183089, 179616
16, 15, 179902, 178861
16, 16, 179648, 180152
16, 17, 179910, 178963
16, 18, 179543, 178820
16, 19, 179507, 181951
16, 20, 180062, 178814
16, 21, 179440, 179469
16, 22, 180563, 179697
16, 23, 180113, 178834
16, 24, 180390, 179458
16, 25, 182091, 178794
16, 26, 179437, 178686
16, 27, 180159, 178946
16, 28, 179863, 178931
16, 29, 179313, 178809
16, 30, 179366, 180719
16, 31, 179330, 178963
16, 32, 178928, 178834
16, 33, 178950, 182787
16, 34, 179219, 179027
16, 35, 179225, 179041
16, 36, 180860, 178754
16, 37, 179935, 178846
16, 38, 179890, 179101
16, 39, 182699, 179015
16, 40, 179636, 178850
16, 41, 179852, 179464
16, 42, 179120, 178951
16, 43, 179735, 178631
16, 44, 179391, 181468
16, 45, 180380, 178855
16, 46, 179996, 179219
16, 47, 179950, 179521
16, 48, 180056, 178829
16, 49, 180298, 179192
16, 50, 181856, 183475
16, 51, 179824, 178755
16, 52, 179853, 178918
16, 53, 182877, 178879
16, 54, 179789, 178653
16, 55, 179319, 180237
16, 56, 179621, 179299
16, 57, 179713, 178784
16, 58, 180117, 182181
16, 59, 179919, 178805
16, 60, 179705, 179141
16, 61, 180595, 178713
16, 62, 179494, 179030
16, 63, 180152, 179130
16, 64, 182585, 179159
16, 65, 179661, 178992
16, 66, 180364, 179395
16, 67, 179278, 179233
16, 68, 179350, 179038
16, 69, 179634, 181119
16, 70, 179198, 178918
16, 71, 179543, 179004
16, 72, 179112, 183024
16, 73, 180214, 179013
16, 74, 181339, 179055
16, 75, 182266, 179605
16, 76, 180916, 178735
16, 77, 180405, 178771
16, 78, 183705, 179290
16, 79, 179982, 178798
16, 80, 182104, 180148
16, 81, 179700, 179258
16, 82, 180427, 178789
16, 83, 180142, 182014
16, 84, 180405, 178887
16, 85, 180282, 179037
16, 86, 180530, 183320
16, 87, 180072, 178838
16, 88, 179687, 179046
16, 89, 182676, 183308
16, 90, 179971, 178849
16, 91, 180739, 179376
16, 92, 179382, 178980
16, 93, 179455, 178738
16, 94, 179173, 181368
16, 95, 179351, 179105
16, 96, 179438, 179076
16, 97, 179473, 180563
16, 98, 179732, 178855
16, 99, 179492, 178981
16, 100, 180100, 182198
16, 101, 179577, 178782
16, 102, 179005, 179058
16, 103, 183136, 178930
16, 104, 179563, 179504
16, 105, 179900, 180007
16, 106, 180396, 178971
16, 107, 179666, 178813
16, 108, 179731, 181776
16, 109, 179893, 178857
16, 110, 180522, 179202
16, 111, 180930, 178957
16, 112, 180480, 178798
16, 113, 180713, 179121
16, 114, 181740, 179327
16, 115, 179843, 178898
16, 116, 180052, 178714
16, 117, 179984, 179271
16, 118, 179416, 178847
16, 119, 179547, 180389
16, 120, 180400, 178912
16, 121, 180313, 178904
16, 122, 179138, 182508
16, 123, 179571, 179037
16, 124, 179000, 179181
16, 125, 180425, 180558
16, 126, 179712, 178710
16, 127, 179532, 179501
16, 128, 183445, 182553
16, 129, 179941, 178770
16, 130, 180200, 179286
16, 131, 180025, 178814
16, 132, 179923, 178809
16, 133, 180403, 180568
16, 134, 180456, 178956
16, 135, 179833, 179288
16, 136, 179882, 183888
16, 137, 179812, 178912
16, 138, 179578, 179021
16, 139, 181867, 183260
16, 140, 179704, 178809
16, 141, 179701, 179076
16, 142, 180690, 179555
16, 143, 180502, 178735
16, 144, 180583, 180882
16, 145, 179363, 179154
16, 146, 179069, 178943
16, 147, 180441, 179628
16, 148, 179900, 178859
16, 149, 179486, 179259
16, 150, 180376, 183288
32, 1, 178325, 179424
32, 2, 177908, 179014
32, 3, 179788, 182589
32, 4, 176989, 178879
32, 5, 177090, 178976
32, 6, 178343, 179115
32, 7, 177545, 178683
32, 8, 178098, 180920
32, 9, 177420, 178853
32, 10, 177750, 178973
32, 11, 178178, 182615
32, 12, 177793, 178913
32, 13, 178047, 179312
32, 14, 179112, 183212
32, 15, 178439, 178821
32, 16, 178774, 178794
32, 17, 178108, 179176
32, 18, 177446, 178774
32, 19, 178240, 179308
32, 20, 177524, 179090
32, 21, 177894, 178726
32, 22, 177494, 180889
32, 23, 177055, 178868
32, 24, 177638, 179001
32, 25, 178021, 182637
32, 26, 177697, 178872
32, 27, 177475, 179105
32, 28, 178207, 178782
32, 29, 177036, 178943
32, 30, 177494, 179054
32, 31, 181089, 179123
32, 32, 178339, 178727
32, 33, 178567, 179172
32, 34, 177239, 179039
32, 35, 177614, 178887
32, 36, 177291, 180825
32, 37, 177541, 178862
32, 38, 177802, 179145
32, 39, 178362, 182747
32, 40, 178779, 178828
32, 41, 177959, 179082
32, 42, 179860, 179427
32, 43, 178374, 178841
32, 44, 179099, 182228
32, 45, 180319, 179293
32, 46, 177329, 178971
32, 47, 177304, 179166
32, 48, 177622, 179246
32, 49, 177660, 178811
32, 50, 177418, 181067
32, 51, 177495, 178878
32, 52, 177982, 179039
32, 53, 178192, 183047
32, 54, 178208, 179032
32, 55, 177760, 179214
32, 56, 179274, 178872
32, 57, 177365, 178830
32, 58, 177687, 179191
32, 59, 180250, 182248
32, 60, 177637, 179846
32, 61, 177921, 179445
32, 62, 178212, 179162
32, 63, 177664, 178788
32, 64, 178016, 181317
32, 65, 176859, 179014
32, 66, 176805, 179053
32, 67, 178181, 182869
32, 68, 178219, 179156
32, 69, 177995, 179148
32, 70, 179844, 183271
32, 71, 178114, 178746
32, 72, 178199, 179040
32, 73, 178402, 179420
32, 74, 176836, 178827
32, 75, 177646, 179711
32, 76, 177534, 178971
32, 77, 177876, 178829
32, 78, 177531, 181246
32, 79, 177196, 178863
32, 80, 177432, 179204
32, 81, 176996, 179919
32, 82, 177110, 178739
32, 83, 177487, 179258
32, 84, 179176, 178815
32, 85, 177633, 178855
32, 86, 177989, 178919
32, 87, 180740, 179249
32, 88, 177535, 178713
32, 89, 178237, 179470
32, 90, 177592, 179018
32, 91, 177759, 178890
32, 92, 177941, 181240
32, 93, 177303, 178978
32, 94, 177169, 179274
32, 95, 178478, 182419
32, 96, 178153, 178877
32, 97, 178173, 179888
32, 98, 179808, 183279
32, 99, 177668, 178867
32, 100, 177644, 179063
32, 101, 181749, 181310
32, 102, 177950, 178778
32, 103, 178240, 179741
32, 104, 177571, 179037
32, 105, 178001, 178952
32, 106, 177211, 181656
32, 107, 176931, 178935
32, 108, 177374, 179231
32, 109, 177659, 180209
32, 110, 177584, 178824
32, 111, 177618, 178982
32, 112, 178468, 183371
32, 113, 176558, 178780
32, 114, 176877, 178814
32, 115, 179036, 179066
32, 116, 177245, 179014
32, 117, 177919, 179646
32, 118, 176858, 179089
32, 119, 176639, 178968
32, 120, 177063, 180776
32, 121, 177007, 178824
32, 122, 177365, 179013
32, 123, 177552, 182720
32, 124, 177519, 178784
32, 125, 177592, 179165
32, 126, 178852, 178843
32, 127, 176781, 178937
32, 128, 177296, 178915
32, 129, 180958, 179052
32, 130, 176804, 178935
32, 131, 177519, 180674
32, 132, 176669, 179030
32, 133, 176901, 178934
32, 134, 178631, 181554
32, 135, 178317, 178770
32, 136, 178396, 179023
32, 137, 176987, 179570
32, 138, 176821, 178751
32, 139, 177235, 179098
32, 140, 178008, 179257
32, 141, 176724, 178818
32, 142, 176620, 179170
32, 143, 181761, 179634
32, 144, 178649, 179712
32, 145, 178954, 179582
32, 146, 176614, 179080
32, 147, 176309, 179140
32, 148, 178232, 181227
32, 149, 177862, 178853
32, 150, 177474, 179046
64, 1, 173807, 182889
64, 2, 173254, 178773
64, 3, 173218, 179295
64, 4, 175339, 179032
64, 5, 173978, 178817
64, 6, 174831, 179262
64, 7, 176906, 179604
64, 8, 174500, 178732
64, 9, 175067, 179100
64, 10, 174093, 179114
64, 11, 174017, 178930
64, 12, 174476, 180453
64, 13, 173846, 178891
64, 14, 173840, 179028
64, 15, 173181, 181882
64, 16, 173472, 178833
64, 17, 175572, 183442
64, 18, 173989, 182073
64, 19, 174723, 179023
64, 20, 173427, 179113
64, 21, 175301, 179525
64, 22, 174360, 178672
64, 23, 174437, 178852
64, 24, 177147, 179179
64, 25, 173827, 178763
64, 26, 174007, 179544
64, 27, 173226, 179037
64, 28, 173795, 178824
64, 29, 173594, 180755
64, 30, 174259, 179009
64, 31, 173760, 179008
64, 32, 173323, 182150
64, 33, 172801, 179260
64, 34, 173250, 179192
64, 35, 173113, 179069
64, 36, 172932, 178784
64, 37, 173165, 179279
64, 38, 175501, 179092
64, 39, 173521, 178956
64, 40, 174010, 178860
64, 41, 174598, 178892
64, 42, 173930, 178929
64, 43, 174117, 179193
64, 44, 173030, 179006
64, 45, 173060, 179038
64, 46, 173576, 180540
64, 47, 173741, 179146
64, 48, 173767, 179098
64, 49, 174212, 182147
64, 50, 174704, 178929
64, 51, 174725, 178991
64, 52, 172853, 181610
64, 53, 172886, 178813
64, 54, 173579, 179044
64, 55, 174880, 178903
64, 56, 173248, 178856
64, 57, 173390, 178692
64, 58, 177513, 178845
64, 59, 174357, 179070
64, 60, 174626, 179511
64, 61, 173272, 179047
64, 62, 174041, 179246
64, 63, 173947, 180710
64, 64, 174045, 178914
64, 65, 173823, 181219
64, 66, 174132, 182329
64, 67, 173642, 178824
64, 68, 173908, 179561
64, 69, 174497, 179810
64, 70, 174307, 178840
64, 71, 174344, 178889
64, 72, 176219, 179873
64, 73, 174554, 178749
64, 74, 174020, 178871
64, 75, 176515, 179909
64, 76, 173269, 178788
64, 77, 173770, 179901
64, 78, 173533, 178934
64, 79, 173261, 179111
64, 80, 175474, 181203
64, 81, 175571, 178848
64, 82, 175753, 179117
64, 83, 174480, 182627
64, 84, 174750, 178824
64, 85, 174436, 179181
64, 86, 176111, 180974
64, 87, 174388, 178854
64, 88, 175414, 179215
64, 89, 176341, 178912
64, 90, 174372, 178721
64, 91, 174313, 178955
64, 92, 174276, 179489
64, 93, 174178, 178877
64, 94, 173885, 180221
64, 95, 173315, 178903
64, 96, 177483, 179129
64, 97, 173642, 181611
64, 98, 173900, 178852
64, 99, 173779, 179246
64, 100, 174226, 182595
64, 101, 174728, 178812
64, 102, 174540, 179167
64, 103, 176340, 179252
64, 104, 174738, 179057
64, 105, 174928, 179080
64, 106, 176971, 179024
64, 107, 173657, 178946
64, 108, 173394, 179069
64, 109, 174220, 179235
64, 110, 173757, 180405
64, 111, 174739, 180722
64, 112, 174193, 178967
64, 113, 173780, 179066
64, 114, 173059, 182058
64, 115, 173305, 182937
64, 116, 181443, 193571
64, 117, 183691, 190828
64, 118, 178447, 194609
64, 119, 173711, 179197
64, 120, 176815, 179069
64, 121, 174886, 178832
64, 122, 174642, 179434
64, 123, 174247, 179249
64, 124, 174017, 179416
64, 125, 173642, 180990
64, 126, 173837, 179013
64, 127, 173614, 179207
64, 128, 174037, 181875
64, 129, 174455, 179022
64, 130, 173863, 179189
64, 131, 174624, 178950
64, 132, 174021, 178839
64, 133, 173959, 178801
64, 134, 176416, 179269
64, 135, 175207, 178801
64, 136, 174677, 178934
64, 137, 177009, 179147
64, 138, 173732, 178792
64, 139, 174410, 179728
64, 140, 174525, 178898
64, 141, 173826, 179134
64, 142, 173980, 180056
64, 143, 173881, 179040
64, 144, 174408, 179082
64, 145, 173169, 182654
64, 146, 173482, 178748
64, 147, 173533, 179159
64, 148, 174499, 179589
64, 149, 173244, 178800
64, 150, 173653, 179050
128, 1, 169887, 179478
128, 2, 168135, 178745
128, 3, 167076, 178847
128, 4, 170293, 178953
128, 5, 167575, 178856
128, 6, 167326, 178848
128, 7, 167236, 179139
128, 8, 166804, 179123
128, 9, 168377, 180099
128, 10, 167918, 179066
128, 11, 168570, 179119
128, 12, 167464, 181311
128, 13, 167975, 179589
128, 14, 167568, 179249
128, 15, 169074, 182004
128, 16, 169115, 178858
128, 17, 168413, 179082
128, 18, 168131, 183173
128, 19, 167888, 179004
128, 20, 168083, 179006
128, 21, 167517, 179216
128, 22, 165497, 178863
128, 23, 166863, 178885
128, 24, 167890, 183289
128, 25, 165945, 179024
128, 26, 166822, 178843
128, 27, 170799, 179610
128, 28, 167345, 178983
128, 29, 168345, 178851
128, 30, 167200, 179456
128, 31, 167587, 178831
128, 32, 168633, 179561
128, 33, 167446, 179076
128, 34, 166553, 179053
128, 35, 166249, 180807
128, 36, 167483, 178931
128, 37, 166496, 179116
128, 38, 168853, 181746
128, 39, 168643, 179059
128, 40, 167285, 179138
128, 41, 169265, 182728
128, 42, 168463, 178999
128, 43, 169420, 179128
128, 44, 168138, 180854
128, 45, 167807, 178934
128, 46, 167057, 179014
128, 47, 169220, 179417
128, 48, 168021, 178834
128, 49, 166973, 178877
128, 50, 169128, 183391
128, 51, 167590, 179079
128, 52, 168267, 178987
128, 53, 169005, 178971
128, 54, 167342, 178881
128, 55, 166991, 179723
128, 56, 168787, 179040
128, 57, 167994, 179071
128, 58, 167403, 180542
128, 59, 167152, 178973
128, 60, 167321, 179045
128, 61, 167391, 181700
128, 62, 167688, 181604
128, 63, 166851, 179097
128, 64, 167901, 182664
128, 65, 167043, 179032
128, 66, 167207, 179122
128, 67, 168371, 183412
128, 68, 167695, 178755
128, 69, 167703, 179004
128, 70, 168430, 179065
128, 71, 166555, 178991
128, 72, 166813, 178894
128, 73, 171016, 179178
128, 74, 168434, 178876
128, 75, 169067, 178865
128, 76, 170547, 179162
128, 77, 167564, 178880
128, 78, 166482, 178938
128, 79, 167898, 178967
128, 80, 169507, 179107
128, 81, 167651, 180226
128, 82, 168252, 178899
128, 83, 169691, 179198
128, 84, 166655, 181288
128, 85, 166958, 178945
128, 86, 166495, 179006
128, 87, 166854, 180051
128, 88, 167832, 178976
128, 89, 166492, 179187
128, 90, 167425, 183604
128, 91, 168714, 178803
128, 92, 169073, 178949
128, 93, 169242, 181854
128, 94, 168817, 178798
128, 95, 167923, 179084
128, 96, 169307, 183329
128, 97, 167276, 178896
128, 98, 167202, 179033
128, 99, 170673, 183369
128, 100, 166692, 178841
128, 101, 167029, 179073
128, 102, 168459, 179167
128, 103, 167208, 179375
128, 104, 168001, 180189
128, 105, 168037, 179106
128, 106, 167721, 179316
128, 107, 167023, 181474
128, 108, 166387, 178911
128, 109, 166723, 179052
128, 110, 168425, 182056
128, 111, 168489, 178936
128, 112, 167799, 179191
128, 113, 166592, 183262
128, 114, 167695, 178776
128, 115, 166915, 179121
128, 116, 167685, 179804
128, 117, 166937, 178791
128, 118, 167847, 178970
128, 119, 170282, 179085
128, 120, 168467, 178929
128, 121, 167917, 178809
128, 122, 169120, 178921
128, 123, 166910, 178943
128, 124, 166891, 178889
128, 125, 167348, 178934
128, 126, 167182, 179317
128, 127, 167416, 179922
128, 128, 168110, 179177
128, 129, 167178, 179147
128, 130, 168061, 180465
128, 131, 167535, 179080
128, 132, 168489, 179113
128, 133, 167442, 181693
128, 134, 168169, 178805
128, 135, 167888, 179081
128, 136, 167710, 180808
128, 137, 167053, 179150
128, 138, 167142, 179152
128, 139, 168915, 179350
128, 140, 168683, 178845
128, 141, 167615, 179095
128, 142, 169926, 184016
128, 143, 169186, 182123
128, 144, 169046, 178896
128, 145, 172423, 182065
128, 146, 167668, 179060
128, 147, 168057, 178824
128, 148, 168130, 179321
128, 149, 167678, 179041
128, 150, 167551, 179662
256, 1, 157103, 178930
256, 2, 157314, 179185
256, 3, 157911, 179587
256, 4, 158691, 179151
256, 5, 160625, 179102
256, 6, 158708, 180002
256, 7, 159366, 178926
256, 8, 158847, 179447
256, 9, 157637, 180528
256, 10, 157603, 179217
256, 11, 156262, 179207
256, 12, 157481, 180946
256, 13, 157489, 179023
256, 14, 156178, 179180
256, 15, 160151, 179880
256, 16, 160818, 178933
256, 17, 160341, 179149
256, 18, 155823, 181579
256, 19, 156829, 178981
256, 20, 155283, 179461
256, 21, 158698, 181847
256, 22, 158321, 178867
256, 23, 157136, 179388
256, 24, 157020, 180632
256, 25, 158745, 178991
256, 26, 157834, 179645
256, 27, 158104, 182541
256, 28, 158578, 178912
256, 29, 157747, 179267
256, 30, 160352, 182760
256, 31, 159723, 179208
256, 32, 159724, 179039
256, 33, 156999, 183281
256, 34, 157141, 178869
256, 35, 157434, 178911
256, 36, 158053, 181393
256, 37, 157311, 178887
256, 38, 157173, 179328
256, 39, 158784, 180225
256, 40, 158615, 179000
256, 41, 158212, 179136
256, 42, 158460, 183347
256, 43, 158027, 181052
256, 44, 159357, 179020
256, 45, 157888, 179165
256, 46, 157573, 178939
256, 47, 158151, 178972
256, 48, 159165, 179127
256, 49, 157509, 178902
256, 50, 158009, 179285
256, 51, 156054, 183340
256, 52, 156171, 178908
256, 53, 155575, 178984
256, 54, 158248, 179084
256, 55, 157739, 178844
256, 56, 157806, 179208
256, 57, 160203, 179714
256, 58, 157398, 179065
256, 59, 156404, 178893
256, 60, 157378, 179811
256, 61, 155017, 178963
256, 62, 154968, 178981
256, 63, 160401, 179017
256, 64, 157659, 178957
256, 65, 157425, 179016
256, 66, 162646, 182552
256, 67, 159371, 178996
256, 68, 159243, 178904
256, 69, 160562, 179080
256, 70, 156732, 179126
256, 71, 158396, 179138
256, 72, 159090, 179012
256, 73, 158835, 179137
256, 74, 158761, 178827
256, 75, 159857, 179004
256, 76, 158631, 179295
256, 77, 157636, 179821
256, 78, 158922, 178985
256, 79, 157862, 179197
256, 80, 157394, 179865
256, 81, 157758, 178992
256, 82, 156258, 179196
256, 83, 159203, 180074
256, 84, 160447, 179152
256, 85, 159299, 179040
256, 86, 157066, 179990
256, 87, 157502, 178984
256, 88, 157235, 179358
256, 89, 158496, 180601
256, 90, 157513, 178944
256, 91, 158719, 179271
256, 92, 156190, 180861
256, 93, 156180, 178997
256, 94, 155955, 179142
256, 95, 158232, 182091
256, 96, 157029, 178828
256, 97, 156878, 179282
256, 98, 158163, 181227
256, 99, 157774, 178959
256, 100, 157528, 179132
256, 101, 157712, 181824
256, 102, 156799, 178848
256, 103, 156639, 179281
256, 104, 158785, 180036
256, 105, 156927, 178841
256, 106, 157516, 179157
256, 107, 158196, 182184
256, 108, 158828, 178943
256, 109, 157957, 179216
256, 110, 156745, 182572
256, 111, 155273, 178793
256, 112, 157090, 178857
256, 113, 157157, 180104
256, 114, 156232, 179062
256, 115, 157073, 179018
256, 116, 158081, 182285
256, 117, 159282, 179015
256, 118, 158359, 178881
256, 119, 157447, 183323
256, 120, 157263, 179015
256, 121, 157301, 179082
256, 122, 158095, 179692
256, 123, 158043, 179138
256, 124, 157578, 178979
256, 125, 158648, 179749
256, 126, 157457, 178823
256, 127, 157393, 178907
256, 128, 159500, 179459
256, 129, 156203, 179412
256, 130, 157926, 178951
256, 131, 158161, 179298
256, 132, 156102, 179054
256, 133, 154551, 178973
256, 134, 158221, 178961
256, 135, 156190, 178979
256, 136, 156277, 179058
256, 137, 158129, 179676
256, 138, 156686, 178880
256, 139, 156784, 179128
256, 140, 158581, 180408
256, 141, 155720, 178842
256, 142, 157675, 178956
256, 143, 159259, 179106
256, 144, 157164, 178809
256, 145, 156694, 178945
256, 146, 158534, 179151
256, 147, 154589, 179107
256, 148, 155859, 180987
256, 149, 159768, 180501
256, 150, 157495, 179172
512, 1, 143721, 178933
512, 2, 143347, 179415
512, 3, 139840, 179132
512, 4, 141901, 179067
512, 5, 142545, 179115
512, 6, 141938, 179890
512, 7, 141337, 179249
512, 8, 142334, 180383
512, 9, 145301, 179044
512, 10, 146677, 179315
512, 11, 140827, 182618
512, 12, 140144, 179224
512, 13, 138573, 179349
512, 14, 140847, 179936
512, 15, 142740, 179290
512, 16, 142662, 179841
512, 17, 146460, 181280
512, 18, 144849, 178974
512, 19, 143579, 179349
512, 20, 142334, 181011
512, 21, 140150, 179153
512, 22, 138129, 179311
512, 23, 144289, 179418
512, 24, 141605, 179108
512, 25, 142646, 179304
512, 26, 141088, 179060
512, 27, 141839, 179167
512, 28, 144762, 179132
512, 29, 143085, 179344
512, 30, 146610, 183488
512, 31, 142297, 179124
512, 32, 142742, 178982
512, 33, 142573, 179051
512, 34, 141144, 179041
512, 35, 138727, 179101
512, 36, 144573, 180583
512, 37, 143906, 179024
512, 38, 145079, 178860
512, 39, 143326, 181109
512, 40, 140414, 179037
512, 41, 142694, 178961
512, 42, 144224, 182632
512, 43, 145618, 178968
512, 44, 144350, 179344
512, 45, 145209, 182106
512, 46, 146011, 179025
512, 47, 145076, 179203
512, 48, 143384, 180976
512, 49, 146202, 179037
512, 50, 142691, 179524
512, 51, 143093, 179712
512, 52, 141929, 179075
512, 53, 140253, 179312
512, 54, 142603, 179705
512, 55, 141739, 179176
512, 56, 141782, 179222
512, 57, 140508, 179087
512, 58, 141546, 179163
512, 59, 143207, 179098
512, 60, 143273, 179194
512, 61, 141800, 179174
512, 62, 143242, 178996
512, 63, 140731, 179058
512, 64, 143059, 179229
512, 65, 141595, 181304
512, 66, 140513, 179013
512, 67, 145242, 182416
512, 68, 143744, 178913
512, 69, 142167, 180630
512, 70, 140259, 182862
512, 71, 138168, 179096
512, 72, 142346, 178983
512, 73, 145501, 180099
512, 74, 144873, 178918
512, 75, 144772, 179383
512, 76, 141261, 180099
512, 77, 142994, 178922
512, 78, 140030, 179390
512, 79, 140757, 180546
512, 80, 140898, 178995
512, 81, 142347, 179299
512, 82, 142367, 179468
512, 83, 141030, 179695
512, 84, 142681, 179237
512, 85, 139962, 179039
512, 86, 141159, 179202
512, 87, 140098, 179142
512, 88, 145294, 178883
512, 89, 146498, 179046
512, 90, 142175, 178905
512, 91, 142019, 178847
512, 92, 143015, 179131
512, 93, 144784, 179056
512, 94, 144823, 179120
512, 95, 143339, 179341
512, 96, 141673, 179654
512, 97, 146052, 179010
512, 98, 142080, 180895
512, 99, 141058, 179070
512, 100, 141808, 179125
512, 101, 142894, 179702
512, 102, 141428, 178863
512, 103, 142687, 179139
512, 104, 145247, 181897
512, 105, 145122, 179025
512, 106, 145514, 179272
512, 107, 141218, 179815
512, 108, 140750, 178960
512, 109, 141225, 179343
512, 110, 140276, 180000
512, 111, 145412, 178966
512, 112, 146830, 179288
512, 113, 143903, 179736
512, 114, 145035, 179011
512, 115, 144511, 179512
512, 116, 146398, 179038
512, 117, 144965, 179289
512, 118, 144768, 179143
512, 119, 145194, 179185
512, 120, 143457, 179061
512, 121, 145878, 179265
512, 122, 141255, 179385
512, 123, 144596, 180657
512, 124, 143377, 179974
512, 125, 144255, 179159
512, 126, 143871, 179240
512, 127, 140905, 178995
512, 128, 144316, 178975
512, 129, 139473, 179730
512, 130, 142357, 179033
512, 131, 141661, 179342
512, 132, 142727, 183021
512, 133, 140633, 178961
512, 134, 141892, 179118
512, 135, 141194, 181616
512, 136, 140070, 178934
512, 137, 141195, 179311
512, 138, 143193, 181298
512, 139, 142618, 179246
512, 140, 143107, 179248
512, 141, 142111, 180015
512, 142, 141477, 178946
512, 143, 143418, 179378
512, 144, 142341, 178894
512, 145, 144100, 179049
512, 146, 141437, 179381
512, 147, 143076, 179027
512, 148, 146181, 179360
512, 149, 142033, 179163
512, 150, 142610, 178884
