nroThreads, iteracion, tiempoParal, tiempoSecu
1, 1, 184405, 179091
1, 2, 183959, 181225
1, 3, 183960, 178784
1, 4, 184905, 178840
1, 5, 185250, 179874
1, 6, 183976, 178880
1, 7, 184213, 179244
1, 8, 186196, 179614
1, 9, 184055, 178970
1, 10, 183957, 179747
1, 11, 185182, 178723
1, 12, 183892, 178960
1, 13, 184028, 180972
1, 14, 183887, 179237
1, 15, 184301, 178826
1, 16, 185121, 179806
1, 17, 183934, 178919
1, 18, 184109, 178877
1, 19, 186627, 178872
1, 20, 183959, 179078
1, 21, 184097, 179752
1, 22, 184509, 178714
1, 23, 184515, 179143
1, 24, 184859, 182234
1, 25, 187624, 178798
1, 26, 184138, 178764
1, 27, 185040, 178866
1, 28, 188526, 179046
1, 29, 184120, 178985
1, 30, 187516, 178888
1, 31, 188622, 179002
1, 32, 183875, 180488
1, 33, 188575, 183202
1, 34, 184207, 178787
1, 35, 184025, 182758
1, 36, 188730, 183219
1, 37, 184321, 178670
1, 38, 185833, 178818
1, 39, 188535, 178999
1, 40, 183861, 179203
1, 41, 188328, 178808
1, 42, 186181, 178993
1, 43, 183996, 180673
1, 44, 188717, 183275
1, 45, 184198, 178756
1, 46, 183955, 179559
1, 47, 183888, 178704
1, 48, 184236, 178723
1, 49, 184873, 178759
1, 50, 183965, 179078
1, 51, 183964, 178938
1, 52, 186035, 178927
1, 53, 183975, 179113
1, 54, 184019, 180700
1, 55, 184005, 178599
1, 56, 184387, 178752
1, 57, 184085, 179621
1, 58, 183957, 178744
1, 59, 184302, 178739
1, 60, 185816, 178794
1, 61, 183871, 179071
1, 62, 183924, 178793
1, 63, 188141, 179660
1, 64, 183979, 179017
1, 65, 183939, 180630
1, 66, 188593, 183208
1, 67, 186993, 178810
1, 68, 183935, 183171
1, 69, 183951, 178908
1, 70, 184272, 178706
1, 71, 185844, 178734
1, 72, 183815, 179043
1, 73, 183965, 179034
1, 74, 186296, 179023
1, 75, 183950, 179009
1, 76, 184637, 180581
1, 77, 184254, 179136
1, 78, 184239, 178803
1, 79, 184158, 179607
1, 80, 184426, 178789
1, 81, 184663, 178715
1, 82, 186077, 178823
1, 83, 188587, 179312
1, 84, 184751, 179081
1, 85, 188514, 178875
1, 86, 188509, 178898
1, 87, 184016, 181217
1, 88, 188628, 183202
1, 89, 184221, 179061
1, 90, 184481, 179565
1, 91, 188575, 178833
1, 92, 186599, 178711
1, 93, 186988, 179167
1, 94, 188521, 178944
1, 95, 183872, 179711
1, 96, 185499, 178880
1, 97, 184279, 178816
1, 98, 183943, 180918
1, 99, 183826, 178656
1, 100, 184193, 178761
1, 101, 184607, 182518
1, 102, 183872, 179013
1, 103, 184124, 178925
1, 104, 186918, 178829
1, 105, 184096, 178868
1, 106, 183902, 179647
1, 107, 184902, 178872
1, 108, 184183, 178779
1, 109, 183915, 181176
1, 110, 183843, 178690
1, 111, 184227, 178704
1, 112, 184861, 179525
1, 113, 183844, 178902
1, 114, 184079, 178845
1, 115, 185587, 178892
1, 116, 183824, 179540
1, 117, 183934, 179382
1, 118, 188581, 181181
1, 119, 184128, 178654
1, 120, 183973, 181726
1, 121, 185632, 179358
1, 122, 184121, 178836
1, 123, 184985, 181742
1, 124, 183897, 179032
1, 125, 183894, 178772
1, 126, 185730, 178744
1, 127, 184232, 179933
1, 128, 184096, 179508
1, 129, 185158, 178813
1, 130, 184250, 178715
1, 131, 184110, 180757
1, 132, 184066, 178743
1, 133, 184301, 178774
1, 134, 185003, 183267
1, 135, 188207, 178986
1, 136, 183855, 178831
1, 137, 185855, 178755
1, 138, 183825, 179440
1, 139, 183938, 179812
1, 140, 185037, 178872
1, 141, 184210, 178912
1, 142, 184220, 181126
1, 143, 183978, 178737
1, 144, 184285, 178738
1, 145, 184971, 179868
1, 146, 183868, 178969
1, 147, 183844, 178740
1, 148, 185305, 178772
1, 149, 183893, 178992
1, 150, 184047, 179597
2, 1, 183344, 178952
2, 2, 183504, 178808
2, 3, 183315, 180731
2, 4, 183168, 178713
2, 5, 183399, 178769
2, 6, 184663, 179843
2, 7, 183682, 178936
2, 8, 183140, 178917
2, 9, 184497, 181337
2, 10, 182869, 179139
2, 11, 183953, 179446
2, 12, 183965, 178743
2, 13, 183987, 178950
2, 14, 183388, 180793
2, 15, 183192, 178683
2, 16, 183644, 178737
2, 17, 184251, 180031
2, 18, 183397, 179579
2, 19, 183757, 178849
2, 20, 185495, 178729
2, 21, 183528, 179367
2, 22, 183636, 179842
2, 23, 184125, 178786
2, 24, 183870, 178776
2, 25, 184096, 180247
2, 26, 183923, 178710
2, 27, 184108, 178838
2, 28, 184387, 180421
2, 29, 184062, 179136
2, 30, 183469, 178841
2, 31, 185337, 178685
2, 32, 183364, 178975
2, 33, 183463, 178877
2, 34, 184291, 178899
2, 35, 183856, 178792
2, 36, 183255, 180760
2, 37, 183348, 178707
2, 38, 183462, 179198
2, 39, 184388, 183463
2, 40, 183130, 178953
2, 41, 183778, 178771
2, 42, 186223, 180936
2, 43, 183777, 179043
2, 44, 183458, 179390
2, 45, 184029, 178967
2, 46, 183549, 178787
2, 47, 183167, 180517
2, 48, 183113, 178736
2, 49, 183451, 178730
2, 50, 183942, 179460
2, 51, 183671, 178927
2, 52, 183319, 178629
2, 53, 185607, 178706
2, 54, 187781, 178938
2, 55, 183977, 179615
2, 56, 188549, 178912
2, 57, 184418, 179020
2, 58, 183784, 180389
2, 59, 183686, 178780
2, 60, 183934, 178754
2, 61, 183102, 180216
2, 62, 183167, 178865
2, 63, 185563, 178620
2, 64, 184377, 178677
2, 65, 183067, 178969
2, 66, 183270, 179254
2, 67, 184168, 178903
2, 68, 183334, 178861
2, 69, 183336, 179784
2, 70, 183320, 178706
2, 71, 183682, 178868
2, 72, 183725, 180358
2, 73, 183394, 178849
2, 74, 183202, 178683
2, 75, 185075, 178840
2, 76, 183066, 179035
2, 77, 183569, 178844
2, 78, 187743, 178905
2, 79, 184613, 178826
2, 80, 183714, 179937
2, 81, 186201, 179125
2, 82, 184160, 179088
2, 83, 183702, 182506
2, 84, 183536, 178947
2, 85, 182846, 178805
2, 86, 185183, 183270
2, 87, 183346, 179077
2, 88, 183740, 178833
2, 89, 187992, 178935
2, 90, 183925, 178921
2, 91, 183295, 180809
2, 92, 187638, 183170
2, 93, 183398, 178793
2, 94, 183819, 179736
2, 95, 183479, 178926
2, 96, 183481, 178670
2, 97, 184855, 178918
2, 98, 183269, 179088
2, 99, 183585, 178981
2, 100, 188166, 178896
2, 101, 183761, 178910
2, 102, 183467, 180444
2, 103, 183423, 178754
2, 104, 183876, 179062
2, 105, 184092, 182960
2, 106, 183940, 178764
2, 107, 183502, 178654
2, 108, 184486, 178820
2, 109, 182990, 178931
2, 110, 183798, 178992
2, 111, 184856, 178871
2, 112, 183886, 178810
2, 113, 183584, 180218
2, 114, 183410, 178713
2, 115, 183638, 178907
2, 116, 183659, 180126
2, 117, 183451, 178836
2, 118, 183565, 178636
2, 119, 185168, 178956
2, 120, 183434, 178963
2, 121, 183784, 179070
2, 122, 187593, 178953
2, 123, 184002, 178834
2, 124, 183457, 180356
2, 125, 183646, 178684
2, 126, 183873, 178782
2, 127, 183957, 182607
2, 128, 188047, 183165
2, 129, 183041, 178706
2, 130, 184500, 178793
2, 131, 182914, 179131
2, 132, 183737, 178865
2, 133, 185030, 178836
2, 134, 183987, 178875
2, 135, 183163, 180108
2, 136, 183344, 178673
2, 137, 183482, 178673
2, 138, 183130, 180486
2, 139, 182982, 178857
2, 140, 183320, 178757
2, 141, 184372, 178974
2, 142, 182906, 178999
2, 143, 184020, 178887
2, 144, 185236, 178679
2, 145, 184241, 178781
2, 146, 183021, 180084
2, 147, 183164, 178687
2, 148, 183156, 178815
2, 149, 183567, 182245
2, 150, 187740, 181501
4, 1, 182314, 178865
4, 2, 183383, 178762
4, 3, 182109, 178880
4, 4, 184563, 181776
4, 5, 183502, 178825
4, 6, 182314, 179084
4, 7, 182645, 180187
4, 8, 182496, 178804
4, 9, 182797, 178736
4, 10, 181645, 181456
4, 11, 181752, 178620
4, 12, 181791, 178693
4, 13, 182847, 179011
4, 14, 181986, 179060
4, 15, 181886, 178802
4, 16, 182996, 178741
4, 17, 181987, 179047
4, 18, 182754, 179098
4, 19, 182362, 178808
4, 20, 182873, 178743
4, 21, 182533, 181374
4, 22, 182171, 178850
4, 23, 182398, 178691
4, 24, 182709, 179589
4, 25, 182775, 179152
4, 26, 182070, 178818
4, 27, 184264, 178743
4, 28, 183905, 179090
4, 29, 182945, 179199
4, 30, 183003, 178736
4, 31, 183189, 178711
4, 32, 182628, 181374
4, 33, 182671, 178718
4, 34, 183875, 178929
4, 35, 182586, 183034
4, 36, 182522, 181933
4, 37, 182562, 179237
4, 38, 184474, 178851
4, 39, 182559, 179031
4, 40, 182227, 178813
4, 41, 183139, 178745
4, 42, 182480, 178710
4, 43, 182199, 180585
4, 44, 182519, 178758
4, 45, 182618, 178738
4, 46, 182943, 182734
4, 47, 182763, 179464
4, 48, 183475, 178716
4, 49, 184422, 178744
4, 50, 183403, 178908
4, 51, 182720, 178930
4, 52, 185145, 178711
4, 53, 182970, 178942
4, 54, 182156, 181162
4, 55, 182363, 178616
4, 56, 182489, 178882
4, 57, 181785, 181506
4, 58, 181585, 178822
4, 59, 183574, 178918
4, 60, 184660, 180964
4, 61, 183323, 178904
4, 62, 183026, 178883
4, 63, 186260, 179235
4, 64, 183215, 179045
4, 65, 182924, 179843
4, 66, 183055, 178732
4, 67, 182931, 178800
4, 68, 181683, 181874
4, 69, 181752, 178824
4, 70, 181751, 178748
4, 71, 182422, 178754
4, 72, 181841, 179133
4, 73, 181717, 178834
4, 74, 184304, 178900
4, 75, 181719, 178948
4, 76, 183128, 179114
4, 77, 183447, 179710
4, 78, 183636, 178842
4, 79, 182566, 181420
4, 80, 182503, 178823
4, 81, 182658, 178760
4, 82, 182477, 179665
4, 83, 182207, 179354
4, 84, 182098, 178993
4, 85, 184441, 179014
4, 86, 182383, 179448
4, 87, 181365, 179044
4, 88, 185663, 178852
4, 89, 181713, 178758
4, 90, 182792, 180968
4, 91, 182840, 178727
4, 92, 183177, 178815
4, 93, 182149, 183073
4, 94, 182450, 179028
4, 95, 182144, 178749
4, 96, 183982, 178777
4, 97, 182121, 178927
4, 98, 182472, 178880
4, 99, 186631, 178777
4, 100, 182851, 178687
4, 101, 182232, 180472
4, 102, 182437, 178750
4, 103, 182548, 178732
4, 104, 181868, 179315
4, 105, 181791, 179155
4, 106, 182555, 178958
4, 107, 183769, 183238
4, 108, 182490, 179004
4, 109, 182495, 179020
4, 110, 183979, 178740
4, 111, 182714, 178734
4, 112, 182050, 179791
4, 113, 182299, 178811
4, 114, 182853, 178782
4, 115, 183118, 179443
4, 116, 182803, 179054
4, 117, 183129, 178754
4, 118, 183265, 179556
4, 119, 182509, 179157
4, 120, 183148, 178851
4, 121, 183285, 178687
4, 122, 182824, 178816
4, 123, 181966, 179370
4, 124, 182333, 178682
4, 125, 182279, 178799
4, 126, 182680, 181343
4, 127, 182449, 178961
4, 128, 182650, 178718
4, 129, 182996, 183366
4, 130, 182754, 178962
4, 131, 182235, 179416
4, 132, 184846, 178941
4, 133, 182140, 178944
4, 134, 182809, 178819
4, 135, 183397, 178689
4, 136, 182884, 178804
4, 137, 182708, 179580
4, 138, 182275, 179072
4, 139, 182435, 178724
4, 140, 182759, 183038
4, 141, 182769, 180241
4, 142, 182727, 179123
4, 143, 184745, 183236
4, 144, 182724, 178910
4, 145, 182330, 179080
4, 146, 184290, 178621
4, 147, 182650, 178827
4, 148, 182390, 180691
4, 149, 182493, 178881
4, 150, 182607, 178695
8, 1, 181635, 183254
8, 2, 181207, 179108
8, 3, 181124, 179158
8, 4, 183407, 179681
8, 5, 181007, 179246
8, 6, 180870, 178849
8, 7, 183610, 178772
8, 8, 181089, 178808
8, 9, 181565, 180548
8, 10, 180744, 179059
8, 11, 181189, 178770
8, 12, 181222, 182040
8, 13, 180778, 178979
8, 14, 180637, 178717
8, 15, 181896, 183284
8, 16, 180965, 179158
8, 17, 180847, 179002
8, 18, 184246, 183225
8, 19, 181219, 179134
8, 20, 182403, 179864
8, 21, 182013, 179405
8, 22, 182495, 178920
8, 23, 182044, 179483
8, 24, 182055, 179023
8, 25, 180284, 178960
8, 26, 180616, 179917
8, 27, 181072, 179034
8, 28, 180486, 178740
8, 29, 182800, 181566
8, 30, 180474, 178812
8, 31, 180962, 178768
8, 32, 185105, 182308
8, 33, 180862, 178760
8, 34, 180536, 180638
8, 35, 180652, 178748
8, 36, 180655, 178794
8, 37, 180533, 182658
8, 38, 180333, 181256
8, 39, 182773, 179398
8, 40, 182608, 178798
8, 41, 180675, 179032
8, 42, 181259, 178988
8, 43, 184789, 178795
8, 44, 181696, 178842
8, 45, 181878, 180510
8, 46, 181861, 178770
8, 47, 182238, 179418
8, 48, 181485, 182678
8, 49, 181101, 179602
8, 50, 180528, 178847
8, 51, 181921, 178906
8, 52, 180158, 179104
8, 53, 181732, 180562
8, 54, 183587, 178866
8, 55, 181809, 178726
8, 56, 182384, 179349
8, 57, 181397, 178622
8, 58, 182659, 178768
8, 59, 182173, 181397
8, 60, 182163, 178912
8, 61, 181202, 178732
8, 62, 181547, 183366
8, 63, 181199, 179003
8, 64, 181021, 178896
8, 65, 183077, 179037
8, 66, 181180, 180096
8, 67, 180514, 178970
8, 68, 182354, 178832
8, 69, 180633, 178798
8, 70, 181774, 180906
8, 71, 180852, 178714
8, 72, 181430, 178674
8, 73, 181433, 180455
8, 74, 181250, 178945
8, 75, 181222, 179322
8, 76, 182414, 180195
8, 77, 181278, 179225
8, 78, 181509, 178854
8, 79, 185087, 178800
8, 80, 182061, 182213
8, 81, 181493, 180454
8, 82, 181369, 178754
8, 83, 181735, 178749
8, 84, 180990, 182096
8, 85, 180972, 179235
8, 86, 180318, 179190
8, 87, 181165, 179521
8, 88, 180461, 179372
8, 89, 181707, 178837
8, 90, 184478, 178710
8, 91, 181980, 178765
8, 92, 179418, 179246
8, 93, 179273, 178727
8, 94, 179633, 178929
8, 95, 180632, 181101
8, 96, 180860, 179854
8, 97, 180821, 178749
8, 98, 181186, 182948
8, 99, 180722, 179042
8, 100, 181183, 178825
8, 101, 183151, 183319
8, 102, 181164, 179154
8, 103, 181005, 179243
8, 104, 184835, 179632
8, 105, 181266, 178850
8, 106, 181660, 180500
8, 107, 181958, 178779
8, 108, 182173, 178827
8, 109, 180476, 182494
8, 110, 180644, 179326
8, 111, 180808, 178922
8, 112, 182091, 178865
8, 113, 180870, 179217
8, 114, 181871, 178940
8, 115, 185300, 182173
8, 116, 182203, 178863
8, 117, 180638, 179686
8, 118, 181289, 178743
8, 119, 181026, 178751
8, 120, 181137, 181896
8, 121, 181154, 179222
8, 122, 181562, 178668
8, 123, 182396, 178816
8, 124, 181625, 179119
8, 125, 180573, 178972
8, 126, 183391, 178733
8, 127, 180991, 178798
8, 128, 180783, 179100
8, 129, 181325, 178752
8, 130, 181235, 178876
8, 131, 180690, 180833
8, 132, 180648, 179104
8, 133, 181472, 178923
8, 134, 181920, 182806
8, 135, 180852, 179068
8, 136, 181056, 178885
8, 137, 182400, 178715
8, 138, 180652, 179518
8, 139, 180646, 178816
8, 140, 182088, 178653
8, 141, 180626, 178727
8, 142, 182187, 179972
8, 143, 182277, 178911
8, 144, 182032, 178853
8, 145, 181707, 182040
8, 146, 181301, 179007
8, 147, 181926, 178733
8, 148, 182709, 178732
8, 149, 181848, 179030
8, 150, 180487, 178942
16, 1, 181290, 178701
16, 2, 178739, 178712
16, 3, 180049, 179107
16, 4, 180216, 179055
16, 5, 179768, 178787
16, 6, 181021, 180928
16, 7, 181073, 179034
16, 8, 179971, 178831
16, 9, 180455, 182815
16, 10, 180021, 179008
16, 11, 180013, 179009
16, 12, 181661, 178860
16, 13, 179972, 178860
16, 14, 179348, 178802
16, 15, 182720, 179448
16, 16, 179415, 178730
16, 17, 179416, 179860
16, 18, 179148, 178767
16, 19, 179553, 178706
16, 20, 180328, 181091
16, 21, 180570, 178984
16, 22, 180539, 178733
16, 23, 180926, 179045
16, 24, 180448, 179017
16, 25, 179499, 178868
16, 26, 181275, 178995
16, 27, 179382, 178708
16, 28, 180093, 179342
16, 29, 182672, 178707
16, 30, 181746, 178811
16, 31, 180197, 180784
16, 32, 179738, 179088
16, 33, 179250, 178788
16, 34, 179092, 182450
16, 35, 179149, 178991
16, 36, 179346, 179044
16, 37, 180746, 179546
16, 38, 179871, 179184
16, 39, 180230, 179133
16, 40, 183334, 178743
16, 41, 180804, 178776
16, 42, 180305, 179738
16, 43, 180549, 178707
16, 44, 180400, 178920
16, 45, 179536, 180683
16, 46, 179546, 178972
16, 47, 180065, 178840
16, 48, 180615, 181611
16, 49, 180233, 179209
16, 50, 180799, 178868
16, 51, 182877, 183270
16, 52, 182235, 178873
16, 53, 180402, 179119
16, 54, 180801, 178810
16, 55, 180529, 178730
16, 56, 180843, 180553
16, 57, 180887, 179244
16, 58, 180272, 178755
16, 59, 180243, 182429
16, 60, 181268, 179347
16, 61, 179384, 179065
16, 62, 180626, 183209
16, 63, 179733, 179190
16, 64, 180179, 179127
16, 65, 183560, 182341
16, 66, 181159, 178769
16, 67, 179946, 179645
16, 68, 180208, 178898
16, 69, 180179, 179299
16, 70, 180215, 181625
16, 71, 179306, 179088
16, 72, 179341, 178891
16, 73, 179460, 179968
16, 74, 179788, 179183
16, 75, 179100, 178886
16, 76, 181035, 178831
16, 77, 178890, 178943
16, 78, 180294, 179130
16, 79, 182561, 178818
16, 80, 180019, 179005
16, 81, 180262, 180525
16, 82, 180587, 179181
16, 83, 180053, 178782
16, 84, 179680, 182300
16, 85, 179382, 178978
16, 86, 180619, 179442
16, 87, 180965, 178835
16, 88, 180154, 179011
16, 89, 179100, 178915
16, 90, 182667, 178637
16, 91, 179870, 179109
16, 92, 179758, 179132
16, 93, 179234, 179016
16, 94, 179305, 178691
16, 95, 179653, 181055
16, 96, 179113, 179359
16, 97, 179128, 178716
16, 98, 179066, 182806
16, 99, 179351, 179021
16, 100, 179065, 178784
16, 101, 180453, 178751
16, 102, 178810, 178740
16, 103, 179588, 178917
16, 104, 183687, 182593
16, 105, 180849, 178823
16, 106, 179860, 179835
16, 107, 179939, 178842
16, 108, 179428, 178686
16, 109, 179815, 181774
16, 110, 179661, 178959
16, 111, 180717, 178889
16, 112, 180923, 179645
16, 113, 180342, 179032
16, 114, 179001, 179027
16, 115, 181892, 178804
16, 116, 179903, 178760
16, 117, 178567, 178922
16, 118, 182610, 183310
16, 119, 179574, 178688
16, 120, 179753, 180979
16, 121, 179186, 179463
16, 122, 180088, 178819
16, 123, 180346, 181066
16, 124, 180096, 179005
16, 125, 180358, 178868
16, 126, 180932, 182803
16, 127, 179936, 178742
16, 128, 179725, 178934
16, 129, 182283, 178878
16, 130, 180082, 178902
16, 131, 180069, 179602
16, 132, 180198, 178838
16, 133, 180127, 178749
16, 134, 180751, 181401
16, 135, 180175, 178975
16, 136, 179900, 178957
16, 137, 180400, 179366
16, 138, 179811, 178985
16, 139, 180104, 178907
16, 140, 182189, 178808
16, 141, 179799, 178798
16, 142, 180702, 179052
16, 143, 182233, 179622
16, 144, 180612, 178816
16, 145, 179756, 180383
16, 146, 179634, 179102
16, 147, 179943, 178669
16, 148, 179594, 181226
16, 149, 179981, 179090
16, 150, 179850, 178832
32, 1, 178287, 179031
32, 2, 178211, 178807
32, 3, 178050, 179193
32, 4, 179966, 179445
32, 5, 177915, 178825
32, 6, 177930, 179143
32, 7, 177750, 179618
32, 8, 178198, 179053
32, 9, 177460, 181269
32, 10, 177478, 179193
32, 11, 177434, 178849
32, 12, 177473, 182327
32, 13, 178130, 179167
32, 14, 177610, 178846
32, 15, 178401, 178729
32, 16, 177306, 178990
32, 17, 178944, 179066
32, 18, 180936, 178728
32, 19, 178923, 178804
32, 20, 178475, 178963
32, 21, 178591, 178780
32, 22, 177987, 178767
32, 23, 177514, 180117
32, 24, 177638, 179141
32, 25, 177745, 178849
32, 26, 177812, 182309
32, 27, 177219, 179498
32, 28, 177917, 178933
32, 29, 179306, 179845
32, 30, 178193, 178735
32, 31, 177051, 178905
32, 32, 179470, 178896
32, 33, 177062, 178963
32, 34, 178088, 178953
32, 35, 178410, 178731
32, 36, 178571, 178792
32, 37, 177649, 180895
32, 38, 177729, 179230
32, 39, 178550, 178858
32, 40, 178728, 180866
32, 41, 177582, 179084
32, 42, 177016, 178901
32, 43, 178243, 183231
32, 44, 177556, 178757
32, 45, 177538, 178868
32, 46, 179773, 178951
32, 47, 177314, 178805
32, 48, 178091, 179014
32, 49, 178382, 178751
32, 50, 177327, 178697
32, 51, 178632, 180729
32, 52, 178188, 179077
32, 53, 178258, 178923
32, 54, 178049, 182530
32, 55, 178233, 179076
32, 56, 177196, 178733
32, 57, 178751, 178904
32, 58, 177710, 178757
32, 59, 177279, 179019
32, 60, 180478, 178957
32, 61, 178174, 178826
32, 62, 177430, 178980
32, 63, 177396, 178702
32, 64, 177616, 178703
32, 65, 178487, 180549
32, 66, 178065, 179284
32, 67, 177895, 179018
32, 68, 177416, 182400
32, 69, 177314, 179099
32, 70, 176705, 179067
32, 71, 177831, 183208
32, 72, 177123, 178867
32, 73, 178287, 178905
32, 74, 178551, 178786
32, 75, 178121, 178890
32, 76, 177636, 178933
32, 77, 179038, 178866
32, 78, 177597, 178890
32, 79, 179002, 182361
32, 80, 178514, 179054
32, 81, 177674, 179032
32, 82, 177553, 182779
32, 83, 177298, 179664
32, 84, 177530, 179164
32, 85, 179139, 178959
32, 86, 177935, 178895
32, 87, 178325, 179342
32, 88, 181393, 183320
32, 89, 177735, 179003
32, 90, 177904, 179266
32, 91, 177944, 178974
32, 92, 176733, 178740
32, 93, 177337, 179773
32, 94, 177233, 178939
32, 95, 177444, 179602
32, 96, 176955, 179422
32, 97, 177464, 179092
32, 98, 177004, 179107
32, 99, 178743, 178802
32, 100, 177289, 178677
32, 101, 178134, 179200
32, 102, 180976, 178617
32, 103, 178421, 178797
32, 104, 178659, 179648
32, 105, 178403, 178966
32, 106, 178190, 178757
32, 107, 178234, 180900
32, 108, 178088, 178982
32, 109, 177479, 179605
32, 110, 177162, 182598
32, 111, 177460, 179001
32, 112, 176490, 178820
32, 113, 178417, 178775
32, 114, 177817, 178931
32, 115, 178561, 179501
32, 116, 181449, 178729
32, 117, 177767, 178862
32, 118, 177591, 179109
32, 119, 177519, 179045
32, 120, 177622, 178789
32, 121, 176833, 180263
32, 122, 177535, 179035
32, 123, 177880, 178952
32, 124, 177642, 180578
32, 125, 177732, 178987
32, 126, 177201, 178853
32, 127, 178557, 178974
32, 128, 177697, 178782
32, 129, 177848, 179412
32, 130, 180472, 181249
32, 131, 178411, 178724
32, 132, 177818, 179089
32, 133, 177912, 179017
32, 134, 177985, 178716
32, 135, 178859, 180793
32, 136, 178211, 178998
32, 137, 178543, 179082
32, 138, 178434, 182703
32, 139, 178250, 178959
32, 140, 177818, 179005
32, 141, 178824, 183299
32, 142, 177419, 178819
32, 143, 177454, 179108
32, 144, 180324, 178760
32, 145, 177625, 178747
32, 146, 177715, 179461
32, 147, 177557, 178993
32, 148, 178037, 178811
32, 149, 178375, 180037
32, 150, 178269, 179070
64, 1, 173792, 178971
64, 2, 173722, 179908
64, 3, 173575, 179025
64, 4, 172841, 181483
64, 5, 173851, 178875
64, 6, 173389, 178922
64, 7, 173908, 179255
64, 8, 175860, 178808
64, 9, 174006, 178825
64, 10, 174045, 179126
64, 11, 175378, 179047
64, 12, 173295, 178825
64, 13, 173816, 179664
64, 14, 173780, 179018
64, 15, 173674, 178845
64, 16, 173807, 181155
64, 17, 173143, 179120
64, 18, 173137, 178865
64, 19, 173106, 181681
64, 20, 173510, 178957
64, 21, 174216, 178994
64, 22, 174968, 179000
64, 23, 174406, 178829
64, 24, 173533, 179078
64, 25, 175544, 179215
64, 26, 174067, 178812
64, 27, 174245, 179073
64, 28, 175122, 178810
64, 29, 174366, 178946
64, 30, 173819, 179829
64, 31, 173332, 179394
64, 32, 174643, 178959
64, 33, 174286, 181305
64, 34, 174481, 179083
64, 35, 174410, 178819
64, 36, 174622, 182827
64, 37, 174150, 179096
64, 38, 173930, 179107
64, 39, 175473, 183342
64, 40, 174370, 178776
64, 41, 174609, 178966
64, 42, 174552, 178941
64, 43, 173759, 179183
64, 44, 173816, 179062
64, 45, 174565, 179231
64, 46, 173990, 178795
64, 47, 174465, 180250
64, 48, 173939, 179098
64, 49, 173974, 178889
64, 50, 173811, 179647
64, 51, 173586, 179242
64, 52, 173954, 178930
64, 53, 174038, 182956
64, 54, 174649, 179021
64, 55, 174729, 178917
64, 56, 175661, 178988
64, 57, 174200, 179179
64, 58, 174050, 178946
64, 59, 175717, 178839
64, 60, 174228, 179241
64, 61, 173495, 179039
64, 62, 173393, 179183
64, 63, 172716, 178738
64, 64, 172678, 180305
64, 65, 172626, 178954
64, 66, 173700, 179321
64, 67, 173811, 181617
64, 68, 173555, 179158
64, 69, 173866, 178851
64, 70, 174118, 183186
64, 71, 175647, 179074
64, 72, 173323, 179057
64, 73, 174322, 178926
64, 74, 173747, 179572
64, 75, 174678, 178861
64, 76, 177313, 178933
64, 77, 174106, 178764
64, 78, 173119, 179347
64, 79, 173366, 179032
64, 80, 173995, 178778
64, 81, 174134, 179532
64, 82, 173882, 179247
64, 83, 173694, 179031
64, 84, 174415, 181818
64, 85, 173669, 179299
64, 86, 174115, 178841
64, 87, 174373, 179421
64, 88, 174221, 178766
64, 89, 173297, 179038
64, 90, 174681, 183389
64, 91, 174245, 178928
64, 92, 174208, 178965
64, 93, 173855, 179128
64, 94, 173568, 178775
64, 95, 174391, 179125
64, 96, 173773, 180106
64, 97, 174425, 178770
64, 98, 173891, 179814
64, 99, 173702, 179153
64, 100, 174022, 179136
64, 101, 173698, 183640
64, 102, 186728, 195369
64, 103, 187322, 195358
64, 104, 180925, 187345
64, 105, 175403, 179154
64, 106, 173159, 179020
64, 107, 174099, 178826
64, 108, 173741, 178807
64, 109, 173422, 179997
64, 110, 173332, 179128
64, 111, 174537, 178880
64, 112, 174597, 181317
64, 113, 174608, 179087
64, 114, 173731, 178828
64, 115, 173396, 182559
64, 116, 173471, 178860
64, 117, 173377, 178896
64, 118, 174130, 179823
64, 119, 173831, 179036
64, 120, 174270, 178973
64, 121, 176481, 183331
64, 122, 174915, 178973
64, 123, 173980, 179863
64, 124, 175066, 179125
64, 125, 174369, 178723
64, 126, 173931, 180095
64, 127, 173643, 179408
64, 128, 174102, 179261
64, 129, 173499, 181570
64, 130, 173125, 179193
64, 131, 173516, 178754
64, 132, 173638, 183192
64, 133, 173896, 178848
64, 134, 174461, 178958
64, 135, 176321, 183254
64, 136, 174708, 178945
64, 137, 173899, 178916
64, 138, 176660, 179003
64, 139, 173718, 178740
64, 140, 174142, 179202
64, 141, 173879, 179145
64, 142, 172918, 178938
64, 143, 172667, 179721
64, 144, 173336, 179093
64, 145, 173500, 179438
64, 146, 174656, 179665
64, 147, 173846, 179097
64, 148, 173391, 179057
64, 149, 173626, 183167
64, 150, 172973, 178869
128, 1, 167812, 179011
128, 2, 167681, 179055
128, 3, 166452, 178845
128, 4, 167183, 178944
128, 5, 169142, 180316
128, 6, 167378, 179202
128, 7, 166736, 179054
128, 8, 167940, 178844
128, 9, 166566, 178723
128, 10, 164672, 179196
128, 11, 165607, 179110
128, 12, 167153, 178868
128, 13, 166090, 179541
128, 14, 165603, 179034
128, 15, 167552, 178803
128, 16, 166167, 179683
128, 17, 167346, 179204
128, 18, 166517, 179043
128, 19, 165200, 181399
128, 20, 166805, 179284
128, 21, 167145, 178856
128, 22, 166866, 182428
128, 23, 168064, 178978
128, 24, 167137, 179066
128, 25, 167635, 179634
128, 26, 168272, 179099
128, 27, 165438, 178889
128, 28, 166050, 182538
128, 29, 165869, 179138
128, 30, 168161, 179061
128, 31, 170292, 178909
128, 32, 168149, 178934
128, 33, 167565, 179052
128, 34, 170482, 178943
128, 35, 167986, 179028
128, 36, 167873, 179004
128, 37, 167855, 179105
128, 38, 167400, 178777
128, 39, 167917, 180039
128, 40, 167477, 179243
128, 41, 166118, 179147
128, 42, 167342, 180829
128, 43, 166558, 179188
128, 44, 167654, 179185
128, 45, 167775, 181924
128, 46, 167570, 179189
128, 47, 166610, 179150
128, 48, 166634, 182471
128, 49, 167272, 179152
128, 50, 167493, 178975
128, 51, 167783, 179129
128, 52, 168701, 178878
128, 53, 167714, 179079
128, 54, 168978, 183404
128, 55, 168605, 178828
128, 56, 168162, 179110
128, 57, 169391, 178992
128, 58, 167716, 178821
128, 59, 167789, 179062
128, 60, 166984, 179123
128, 61, 166587, 179006
128, 62, 168121, 179487
128, 63, 165638, 179122
128, 64, 166109, 179189
128, 65, 166355, 180243
128, 66, 167023, 179130
128, 67, 167407, 178966
128, 68, 167760, 181234
128, 69, 167497, 179351
128, 70, 167268, 178994
128, 71, 167258, 182359
128, 72, 167640, 179018
128, 73, 165762, 178866
128, 74, 166153, 183236
128, 75, 166776, 179002
128, 76, 168326, 178971
128, 77, 167750, 179278
128, 78, 167588, 182410
128, 79, 206862, 187122
128, 80, 181559, 187612
128, 81, 180436, 194883
128, 82, 178158, 192006
128, 83, 180425, 184847
128, 84, 178645, 185592
128, 85, 177413, 190751
128, 86, 183811, 179552
128, 87, 169248, 182202
128, 88, 168875, 186340
128, 89, 175594, 183304
128, 90, 169051, 191451
128, 91, 190958, 184974
128, 92, 178554, 194792
128, 93, 182477, 193674
128, 94, 175517, 191058
128, 95, 177263, 184477
128, 96, 178816, 190046
128, 97, 174672, 183996
128, 98, 186436, 184318
128, 99, 175427, 183795
128, 100, 179347, 188721
128, 101, 181750, 186477
128, 102, 180237, 179102
128, 103, 165745, 178875
128, 104, 167320, 180088
128, 105, 167437, 179320
128, 106, 166349, 179079
128, 107, 168259, 180307
128, 108, 166752, 179348
128, 109, 168216, 179075
128, 110, 167836, 182067
128, 111, 168656, 179053
128, 112, 168277, 182961
128, 113, 168702, 182320
128, 114, 168811, 178942
128, 115, 167976, 179150
128, 116, 169906, 183644
128, 117, 168411, 179167
128, 118, 166650, 180627
128, 119, 169364, 178833
128, 120, 167832, 178948
128, 121, 167157, 178998
128, 122, 170097, 179961
128, 123, 168148, 178726
128, 124, 167499, 179141
128, 125, 167497, 182892
128, 126, 166849, 179517
128, 127, 168848, 186550
128, 128, 170938, 179861
128, 129, 170643, 178852
128, 130, 166431, 183158
128, 131, 166198, 179125
128, 132, 167149, 178862
128, 133, 167471, 182548
128, 134, 167603, 178981
128, 135, 167133, 179257
128, 136, 166798, 183930
128, 137, 166896, 178883
128, 138, 167201, 179166
128, 139, 168090, 181894
128, 140, 167717, 179036
128, 141, 167217, 179054
128, 142, 169849, 180567
128, 143, 169156, 178892
128, 144, 167142, 179974
128, 145, 170377, 179368
128, 146, 167644, 178821
128, 147, 166738, 179734
128, 148, 166547, 179021
128, 149, 166732, 179367
128, 150, 166634, 179952
256, 1, 157584, 179148
256, 2, 155981, 178828
256, 3, 156742, 180261
256, 4, 156811, 179195
256, 5, 156228, 179161
256, 6, 154130, 180373
256, 7, 155874, 179182
256, 8, 157004, 178929
256, 9, 158182, 180726
256, 10, 155755, 179268
256, 11, 156262, 178889
256, 12, 158590, 180898
256, 13, 158773, 179325
256, 14, 158245, 179204
256, 15, 158523, 181349
256, 16, 158809, 179082
256, 17, 157713, 179001
256, 18, 157681, 181601
256, 19, 158336, 178973
256, 20, 156029, 179433
256, 21, 156033, 181833
256, 22, 153952, 179083
256, 23, 158198, 179297
256, 24, 157999, 182082
256, 25, 159513, 178991
256, 26, 158021, 178839
256, 27, 158180, 182113
256, 28, 159650, 178981
256, 29, 156370, 179099
256, 30, 158940, 182662
256, 31, 156213, 179022
256, 32, 157381, 179006
256, 33, 155632, 182914
256, 34, 157845, 178976
256, 35, 156601, 178988
256, 36, 157496, 180409
256, 37, 157885, 178953
256, 38, 158049, 187074
256, 39, 171995, 184800
256, 40, 169990, 183612
256, 41, 158307, 179252
256, 42, 157132, 183388
256, 43, 158054, 178948
256, 44, 158789, 179234
256, 45, 160356, 182524
256, 46, 156986, 178906
256, 47, 156635, 179334
256, 48, 157503, 179971
256, 49, 156909, 178864
256, 50, 156413, 179020
256, 51, 157559, 179395
256, 52, 155462, 179082
256, 53, 155949, 179081
256, 54, 158173, 179190
256, 55, 157202, 178783
256, 56, 158404, 179079
256, 57, 158660, 179384
256, 58, 155888, 179087
256, 59, 156825, 179172
256, 60, 158553, 182129
256, 61, 156176, 178830
256, 62, 157506, 179264
256, 63, 157228, 179384
256, 64, 154464, 179060
256, 65, 157843, 179032
256, 66, 156903, 179098
256, 67, 155358, 179056
256, 68, 157393, 179094
256, 69, 154532, 179081
256, 70, 156921, 179104
256, 71, 158350, 179126
256, 72, 159559, 179145
256, 73, 157291, 179081
256, 74, 155989, 178958
256, 75, 156861, 179524
256, 76, 157947, 179152
256, 77, 157850, 179308
256, 78, 158646, 179061
256, 79, 155949, 179063
256, 80, 156363, 179502
256, 81, 156819, 179157
256, 82, 157434, 179025
256, 83, 157593, 179529
256, 84, 158271, 179055
256, 85, 155431, 179138
256, 86, 157410, 179909
256, 87, 155783, 179258
256, 88, 157700, 179343
256, 89, 156510, 180111
256, 90, 156948, 179185
256, 91, 156430, 179086
256, 92, 158469, 180387
256, 93, 156818, 179259
256, 94, 160104, 179100
256, 95, 159369, 180758
256, 96, 158826, 179130
256, 97, 156173, 179041
256, 98, 156809, 180946
256, 99, 158426, 179235
256, 100, 155969, 179303
256, 101, 155082, 181149
256, 102, 156325, 179092
256, 103, 156020, 179253
256, 104, 157116, 181493
256, 105, 157432, 179022
256, 106, 156783, 179075
256, 107, 156637, 181371
256, 108, 156975, 179107
256, 109, 157768, 179479
256, 110, 157445, 181833
256, 111, 159292, 178814
256, 112, 157609, 179281
256, 113, 157360, 180596
256, 114, 158776, 179042
256, 115, 157384, 179255
256, 116, 156738, 182534
256, 117, 155848, 178886
256, 118, 159079, 179080
256, 119, 158686, 182789
256, 120, 158753, 179412
256, 121, 158191, 179213
256, 122, 158852, 180762
256, 123, 159068, 179032
256, 124, 155821, 179228
256, 125, 156554, 179988
256, 126, 154860, 179024
256, 127, 157910, 179009
256, 128, 158226, 179680
256, 129, 159162, 179024
256, 130, 156549, 179123
256, 131, 157970, 182912
256, 132, 156989, 179199
256, 133, 157502, 179044
256, 134, 158708, 179125
256, 135, 157236, 178972
256, 136, 157332, 179083
256, 137, 159163, 179130
256, 138, 157453, 179153
256, 139, 157880, 179041
256, 140, 159082, 181203
256, 141, 157915, 178892
256, 142, 157107, 179060
256, 143, 159841, 180714
256, 144, 156680, 178939
256, 145, 156804, 179103
256, 146, 159754, 179316
256, 147, 155850, 178932
256, 148, 157898, 179022
256, 149, 160245, 179829
256, 150, 157128, 178769
512, 1, 143785, 179098
512, 2, 145466, 180646
512, 3, 140702, 179254
512, 4, 144692, 179125
512, 5, 144424, 179194
512, 6, 142282, 179274
512, 7, 145421, 179190
512, 8, 147226, 183004
512, 9, 143464, 178964
512, 10, 144650, 179224
512, 11, 144578, 183503
512, 12, 144179, 178923
512, 13, 143791, 179196
512, 14, 145366, 181548
512, 15, 142963, 179602
512, 16, 145607, 179053
512, 17, 145108, 181916
512, 18, 144618, 179191
512, 19, 144780, 179310
512, 20, 143169, 181422
512, 21, 143609, 178995
512, 22, 146684, 179173
512, 23, 144209, 180883
512, 24, 144961, 179465
512, 25, 142107, 183206
512, 26, 140842, 179925
512, 27, 143033, 179383
512, 28, 144010, 179581
512, 29, 143569, 179141
512, 30, 139538, 179312
512, 31, 145198, 178977
512, 32, 143131, 179073
512, 33, 144456, 179345
512, 34, 142073, 178931
512, 35, 141852, 179147
512, 36, 142132, 179266
512, 37, 141389, 179016
512, 38, 142204, 179820
512, 39, 144202, 179315
512, 40, 141089, 178959
512, 41, 145884, 179391
512, 42, 144101, 183487
512, 43, 145533, 179119
512, 44, 144098, 179417
512, 45, 142864, 180188
512, 46, 144035, 179129
512, 47, 142414, 179394
512, 48, 141195, 180346
512, 49, 143369, 179134
512, 50, 143212, 179169
512, 51, 141625, 181650
512, 52, 142839, 178937
512, 53, 141780, 179004
512, 54, 142306, 180600
512, 55, 141270, 179367
512, 56, 140091, 179117
512, 57, 142769, 179543
512, 58, 143182, 179250
512, 59, 145669, 179320
512, 60, 143670, 178963
512, 61, 142598, 179200
512, 62, 143198, 179007
512, 63, 141836, 179179
512, 64, 141533, 180501
512, 65, 140051, 178969
512, 66, 139211, 179293
512, 67, 144294, 179962
512, 68, 141776, 179066
512, 69, 141078, 179229
512, 70, 141505, 179112
512, 71, 143253, 178934
512, 72, 144013, 179443
512, 73, 141193, 183374
512, 74, 140306, 179102
512, 75, 144767, 179175
512, 76, 140439, 182602
512, 77, 143128, 179021
512, 78, 142278, 179551
512, 79, 140380, 181542
512, 80, 143202, 179391
512, 81, 143290, 179041
512, 82, 142252, 180961
512, 83, 141046, 179285
512, 84, 146268, 179089
512, 85, 145040, 180164
512, 86, 145644, 179382
512, 87, 142418, 179148
512, 88, 142949, 179251
512, 89, 145819, 179450
512, 90, 144760, 179284
512, 91, 143058, 179115
512, 92, 144560, 179591
512, 93, 140407, 179046
512, 94, 144404, 179075
512, 95, 143508, 179305
512, 96, 144044, 179208
512, 97, 145273, 179163
512, 98, 145821, 179454
512, 99, 141564, 178920
512, 100, 140722, 179257
512, 101, 142972, 179661
512, 102, 142460, 179006
512, 103, 146208, 179156
512, 104, 142636, 182098
512, 105, 145440, 179109
512, 106, 142975, 179056
512, 107, 141712, 181427
512, 108, 142961, 179185
512, 109, 144108, 178986
512, 110, 142955, 180391
512, 111, 144258, 178953
512, 112, 145099, 179243
512, 113, 145332, 181184
512, 114, 144264, 179207
512, 115, 143088, 179211
512, 116, 146123, 180574
512, 117, 141964, 179166
512, 118, 142840, 179088
512, 119, 139817, 179551
512, 120, 142004, 179228
512, 121, 141637, 179755
512, 122, 141529, 179033
512, 123, 139474, 179288
512, 124, 141656, 178941
512, 125, 141878, 179173
512, 126, 143508, 179372
512, 127, 145012, 178940
512, 128, 142029, 179196
512, 129, 148977, 179393
512, 130, 142383, 179066
512, 131, 143410, 179216
512, 132, 144123, 179532
512, 133, 141389, 178994
512, 134, 140199, 179196
512, 135, 143419, 181919
512, 136, 143598, 178960
512, 137, 143221, 179235
512, 138, 142053, 182584
512, 139, 142617, 179178
512, 140, 142535, 179004
512, 141, 143758, 180568
512, 142, 142903, 179167
512, 143, 144213, 179560
512, 144, 143014, 181119
512, 145, 142812, 179138
512, 146, 146223, 179331
512, 147, 144208, 180132
512, 148, 144663, 179132
512, 149, 140068, 178979
512, 150, 142170, 179354
