nroThreads, iteracion, tiempoParal, tiempoSecu
1, 1, 268648, 259294
1, 2, 281867, 280399
1, 3, 281499, 274225
1, 4, 291797, 262807
1, 5, 272951, 265415
1, 6, 274356, 267384
1, 7, 280640, 262339
1, 8, 281498, 266792
1, 9, 292755, 263008
1, 10, 273862, 265959
1, 11, 280828, 283594
1, 12, 284269, 264455
1, 13, 283753, 263337
1, 14, 282911, 265277
1, 15, 283163, 262165
1, 16, 282074, 264964
1, 17, 284719, 265697
1, 18, 280156, 262228
1, 19, 279013, 265773
1, 20, 285711, 262139
1, 21, 277875, 274520
1, 22, 284625, 264021
1, 23, 280070, 260678
1, 24, 279770, 263544
1, 25, 282132, 265442
1, 26, 285181, 267406
1, 27, 282027, 262048
1, 28, 290832, 263511
1, 29, 271429, 267431
1, 30, 282360, 269293
1, 31, 273625, 260513
1, 32, 278003, 264500
1, 33, 272841, 273204
1, 34, 280517, 263501
1, 35, 283742, 269592
1, 36, 284573, 266092
1, 37, 281987, 262997
1, 38, 281286, 275290
1, 39, 276355, 264191
1, 40, 278904, 264354
1, 41, 282249, 274179
1, 42, 274035, 261330
1, 43, 280157, 263402
1, 44, 275698, 266075
1, 45, 276699, 268715
1, 46, 278647, 260086
1, 47, 279005, 263183
1, 48, 285909, 267405
1, 49, 280377, 260607
1, 50, 276734, 264636
2, 1, 279004, 266511
2, 2, 276265, 265458
2, 3, 272109, 270599
2, 4, 274126, 262224
2, 5, 276661, 263870
2, 6, 277211, 265425
2, 7, 282973, 259001
2, 8, 278888, 262545
2, 9, 269899, 264971
2, 10, 278939, 263758
2, 11, 277445, 263175
2, 12, 277172, 263187
2, 13, 278491, 266035
2, 14, 273805, 264813
2, 15, 281406, 262325
2, 16, 279215, 266512
2, 17, 279896, 266270
2, 18, 275771, 270855
2, 19, 279596, 264507
2, 20, 276536, 263141
2, 21, 278217, 268186
2, 22, 279835, 264514
2, 23, 277810, 266976
2, 24, 280182, 263656
2, 25, 279425, 266773
2, 26, 277864, 269846
2, 27, 280252, 265712
2, 28, 279688, 263946
2, 29, 278998, 265009
2, 30, 279544, 264887
2, 31, 279968, 263447
2, 32, 273426, 263784
2, 33, 281901, 267097
2, 34, 278847, 263061
2, 35, 283064, 262732
2, 36, 277251, 281747
2, 37, 273215, 264398
2, 38, 279779, 264926
2, 39, 280783, 261838
2, 40, 283588, 263553
2, 41, 272070, 263332
2, 42, 271493, 263521
2, 43, 280254, 263624
2, 44, 276675, 264290
2, 45, 278567, 262097
2, 46, 279844, 262721
2, 47, 276138, 263325
2, 48, 275276, 263700
2, 49, 274613, 265174
2, 50, 277863, 269417
4, 1, 274752, 261349
4, 2, 277288, 266760
4, 3, 278218, 264938
4, 4, 271319, 264033
4, 5, 286652, 280842
4, 6, 268876, 261865
4, 7, 280512, 263903
4, 8, 273580, 263056
4, 9, 272313, 267790
4, 10, 277765, 265062
4, 11, 268860, 275465
4, 12, 277845, 263875
4, 13, 274656, 265217
4, 14, 285808, 266032
4, 15, 273413, 263357
4, 16, 273931, 269859
4, 17, 283638, 264413
4, 18, 267888, 258570
4, 19, 270521, 283301
4, 20, 275647, 264117
4, 21, 284070, 280576
4, 22, 276840, 281905
4, 23, 266034, 260398
4, 24, 294899, 260797
4, 25, 278348, 269848
4, 26, 286208, 280248
4, 27, 274746, 266062
4, 28, 283794, 266341
4, 29, 268879, 273401
4, 30, 272300, 264190
4, 31, 278611, 281418
4, 32, 282387, 271713
4, 33, 273406, 264169
4, 34, 276971, 277483
4, 35, 268332, 264206
4, 36, 277827, 285351
4, 37, 275873, 259191
4, 38, 268237, 267561
4, 39, 277333, 276977
4, 40, 281089, 267580
4, 41, 274225, 262240
4, 42, 271909, 263381
4, 43, 284942, 263817
4, 44, 275148, 264085
4, 45, 277908, 265501
4, 46, 276514, 262956
4, 47, 276199, 264347
4, 48, 271903, 260890
4, 49, 288765, 266052
4, 50, 277676, 259998
8, 1, 277899, 262961
8, 2, 271479, 264048
8, 3, 274513, 264646
8, 4, 269451, 264245
8, 5, 275089, 265569
8, 6, 268311, 260586
8, 7, 268475, 265455
8, 8, 272937, 266479
8, 9, 268847, 263105
8, 10, 268415, 264763
8, 11, 275204, 274412
8, 12, 277384, 264699
8, 13, 271214, 269650
8, 14, 275052, 261898
8, 15, 270463, 284125
8, 16, 279012, 269208
8, 17, 273943, 267375
8, 18, 277383, 269100
8, 19, 276897, 270131
8, 20, 285861, 260346
8, 21, 268654, 264828
8, 22, 280808, 260262
8, 23, 277726, 264113
8, 24, 272302, 263261
8, 25, 279718, 275756
8, 26, 273734, 291190
8, 27, 271436, 266692
8, 28, 268344, 272172
8, 29, 274090, 260751
8, 30, 271216, 264813
8, 31, 277657, 262566
8, 32, 292556, 276063
8, 33, 272768, 264754
8, 34, 280554, 265492
8, 35, 274382, 262959
8, 36, 270316, 261214
8, 37, 271381, 268521
8, 38, 271603, 265999
8, 39, 279295, 261516
8, 40, 271376, 263163
8, 41, 278675, 263151
8, 42, 271334, 263769
8, 43, 270262, 272857
8, 44, 269384, 261788
8, 45, 275003, 266946
8, 46, 274893, 264372
8, 47, 277371, 263842
8, 48, 281554, 265430
8, 49, 269245, 264781
8, 50, 272469, 260342
16, 1, 274983, 270783
16, 2, 271717, 264652
16, 3, 272078, 264653
16, 4, 272396, 262901
16, 5, 276456, 259569
16, 6, 278829, 260529
16, 7, 275575, 262928
16, 8, 270966, 263876
16, 9, 275476, 272731
16, 10, 268591, 272112
16, 11, 274021, 262793
16, 12, 275529, 264135
16, 13, 276906, 264403
16, 14, 272286, 264542
16, 15, 274243, 267123
16, 16, 272920, 265321
16, 17, 273110, 265817
16, 18, 271658, 268912
16, 19, 277392, 267359
16, 20, 270644, 262604
16, 21, 269536, 264884
16, 22, 271437, 265626
16, 23, 269989, 263104
16, 24, 274399, 271550
16, 25, 274008, 267046
16, 26, 271000, 260874
16, 27, 275655, 263395
16, 28, 274609, 263393
16, 29, 272716, 266324
16, 30, 274939, 264698
16, 31, 269701, 265929
16, 32, 272680, 265098
16, 33, 273594, 268475
16, 34, 266872, 268054
16, 35, 267962, 261463
16, 36, 273996, 262421
16, 37, 292106, 275796
16, 38, 281922, 273752
16, 39, 299229, 269063
16, 40, 270180, 270768
16, 41, 277806, 266295
16, 42, 278157, 261781
16, 43, 269014, 262492
16, 44, 272603, 267108
16, 45, 283322, 274790
16, 46, 280093, 264160
16, 47, 268711, 264625
16, 48, 277347, 272249
16, 49, 273901, 264775
16, 50, 271102, 264825
32, 1, 271833, 264993
32, 2, 270265, 263111
32, 3, 296247, 270161
32, 4, 273140, 259252
32, 5, 266310, 260930
32, 6, 269309, 276198
32, 7, 273530, 261703
32, 8, 265882, 263675
32, 9, 272306, 273908
32, 10, 271650, 263662
32, 11, 266788, 266389
32, 12, 269669, 263883
32, 13, 274018, 265524
32, 14, 269990, 263206
32, 15, 267827, 263079
32, 16, 269027, 266993
32, 17, 272267, 265111
32, 18, 270369, 265994
32, 19, 274090, 262016
32, 20, 270252, 264714
32, 21, 267375, 263401
32, 22, 273720, 271012
32, 23, 271233, 265185
32, 24, 269584, 265721
32, 25, 264637, 280230
32, 26, 266072, 264797
32, 27, 271885, 270553
32, 28, 272261, 265190
32, 29, 269596, 264466
32, 30, 269652, 265372
32, 31, 270635, 263940
32, 32, 271495, 267169
32, 33, 271467, 264061
32, 34, 270858, 264580
32, 35, 269437, 262498
32, 36, 269078, 265544
32, 37, 273004, 265208
32, 38, 269181, 264858
32, 39, 278681, 265134
32, 40, 271620, 269778
32, 41, 273202, 274142
32, 42, 267318, 260899
32, 43, 266692, 265408
32, 44, 271367, 263408
32, 45, 276563, 281402
32, 46, 270578, 275368
32, 47, 271158, 268268
32, 48, 276703, 274164
32, 49, 271495, 267810
32, 50, 272090, 260009
64, 1, 266463, 269045
64, 2, 261255, 261582
64, 3, 270743, 271529
64, 4, 269568, 266451
64, 5, 271073, 265801
64, 6, 268236, 262732
64, 7, 267111, 261924
64, 8, 268702, 263699
64, 9, 266934, 267943
64, 10, 268027, 264848
64, 11, 270858, 262961
64, 12, 266387, 268474
64, 13, 269419, 267788
64, 14, 297226, 262600
64, 15, 269777, 263793
64, 16, 275461, 263550
64, 17, 262504, 266407
64, 18, 267591, 273167
64, 19, 281984, 259668
64, 20, 285344, 268563
64, 21, 268224, 266058
64, 22, 273673, 283468
64, 23, 276049, 266243
64, 24, 273275, 266273
64, 25, 288985, 267326
64, 26, 288866, 273714
64, 27, 266701, 263197
64, 28, 279868, 269705
64, 29, 261040, 258542
64, 30, 274485, 269381
64, 31, 313911, 267936
64, 32, 270864, 282766
64, 33, 267434, 264051
64, 34, 271188, 263680
64, 35, 279843, 261632
64, 36, 294129, 265954
64, 37, 274247, 264454
64, 38, 272770, 264551
64, 39, 279604, 267596
64, 40, 278044, 264964
64, 41, 272365, 266946
64, 42, 271416, 261534
64, 43, 272950, 263581
64, 44, 268054, 261231
64, 45, 266333, 264022
64, 46, 263307, 263325
64, 47, 269618, 264391
64, 48, 293308, 267146
64, 49, 268831, 275024
64, 50, 270694, 264735
128, 1, 274780, 270250
128, 2, 264407, 267563
128, 3, 267947, 262532
128, 4, 296074, 271136
128, 5, 279612, 265054
128, 6, 265167, 264845
128, 7, 314087, 269601
128, 8, 321126, 290215
128, 9, 317111, 269350
128, 10, 265093, 269745
128, 11, 298999, 276332
128, 12, 270342, 274471
128, 13, 298727, 266870
128, 14, 274551, 262686
128, 15, 263007, 261825
128, 16, 263364, 272383
128, 17, 261954, 265840
128, 18, 265955, 272168
128, 19, 301814, 260683
128, 20, 282118, 262869
128, 21, 261669, 268815
128, 22, 299047, 303870
128, 23, 273592, 268593
128, 24, 271752, 261828
128, 25, 307231, 285522
128, 26, 279046, 261200
128, 27, 274091, 266738
128, 28, 278801, 266772
128, 29, 274006, 274392
128, 30, 286662, 265251
128, 31, 280255, 263806
128, 32, 272515, 265719
128, 33, 279097, 261568
128, 34, 263105, 260560
128, 35, 273467, 267502
128, 36, 260644, 261219
128, 37, 268292, 274327
128, 38, 263769, 266185
128, 39, 279069, 264309
128, 40, 270954, 264338
128, 41, 266865, 266591
128, 42, 271135, 262197
128, 43, 274749, 273305
128, 44, 276741, 279968
128, 45, 264347, 262460
128, 46, 260328, 264409
128, 47, 264031, 261914
128, 48, 269702, 262617
128, 49, 260599, 263508
128, 50, 271347, 261690
256, 1, 259211, 265236
256, 2, 268263, 262600
256, 3, 265563, 263677
256, 4, 262334, 261567
256, 5, 264390, 261689
256, 6, 274411, 263315
256, 7, 262420, 269991
256, 8, 258050, 267892
256, 9, 257291, 263648
256, 10, 264379, 260403
256, 11, 260238, 261157
256, 12, 259355, 269066
256, 13, 259610, 271898
256, 14, 262832, 267679
256, 15, 261114, 265684
256, 16, 263649, 260505
256, 17, 262535, 262988
256, 18, 263151, 260959
256, 19, 261412, 262249
256, 20, 263517, 265867
256, 21, 308896, 269627
256, 22, 265293, 272891
256, 23, 259275, 274275
256, 24, 263826, 270094
256, 25, 277573, 261408
256, 26, 286364, 261211
256, 27, 284207, 272403
256, 28, 274300, 269848
256, 29, 274465, 259821
256, 30, 263805, 261544
256, 31, 294052, 270937
256, 32, 275179, 260462
256, 33, 256923, 262261
256, 34, 260869, 272565
256, 35, 259375, 263774
256, 36, 284527, 261810
256, 37, 261528, 261560
256, 38, 268255, 258694
256, 39, 259865, 263237
256, 40, 262351, 262894
256, 41, 265311, 259541
256, 42, 256827, 262388
256, 43, 264458, 261481
256, 44, 254425, 264214
256, 45, 261163, 260473
256, 46, 263345, 264207
256, 47, 259021, 272564
256, 48, 257334, 261373
256, 49, 260136, 262372
256, 50, 260983, 260613
512, 1, 255026, 262461
512, 2, 265087, 260172
512, 3, 264210, 259385
512, 4, 252931, 263744
512, 5, 256830, 262581
512, 6, 256918, 260161
512, 7, 259825, 260633
512, 8, 253450, 265288
512, 9, 257800, 258139
512, 10, 260300, 260525
512, 11, 259407, 260680
512, 12, 252653, 258425
512, 13, 255995, 261083
512, 14, 262757, 259788
512, 15, 257290, 260880
512, 16, 257567, 274936
512, 17, 252920, 262903
512, 18, 258455, 262420
512, 19, 256250, 262768
512, 20, 260906, 258376
512, 21, 260684, 260686
512, 22, 262265, 259345
512, 23, 250322, 262285
512, 24, 273911, 259789
512, 25, 259182, 260462
512, 26, 261017, 258098
512, 27, 257078, 258085
512, 28, 253501, 260176
512, 29, 257759, 262930
512, 30, 261831, 260866
512, 31, 254992, 262045
512, 32, 250076, 261875
512, 33, 252330, 262762
512, 34, 259486, 260360
512, 35, 253520, 262937
512, 36, 260545, 259918
512, 37, 264371, 259779
512, 38, 253797, 262361
512, 39, 262164, 262410
512, 40, 264964, 262127
512, 41, 264246, 259002
512, 42, 255303, 258290
512, 43, 257487, 268291
512, 44, 240982, 261099
512, 45, 264278, 260308
512, 46, 255663, 260577
512, 47, 263178, 258114
512, 48, 257963, 260270
512, 49, 260640, 260192
512, 50, 254766, 263020
